[  2%] Built target puzzle_pkg__cpp
[  9%] Built target puzzle_pkg__rosidl_generator_c
[  9%] Built target ament_cmake_python_copy_puzzle_pkg
[ 11%] [32mBuilding CXX object CMakeFiles/cam_source.dir/src/vision/cam_source.cpp.o[0m
[ 14%] [34m[1mGenerating C type support dispatch for ROS interfaces[0m
[ 21%] Built target puzzle_pkg__rosidl_typesupport_cpp
[ 26%] Built target odometry
[ 28%] [34m[1mGenerating C type support for eProsima Fast-RTPS[0m
[ 30%] [34m[1mGenerating C++ type support for eProsima Fast-RTPS[0m
[01m[K/home/puzzlebot/Documents/PUXXY_NODE/TE3002B/puzzle_ws/src/puzzle_pkg/src/vision/cam_source.cpp:12:10:[m[K [01;31m[Kfatal error: [m[Kcv_bridge/cv_bridge.h: No such file or directory
 #include [01;31m[K<cv_bridge/cv_bridge.h>[m[K
          [01;31m[K^~~~~~~~~~~~~~~~~~~~~~~[m[K
compilation terminated.
make[2]: *** [CMakeFiles/cam_source.dir/build.make:63: CMakeFiles/cam_source.dir/src/vision/cam_source.cpp.o] Error 1
make[1]: *** [CMakeFiles/Makefile2:132: CMakeFiles/cam_source.dir/all] Error 2
make[1]: *** Waiting for unfinished jobs....
[35m[1mScanning dependencies of target puzzle_pkg__rosidl_typesupport_c[0m
[ 33%] [32mBuilding CXX object CMakeFiles/puzzle_pkg__rosidl_typesupport_c.dir/rosidl_typesupport_c/puzzle_pkg/msg/diff_error__type_support.cpp.o[0m
[ 35%] [32m[1mLinking CXX shared library libpuzzle_pkg__rosidl_typesupport_c.so[0m
[ 35%] Built target puzzle_pkg__rosidl_typesupport_c
[35m[1mScanning dependencies of target puzzle_pkg__rosidl_typesupport_fastrtps_cpp[0m
[35m[1mScanning dependencies of target puzzle_pkg__rosidl_typesupport_fastrtps_c[0m
[ 38%] [32mBuilding CXX object CMakeFiles/puzzle_pkg__rosidl_typesupport_fastrtps_cpp.dir/rosidl_typesupport_fastrtps_cpp/puzzle_pkg/msg/detail/dds_fastrtps/diff_error__type_support.cpp.o[0m
[ 40%] [32mBuilding CXX object CMakeFiles/puzzle_pkg__rosidl_typesupport_fastrtps_c.dir/rosidl_typesupport_fastrtps_c/puzzle_pkg/msg/detail/diff_error__type_support_c.cpp.o[0m
[ 42%] [32m[1mLinking CXX shared library libpuzzle_pkg__rosidl_typesupport_fastrtps_c.so[0m
[ 45%] [32m[1mLinking CXX shared library libpuzzle_pkg__rosidl_typesupport_fastrtps_cpp.so[0m
[ 45%] Built target puzzle_pkg__rosidl_typesupport_fastrtps_c
[ 45%] Built target puzzle_pkg__rosidl_typesupport_fastrtps_cpp
make: *** [Makefile:141: all] Error 2
