[1.260s] Invoking command in '/home/puzzlebot/Documents/PUXXY_NODE/TE3002B/puzzle_ws/build/puzzle_pkg': CMAKE_PREFIX_PATH=/home/puzzlebot/Documents/PUXXY_NODE/TE3002B/puzzle_ws/install/cv_bridge:/home/puzzlebot/Documents/PUXXY_NODE/TE3002B/puzzle_ws/install/vision_opencv:/home/puzzlebot/Documents/PUXXY_NODE/TE3002B/puzzle_ws/install/puzzle_pkg:/home/puzzlebot/Documents/PUXXY_NODE/TE3002B/puzzle_ws/install/image_geometry:/home/puzzlebot/Documents/PUXXY_NODE/TE3002B/puzzle_ws/install/opencv_tests:/home/puzzlebot/ros2_ws/install/puzzlebot_ros:/opt/ros/humble:/home/puzzlebot/ros2_packages_ws/install/ros_deep_learning:/home/puzzlebot/ros2_packages_ws/install/micro_ros_setup:/home/puzzlebot/ros2_packages_ws/install/micro_ros_agent:/home/puzzlebot/ros2_packages_ws/install/micro_ros_msgs:/home/puzzlebot/ros2_packages_ws/install/camera_info_publisher LD_LIBRARY_PATH=/home/puzzlebot/Documents/PUXXY_NODE/TE3002B/puzzle_ws/install/cv_bridge/lib:/home/puzzlebot/Documents/PUXXY_NODE/TE3002B/puzzle_ws/install/puzzle_pkg/lib:/home/puzzlebot/Documents/PUXXY_NODE/TE3002B/puzzle_ws/install/image_geometry/lib:/home/puzzlebot/ros2_packages_ws/install/micro_ros_agent/lib:/home/puzzlebot/ros2_packages_ws/install/micro_ros_msgs/lib:/opt/ros/humble/opt/rviz_ogre_vendor/lib:/opt/ros/humble/lib/aarch64-linux-gnu:/opt/ros/humble/lib PYTHONPATH=/home/puzzlebot/Documents/PUXXY_NODE/TE3002B/puzzle_ws/install/cv_bridge/lib/python3.8/site-packages:/home/puzzlebot/Documents/PUXXY_NODE/TE3002B/puzzle_ws/install/puzzle_pkg/lib/python3.8/site-packages:/home/puzzlebot/Documents/PUXXY_NODE/TE3002B/puzzle_ws/install/opencv_tests/lib/python3.8/site-packages:/home/puzzlebot/Documents/PUXXY_NODE/TE3002B/puzzle_ws/install/image_geometry/lib/python3.8/site-packages:/home/puzzlebot/ros2_ws/build/puzzlebot_ros:/home/puzzlebot/ros2_ws/install/puzzlebot_ros/lib/python3.8/site-packages:/home/puzzlebot/ros2_packages_ws/install/micro_ros_msgs/lib/python3.8/site-packages:/opt/ros/humble/lib/python3.8/site-packages /usr/bin/cmake --build /home/puzzlebot/Documents/PUXXY_NODE/TE3002B/puzzle_ws/build/puzzle_pkg -- -j4 -l4
[1.542s] [  2%] Built target puzzle_pkg__cpp
[1.561s] [  9%] Built target puzzle_pkg__rosidl_generator_c
[1.638s] [  9%] Built target ament_cmake_python_copy_puzzle_pkg
[1.676s] [ 11%] [32mBuilding CXX object CMakeFiles/cam_source.dir/src/vision/cam_source.cpp.o[0m
[1.755s] [ 14%] [34m[1mGenerating C type support dispatch for ROS interfaces[0m
[1.755s] [ 21%] Built target puzzle_pkg__rosidl_typesupport_cpp
[1.799s] [ 26%] Built target odometry
[1.841s] [ 28%] [34m[1mGenerating C type support for eProsima Fast-RTPS[0m
[1.908s] [ 30%] [34m[1mGenerating C++ type support for eProsima Fast-RTPS[0m
[2.808s] [01m[K/home/puzzlebot/Documents/PUXXY_NODE/TE3002B/puzzle_ws/src/puzzle_pkg/src/vision/cam_source.cpp:12:10:[m[K [01;31m[Kfatal error: [m[Kcv_bridge/cv_bridge.h: No such file or directory
[2.809s]  #include [01;31m[K<cv_bridge/cv_bridge.h>[m[K
[2.809s]           [01;31m[K^~~~~~~~~~~~~~~~~~~~~~~[m[K
[2.810s] compilation terminated.
[2.822s] make[2]: *** [CMakeFiles/cam_source.dir/build.make:63: CMakeFiles/cam_source.dir/src/vision/cam_source.cpp.o] Error 1
[2.824s] make[1]: *** [CMakeFiles/Makefile2:132: CMakeFiles/cam_source.dir/all] Error 2
[2.824s] make[1]: *** Waiting for unfinished jobs....
[2.999s] [35m[1mScanning dependencies of target puzzle_pkg__rosidl_typesupport_c[0m
[3.071s] [ 33%] [32mBuilding CXX object CMakeFiles/puzzle_pkg__rosidl_typesupport_c.dir/rosidl_typesupport_c/puzzle_pkg/msg/diff_error__type_support.cpp.o[0m
[3.219s] [ 35%] [32m[1mLinking CXX shared library libpuzzle_pkg__rosidl_typesupport_c.so[0m
[3.393s] [ 35%] Built target puzzle_pkg__rosidl_typesupport_c
[3.491s] [35m[1mScanning dependencies of target puzzle_pkg__rosidl_typesupport_fastrtps_cpp[0m
[3.534s] [35m[1mScanning dependencies of target puzzle_pkg__rosidl_typesupport_fastrtps_c[0m
[3.567s] [ 38%] [32mBuilding CXX object CMakeFiles/puzzle_pkg__rosidl_typesupport_fastrtps_cpp.dir/rosidl_typesupport_fastrtps_cpp/puzzle_pkg/msg/detail/dds_fastrtps/diff_error__type_support.cpp.o[0m
[3.603s] [ 40%] [32mBuilding CXX object CMakeFiles/puzzle_pkg__rosidl_typesupport_fastrtps_c.dir/rosidl_typesupport_fastrtps_c/puzzle_pkg/msg/detail/diff_error__type_support_c.cpp.o[0m
[4.944s] [ 42%] [32m[1mLinking CXX shared library libpuzzle_pkg__rosidl_typesupport_fastrtps_c.so[0m
[5.143s] [ 45%] [32m[1mLinking CXX shared library libpuzzle_pkg__rosidl_typesupport_fastrtps_cpp.so[0m
[5.259s] [ 45%] Built target puzzle_pkg__rosidl_typesupport_fastrtps_c
[5.429s] [ 45%] Built target puzzle_pkg__rosidl_typesupport_fastrtps_cpp
[5.433s] make: *** [Makefile:141: all] Error 2
[5.439s] Invoked command in '/home/puzzlebot/Documents/PUXXY_NODE/TE3002B/puzzle_ws/build/puzzle_pkg' returned '2': CMAKE_PREFIX_PATH=/home/puzzlebot/Documents/PUXXY_NODE/TE3002B/puzzle_ws/install/cv_bridge:/home/puzzlebot/Documents/PUXXY_NODE/TE3002B/puzzle_ws/install/vision_opencv:/home/puzzlebot/Documents/PUXXY_NODE/TE3002B/puzzle_ws/install/puzzle_pkg:/home/puzzlebot/Documents/PUXXY_NODE/TE3002B/puzzle_ws/install/image_geometry:/home/puzzlebot/Documents/PUXXY_NODE/TE3002B/puzzle_ws/install/opencv_tests:/home/puzzlebot/ros2_ws/install/puzzlebot_ros:/opt/ros/humble:/home/puzzlebot/ros2_packages_ws/install/ros_deep_learning:/home/puzzlebot/ros2_packages_ws/install/micro_ros_setup:/home/puzzlebot/ros2_packages_ws/install/micro_ros_agent:/home/puzzlebot/ros2_packages_ws/install/micro_ros_msgs:/home/puzzlebot/ros2_packages_ws/install/camera_info_publisher LD_LIBRARY_PATH=/home/puzzlebot/Documents/PUXXY_NODE/TE3002B/puzzle_ws/install/cv_bridge/lib:/home/puzzlebot/Documents/PUXXY_NODE/TE3002B/puzzle_ws/install/puzzle_pkg/lib:/home/puzzlebot/Documents/PUXXY_NODE/TE3002B/puzzle_ws/install/image_geometry/lib:/home/puzzlebot/ros2_packages_ws/install/micro_ros_agent/lib:/home/puzzlebot/ros2_packages_ws/install/micro_ros_msgs/lib:/opt/ros/humble/opt/rviz_ogre_vendor/lib:/opt/ros/humble/lib/aarch64-linux-gnu:/opt/ros/humble/lib PYTHONPATH=/home/puzzlebot/Documents/PUXXY_NODE/TE3002B/puzzle_ws/install/cv_bridge/lib/python3.8/site-packages:/home/puzzlebot/Documents/PUXXY_NODE/TE3002B/puzzle_ws/install/puzzle_pkg/lib/python3.8/site-packages:/home/puzzlebot/Documents/PUXXY_NODE/TE3002B/puzzle_ws/install/opencv_tests/lib/python3.8/site-packages:/home/puzzlebot/Documents/PUXXY_NODE/TE3002B/puzzle_ws/install/image_geometry/lib/python3.8/site-packages:/home/puzzlebot/ros2_ws/build/puzzlebot_ros:/home/puzzlebot/ros2_ws/install/puzzlebot_ros/lib/python3.8/site-packages:/home/puzzlebot/ros2_packages_ws/install/micro_ros_msgs/lib/python3.8/site-packages:/opt/ros/humble/lib/python3.8/site-packages /usr/bin/cmake --build /home/puzzlebot/Documents/PUXXY_NODE/TE3002B/puzzle_ws/build/puzzle_pkg -- -j4 -l4
