[1.378s] Invoking command in '/home/puzzlebot/Documents/PUXXY_NODE/TE3002B/puzzle_ws/build/puzzle_pkg': AMENT_PREFIX_PATH=/home/puzzlebot/Documents/PUXXY_NODE/TE3002B/puzzle_ws/install/cv_bridge:${AMENT_PREFIX_PATH} CMAKE_PREFIX_PATH=/home/puzzlebot/Documents/PUXXY_NODE/TE3002B/puzzle_ws/install/cv_bridge:/home/puzzlebot/ros2_ws/install/puzzlebot_ros:/opt/ros/humble:${CMAKE_PREFIX_PATH} LD_LIBRARY_PATH=/home/puzzlebot/Documents/PUXXY_NODE/TE3002B/puzzle_ws/install/cv_bridge/lib:/usr/local/cuda/lib64:/home/puzzlebot/ros2_packages_ws/install/micro_ros_agent/lib:/home/puzzlebot/ros2_packages_ws/install/micro_ros_msgs/lib:/opt/ros/humble/opt/rviz_ogre_vendor/lib:/opt/ros/humble/lib/aarch64-linux-gnu:/opt/ros/humble/lib:/usr/local/cuda/lib64 PYTHONPATH=/home/puzzlebot/Documents/PUXXY_NODE/TE3002B/puzzle_ws/install/cv_bridge/lib/python3.8/site-packages:${PYTHONPATH} /usr/bin/cmake --build /home/puzzlebot/Documents/PUXXY_NODE/TE3002B/puzzle_ws/build/puzzle_pkg -- -j4 -l4
[1.759s] [  2%] Built target puzzle_pkg__cpp
[1.811s] [  9%] Built target puzzle_pkg__rosidl_generator_c
[1.904s] [  9%] Built target ament_cmake_python_copy_puzzle_pkg
[1.934s] [ 13%] Built target odometry
[2.070s] [ 18%] Built target cam_source
[2.212s] [ 25%] Built target puzzle_pkg__rosidl_typesupport_c
[2.222s] [ 31%] Built target puzzle_pkg__rosidl_typesupport_cpp
[2.257s] [ 36%] Built target signal_handle
[2.377s] [ 43%] Built target puzzle_pkg__rosidl_typesupport_introspection_cpp
[2.452s] [ 50%] Built target puzzle_pkg__rosidl_typesupport_fastrtps_c
[2.520s] [ 56%] Built target puzzle_pkg__rosidl_typesupport_fastrtps_cpp
[2.602s] [ 63%] Built target puzzle_pkg__rosidl_typesupport_introspection_c
[2.672s] [35m[1mScanning dependencies of target controller[0m
[2.864s] [ 63%] Built target puzzle_pkg
[2.889s] [ 75%] Built target lane_detection
[3.065s] [ 77%] Built target puzzle_pkg__py
[3.225s] [ 79%] [32mBuilding CXX object CMakeFiles/controller.dir/src/control/controller.cpp.o[0m
[3.364s] [ 84%] Built target puzzle_pkg__rosidl_generator_py
[3.651s] [ 88%] Built target puzzle_pkg__rosidl_typesupport_introspection_c__pyext
[3.770s] [ 93%] Built target puzzle_pkg__rosidl_typesupport_fastrtps_c__pyext
[3.954s] [ 97%] Built target puzzle_pkg__rosidl_typesupport_c__pyext
[4.091s] running egg_info
[4.094s] writing puzzle_pkg.egg-info/PKG-INFO
[4.099s] writing dependency_links to puzzle_pkg.egg-info/dependency_links.txt
[4.100s] writing top-level names to puzzle_pkg.egg-info/top_level.txt
[4.280s] reading manifest file 'puzzle_pkg.egg-info/SOURCES.txt'
[4.283s] writing manifest file 'puzzle_pkg.egg-info/SOURCES.txt'
[4.523s] [ 97%] Built target ament_cmake_python_build_puzzle_pkg_egg
[15.628s] [01m[K/home/puzzlebot/Documents/PUXXY_NODE/TE3002B/puzzle_ws/src/puzzle_pkg/src/control/controller.cpp:[m[K In constructor â€˜[01m[KController::Controller()[m[Kâ€™:
[15.629s] [01m[K/home/puzzlebot/Documents/PUXXY_NODE/TE3002B/puzzle_ws/src/puzzle_pkg/src/control/controller.cpp:396:27:[m[K [01;35m[Kwarning: [m[Kâ€˜[01m[KController::odom_[m[Kâ€™ will be initialized after [[01;35m[K-Wreorder[m[K]
[15.629s]      std::array<double, 3> [01;35m[Kodom_[m[K;
[15.630s]                            [01;35m[K^~~~~[m[K
[15.630s] [01m[K/home/puzzlebot/Documents/PUXXY_NODE/TE3002B/puzzle_ws/src/puzzle_pkg/src/control/controller.cpp:395:32:[m[K [01;35m[Kwarning: [m[K  â€˜[01m[Kpuzzle_pkg::msg::DiffError Controller::errors_[m[Kâ€™ [[01;35m[K-Wreorder[m[K]
[15.631s]      puzzle_pkg::msg::DiffError [01;35m[Kerrors_[m[K;
[15.631s]                                 [01;35m[K^~~~~~~[m[K
[15.632s] [01m[K/home/puzzlebot/Documents/PUXXY_NODE/TE3002B/puzzle_ws/src/puzzle_pkg/src/control/controller.cpp:60:5:[m[K [01;35m[Kwarning: [m[K  when initialized here [[01;35m[K-Wreorder[m[K]
[15.632s]      [01;35m[KController[m[K() :
[15.633s]      [01;35m[K^~~~~~~~~~[m[K
[15.633s] [01m[K/home/puzzlebot/Documents/PUXXY_NODE/TE3002B/puzzle_ws/src/puzzle_pkg/src/control/controller.cpp:77:49:[m[K [01;35m[Kwarning: [m[Klist-initializer for non-class type must not be parenthesized
[15.634s]          vel_message_(geometry_msgs::msg::Twist()[01;35m[K)[m[K
[15.634s]                                                  [01;35m[K^[m[K
[15.910s] [01m[K/home/puzzlebot/Documents/PUXXY_NODE/TE3002B/puzzle_ws/src/puzzle_pkg/src/control/controller.cpp:[m[K In member function â€˜[01m[Kvoid Controller::pos_control()[m[Kâ€™:
[15.910s] [01m[K/home/puzzlebot/Documents/PUXXY_NODE/TE3002B/puzzle_ws/src/puzzle_pkg/src/control/controller.cpp:359:1:[m[K [01;31m[Kerror: [m[Kâ€˜[01m[Kbot72[m[Kâ€™ was not declared in this scope
[15.911s]  [01;31m[Kbot72[m[K
[15.911s]  [01;31m[K^~~~~[m[K
[31.813s] make[2]: *** [CMakeFiles/controller.dir/build.make:63: CMakeFiles/controller.dir/src/control/controller.cpp.o] Error 1
[31.814s] make[1]: *** [CMakeFiles/Makefile2:324: CMakeFiles/controller.dir/all] Error 2
[31.815s] make: *** [Makefile:141: all] Error 2
[32.149s] Invoked command in '/home/puzzlebot/Documents/PUXXY_NODE/TE3002B/puzzle_ws/build/puzzle_pkg' returned '2': AMENT_PREFIX_PATH=/home/puzzlebot/Documents/PUXXY_NODE/TE3002B/puzzle_ws/install/cv_bridge:${AMENT_PREFIX_PATH} CMAKE_PREFIX_PATH=/home/puzzlebot/Documents/PUXXY_NODE/TE3002B/puzzle_ws/install/cv_bridge:/home/puzzlebot/ros2_ws/install/puzzlebot_ros:/opt/ros/humble:${CMAKE_PREFIX_PATH} LD_LIBRARY_PATH=/home/puzzlebot/Documents/PUXXY_NODE/TE3002B/puzzle_ws/install/cv_bridge/lib:/usr/local/cuda/lib64:/home/puzzlebot/ros2_packages_ws/install/micro_ros_agent/lib:/home/puzzlebot/ros2_packages_ws/install/micro_ros_msgs/lib:/opt/ros/humble/opt/rviz_ogre_vendor/lib:/opt/ros/humble/lib/aarch64-linux-gnu:/opt/ros/humble/lib:/usr/local/cuda/lib64 PYTHONPATH=/home/puzzlebot/Documents/PUXXY_NODE/TE3002B/puzzle_ws/install/cv_bridge/lib/python3.8/site-packages:${PYTHONPATH} /usr/bin/cmake --build /home/puzzlebot/Documents/PUXXY_NODE/TE3002B/puzzle_ws/build/puzzle_pkg -- -j4 -l4
