[  2%] Built target puzzle_pkg__cpp
[  9%] Built target puzzle_pkg__rosidl_generator_c
[  9%] Built target ament_cmake_python_copy_puzzle_pkg
[35m[1mScanning dependencies of target signal_classification[0m
[ 13%] Built target odometry
[ 20%] Built target puzzle_pkg__rosidl_typesupport_c
[ 25%] Built target cam_source
[ 27%] [32mBuilding CXX object CMakeFiles/signal_classification.dir/src/vision/signal_classification.cpp.o[0m
[ 34%] Built target puzzle_pkg__rosidl_typesupport_cpp
[ 36%] [32m[1mLinking CXX executable signal_classification[0m
[ 43%] Built target puzzle_pkg__rosidl_typesupport_fastrtps_cpp
[ 50%] Built target puzzle_pkg__rosidl_typesupport_introspection_cpp
[ 56%] Built target puzzle_pkg__rosidl_typesupport_introspection_c
[ 63%] Built target puzzle_pkg__rosidl_typesupport_fastrtps_c
[ 75%] Built target lane_detection
[ 75%] Built target puzzle_pkg
[ 79%] Built target controller
[ 81%] Built target puzzle_pkg__py
[ 86%] Built target puzzle_pkg__rosidl_generator_py
[ 95%] Built target puzzle_pkg__rosidl_typesupport_introspection_c__pyext
[ 95%] Built target puzzle_pkg__rosidl_typesupport_fastrtps_c__pyext
running egg_info
writing puzzle_pkg.egg-info/PKG-INFO
writing dependency_links to puzzle_pkg.egg-info/dependency_links.txt
writing top-level names to puzzle_pkg.egg-info/top_level.txt
[100%] Built target puzzle_pkg__rosidl_typesupport_c__pyext
reading manifest file 'puzzle_pkg.egg-info/SOURCES.txt'
writing manifest file 'puzzle_pkg.egg-info/SOURCES.txt'
[100%] Built target ament_cmake_python_build_puzzle_pkg_egg
/usr/bin/ld: /usr/lib/gcc/aarch64-linux-gnu/8/../../../aarch64-linux-gnu/Scrt1.o: in function `_start':
(.text+0x18): undefined reference to `main'
/usr/bin/ld: (.text+0x1c): undefined reference to `main'
collect2: error: ld returned 1 exit status
make[2]: *** [CMakeFiles/signal_classification.dir/build.make:234: signal_classification] Error 1
make[1]: *** [CMakeFiles/Makefile2:723: CMakeFiles/signal_classification.dir/all] Error 2
make: *** [Makefile:141: all] Error 2
