[1.460s] Invoking command in '/home/puzzlebot/Documents/PUXXY_NODE/TE3002B/puzzle_ws/build/puzzle_pkg': CMAKE_PREFIX_PATH=/home/puzzlebot/Documents/PUXXY_NODE/TE3002B/puzzle_ws/install/cv_bridge:/home/puzzlebot/Documents/PUXXY_NODE/TE3002B/puzzle_ws/install/vision_opencv:/home/puzzlebot/Documents/PUXXY_NODE/TE3002B/puzzle_ws/install/puzzle_pkg:/home/puzzlebot/Documents/PUXXY_NODE/TE3002B/puzzle_ws/install/image_geometry:/home/puzzlebot/Documents/PUXXY_NODE/TE3002B/puzzle_ws/install/opencv_tests:/home/puzzlebot/ros2_ws/install/puzzlebot_ros:/opt/ros/humble:/home/puzzlebot/ros2_packages_ws/install/ros_deep_learning:/home/puzzlebot/ros2_packages_ws/install/micro_ros_setup:/home/puzzlebot/ros2_packages_ws/install/micro_ros_agent:/home/puzzlebot/ros2_packages_ws/install/micro_ros_msgs:/home/puzzlebot/ros2_packages_ws/install/camera_info_publisher LD_LIBRARY_PATH=/home/puzzlebot/Documents/PUXXY_NODE/TE3002B/puzzle_ws/install/cv_bridge/lib:/home/puzzlebot/Documents/PUXXY_NODE/TE3002B/puzzle_ws/install/puzzle_pkg/lib:/home/puzzlebot/Documents/PUXXY_NODE/TE3002B/puzzle_ws/install/image_geometry/lib:/home/puzzlebot/ros2_packages_ws/install/micro_ros_agent/lib:/home/puzzlebot/ros2_packages_ws/install/micro_ros_msgs/lib:/opt/ros/humble/opt/rviz_ogre_vendor/lib:/opt/ros/humble/lib/aarch64-linux-gnu:/opt/ros/humble/lib PYTHONPATH=/home/puzzlebot/Documents/PUXXY_NODE/TE3002B/puzzle_ws/install/cv_bridge/lib/python3.8/site-packages:/home/puzzlebot/Documents/PUXXY_NODE/TE3002B/puzzle_ws/install/puzzle_pkg/lib/python3.8/site-packages:/home/puzzlebot/Documents/PUXXY_NODE/TE3002B/puzzle_ws/install/opencv_tests/lib/python3.8/site-packages:/home/puzzlebot/Documents/PUXXY_NODE/TE3002B/puzzle_ws/install/image_geometry/lib/python3.8/site-packages:/home/puzzlebot/ros2_ws/build/puzzlebot_ros:/home/puzzlebot/ros2_ws/install/puzzlebot_ros/lib/python3.8/site-packages:/home/puzzlebot/ros2_packages_ws/install/micro_ros_msgs/lib/python3.8/site-packages:/opt/ros/humble/lib/python3.8/site-packages /usr/bin/cmake --build /home/puzzlebot/Documents/PUXXY_NODE/TE3002B/puzzle_ws/build/puzzle_pkg -- -j4 -l4
[1.908s] [  2%] Built target puzzle_pkg__cpp
[1.931s] [  9%] Built target puzzle_pkg__rosidl_generator_c
[1.998s] [  9%] Built target ament_cmake_python_copy_puzzle_pkg
[2.063s] [35m[1mScanning dependencies of target signal_classification[0m
[2.067s] [ 13%] Built target odometry
[2.352s] [ 20%] Built target puzzle_pkg__rosidl_typesupport_c
[2.442s] [ 25%] Built target cam_source
[2.470s] [ 27%] [32mBuilding CXX object CMakeFiles/signal_classification.dir/src/vision/signal_classification.cpp.o[0m
[2.475s] [ 34%] Built target puzzle_pkg__rosidl_typesupport_cpp
[2.735s] [ 36%] [32m[1mLinking CXX executable signal_classification[0m
[2.764s] [ 43%] Built target puzzle_pkg__rosidl_typesupport_fastrtps_cpp
[2.782s] [ 50%] Built target puzzle_pkg__rosidl_typesupport_introspection_cpp
[2.823s] [ 56%] Built target puzzle_pkg__rosidl_typesupport_introspection_c
[3.167s] [ 63%] Built target puzzle_pkg__rosidl_typesupport_fastrtps_c
[3.201s] [ 75%] Built target lane_detection
[3.429s] [ 75%] Built target puzzle_pkg
[3.529s] [ 79%] Built target controller
[3.680s] [ 81%] Built target puzzle_pkg__py
[3.965s] [ 86%] Built target puzzle_pkg__rosidl_generator_py
[4.257s] [ 95%] Built target puzzle_pkg__rosidl_typesupport_introspection_c__pyext
[4.260s] [ 95%] Built target puzzle_pkg__rosidl_typesupport_fastrtps_c__pyext
[4.419s] running egg_info
[4.423s] writing puzzle_pkg.egg-info/PKG-INFO
[4.427s] writing dependency_links to puzzle_pkg.egg-info/dependency_links.txt
[4.427s] writing top-level names to puzzle_pkg.egg-info/top_level.txt
[4.466s] [100%] Built target puzzle_pkg__rosidl_typesupport_c__pyext
[4.619s] reading manifest file 'puzzle_pkg.egg-info/SOURCES.txt'
[4.623s] writing manifest file 'puzzle_pkg.egg-info/SOURCES.txt'
[4.762s] [100%] Built target ament_cmake_python_build_puzzle_pkg_egg
[5.282s] /usr/bin/ld: /usr/lib/gcc/aarch64-linux-gnu/8/../../../aarch64-linux-gnu/Scrt1.o: in function `_start':
[5.283s] (.text+0x18): undefined reference to `main'
[5.283s] /usr/bin/ld: (.text+0x1c): undefined reference to `main'
[5.286s] collect2: error: ld returned 1 exit status
[5.295s] make[2]: *** [CMakeFiles/signal_classification.dir/build.make:234: signal_classification] Error 1
[5.295s] make[1]: *** [CMakeFiles/Makefile2:723: CMakeFiles/signal_classification.dir/all] Error 2
[5.296s] make: *** [Makefile:141: all] Error 2
[5.307s] Invoked command in '/home/puzzlebot/Documents/PUXXY_NODE/TE3002B/puzzle_ws/build/puzzle_pkg' returned '2': CMAKE_PREFIX_PATH=/home/puzzlebot/Documents/PUXXY_NODE/TE3002B/puzzle_ws/install/cv_bridge:/home/puzzlebot/Documents/PUXXY_NODE/TE3002B/puzzle_ws/install/vision_opencv:/home/puzzlebot/Documents/PUXXY_NODE/TE3002B/puzzle_ws/install/puzzle_pkg:/home/puzzlebot/Documents/PUXXY_NODE/TE3002B/puzzle_ws/install/image_geometry:/home/puzzlebot/Documents/PUXXY_NODE/TE3002B/puzzle_ws/install/opencv_tests:/home/puzzlebot/ros2_ws/install/puzzlebot_ros:/opt/ros/humble:/home/puzzlebot/ros2_packages_ws/install/ros_deep_learning:/home/puzzlebot/ros2_packages_ws/install/micro_ros_setup:/home/puzzlebot/ros2_packages_ws/install/micro_ros_agent:/home/puzzlebot/ros2_packages_ws/install/micro_ros_msgs:/home/puzzlebot/ros2_packages_ws/install/camera_info_publisher LD_LIBRARY_PATH=/home/puzzlebot/Documents/PUXXY_NODE/TE3002B/puzzle_ws/install/cv_bridge/lib:/home/puzzlebot/Documents/PUXXY_NODE/TE3002B/puzzle_ws/install/puzzle_pkg/lib:/home/puzzlebot/Documents/PUXXY_NODE/TE3002B/puzzle_ws/install/image_geometry/lib:/home/puzzlebot/ros2_packages_ws/install/micro_ros_agent/lib:/home/puzzlebot/ros2_packages_ws/install/micro_ros_msgs/lib:/opt/ros/humble/opt/rviz_ogre_vendor/lib:/opt/ros/humble/lib/aarch64-linux-gnu:/opt/ros/humble/lib PYTHONPATH=/home/puzzlebot/Documents/PUXXY_NODE/TE3002B/puzzle_ws/install/cv_bridge/lib/python3.8/site-packages:/home/puzzlebot/Documents/PUXXY_NODE/TE3002B/puzzle_ws/install/puzzle_pkg/lib/python3.8/site-packages:/home/puzzlebot/Documents/PUXXY_NODE/TE3002B/puzzle_ws/install/opencv_tests/lib/python3.8/site-packages:/home/puzzlebot/Documents/PUXXY_NODE/TE3002B/puzzle_ws/install/image_geometry/lib/python3.8/site-packages:/home/puzzlebot/ros2_ws/build/puzzlebot_ros:/home/puzzlebot/ros2_ws/install/puzzlebot_ros/lib/python3.8/site-packages:/home/puzzlebot/ros2_packages_ws/install/micro_ros_msgs/lib/python3.8/site-packages:/opt/ros/humble/lib/python3.8/site-packages /usr/bin/cmake --build /home/puzzlebot/Documents/PUXXY_NODE/TE3002B/puzzle_ws/build/puzzle_pkg -- -j4 -l4
