[1.649s] Invoking command in '/home/puzzlebot/Desktop/PUXXY_NODE/TE3002B/lane_processing_ws/build/lane_processing': CMAKE_PREFIX_PATH=/home/puzzlebot/Desktop/PUXXY_NODE/TE3002B/lane_processing_ws/install/lane_processing:/home/puzzlebot/ros2_ws/install/puzzlebot_ros:/opt/ros/humble:/home/puzzlebot/ros2_packages_ws/install/ros_deep_learning:/home/puzzlebot/ros2_packages_ws/install/micro_ros_setup:/home/puzzlebot/ros2_packages_ws/install/micro_ros_agent:/home/puzzlebot/ros2_packages_ws/install/micro_ros_msgs:/home/puzzlebot/ros2_packages_ws/install/camera_info_publisher /usr/bin/cmake --build /home/puzzlebot/Desktop/PUXXY_NODE/TE3002B/lane_processing_ws/build/lane_processing -- -j4 -l4
[1.985s] [35m[1mScanning dependencies of target lane_processing[0m
[2.335s] [ 20%] [32mBuilding CXX object CMakeFiles/lane_processing.dir/src/lane_detection.cpp.o[0m
[2.343s] [ 40%] [32mBuilding CXX object CMakeFiles/lane_processing.dir/src/lib/lane_funcs.cpp.o[0m
[7.116s] [01m[K/home/puzzlebot/Desktop/PUXXY_NODE/TE3002B/lane_processing_ws/src/lane_processing/src/lib/lane_funcs.cpp:[m[K In function â€˜[01m[Kstd::vector<cv::Vec<double, 4> > group_similar_lines(const std::vector<cv::Vec<double, 4> >&, double, int)[m[Kâ€™:
[7.116s] [01m[K/home/puzzlebot/Desktop/PUXXY_NODE/TE3002B/lane_processing_ws/src/lane_processing/src/lib/lane_funcs.cpp:23:17:[m[K [01;31m[Kerror: [m[Kâ€˜[01m[Kpoint_distance[m[Kâ€™ was not declared in this scope
[7.117s]              if ([01;31m[Kpoint_distance[m[K(midpoints[i], midpoints[j]) < eps) {
[7.117s]                  [01;31m[K^~~~~~~~~~~~~~[m[K
[7.128s] [01m[K/home/puzzlebot/Desktop/PUXXY_NODE/TE3002B/lane_processing_ws/src/lane_processing/src/lib/lane_funcs.cpp:28:30:[m[K [01;35m[Kwarning: [m[Kcomparison of integer expressions of different signedness: â€˜[01m[Kstd::vector<int>::size_type[m[Kâ€™ {aka â€˜[01m[Klong unsigned int[m[Kâ€™} and â€˜[01m[Kint[m[Kâ€™ [[01;35m[K-Wsign-compare[m[K]
[7.129s]          if ([01;35m[Kneighbors.size() < minPts[m[K) {
[7.131s]              [01;35m[K~~~~~~~~~~~~~~~~~^~~~~~~~[m[K
[7.131s] [01m[K/home/puzzlebot/Desktop/PUXXY_NODE/TE3002B/lane_processing_ws/src/lane_processing/src/lib/lane_funcs.cpp:50:21:[m[K [01;31m[Kerror: [m[Kâ€˜[01m[Kpoint_distance[m[Kâ€™ was not declared in this scope
[7.132s]                  if ([01;31m[Kpoint_distance[m[K(midpoints[currentPoint], midpoints[j]) < eps) {
[7.132s]                      [01;31m[K^~~~~~~~~~~~~~[m[K
[7.142s] [01m[K/home/puzzlebot/Desktop/PUXXY_NODE/TE3002B/lane_processing_ws/src/lane_processing/src/lib/lane_funcs.cpp:55:34:[m[K [01;35m[Kwarning: [m[Kcomparison of integer expressions of different signedness: â€˜[01m[Kstd::vector<int>::size_type[m[Kâ€™ {aka â€˜[01m[Klong unsigned int[m[Kâ€™} and â€˜[01m[Kint[m[Kâ€™ [[01;35m[K-Wsign-compare[m[K]
[7.144s]              if ([01;35m[Kneighbors.size() >= minPts[m[K) {
[7.145s]                  [01;35m[K~~~~~~~~~~~~~~~~~^~~~~~~~~[m[K
[7.984s] make[2]: *** [CMakeFiles/lane_processing.dir/build.make:102: CMakeFiles/lane_processing.dir/src/lib/lane_funcs.cpp.o] Error 1
[7.984s] make[2]: *** Waiting for unfinished jobs....
[18.860s] [01m[K/home/puzzlebot/Desktop/PUXXY_NODE/TE3002B/lane_processing_ws/src/lane_processing/src/lane_detection.cpp:[m[K In member function â€˜[01m[Kdouble LaneProcessingNode::detect_lane_center(cv::Mat&)[m[Kâ€™:
[18.861s] [01m[K/home/puzzlebot/Desktop/PUXXY_NODE/TE3002B/lane_processing_ws/src/lane_processing/src/lane_detection.cpp:118:92:[m[K [01;31m[Kerror: [m[Ktoo few arguments to function â€˜[01m[Kstd::vector<cv::Vec<double, 4> > group_similar_lines(const std::vector<cv::Vec<double, 4> >&, double, int)[m[Kâ€™
[18.861s]  ::Vec<double, 4>> grouped_lines = group_similar_lines(converted_lines[01;31m[K)[m[K;
[18.862s]                                                                       [01;31m[K^[m[K
[18.862s] 
[18.863s] In file included from [01m[K/home/puzzlebot/Desktop/PUXXY_NODE/TE3002B/lane_processing_ws/src/lane_processing/src/lane_detection.cpp:12[m[K:
[18.863s] [01m[K/home/puzzlebot/Desktop/PUXXY_NODE/TE3002B/lane_processing_ws/src/lane_processing/include/lane_processing/lane_funcs.h:36:33:[m[K [01;36m[Knote: [m[Kdeclared here
[18.863s]  std::vector<cv::Vec<double, 4>> [01;36m[Kgroup_similar_lines[m[K(const std::vector<cv::Vec<double, 4>>& lines, double eps, int minPts);
[18.864s]                                  [01;36m[K^~~~~~~~~~~~~~~~~~~[m[K
[32.167s] make[2]: *** [CMakeFiles/lane_processing.dir/build.make:63: CMakeFiles/lane_processing.dir/src/lane_detection.cpp.o] Error 1
[32.170s] make[1]: *** [CMakeFiles/Makefile2:78: CMakeFiles/lane_processing.dir/all] Error 2
[32.171s] make: *** [Makefile:141: all] Error 2
[32.181s] Invoked command in '/home/puzzlebot/Desktop/PUXXY_NODE/TE3002B/lane_processing_ws/build/lane_processing' returned '2': CMAKE_PREFIX_PATH=/home/puzzlebot/Desktop/PUXXY_NODE/TE3002B/lane_processing_ws/install/lane_processing:/home/puzzlebot/ros2_ws/install/puzzlebot_ros:/opt/ros/humble:/home/puzzlebot/ros2_packages_ws/install/ros_deep_learning:/home/puzzlebot/ros2_packages_ws/install/micro_ros_setup:/home/puzzlebot/ros2_packages_ws/install/micro_ros_agent:/home/puzzlebot/ros2_packages_ws/install/micro_ros_msgs:/home/puzzlebot/ros2_packages_ws/install/camera_info_publisher /usr/bin/cmake --build /home/puzzlebot/Desktop/PUXXY_NODE/TE3002B/lane_processing_ws/build/lane_processing -- -j4 -l4
