[01m[K/home/puzzlebot/Desktop/PUXXY_NODE/TE3002B/lane_processing_ws/src/lane_processing/src/lib/lane_funcs.cpp:[m[K In function â€˜[01m[Kcv::Vec<double, 2> linear_regression(const std::vector<double, std::allocator<double> >&, const std::vector<double, std::allocator<double> >&)[m[Kâ€™:
[01m[K/home/puzzlebot/Desktop/PUXXY_NODE/TE3002B/lane_processing_ws/src/lane_processing/src/lib/lane_funcs.cpp:116:25:[m[K [01;31m[Kerror: [m[Kâ€˜[01m[Kaccumulate[m[Kâ€™ is not a member of â€˜[01m[Kstd[m[Kâ€™
     double sum_x = std::[01;31m[Kaccumulate[m[K(x.begin(), x.end(), 0.0);
                         [01;31m[K^~~~~~~~~~[m[K
[01m[K/home/puzzlebot/Desktop/PUXXY_NODE/TE3002B/lane_processing_ws/src/lane_processing/src/lib/lane_funcs.cpp:116:25:[m[K [01;36m[Knote: [m[Ksuggested alternative:
In file included from [01m[K/home/puzzlebot/Desktop/PUXXY_NODE/TE3002B/lane_processing_ws/src/lane_processing/include/lane_processing/lane_funcs.h:12[m[K,
                 from [01m[K/home/puzzlebot/Desktop/PUXXY_NODE/TE3002B/lane_processing_ws/src/lane_processing/src/lib/lane_funcs.cpp:2[m[K:
[01m[K/usr/include/opencv4/opencv2/imgproc.hpp:2762:19:[m[K [01;36m[Knote: [m[K  â€˜[01m[Kcv::accumulate[m[Kâ€™
 CV_EXPORTS_W void [01;36m[Kaccumulate[m[K( InputArray src, InputOutputArray dst,
                   [01;36m[K^~~~~~~~~~[m[K
[01m[K/home/puzzlebot/Desktop/PUXXY_NODE/TE3002B/lane_processing_ws/src/lane_processing/src/lib/lane_funcs.cpp:117:25:[m[K [01;31m[Kerror: [m[Kâ€˜[01m[Kaccumulate[m[Kâ€™ is not a member of â€˜[01m[Kstd[m[Kâ€™
     double sum_y = std::[01;31m[Kaccumulate[m[K(y.begin(), y.end(), 0.0);
                         [01;31m[K^~~~~~~~~~[m[K
[01m[K/home/puzzlebot/Desktop/PUXXY_NODE/TE3002B/lane_processing_ws/src/lane_processing/src/lib/lane_funcs.cpp:117:25:[m[K [01;36m[Knote: [m[Ksuggested alternative:
In file included from [01m[K/home/puzzlebot/Desktop/PUXXY_NODE/TE3002B/lane_processing_ws/src/lane_processing/include/lane_processing/lane_funcs.h:12[m[K,
                 from [01m[K/home/puzzlebot/Desktop/PUXXY_NODE/TE3002B/lane_processing_ws/src/lane_processing/src/lib/lane_funcs.cpp:2[m[K:
[01m[K/usr/include/opencv4/opencv2/imgproc.hpp:2762:19:[m[K [01;36m[Knote: [m[K  â€˜[01m[Kcv::accumulate[m[Kâ€™
 CV_EXPORTS_W void [01;36m[Kaccumulate[m[K( InputArray src, InputOutputArray dst,
                   [01;36m[K^~~~~~~~~~[m[K
[01m[K/home/puzzlebot/Desktop/PUXXY_NODE/TE3002B/lane_processing_ws/src/lane_processing/src/lib/lane_funcs.cpp:118:26:[m[K [01;31m[Kerror: [m[Kâ€˜[01m[Kinner_product[m[Kâ€™ is not a member of â€˜[01m[Kstd[m[Kâ€™
     double sum_xx = std::[01;31m[Kinner_product[m[K(x.begin(), x.end(), x.begin(), 0.0);
                          [01;31m[K^~~~~~~~~~~~~[m[K
[01m[K/home/puzzlebot/Desktop/PUXXY_NODE/TE3002B/lane_processing_ws/src/lane_processing/src/lib/lane_funcs.cpp:119:26:[m[K [01;31m[Kerror: [m[Kâ€˜[01m[Kinner_product[m[Kâ€™ is not a member of â€˜[01m[Kstd[m[Kâ€™
     double sum_xy = std::[01;31m[Kinner_product[m[K(x.begin(), x.end(), y.begin(), 0.0);
                          [01;31m[K^~~~~~~~~~~~~[m[K
[01m[K/home/puzzlebot/Desktop/PUXXY_NODE/TE3002B/lane_processing_ws/src/lane_processing/src/lib/lane_funcs.cpp:[m[K In function â€˜[01m[Kvoid extrapolate_and_update_lane_history()[m[Kâ€™:
[01m[K/home/puzzlebot/Desktop/PUXXY_NODE/TE3002B/lane_processing_ws/src/lane_processing/src/lib/lane_funcs.cpp:129:14:[m[K [01;31m[Kerror: [m[Kâ€˜[01m[Kcerr[m[Kâ€™ is not a member of â€˜[01m[Kstd[m[Kâ€™
         std::[01;31m[Kcerr[m[K << "Not enough data to extrapolate." << std::endl;
              [01;31m[K^~~~[m[K
[01m[K/home/puzzlebot/Desktop/PUXXY_NODE/TE3002B/lane_processing_ws/src/lane_processing/src/lib/lane_funcs.cpp:129:14:[m[K [01;36m[Knote: [m[Kâ€˜[01m[Kstd::cerr[m[Kâ€™ is defined in header â€˜[01m[K<iostream>[m[Kâ€™; did you forget to â€˜[01m[K#include <iostream>[m[Kâ€™?
[01m[K/home/puzzlebot/Desktop/PUXXY_NODE/TE3002B/lane_processing_ws/src/lane_processing/src/lib/lane_funcs.cpp:4:1:[m[K
+[32m[K#include <iostream>[m[K
 
[01m[K/home/puzzlebot/Desktop/PUXXY_NODE/TE3002B/lane_processing_ws/src/lane_processing/src/lib/lane_funcs.cpp:129:14:[m[K
         std::[01;36m[Kcerr[m[K << "Not enough data to extrapolate." << std::endl;
              [01;36m[K^~~~[m[K
make[2]: *** [CMakeFiles/lane_processing.dir/build.make:102: CMakeFiles/lane_processing.dir/src/lib/lane_funcs.cpp.o] Error 1
make[2]: *** Waiting for unfinished jobs....
make[1]: *** [CMakeFiles/Makefile2:78: CMakeFiles/lane_processing.dir/all] Error 2
make: *** [Makefile:141: all] Error 2
