[1.708s] Invoking command in '/home/puzzlebot/Desktop/PUXXY_NODE/TE3002B/lane_processing_ws/build/lane_processing': CMAKE_PREFIX_PATH=/home/puzzlebot/Desktop/PUXXY_NODE/TE3002B/lane_processing_ws/install/lane_processing:/home/puzzlebot/ros2_ws/install/puzzlebot_ros:/opt/ros/humble:/home/puzzlebot/ros2_packages_ws/install/ros_deep_learning:/home/puzzlebot/ros2_packages_ws/install/micro_ros_setup:/home/puzzlebot/ros2_packages_ws/install/micro_ros_agent:/home/puzzlebot/ros2_packages_ws/install/micro_ros_msgs:/home/puzzlebot/ros2_packages_ws/install/camera_info_publisher /usr/bin/cmake --build /home/puzzlebot/Desktop/PUXXY_NODE/TE3002B/lane_processing_ws/build/lane_processing -- -j4 -l4
[1.935s] [35m[1mScanning dependencies of target lane_processing[0m
[2.353s] [ 20%] [32mBuilding CXX object CMakeFiles/lane_processing.dir/src/lib/lane_funcs.cpp.o[0m
[2.399s] [ 40%] [32mBuilding CXX object CMakeFiles/lane_processing.dir/src/lane_detection.cpp.o[0m
[7.278s] [01m[K/home/puzzlebot/Desktop/PUXXY_NODE/TE3002B/lane_processing_ws/src/lane_processing/src/lib/lane_funcs.cpp:[m[K In function â€˜[01m[Kcv::Vec<double, 2> linear_regression(const std::vector<double, std::allocator<double> >&, const std::vector<double, std::allocator<double> >&)[m[Kâ€™:
[7.279s] [01m[K/home/puzzlebot/Desktop/PUXXY_NODE/TE3002B/lane_processing_ws/src/lane_processing/src/lib/lane_funcs.cpp:116:25:[m[K [01;31m[Kerror: [m[Kâ€˜[01m[Kaccumulate[m[Kâ€™ is not a member of â€˜[01m[Kstd[m[Kâ€™
[7.279s]      double sum_x = std::[01;31m[Kaccumulate[m[K(x.begin(), x.end(), 0.0);
[7.280s]                          [01;31m[K^~~~~~~~~~[m[K
[7.280s] [01m[K/home/puzzlebot/Desktop/PUXXY_NODE/TE3002B/lane_processing_ws/src/lane_processing/src/lib/lane_funcs.cpp:116:25:[m[K [01;36m[Knote: [m[Ksuggested alternative:
[7.281s] In file included from [01m[K/home/puzzlebot/Desktop/PUXXY_NODE/TE3002B/lane_processing_ws/src/lane_processing/include/lane_processing/lane_funcs.h:12[m[K,
[7.282s]                  from [01m[K/home/puzzlebot/Desktop/PUXXY_NODE/TE3002B/lane_processing_ws/src/lane_processing/src/lib/lane_funcs.cpp:2[m[K:
[7.282s] [01m[K/usr/include/opencv4/opencv2/imgproc.hpp:2762:19:[m[K [01;36m[Knote: [m[K  â€˜[01m[Kcv::accumulate[m[Kâ€™
[7.283s]  CV_EXPORTS_W void [01;36m[Kaccumulate[m[K( InputArray src, InputOutputArray dst,
[7.284s]                    [01;36m[K^~~~~~~~~~[m[K
[7.284s] [01m[K/home/puzzlebot/Desktop/PUXXY_NODE/TE3002B/lane_processing_ws/src/lane_processing/src/lib/lane_funcs.cpp:117:25:[m[K [01;31m[Kerror: [m[Kâ€˜[01m[Kaccumulate[m[Kâ€™ is not a member of â€˜[01m[Kstd[m[Kâ€™
[7.285s]      double sum_y = std::[01;31m[Kaccumulate[m[K(y.begin(), y.end(), 0.0);
[7.286s]                          [01;31m[K^~~~~~~~~~[m[K
[7.286s] [01m[K/home/puzzlebot/Desktop/PUXXY_NODE/TE3002B/lane_processing_ws/src/lane_processing/src/lib/lane_funcs.cpp:117:25:[m[K [01;36m[Knote: [m[Ksuggested alternative:
[7.287s] In file included from [01m[K/home/puzzlebot/Desktop/PUXXY_NODE/TE3002B/lane_processing_ws/src/lane_processing/include/lane_processing/lane_funcs.h:12[m[K,
[7.288s]                  from [01m[K/home/puzzlebot/Desktop/PUXXY_NODE/TE3002B/lane_processing_ws/src/lane_processing/src/lib/lane_funcs.cpp:2[m[K:
[7.289s] [01m[K/usr/include/opencv4/opencv2/imgproc.hpp:2762:19:[m[K [01;36m[Knote: [m[K  â€˜[01m[Kcv::accumulate[m[Kâ€™
[7.289s]  CV_EXPORTS_W void [01;36m[Kaccumulate[m[K( InputArray src, InputOutputArray dst,
[7.290s]                    [01;36m[K^~~~~~~~~~[m[K
[7.290s] [01m[K/home/puzzlebot/Desktop/PUXXY_NODE/TE3002B/lane_processing_ws/src/lane_processing/src/lib/lane_funcs.cpp:118:26:[m[K [01;31m[Kerror: [m[Kâ€˜[01m[Kinner_product[m[Kâ€™ is not a member of â€˜[01m[Kstd[m[Kâ€™
[7.292s]      double sum_xx = std::[01;31m[Kinner_product[m[K(x.begin(), x.end(), x.begin(), 0.0);
[7.294s]                           [01;31m[K^~~~~~~~~~~~~[m[K
[7.296s] [01m[K/home/puzzlebot/Desktop/PUXXY_NODE/TE3002B/lane_processing_ws/src/lane_processing/src/lib/lane_funcs.cpp:119:26:[m[K [01;31m[Kerror: [m[Kâ€˜[01m[Kinner_product[m[Kâ€™ is not a member of â€˜[01m[Kstd[m[Kâ€™
[7.296s]      double sum_xy = std::[01;31m[Kinner_product[m[K(x.begin(), x.end(), y.begin(), 0.0);
[7.297s]                           [01;31m[K^~~~~~~~~~~~~[m[K
[7.297s] [01m[K/home/puzzlebot/Desktop/PUXXY_NODE/TE3002B/lane_processing_ws/src/lane_processing/src/lib/lane_funcs.cpp:[m[K In function â€˜[01m[Kvoid extrapolate_and_update_lane_history()[m[Kâ€™:
[7.298s] [01m[K/home/puzzlebot/Desktop/PUXXY_NODE/TE3002B/lane_processing_ws/src/lane_processing/src/lib/lane_funcs.cpp:129:14:[m[K [01;31m[Kerror: [m[Kâ€˜[01m[Kcerr[m[Kâ€™ is not a member of â€˜[01m[Kstd[m[Kâ€™
[7.298s]          std::[01;31m[Kcerr[m[K << "Not enough data to extrapolate." << std::endl;
[7.299s]               [01;31m[K^~~~[m[K
[7.299s] [01m[K/home/puzzlebot/Desktop/PUXXY_NODE/TE3002B/lane_processing_ws/src/lane_processing/src/lib/lane_funcs.cpp:129:14:[m[K [01;36m[Knote: [m[Kâ€˜[01m[Kstd::cerr[m[Kâ€™ is defined in header â€˜[01m[K<iostream>[m[Kâ€™; did you forget to â€˜[01m[K#include <iostream>[m[Kâ€™?
[7.300s] [01m[K/home/puzzlebot/Desktop/PUXXY_NODE/TE3002B/lane_processing_ws/src/lane_processing/src/lib/lane_funcs.cpp:4:1:[m[K
[7.300s] +[32m[K#include <iostream>[m[K
[7.301s]  
[7.301s] [01m[K/home/puzzlebot/Desktop/PUXXY_NODE/TE3002B/lane_processing_ws/src/lane_processing/src/lib/lane_funcs.cpp:129:14:[m[K
[7.302s]          std::[01;36m[Kcerr[m[K << "Not enough data to extrapolate." << std::endl;
[7.302s]               [01;36m[K^~~~[m[K
[8.168s] make[2]: *** [CMakeFiles/lane_processing.dir/build.make:102: CMakeFiles/lane_processing.dir/src/lib/lane_funcs.cpp.o] Error 1
[8.171s] make[2]: *** Waiting for unfinished jobs....
[53.009s] make[1]: *** [CMakeFiles/Makefile2:78: CMakeFiles/lane_processing.dir/all] Error 2
[53.026s] make: *** [Makefile:141: all] Error 2
[53.215s] Invoked command in '/home/puzzlebot/Desktop/PUXXY_NODE/TE3002B/lane_processing_ws/build/lane_processing' returned '2': CMAKE_PREFIX_PATH=/home/puzzlebot/Desktop/PUXXY_NODE/TE3002B/lane_processing_ws/install/lane_processing:/home/puzzlebot/ros2_ws/install/puzzlebot_ros:/opt/ros/humble:/home/puzzlebot/ros2_packages_ws/install/ros_deep_learning:/home/puzzlebot/ros2_packages_ws/install/micro_ros_setup:/home/puzzlebot/ros2_packages_ws/install/micro_ros_agent:/home/puzzlebot/ros2_packages_ws/install/micro_ros_msgs:/home/puzzlebot/ros2_packages_ws/install/camera_info_publisher /usr/bin/cmake --build /home/puzzlebot/Desktop/PUXXY_NODE/TE3002B/lane_processing_ws/build/lane_processing -- -j4 -l4
