[1.517s] Invoking command in '/home/puzzlebot/Documents/PUXXY_NODE/TE3002B/puzzle_ws/build/puzzle_pkg': AMENT_PREFIX_PATH=/home/puzzlebot/Documents/PUXXY_NODE/TE3002B/puzzle_ws/install/cv_bridge:${AMENT_PREFIX_PATH} CMAKE_PREFIX_PATH=/home/puzzlebot/Documents/PUXXY_NODE/TE3002B/puzzle_ws/install/cv_bridge:/home/puzzlebot/ros2_ws/install/puzzlebot_ros:/opt/ros/humble:${CMAKE_PREFIX_PATH} LD_LIBRARY_PATH=/home/puzzlebot/Documents/PUXXY_NODE/TE3002B/puzzle_ws/install/cv_bridge/lib:${LD_LIBRARY_PATH} PYTHONPATH=/home/puzzlebot/Documents/PUXXY_NODE/TE3002B/puzzle_ws/install/cv_bridge/lib/python3.8/site-packages:${PYTHONPATH} /usr/bin/cmake --build /home/puzzlebot/Documents/PUXXY_NODE/TE3002B/puzzle_ws/build/puzzle_pkg -- -j4 -l4
[2.352s] [  2%] Built target puzzle_pkg__cpp
[2.389s] [  2%] Built target ament_cmake_python_copy_puzzle_pkg
[2.509s] [  9%] Built target puzzle_pkg__rosidl_generator_c
[2.578s] [ 13%] Built target odometry
[2.742s] [ 20%] Built target puzzle_pkg__rosidl_typesupport_c
[2.921s] [ 25%] Built target signal_handle
[2.928s] [ 31%] Built target puzzle_pkg__rosidl_typesupport_cpp
[2.963s] [ 36%] Built target cam_source
[3.007s] [ 43%] Built target puzzle_pkg__rosidl_typesupport_introspection_cpp
[3.169s] [ 50%] Built target puzzle_pkg__rosidl_typesupport_fastrtps_cpp
[3.246s] [ 56%] Built target puzzle_pkg__rosidl_typesupport_introspection_c
[3.268s] [ 63%] Built target puzzle_pkg__rosidl_typesupport_fastrtps_c
[3.354s] [35m[1mScanning dependencies of target controller[0m
[3.651s] [ 63%] Built target puzzle_pkg
[3.715s] [ 75%] Built target lane_detection
[3.879s] [ 77%] [32mBuilding CXX object CMakeFiles/controller.dir/src/control/controller.cpp.o[0m
[4.006s] [ 79%] Built target puzzle_pkg__py
[4.238s] [ 84%] Built target puzzle_pkg__rosidl_generator_py
[4.519s] [ 88%] Built target puzzle_pkg__rosidl_typesupport_fastrtps_c__pyext
[4.529s] [ 93%] Built target puzzle_pkg__rosidl_typesupport_introspection_c__pyext
[4.734s] [ 97%] Built target puzzle_pkg__rosidl_typesupport_c__pyext
[5.007s] running egg_info
[5.023s] writing puzzle_pkg.egg-info/PKG-INFO
[5.023s] writing dependency_links to puzzle_pkg.egg-info/dependency_links.txt
[5.024s] writing top-level names to puzzle_pkg.egg-info/top_level.txt
[5.196s] reading manifest file 'puzzle_pkg.egg-info/SOURCES.txt'
[5.202s] writing manifest file 'puzzle_pkg.egg-info/SOURCES.txt'
[5.347s] [ 97%] Built target ament_cmake_python_build_puzzle_pkg_egg
[16.259s] [01m[K/home/puzzlebot/Documents/PUXXY_NODE/TE3002B/puzzle_ws/src/puzzle_pkg/src/control/controller.cpp:113:31:[m[K [01;31m[Kerror: [m[Kâ€˜[01m[Kstd_msgs[m[Kâ€™ does not name a type
[16.259s]      void state_callback(const [01;31m[Kstd_msgs[m[K::msg::String::SharedPtr msg)
[16.260s]                                [01;31m[K^~~~~~~~[m[K
[16.260s] [01m[K/home/puzzlebot/Documents/PUXXY_NODE/TE3002B/puzzle_ws/src/puzzle_pkg/src/control/controller.cpp:113:44:[m[K [01;31m[Kerror: [m[Kexpected unqualified-id before â€˜[01m[K::[m[Kâ€™ token
[16.261s]      void state_callback(const std_msgs::msg[01;31m[K::[m[KString::SharedPtr msg)
[16.261s]                                             [01;31m[K^~[m[K
[16.286s] [01m[K/home/puzzlebot/Documents/PUXXY_NODE/TE3002B/puzzle_ws/src/puzzle_pkg/src/control/controller.cpp:113:44:[m[K [01;31m[Kerror: [m[Kexpected â€˜[01m[K)[m[Kâ€™ before â€˜[01m[K::[m[Kâ€™ token
[16.291s]      void state_callback[34m[K([m[Kconst std_msgs::msg[01;31m[K:[m[K[32m[K:[m[KString::SharedPtr msg)
[16.292s]                         [34m[K~[m[K                   [01;31m[K^[m[K[32m[K~[m[K
[16.293s]                                             [32m[K)[m[K
[16.293s] [01m[K/home/puzzlebot/Documents/PUXXY_NODE/TE3002B/puzzle_ws/src/puzzle_pkg/src/control/controller.cpp:113:41:[m[K [01;31m[Kerror: [m[Kexpected â€˜[01m[K;[m[Kâ€™ at end of member declaration
[16.294s]      void state_callback(const std_msgs::[01;31m[Kmsg[m[K::String::SharedPtr msg)
[16.305s]                                          [01;31m[K^~~[m[K
[16.306s]                                             [32m[K;[m[K
[16.307s] [01m[K/home/puzzlebot/Documents/PUXXY_NODE/TE3002B/puzzle_ws/src/puzzle_pkg/src/control/controller.cpp:113:46:[m[K [01;31m[Kerror: [m[Kâ€˜[01m[KString[m[Kâ€™ in namespace â€˜[01m[K::[m[Kâ€™ does not name a type
[16.307s]      void state_callback(const std_msgs::msg::[01;31m[KString[m[K::SharedPtr msg)
[16.308s]                                               [01;31m[K^~~~~~[m[K
[16.308s] [01m[K/home/puzzlebot/Documents/PUXXY_NODE/TE3002B/puzzle_ws/src/puzzle_pkg/src/control/controller.cpp:113:44:[m[K [01;36m[Knote: [m[Ksuggested alternative: â€˜[01m[Kstdin[m[Kâ€™
[16.309s]      void state_callback(const std_msgs::msg[01;36m[K::[m[KString::SharedPtr msg)
[16.315s]                                             [01;36m[K^~[m[K
[16.318s]                                             [32m[Kstdin[m[K
[16.694s] [01m[K/home/puzzlebot/Documents/PUXXY_NODE/TE3002B/puzzle_ws/src/puzzle_pkg/src/control/controller.cpp:192:26:[m[K [01;31m[Kerror: [m[Kâ€˜[01m[Kstd_msgs[m[Kâ€™ was not declared in this scope
[16.703s]      rclcpp::Subscription<[01;31m[Kstd_msgs[m[K::msg::String>::SharedPtr subscription_state_;
[16.704s]                           [01;31m[K^~~~~~~~[m[K
[16.748s] [01m[K/home/puzzlebot/Documents/PUXXY_NODE/TE3002B/puzzle_ws/src/puzzle_pkg/src/control/controller.cpp:192:47:[m[K [01;31m[Kerror: [m[Ktemplate argument 1 is invalid
[16.752s]      rclcpp::Subscription<std_msgs::msg::String[01;31m[K>[m[K::SharedPtr subscription_state_;
[16.753s]                                                [01;31m[K^[m[K
[16.753s] [01m[K/home/puzzlebot/Documents/PUXXY_NODE/TE3002B/puzzle_ws/src/puzzle_pkg/src/control/controller.cpp:192:47:[m[K [01;31m[Kerror: [m[Ktemplate argument 3 is invalid
[16.754s] [01m[K/home/puzzlebot/Documents/PUXXY_NODE/TE3002B/puzzle_ws/src/puzzle_pkg/src/control/controller.cpp:192:47:[m[K [01;31m[Kerror: [m[Ktemplate argument 4 is invalid
[16.754s] [01m[K/home/puzzlebot/Documents/PUXXY_NODE/TE3002B/puzzle_ws/src/puzzle_pkg/src/control/controller.cpp:192:47:[m[K [01;31m[Kerror: [m[Ktemplate argument 5 is invalid
[16.755s] [01m[K/home/puzzlebot/Documents/PUXXY_NODE/TE3002B/puzzle_ws/src/puzzle_pkg/src/control/controller.cpp:192:50:[m[K [01;31m[Kerror: [m[Kexpected â€˜[01m[K;[m[Kâ€™ at end of member declaration
[16.755s]      rclcpp::Subscription<std_msgs::msg::String>::[01;31m[KSharedPtr[m[K subscription_state_;
[16.755s]                                                   [01;31m[K^~~~~~~~~[m[K
[16.756s]                                                            [32m[K;[m[K
[16.769s] [01m[K/home/puzzlebot/Documents/PUXXY_NODE/TE3002B/puzzle_ws/src/puzzle_pkg/src/control/controller.cpp:192:60:[m[K [01;31m[Kerror: [m[Kâ€˜[01m[Ksubscription_state_[m[Kâ€™ does not name a type; did you mean â€˜[01m[Krcl_subscription_init[m[Kâ€™?
[16.770s]      rclcpp::Subscription<std_msgs::msg::String>::SharedPtr [01;31m[Ksubscription_state_[m[K;
[16.770s]                                                             [01;31m[K^~~~~~~~~~~~~~~~~~~[m[K
[16.771s]                                                             [32m[Krcl_subscription_init[m[K
[17.000s] [01m[K/home/puzzlebot/Documents/PUXXY_NODE/TE3002B/puzzle_ws/src/puzzle_pkg/src/control/controller.cpp:[m[K In constructor â€˜[01m[KController::Controller()[m[Kâ€™:
[17.000s] [01m[K/home/puzzlebot/Documents/PUXXY_NODE/TE3002B/puzzle_ws/src/puzzle_pkg/src/control/controller.cpp:65:9:[m[K [01;31m[Kerror: [m[Kâ€˜[01m[Ksubscription_state_[m[Kâ€™ was not declared in this scope
[17.001s]          [01;31m[Ksubscription_state_[m[K = this->create_subscription<std_msgs::msg::String>(
[17.001s]          [01;31m[K^~~~~~~~~~~~~~~~~~~[m[K
[17.011s] [01m[K/home/puzzlebot/Documents/PUXXY_NODE/TE3002B/puzzle_ws/src/puzzle_pkg/src/control/controller.cpp:65:9:[m[K [01;36m[Knote: [m[Ksuggested alternative: â€˜[01m[Ksubscription_odom_[m[Kâ€™
[17.011s]          [01;36m[Ksubscription_state_[m[K = this->create_subscription<std_msgs::msg::String>(
[17.012s]          [01;36m[K^~~~~~~~~~~~~~~~~~~[m[K
[17.012s]          [32m[Ksubscription_odom_[m[K
[17.013s] [01m[K/home/puzzlebot/Documents/PUXXY_NODE/TE3002B/puzzle_ws/src/puzzle_pkg/src/control/controller.cpp:65:57:[m[K [01;31m[Kerror: [m[Kâ€˜[01m[Kstd_msgs[m[Kâ€™ was not declared in this scope
[17.013s]          subscription_state_ = this->create_subscription<[01;31m[Kstd_msgs[m[K::msg::String>(
[17.014s]                                                          [01;31m[K^~~~~~~~[m[K
[17.030s] [01m[K/home/puzzlebot/Documents/PUXXY_NODE/TE3002B/puzzle_ws/src/puzzle_pkg/src/control/controller.cpp:65:37:[m[K [01;31m[Kerror: [m[Kparse error in template argument list
[17.031s]          subscription_state_ = this->[01;31m[Kcreate_subscription<std_msgs::msg::String>[m[K(
[17.031s]                                      [01;31m[K^~~~~~~~~~~~~~~~~~~~~~~~~~~~~~~~~~~~~~~~~~[m[K
[17.048s] [01m[K/home/puzzlebot/Documents/PUXXY_NODE/TE3002B/puzzle_ws/src/puzzle_pkg/src/control/controller.cpp:69:9:[m[K [01;31m[Kerror: [m[Kno matching function for call to â€˜[01m[KController::create_subscription<<expression error> >(const char [15], int, std::_Bind_helper<false, void (Controller::*)(...), Controller*, const std::_Placeholder<1>&>::type)[m[Kâ€™
[17.050s]          [01;31m[K)[m[K;
[17.050s]          [01;31m[K^[m[K
[17.054s] In file included from [01m[K/opt/ros/humble/include/rclcpp/rclcpp/node.hpp:1321[m[K,
[17.055s]                  from [01m[K/opt/ros/humble/include/rclcpp/rclcpp/executors/single_threaded_executor.hpp:28[m[K,
[17.055s]                  from [01m[K/opt/ros/humble/include/rclcpp/rclcpp/executors.hpp:22[m[K,
[17.055s]                  from [01m[K/opt/ros/humble/include/rclcpp/rclcpp/rclcpp.hpp:155[m[K,
[17.056s]                  from [01m[K/home/puzzlebot/Documents/PUXXY_NODE/TE3002B/puzzle_ws/src/puzzle_pkg/src/control/controller.cpp:23[m[K:
[17.056s] [01m[K/opt/ros/humble/include/rclcpp/rclcpp/node_impl.hpp:92:1:[m[K [01;36m[Knote: [m[Kcandidate: â€˜[01m[Ktemplate<class MessageT, class CallbackT, class AllocatorT, class SubscriptionT, class MessageMemoryStrategyT> std::shared_ptr<ROSMessageT> rclcpp::Node::create_subscription(const string&, const rclcpp::QoS&, CallbackT&&, const rclcpp::SubscriptionOptionsWithAllocator<AllocatorT>&, typename MessageMemoryStrategyT::SharedPtr)[m[Kâ€™
[17.057s]  [01;36m[KNode[m[K::create_subscription(
[17.058s]  [01;36m[K^~~~[m[K
[17.058s] [01m[K/opt/ros/humble/include/rclcpp/rclcpp/node_impl.hpp:92:1:[m[K [01;36m[Knote: [m[K  template argument deduction/substitution failed:
[17.059s] [01m[K/home/puzzlebot/Documents/PUXXY_NODE/TE3002B/puzzle_ws/src/puzzle_pkg/src/control/controller.cpp:69:9:[m[K [01;31m[Kerror: [m[Ktemplate argument 1 is invalid
[17.059s]          [01;31m[K)[m[K;
[17.060s]          [01;31m[K^[m[K
[43.404s] make[2]: *** [CMakeFiles/controller.dir/build.make:63: CMakeFiles/controller.dir/src/control/controller.cpp.o] Error 1
[43.407s] make[1]: *** [CMakeFiles/Makefile2:324: CMakeFiles/controller.dir/all] Error 2
[43.408s] make: *** [Makefile:141: all] Error 2
[43.920s] Invoked command in '/home/puzzlebot/Documents/PUXXY_NODE/TE3002B/puzzle_ws/build/puzzle_pkg' returned '2': AMENT_PREFIX_PATH=/home/puzzlebot/Documents/PUXXY_NODE/TE3002B/puzzle_ws/install/cv_bridge:${AMENT_PREFIX_PATH} CMAKE_PREFIX_PATH=/home/puzzlebot/Documents/PUXXY_NODE/TE3002B/puzzle_ws/install/cv_bridge:/home/puzzlebot/ros2_ws/install/puzzlebot_ros:/opt/ros/humble:${CMAKE_PREFIX_PATH} LD_LIBRARY_PATH=/home/puzzlebot/Documents/PUXXY_NODE/TE3002B/puzzle_ws/install/cv_bridge/lib:${LD_LIBRARY_PATH} PYTHONPATH=/home/puzzlebot/Documents/PUXXY_NODE/TE3002B/puzzle_ws/install/cv_bridge/lib/python3.8/site-packages:${PYTHONPATH} /usr/bin/cmake --build /home/puzzlebot/Documents/PUXXY_NODE/TE3002B/puzzle_ws/build/puzzle_pkg -- -j4 -l4
