[  2%] Built target lane_processing__cpp
[ 11%] Built target lane_processing__rosidl_generator_c
[ 11%] Built target ament_cmake_python_copy_lane_processing
[ 19%] Built target lane_processing__rosidl_typesupport_cpp
[ 27%] Built target lane_processing__rosidl_typesupport_introspection_cpp
[ 36%] Built target lane_processing__rosidl_typesupport_fastrtps_cpp
[ 44%] Built target lane_processing__rosidl_typesupport_fastrtps_c
[ 52%] Built target lane_processing__rosidl_typesupport_introspection_c
[ 61%] Built target lane_processing__rosidl_typesupport_c
[35m[1mScanning dependencies of target lane_detection[0m
[ 61%] Built target lane_processing
[ 63%] Built target lane_processing__py
[ 66%] [32mBuilding CXX object CMakeFiles/lane_detection.dir/src/lane_detection.cpp.o[0m
[ 72%] Built target lane_processing__rosidl_generator_py
[ 77%] Built target lane_processing__rosidl_typesupport_fastrtps_c__pyext
[ 83%] Built target lane_processing__rosidl_typesupport_c__pyext
[ 88%] Built target lane_processing__rosidl_typesupport_introspection_c__pyext
running egg_info
writing lane_processing.egg-info/PKG-INFO
writing dependency_links to lane_processing.egg-info/dependency_links.txt
writing top-level names to lane_processing.egg-info/top_level.txt
reading manifest file 'lane_processing.egg-info/SOURCES.txt'
writing manifest file 'lane_processing.egg-info/SOURCES.txt'
[ 88%] Built target ament_cmake_python_build_lane_processing_egg
[01m[K/home/puzzlebot/Desktop/PUXXY_NODE/TE3002B/lane_processing_ws/src/lane_processing/src/lane_detection.cpp:[m[K In member function â€˜[01m[Kdouble LaneProcessingNode::process_frame(cv::Mat&)[m[Kâ€™:
[01m[K/home/puzzlebot/Desktop/PUXXY_NODE/TE3002B/lane_processing_ws/src/lane_processing/src/lane_detection.cpp:266:16:[m[K [01;31m[Kerror: [m[Kâ€˜[01m[Kerror[m[Kâ€™ was not declared in this scope
         return [01;31m[Kerror[m[K;  // Dummy return // FERCHOOOO
                [01;31m[K^~~~~[m[K
[01m[K/home/puzzlebot/Desktop/PUXXY_NODE/TE3002B/lane_processing_ws/src/lane_processing/src/lane_detection.cpp:266:16:[m[K [01;36m[Knote: [m[Ksuggested alternative:
In file included from [01m[K/usr/include/opencv4/opencv2/core/core.hpp:48[m[K,
                 from [01m[K/opt/ros/humble/include/cv_bridge/cv_bridge/cv_bridge.h:43[m[K,
                 from [01m[K/home/puzzlebot/Desktop/PUXXY_NODE/TE3002B/lane_processing_ws/src/lane_processing/src/lane_detection.cpp:6[m[K:
[01m[K/usr/include/opencv4/opencv2/core.hpp:152:29:[m[K [01;36m[Knote: [m[K  â€˜[01m[Kcv::error[m[Kâ€™
 CV_EXPORTS CV_NORETURN void [01;36m[Kerror[m[K(const Exception& exc);
                             [01;36m[K^~~~~[m[K
make[2]: *** [CMakeFiles/lane_detection.dir/build.make:63: CMakeFiles/lane_detection.dir/src/lane_detection.cpp.o] Error 1
make[1]: *** [CMakeFiles/Makefile2:352: CMakeFiles/lane_detection.dir/all] Error 2
make: *** [Makefile:141: all] Error 2
