[1.650s] Invoking command in '/home/puzzlebot/Desktop/PUXXY_NODE/TE3002B/lane_processing_ws/build/lane_processing': CMAKE_PREFIX_PATH=/home/puzzlebot/Desktop/PUXXY_NODE/TE3002B/lane_processing_ws/install/lane_processing:/home/puzzlebot/ros2_ws/install/puzzlebot_ros:/opt/ros/humble:/home/puzzlebot/ros2_packages_ws/install/ros_deep_learning:/home/puzzlebot/ros2_packages_ws/install/micro_ros_setup:/home/puzzlebot/ros2_packages_ws/install/micro_ros_agent:/home/puzzlebot/ros2_packages_ws/install/micro_ros_msgs:/home/puzzlebot/ros2_packages_ws/install/camera_info_publisher /usr/bin/cmake --build /home/puzzlebot/Desktop/PUXXY_NODE/TE3002B/lane_processing_ws/build/lane_processing -- -j4 -l4
[1.993s] [  2%] Built target lane_processing__cpp
[2.006s] [ 11%] Built target lane_processing__rosidl_generator_c
[2.058s] [ 11%] Built target ament_cmake_python_copy_lane_processing
[2.138s] [ 19%] Built target lane_processing__rosidl_typesupport_cpp
[2.146s] [ 27%] Built target lane_processing__rosidl_typesupport_introspection_cpp
[2.156s] [ 36%] Built target lane_processing__rosidl_typesupport_fastrtps_cpp
[2.189s] [ 44%] Built target lane_processing__rosidl_typesupport_fastrtps_c
[2.255s] [ 52%] Built target lane_processing__rosidl_typesupport_introspection_c
[2.292s] [ 61%] Built target lane_processing__rosidl_typesupport_c
[2.338s] [35m[1mScanning dependencies of target lane_detection[0m
[2.393s] [ 61%] Built target lane_processing
[2.492s] [ 63%] Built target lane_processing__py
[2.722s] [ 66%] [32mBuilding CXX object CMakeFiles/lane_detection.dir/src/lane_detection.cpp.o[0m
[2.739s] [ 72%] Built target lane_processing__rosidl_generator_py
[3.019s] [ 77%] Built target lane_processing__rosidl_typesupport_fastrtps_c__pyext
[3.054s] [ 83%] Built target lane_processing__rosidl_typesupport_c__pyext
[3.216s] [ 88%] Built target lane_processing__rosidl_typesupport_introspection_c__pyext
[3.682s] running egg_info
[3.688s] writing lane_processing.egg-info/PKG-INFO
[3.689s] writing dependency_links to lane_processing.egg-info/dependency_links.txt
[3.690s] writing top-level names to lane_processing.egg-info/top_level.txt
[3.912s] reading manifest file 'lane_processing.egg-info/SOURCES.txt'
[3.917s] writing manifest file 'lane_processing.egg-info/SOURCES.txt'
[4.046s] [ 88%] Built target ament_cmake_python_build_lane_processing_egg
[20.319s] [01m[K/home/puzzlebot/Desktop/PUXXY_NODE/TE3002B/lane_processing_ws/src/lane_processing/src/lane_detection.cpp:[m[K In member function â€˜[01m[Kdouble LaneProcessingNode::process_frame(cv::Mat&)[m[Kâ€™:
[20.320s] [01m[K/home/puzzlebot/Desktop/PUXXY_NODE/TE3002B/lane_processing_ws/src/lane_processing/src/lane_detection.cpp:266:16:[m[K [01;31m[Kerror: [m[Kâ€˜[01m[Kerror[m[Kâ€™ was not declared in this scope
[20.320s]          return [01;31m[Kerror[m[K;  // Dummy return // FERCHOOOO
[20.321s]                 [01;31m[K^~~~~[m[K
[20.323s] [01m[K/home/puzzlebot/Desktop/PUXXY_NODE/TE3002B/lane_processing_ws/src/lane_processing/src/lane_detection.cpp:266:16:[m[K [01;36m[Knote: [m[Ksuggested alternative:
[20.323s] In file included from [01m[K/usr/include/opencv4/opencv2/core/core.hpp:48[m[K,
[20.324s]                  from [01m[K/opt/ros/humble/include/cv_bridge/cv_bridge/cv_bridge.h:43[m[K,
[20.324s]                  from [01m[K/home/puzzlebot/Desktop/PUXXY_NODE/TE3002B/lane_processing_ws/src/lane_processing/src/lane_detection.cpp:6[m[K:
[20.325s] [01m[K/usr/include/opencv4/opencv2/core.hpp:152:29:[m[K [01;36m[Knote: [m[K  â€˜[01m[Kcv::error[m[Kâ€™
[20.326s]  CV_EXPORTS CV_NORETURN void [01;36m[Kerror[m[K(const Exception& exc);
[20.326s]                              [01;36m[K^~~~~[m[K
[34.424s] make[2]: *** [CMakeFiles/lane_detection.dir/build.make:63: CMakeFiles/lane_detection.dir/src/lane_detection.cpp.o] Error 1
[34.426s] make[1]: *** [CMakeFiles/Makefile2:352: CMakeFiles/lane_detection.dir/all] Error 2
[34.426s] make: *** [Makefile:141: all] Error 2
[34.436s] Invoked command in '/home/puzzlebot/Desktop/PUXXY_NODE/TE3002B/lane_processing_ws/build/lane_processing' returned '2': CMAKE_PREFIX_PATH=/home/puzzlebot/Desktop/PUXXY_NODE/TE3002B/lane_processing_ws/install/lane_processing:/home/puzzlebot/ros2_ws/install/puzzlebot_ros:/opt/ros/humble:/home/puzzlebot/ros2_packages_ws/install/ros_deep_learning:/home/puzzlebot/ros2_packages_ws/install/micro_ros_setup:/home/puzzlebot/ros2_packages_ws/install/micro_ros_agent:/home/puzzlebot/ros2_packages_ws/install/micro_ros_msgs:/home/puzzlebot/ros2_packages_ws/install/camera_info_publisher /usr/bin/cmake --build /home/puzzlebot/Desktop/PUXXY_NODE/TE3002B/lane_processing_ws/build/lane_processing -- -j4 -l4
