[1.320s] Invoking command in '/home/puzzlebot/Desktop/PUXXY_NODE/TE3002B/lane_processing_ws/build/lane_processing': CMAKE_PREFIX_PATH=/home/puzzlebot/ros2_ws/install/puzzlebot_ros:/opt/ros/humble:${CMAKE_PREFIX_PATH} /usr/bin/cmake /home/puzzlebot/Desktop/PUXXY_NODE/TE3002B/lane_processing_ws/src/lane_processing -DCMAKE_INSTALL_PREFIX=/home/puzzlebot/Desktop/PUXXY_NODE/TE3002B/lane_processing_ws/install/lane_processing
[1.372s] -- Found ament_cmake: 1.3.6 (/opt/ros/humble/share/ament_cmake/cmake)
[2.152s] -- Found rclcpp: 16.0.7 (/opt/ros/humble/share/rclcpp/cmake)
[2.306s] -- Found rosidl_generator_c: 3.1.5 (/opt/ros/humble/share/rosidl_generator_c/cmake)
[2.319s] -- Found rosidl_adapter: 3.1.5 (/opt/ros/humble/share/rosidl_adapter/cmake)
[2.350s] -- Found rosidl_generator_cpp: 3.1.5 (/opt/ros/humble/share/rosidl_generator_cpp/cmake)
[2.416s] -- Using all available rosidl_typesupport_c: rosidl_typesupport_fastrtps_c;rosidl_typesupport_introspection_c
[2.510s] -- Using all available rosidl_typesupport_cpp: rosidl_typesupport_fastrtps_cpp;rosidl_typesupport_introspection_cpp
[2.850s] -- Found rmw_implementation_cmake: 6.1.1 (/opt/ros/humble/share/rmw_implementation_cmake/cmake)
[2.858s] -- Found rmw_fastrtps_cpp: 6.2.5 (/opt/ros/humble/share/rmw_fastrtps_cpp/cmake)
[3.466s] -- Using RMW implementation 'rmw_fastrtps_cpp' as default
[4.404s] -- Found cv_bridge: 3.2.1 (/opt/ros/humble/share/cv_bridge/cmake)
[5.240s] -- Found image_transport: 3.1.7 (/opt/ros/humble/share/image_transport/cmake)
[5.444s] -- Found ament_lint_auto: 0.12.9 (/opt/ros/humble/share/ament_lint_auto/cmake)
[5.718s] -- Added test 'cppcheck' to perform static code analysis on C / C++ code
[5.723s] -- Configured cppcheck include dirs: /home/puzzlebot/Desktop/PUXXY_NODE/TE3002B/lane_processing_ws/src/lane_processing/include;$<BUILD_INTERFACE:/home/puzzlebot/Desktop/PUXXY_NODE/TE3002B/lane_processing_ws/src/lane_processing/include>
[5.723s] -- Configured cppcheck exclude dirs and/or files: 
[5.726s] -- Added test 'lint_cmake' to check CMake code style
[5.732s] -- Added test 'uncrustify' to check C / C++ code style
[5.733s] -- Configured uncrustify additional arguments: 
[5.735s] -- Added test 'xmllint' to check XML markup files
[5.749s] -- Configuring done
[5.790s] -- Generating done
[5.797s] -- Build files have been written to: /home/puzzlebot/Desktop/PUXXY_NODE/TE3002B/lane_processing_ws/build/lane_processing
[5.824s] Invoked command in '/home/puzzlebot/Desktop/PUXXY_NODE/TE3002B/lane_processing_ws/build/lane_processing' returned '0': CMAKE_PREFIX_PATH=/home/puzzlebot/ros2_ws/install/puzzlebot_ros:/opt/ros/humble:${CMAKE_PREFIX_PATH} /usr/bin/cmake /home/puzzlebot/Desktop/PUXXY_NODE/TE3002B/lane_processing_ws/src/lane_processing -DCMAKE_INSTALL_PREFIX=/home/puzzlebot/Desktop/PUXXY_NODE/TE3002B/lane_processing_ws/install/lane_processing
[5.834s] Invoking command in '/home/puzzlebot/Desktop/PUXXY_NODE/TE3002B/lane_processing_ws/build/lane_processing': CMAKE_PREFIX_PATH=/home/puzzlebot/ros2_ws/install/puzzlebot_ros:/opt/ros/humble:${CMAKE_PREFIX_PATH} /usr/bin/cmake --build /home/puzzlebot/Desktop/PUXXY_NODE/TE3002B/lane_processing_ws/build/lane_processing -- -j4 -l4
[5.977s] [35m[1mScanning dependencies of target lane_processing[0m
[6.627s] [ 25%] [32mBuilding CXX object CMakeFiles/lane_processing.dir/src/lib/cv_wrapper.cpp.o[0m
[6.644s] [ 50%] [32mBuilding CXX object CMakeFiles/lane_processing.dir/src/lane_detection.cpp.o[0m
[6.646s] [ 75%] [32mBuilding CXX object CMakeFiles/lane_processing.dir/src/lib/perspective.cpp.o[0m
[6.677s] [01m[K/home/puzzlebot/Desktop/PUXXY_NODE/TE3002B/lane_processing_ws/src/lane_processing/src/lib/cv_wrapper.cpp:1:10:[m[K [01;31m[Kfatal error: [m[Klane_detection/cv_wrapper.h: No such file or directory
[6.678s]  #include [01;31m[K"lane_detection/cv_wrapper.h"[m[K
[6.679s]           [01;31m[K^~~~~~~~~~~~~~~~~~~~~~~~~~~~~[m[K
[6.680s] compilation terminated.
[6.684s] [01m[K/home/puzzlebot/Desktop/PUXXY_NODE/TE3002B/lane_processing_ws/src/lane_processing/src/lib/perspective.cpp:1:10:[m[K [01;31m[Kfatal error: [m[Klane_detection/perspective.h: No such file or directory
[6.684s]  #include [01;31m[K"lane_detection/perspective.h"[m[K
[6.685s]           [01;31m[K^~~~~~~~~~~~~~~~~~~~~~~~~~~~~~[m[K
[6.685s] compilation terminated.
[6.687s] make[2]: *** [CMakeFiles/lane_processing.dir/build.make:76: CMakeFiles/lane_processing.dir/src/lib/cv_wrapper.cpp.o] Error 1
[6.688s] make[2]: *** Waiting for unfinished jobs....
[6.688s] make[2]: *** [CMakeFiles/lane_processing.dir/build.make:89: CMakeFiles/lane_processing.dir/src/lib/perspective.cpp.o] Error 1
[7.984s] [01m[K/home/puzzlebot/Desktop/PUXXY_NODE/TE3002B/lane_processing_ws/src/lane_processing/src/lane_detection.cpp:9:10:[m[K [01;31m[Kfatal error: [m[Klane_detection/cv_wrapper.h: No such file or directory
[7.984s]  #include [01;31m[K"lane_detection/cv_wrapper.h"[m[K
[7.985s]           [01;31m[K^~~~~~~~~~~~~~~~~~~~~~~~~~~~~[m[K
[7.985s] compilation terminated.
[7.999s] make[2]: *** [CMakeFiles/lane_processing.dir/build.make:63: CMakeFiles/lane_processing.dir/src/lane_detection.cpp.o] Error 1
[8.000s] make[1]: *** [CMakeFiles/Makefile2:78: CMakeFiles/lane_processing.dir/all] Error 2
[8.000s] make: *** [Makefile:141: all] Error 2
[8.006s] Invoked command in '/home/puzzlebot/Desktop/PUXXY_NODE/TE3002B/lane_processing_ws/build/lane_processing' returned '2': CMAKE_PREFIX_PATH=/home/puzzlebot/ros2_ws/install/puzzlebot_ros:/opt/ros/humble:${CMAKE_PREFIX_PATH} /usr/bin/cmake --build /home/puzzlebot/Desktop/PUXXY_NODE/TE3002B/lane_processing_ws/build/lane_processing -- -j4 -l4
