[1.058s] Invoking command in '/home/puzzlebot/Documents/PUXXY_NODE/TE3002B/puzzle_ws/build/puzzle_pkg': AMENT_PREFIX_PATH=/home/puzzlebot/Documents/PUXXY_NODE/TE3002B/puzzle_ws/install/cv_bridge CMAKE_PREFIX_PATH=/home/puzzlebot/Documents/PUXXY_NODE/TE3002B/puzzle_ws/install/cv_bridge LD_LIBRARY_PATH=/home/puzzlebot/Documents/PUXXY_NODE/TE3002B/puzzle_ws/install/cv_bridge/lib:/usr/local/cuda/lib64 PYTHONPATH=/home/puzzlebot/Documents/PUXXY_NODE/TE3002B/puzzle_ws/install/cv_bridge/lib/python3.8/site-packages /usr/bin/cmake --build /home/puzzlebot/Documents/PUXXY_NODE/TE3002B/puzzle_ws/build/puzzle_pkg -- -j4 -l4
[1.354s] [  2%] Built target puzzle_pkg__cpp
[1.425s] [  9%] Built target puzzle_pkg__rosidl_generator_c
[1.446s] [ 13%] Built target odometry
[1.471s] [ 13%] Built target ament_cmake_python_copy_puzzle_pkg
[1.606s] [ 20%] Built target puzzle_pkg__rosidl_typesupport_c
[1.699s] [ 27%] Built target puzzle_pkg__rosidl_typesupport_cpp
[1.864s] [ 34%] Built target puzzle_pkg__rosidl_typesupport_introspection_cpp
[1.878s] [ 38%] Built target signal_handle
[1.899s] [ 43%] Built target cam_source
[1.969s] [ 50%] Built target puzzle_pkg__rosidl_typesupport_fastrtps_cpp
[2.038s] [ 56%] Built target puzzle_pkg__rosidl_typesupport_introspection_c
[2.113s] [ 63%] Built target puzzle_pkg__rosidl_typesupport_fastrtps_c
[2.134s] [35m[1mScanning dependencies of target controller[0m
[2.371s] [ 63%] Built target puzzle_pkg
[2.383s] [ 75%] Built target lane_detection
[2.581s] [ 77%] Built target puzzle_pkg__py
[2.599s] [ 79%] [32mBuilding CXX object CMakeFiles/controller.dir/src/control/controller.cpp.o[0m
[2.753s] [ 84%] Built target puzzle_pkg__rosidl_generator_py
[2.996s] [ 88%] Built target puzzle_pkg__rosidl_typesupport_fastrtps_c__pyext
[3.150s] [ 93%] Built target puzzle_pkg__rosidl_typesupport_introspection_c__pyext
[3.326s] [ 97%] Built target puzzle_pkg__rosidl_typesupport_c__pyext
[3.563s] running egg_info
[3.572s] writing puzzle_pkg.egg-info/PKG-INFO
[3.575s] writing dependency_links to puzzle_pkg.egg-info/dependency_links.txt
[3.578s] writing top-level names to puzzle_pkg.egg-info/top_level.txt
[3.755s] reading manifest file 'puzzle_pkg.egg-info/SOURCES.txt'
[3.760s] writing manifest file 'puzzle_pkg.egg-info/SOURCES.txt'
[3.918s] [ 97%] Built target ament_cmake_python_build_puzzle_pkg_egg
[13.395s] make[2]: *** [CMakeFiles/controller.dir/build.make:63: CMakeFiles/controller.dir/src/control/controller.cpp.o] Interrupt
[13.397s] make[1]: *** [CMakeFiles/Makefile2:324: CMakeFiles/controller.dir/all] Interrupt
[13.400s] make: *** [Makefile:141: all] Interrupt
[13.464s] Invoked command in '/home/puzzlebot/Documents/PUXXY_NODE/TE3002B/puzzle_ws/build/puzzle_pkg' returned '-2': AMENT_PREFIX_PATH=/home/puzzlebot/Documents/PUXXY_NODE/TE3002B/puzzle_ws/install/cv_bridge CMAKE_PREFIX_PATH=/home/puzzlebot/Documents/PUXXY_NODE/TE3002B/puzzle_ws/install/cv_bridge LD_LIBRARY_PATH=/home/puzzlebot/Documents/PUXXY_NODE/TE3002B/puzzle_ws/install/cv_bridge/lib:/usr/local/cuda/lib64 PYTHONPATH=/home/puzzlebot/Documents/PUXXY_NODE/TE3002B/puzzle_ws/install/cv_bridge/lib/python3.8/site-packages /usr/bin/cmake --build /home/puzzlebot/Documents/PUXXY_NODE/TE3002B/puzzle_ws/build/puzzle_pkg -- -j4 -l4
