[1.353s] Invoking command in '/home/puzzlebot/Documents/PUXXY_NODE/TE3002B/puzzle_ws/build/puzzle_pkg': CMAKE_PREFIX_PATH=/home/puzzlebot/Documents/PUXXY_NODE/TE3002B/puzzle_ws/install/cv_bridge:/home/puzzlebot/Documents/PUXXY_NODE/TE3002B/puzzle_ws/install/vision_opencv:/home/puzzlebot/Documents/PUXXY_NODE/TE3002B/puzzle_ws/install/puzzle_pkg:/home/puzzlebot/Documents/PUXXY_NODE/TE3002B/puzzle_ws/install/image_geometry:/home/puzzlebot/Documents/PUXXY_NODE/TE3002B/puzzle_ws/install/opencv_tests:/home/puzzlebot/ros2_ws/install/puzzlebot_ros:/opt/ros/humble:/home/puzzlebot/ros2_packages_ws/install/ros_deep_learning:/home/puzzlebot/ros2_packages_ws/install/micro_ros_setup:/home/puzzlebot/ros2_packages_ws/install/micro_ros_agent:/home/puzzlebot/ros2_packages_ws/install/micro_ros_msgs:/home/puzzlebot/ros2_packages_ws/install/camera_info_publisher LD_LIBRARY_PATH=/home/puzzlebot/Documents/PUXXY_NODE/TE3002B/puzzle_ws/install/cv_bridge/lib:/home/puzzlebot/Documents/PUXXY_NODE/TE3002B/puzzle_ws/install/puzzle_pkg/lib:/home/puzzlebot/Documents/PUXXY_NODE/TE3002B/puzzle_ws/install/image_geometry/lib:/home/puzzlebot/ros2_packages_ws/install/micro_ros_agent/lib:/home/puzzlebot/ros2_packages_ws/install/micro_ros_msgs/lib:/opt/ros/humble/opt/rviz_ogre_vendor/lib:/opt/ros/humble/lib/aarch64-linux-gnu:/opt/ros/humble/lib:/usr/local/cuda/lib64 PYTHONPATH=/home/puzzlebot/Documents/PUXXY_NODE/TE3002B/puzzle_ws/install/cv_bridge/lib/python3.8/site-packages:/home/puzzlebot/Documents/PUXXY_NODE/TE3002B/puzzle_ws/install/puzzle_pkg/lib/python3.8/site-packages:/home/puzzlebot/Documents/PUXXY_NODE/TE3002B/puzzle_ws/install/opencv_tests/lib/python3.8/site-packages:/home/puzzlebot/Documents/PUXXY_NODE/TE3002B/puzzle_ws/install/image_geometry/lib/python3.8/site-packages:/home/puzzlebot/ros2_ws/build/puzzlebot_ros:/home/puzzlebot/ros2_ws/install/puzzlebot_ros/lib/python3.8/site-packages:/home/puzzlebot/ros2_packages_ws/install/micro_ros_msgs/lib/python3.8/site-packages:/opt/ros/humble/lib/python3.8/site-packages /usr/bin/cmake --build /home/puzzlebot/Documents/PUXXY_NODE/TE3002B/puzzle_ws/build/puzzle_pkg -- -j4 -l4
[1.823s] [  2%] Built target puzzle_pkg__cpp
[1.926s] [  6%] Built target odometry
[1.955s] [ 13%] Built target puzzle_pkg__rosidl_generator_c
[2.025s] [ 13%] Built target ament_cmake_python_copy_puzzle_pkg
[2.197s] [ 18%] Built target cam_source
[2.306s] [ 25%] Built target puzzle_pkg__rosidl_typesupport_c
[2.323s] [ 31%] Built target puzzle_pkg__rosidl_typesupport_cpp
[2.373s] [ 36%] Built target signal_handle
[2.471s] [ 43%] Built target puzzle_pkg__rosidl_typesupport_introspection_cpp
[2.579s] [ 50%] Built target puzzle_pkg__rosidl_typesupport_introspection_c
[2.600s] [ 56%] Built target puzzle_pkg__rosidl_typesupport_fastrtps_cpp
[2.731s] [ 63%] Built target puzzle_pkg__rosidl_typesupport_fastrtps_c
[2.778s] [35m[1mScanning dependencies of target lane_detection[0m
[2.949s] [ 63%] Built target puzzle_pkg
[2.951s] [ 68%] Built target controller
[3.165s] [ 70%] Built target puzzle_pkg__py
[3.434s] [ 72%] [32mBuilding CXX object CMakeFiles/lane_detection.dir/src/vision/lane_detection.cpp.o[0m
[3.451s] [ 75%] [32mBuilding CXX object CMakeFiles/lane_detection.dir/src/vision/lib/lane_funcs.cpp.o[0m
[3.529s] [ 79%] Built target puzzle_pkg__rosidl_generator_py
[3.805s] [ 84%] Built target puzzle_pkg__rosidl_typesupport_fastrtps_c__pyext
[4.065s] [ 88%] Built target puzzle_pkg__rosidl_typesupport_introspection_c__pyext
[4.273s] running egg_info
[4.282s] writing puzzle_pkg.egg-info/PKG-INFO
[4.286s] writing dependency_links to puzzle_pkg.egg-info/dependency_links.txt
[4.290s] writing top-level names to puzzle_pkg.egg-info/top_level.txt
[4.310s] [ 93%] Built target puzzle_pkg__rosidl_typesupport_c__pyext
[4.498s] reading manifest file 'puzzle_pkg.egg-info/SOURCES.txt'
[4.501s] writing manifest file 'puzzle_pkg.egg-info/SOURCES.txt'
[4.668s] [ 93%] Built target ament_cmake_python_build_puzzle_pkg_egg
[9.221s] [01m[K/home/puzzlebot/Documents/PUXXY_NODE/TE3002B/puzzle_ws/src/puzzle_pkg/src/vision/lib/lane_funcs.cpp:[m[K In function â€˜[01m[Kstd::vector<cv::Vec<double, 2> > frame_relevant_points(cv::Mat&, cv::Vec<double, 2>, bool&)[m[Kâ€™:
[9.221s] [01m[K/home/puzzlebot/Documents/PUXXY_NODE/TE3002B/puzzle_ws/src/puzzle_pkg/src/vision/lib/lane_funcs.cpp:133:9:[m[K [01;31m[Kerror: [m[Kâ€˜[01m[Kcout[m[Kâ€™ was not declared in this scope
[9.222s]      std:[01;31m[Kcout[m[K << "Hi from frame_points\n";
[9.223s]          [01;31m[K^~~~[m[K
[9.241s] [01m[K/home/puzzlebot/Documents/PUXXY_NODE/TE3002B/puzzle_ws/src/puzzle_pkg/src/vision/lib/lane_funcs.cpp:133:9:[m[K [01;36m[Knote: [m[Ksuggested alternative: â€˜[01m[Kcosl[m[Kâ€™
[9.241s]      std:[01;36m[Kcout[m[K << "Hi from frame_points\n";
[9.242s]          [01;36m[K^~~~[m[K
[9.242s]          [32m[Kcosl[m[K
[9.243s] [01m[K/home/puzzlebot/Documents/PUXXY_NODE/TE3002B/puzzle_ws/src/puzzle_pkg/src/vision/lib/lane_funcs.cpp:133:5:[m[K [01;35m[Kwarning: [m[Klabel â€˜[01m[Kstd[m[Kâ€™ defined but not used [[01;35m[K-Wunused-label[m[K]
[9.243s]      [01;35m[Kstd[m[K:cout << "Hi from frame_points\n";
[9.244s]      [01;35m[K^~~[m[K
[10.214s] make[2]: *** [CMakeFiles/lane_detection.dir/build.make:102: CMakeFiles/lane_detection.dir/src/vision/lib/lane_funcs.cpp.o] Error 1
[10.215s] make[2]: *** Waiting for unfinished jobs....
[19.521s] [01m[K/home/puzzlebot/Documents/PUXXY_NODE/TE3002B/puzzle_ws/src/puzzle_pkg/src/vision/lane_detection.cpp:[m[K In member function â€˜[01m[Kdouble LaneProcessingNode::process_frame(cv::Mat&)[m[Kâ€™:
[19.521s] [01m[K/home/puzzlebot/Documents/PUXXY_NODE/TE3002B/puzzle_ws/src/puzzle_pkg/src/vision/lane_detection.cpp:301:20:[m[K [01;35m[Kwarning: [m[Kunused variable â€˜[01m[Kerror_ang[m[Kâ€™ [[01;35m[K-Wunused-variable[m[K]
[19.522s]              double [01;35m[Kerror_ang[m[K = detect_lane_center(thresholded);
[19.522s]                     [01;35m[K^~~~~~~~~[m[K
[48.605s] make[1]: *** [CMakeFiles/Makefile2:608: CMakeFiles/lane_detection.dir/all] Error 2
[48.642s] make: *** [Makefile:141: all] Error 2
[48.985s] Invoked command in '/home/puzzlebot/Documents/PUXXY_NODE/TE3002B/puzzle_ws/build/puzzle_pkg' returned '2': CMAKE_PREFIX_PATH=/home/puzzlebot/Documents/PUXXY_NODE/TE3002B/puzzle_ws/install/cv_bridge:/home/puzzlebot/Documents/PUXXY_NODE/TE3002B/puzzle_ws/install/vision_opencv:/home/puzzlebot/Documents/PUXXY_NODE/TE3002B/puzzle_ws/install/puzzle_pkg:/home/puzzlebot/Documents/PUXXY_NODE/TE3002B/puzzle_ws/install/image_geometry:/home/puzzlebot/Documents/PUXXY_NODE/TE3002B/puzzle_ws/install/opencv_tests:/home/puzzlebot/ros2_ws/install/puzzlebot_ros:/opt/ros/humble:/home/puzzlebot/ros2_packages_ws/install/ros_deep_learning:/home/puzzlebot/ros2_packages_ws/install/micro_ros_setup:/home/puzzlebot/ros2_packages_ws/install/micro_ros_agent:/home/puzzlebot/ros2_packages_ws/install/micro_ros_msgs:/home/puzzlebot/ros2_packages_ws/install/camera_info_publisher LD_LIBRARY_PATH=/home/puzzlebot/Documents/PUXXY_NODE/TE3002B/puzzle_ws/install/cv_bridge/lib:/home/puzzlebot/Documents/PUXXY_NODE/TE3002B/puzzle_ws/install/puzzle_pkg/lib:/home/puzzlebot/Documents/PUXXY_NODE/TE3002B/puzzle_ws/install/image_geometry/lib:/home/puzzlebot/ros2_packages_ws/install/micro_ros_agent/lib:/home/puzzlebot/ros2_packages_ws/install/micro_ros_msgs/lib:/opt/ros/humble/opt/rviz_ogre_vendor/lib:/opt/ros/humble/lib/aarch64-linux-gnu:/opt/ros/humble/lib:/usr/local/cuda/lib64 PYTHONPATH=/home/puzzlebot/Documents/PUXXY_NODE/TE3002B/puzzle_ws/install/cv_bridge/lib/python3.8/site-packages:/home/puzzlebot/Documents/PUXXY_NODE/TE3002B/puzzle_ws/install/puzzle_pkg/lib/python3.8/site-packages:/home/puzzlebot/Documents/PUXXY_NODE/TE3002B/puzzle_ws/install/opencv_tests/lib/python3.8/site-packages:/home/puzzlebot/Documents/PUXXY_NODE/TE3002B/puzzle_ws/install/image_geometry/lib/python3.8/site-packages:/home/puzzlebot/ros2_ws/build/puzzlebot_ros:/home/puzzlebot/ros2_ws/install/puzzlebot_ros/lib/python3.8/site-packages:/home/puzzlebot/ros2_packages_ws/install/micro_ros_msgs/lib/python3.8/site-packages:/opt/ros/humble/lib/python3.8/site-packages /usr/bin/cmake --build /home/puzzlebot/Documents/PUXXY_NODE/TE3002B/puzzle_ws/build/puzzle_pkg -- -j4 -l4
