[1.301s] Invoking command in '/home/puzzlebot/Desktop/PUXXY_NODE/TE3002B/lane_processing_ws/build/lane_processing': CMAKE_PREFIX_PATH=/home/puzzlebot/Desktop/PUXXY_NODE/TE3002B/lane_processing_ws/install/lane_processing:/home/puzzlebot/ros2_ws/install/puzzlebot_ros:/opt/ros/humble:/home/puzzlebot/ros2_packages_ws/install/ros_deep_learning:/home/puzzlebot/ros2_packages_ws/install/micro_ros_setup:/home/puzzlebot/ros2_packages_ws/install/micro_ros_agent:/home/puzzlebot/ros2_packages_ws/install/micro_ros_msgs:/home/puzzlebot/ros2_packages_ws/install/camera_info_publisher /usr/bin/cmake --build /home/puzzlebot/Desktop/PUXXY_NODE/TE3002B/lane_processing_ws/build/lane_processing -- -j4 -l4
[1.469s] [35m[1mScanning dependencies of target lane_processing[0m
[1.597s] [ 20%] [32mBuilding CXX object CMakeFiles/lane_processing.dir/src/lib/lane_funcs.cpp.o[0m
[5.100s] [01m[K/home/puzzlebot/Desktop/PUXXY_NODE/TE3002B/lane_processing_ws/src/lane_processing/src/lib/lane_funcs.cpp:[m[K In function â€˜[01m[Kstd::vector<cv::Vec<int, 4> > group_similar_lines(std::vector<cv::Vec<int, 4> >&, int, double, int, bool)[m[Kâ€™:
[5.101s] [01m[K/home/puzzlebot/Desktop/PUXXY_NODE/TE3002B/lane_processing_ws/src/lane_processing/src/lib/lane_funcs.cpp:18:27:[m[K [01;35m[Kwarning: [m[Kcomparison of integer expressions of different signedness: â€˜[01m[Kint[m[Kâ€™ and â€˜[01m[Kstd::vector<cv::Vec<int, 4> >::size_type[m[Kâ€™ {aka â€˜[01m[Klong unsigned int[m[Kâ€™} [[01;35m[K-Wsign-compare[m[K]
[5.101s]          for (int i = 0; [01;35m[Ki < lines.size()[m[K; ++i) {
[5.101s]                          [01;35m[K~~^~~~~~~~~~~~~~[m[K
[5.106s] [01m[K/home/puzzlebot/Desktop/PUXXY_NODE/TE3002B/lane_processing_ws/src/lane_processing/src/lib/lane_funcs.cpp:45:47:[m[K [01;31m[Kerror: [m[Kâ€˜[01m[Kaverage_lines[m[Kâ€™ was not declared in this scope
[5.107s]                      cv::Vec4i averaged_line = [01;31m[Kaverage_lines[m[K(current_group);
[5.107s]                                                [01;31m[K^~~~~~~~~~~~~[m[K
[5.113s] [01m[K/home/puzzlebot/Desktop/PUXXY_NODE/TE3002B/lane_processing_ws/src/lane_processing/src/lib/lane_funcs.cpp:45:47:[m[K [01;36m[Knote: [m[Ksuggested alternative: â€˜[01m[Kaveraged_line[m[Kâ€™
[5.114s]                      cv::Vec4i averaged_line = [01;36m[Kaverage_lines[m[K(current_group);
[5.114s]                                                [01;36m[K^~~~~~~~~~~~~[m[K
[5.115s]                                                [32m[Kaveraged_line[m[K
[5.115s] [01m[K/home/puzzlebot/Desktop/PUXXY_NODE/TE3002B/lane_processing_ws/src/lane_processing/src/lib/lane_funcs.cpp:56:39:[m[K [01;31m[Kerror: [m[Kâ€˜[01m[Kaverage_lines[m[Kâ€™ was not declared in this scope
[5.115s]              cv::Vec4i averaged_line = [01;31m[Kaverage_lines[m[K(current_group);
[5.116s]                                        [01;31m[K^~~~~~~~~~~~~[m[K
[5.119s] [01m[K/home/puzzlebot/Desktop/PUXXY_NODE/TE3002B/lane_processing_ws/src/lane_processing/src/lib/lane_funcs.cpp:56:39:[m[K [01;36m[Knote: [m[Ksuggested alternative: â€˜[01m[Kaveraged_line[m[Kâ€™
[5.120s]              cv::Vec4i averaged_line = [01;36m[Kaverage_lines[m[K(current_group);
[5.120s]                                        [01;36m[K^~~~~~~~~~~~~[m[K
[5.121s]                                        [32m[Kaveraged_line[m[K
[5.121s] [01m[K/home/puzzlebot/Desktop/PUXXY_NODE/TE3002B/lane_processing_ws/src/lane_processing/src/lib/lane_funcs.cpp:[m[K In function â€˜[01m[Kcv::Vec4i average_lines(const std::vector<Line>&)[m[Kâ€™:
[5.122s] [01m[K/home/puzzlebot/Desktop/PUXXY_NODE/TE3002B/lane_processing_ws/src/lane_processing/src/lib/lane_funcs.cpp:68:23:[m[K [01;35m[Kwarning: [m[Kcomparison of integer expressions of different signedness: â€˜[01m[Kint[m[Kâ€™ and â€˜[01m[Kstd::vector<Line>::size_type[m[Kâ€™ {aka â€˜[01m[Klong unsigned int[m[Kâ€™} [[01;35m[K-Wsign-compare[m[K]
[5.122s]      for (int i = 0; [01;35m[Ki < lines.size()[m[K; ++i) {
[5.122s]                      [01;35m[K~~^~~~~~~~~~~~~~[m[K
[5.651s] make[2]: *** [CMakeFiles/lane_processing.dir/build.make:102: CMakeFiles/lane_processing.dir/src/lib/lane_funcs.cpp.o] Error 1
[5.652s] make[1]: *** [CMakeFiles/Makefile2:78: CMakeFiles/lane_processing.dir/all] Error 2
[5.652s] make: *** [Makefile:141: all] Error 2
[5.658s] Invoked command in '/home/puzzlebot/Desktop/PUXXY_NODE/TE3002B/lane_processing_ws/build/lane_processing' returned '2': CMAKE_PREFIX_PATH=/home/puzzlebot/Desktop/PUXXY_NODE/TE3002B/lane_processing_ws/install/lane_processing:/home/puzzlebot/ros2_ws/install/puzzlebot_ros:/opt/ros/humble:/home/puzzlebot/ros2_packages_ws/install/ros_deep_learning:/home/puzzlebot/ros2_packages_ws/install/micro_ros_setup:/home/puzzlebot/ros2_packages_ws/install/micro_ros_agent:/home/puzzlebot/ros2_packages_ws/install/micro_ros_msgs:/home/puzzlebot/ros2_packages_ws/install/camera_info_publisher /usr/bin/cmake --build /home/puzzlebot/Desktop/PUXXY_NODE/TE3002B/lane_processing_ws/build/lane_processing -- -j4 -l4
