[35m[1mScanning dependencies of target lane_processing[0m
[ 20%] [32mBuilding CXX object CMakeFiles/lane_processing.dir/src/lib/lane_funcs.cpp.o[0m
[01m[K/home/puzzlebot/Desktop/PUXXY_NODE/TE3002B/lane_processing_ws/src/lane_processing/src/lib/lane_funcs.cpp:[m[K In function â€˜[01m[Kstd::vector<cv::Vec<int, 4> > group_similar_lines(std::vector<cv::Vec<int, 4> >&, int, double, int, bool)[m[Kâ€™:
[01m[K/home/puzzlebot/Desktop/PUXXY_NODE/TE3002B/lane_processing_ws/src/lane_processing/src/lib/lane_funcs.cpp:27:5:[m[K [01;31m[Kerror: [m[Kexpected initializer before â€˜[01m[Kwhile[m[Kâ€™
     [01;31m[Kwhile[m[K (iterations--) {
     [01;31m[K^~~~~[m[K
[01m[K/home/puzzlebot/Desktop/PUXXY_NODE/TE3002B/lane_processing_ws/src/lane_processing/src/lib/lane_funcs.cpp:89:12:[m[K [01;31m[Kerror: [m[Kâ€˜[01m[Kgrouped_lines[m[Kâ€™ was not declared in this scope
     return [01;31m[Kgrouped_lines[m[K;
            [01;31m[K^~~~~~~~~~~~~[m[K
[01m[K/home/puzzlebot/Desktop/PUXXY_NODE/TE3002B/lane_processing_ws/src/lane_processing/src/lib/lane_funcs.cpp:18:9:[m[K [01;35m[Kwarning: [m[Kunused parameter â€˜[01m[Kdistance_threshold[m[Kâ€™ [[01;35m[K-Wunused-parameter[m[K]
     [01;35m[Kint distance_threshold[m[K,
     [01;35m[K~~~~^~~~~~~~~~~~~~~~~~[m[K
[01m[K/home/puzzlebot/Desktop/PUXXY_NODE/TE3002B/lane_processing_ws/src/lane_processing/src/lib/lane_funcs.cpp:19:12:[m[K [01;35m[Kwarning: [m[Kunused parameter â€˜[01m[Kangle_threshold[m[Kâ€™ [[01;35m[K-Wunused-parameter[m[K]
     [01;35m[Kdouble angle_threshold[m[K,
     [01;35m[K~~~~~~~^~~~~~~~~~~~~~~[m[K
[01m[K/home/puzzlebot/Desktop/PUXXY_NODE/TE3002B/lane_processing_ws/src/lane_processing/src/lib/lane_funcs.cpp:20:9:[m[K [01;35m[Kwarning: [m[Kunused parameter â€˜[01m[Kiterations[m[Kâ€™ [[01;35m[K-Wunused-parameter[m[K]
     [01;35m[Kint iterations[m[K,
     [01;35m[K~~~~^~~~~~~~~~[m[K
[01m[K/home/puzzlebot/Desktop/PUXXY_NODE/TE3002B/lane_processing_ws/src/lane_processing/src/lib/lane_funcs.cpp:21:10:[m[K [01;35m[Kwarning: [m[Kunused parameter â€˜[01m[Kx_axis[m[Kâ€™ [[01;35m[K-Wunused-parameter[m[K]
     [01;35m[Kbool x_axis[m[K
     [01;35m[K~~~~~^~~~~~[m[K
[01m[K/home/puzzlebot/Desktop/PUXXY_NODE/TE3002B/lane_processing_ws/src/lane_processing/src/lib/lane_funcs.cpp:[m[K In function â€˜[01m[Kcv::Vec<double, 4> select_relevant_line(std::vector<cv::Vec<double, 4> >&, cv::Vec<double, 4>&)[m[Kâ€™:
[01m[K/home/puzzlebot/Desktop/PUXXY_NODE/TE3002B/lane_processing_ws/src/lane_processing/src/lib/lane_funcs.cpp:99:26:[m[K [01;31m[Kerror: [m[Kexpected primary-expression before â€˜[01m[K{[m[Kâ€™ token
     if (previous_line == [01;31m[K{[m[K0, 0, 0, 0}) {
                          [01;31m[K^[m[K
[01m[K/home/puzzlebot/Desktop/PUXXY_NODE/TE3002B/lane_processing_ws/src/lane_processing/src/lib/lane_funcs.cpp:99:25:[m[K [01;31m[Kerror: [m[Kexpected â€˜[01m[K)[m[Kâ€™ before â€˜[01m[K{[m[Kâ€™ token
     if [34m[K([m[Kprevious_line ==[01;31m[K [m[K[32m[K{[m[K0, 0, 0, 0}) {
        [34m[K~[m[K                [01;31m[K^[m[K[32m[K~[m[K
                         [32m[K)[m[K
[01m[K/home/puzzlebot/Desktop/PUXXY_NODE/TE3002B/lane_processing_ws/src/lane_processing/src/lib/lane_funcs.cpp:115:46:[m[K [01;31m[Kerror: [m[Kâ€˜[01m[Kprev_mid_x[m[Kâ€™ was not declared in this scope
         double distance = std::sqrt(std::pow([01;31m[Kprev_mid_x[m[K - mid_x, 2) + std::pow(prev_mid_y - mid_y, 2));
                                              [01;31m[K^~~~~~~~~~[m[K
[01m[K/home/puzzlebot/Desktop/PUXXY_NODE/TE3002B/lane_processing_ws/src/lane_processing/src/lib/lane_funcs.cpp:115:46:[m[K [01;36m[Knote: [m[Ksuggested alternative: â€˜[01m[Kpre_mid_x[m[Kâ€™
         double distance = std::sqrt(std::pow([01;36m[Kprev_mid_x[m[K - mid_x, 2) + std::pow(prev_mid_y - mid_y, 2));
                                              [01;36m[K^~~~~~~~~~[m[K
                                              [32m[Kpre_mid_x[m[K
[01m[K/home/puzzlebot/Desktop/PUXXY_NODE/TE3002B/lane_processing_ws/src/lane_processing/src/lib/lane_funcs.cpp:115:80:[m[K [01;31m[Kerror: [m[Kâ€˜[01m[Kprev_mid_y[m[Kâ€™ was not declared in this scope
         double distance = std::sqrt(std::pow(prev_mid_x - mid_x, 2) + std::pow([01;31m[Kprev_mid_y[m[K - mid_y, 2));
                                                                                [01;31m[K^~~~~~~~~~[m[K
[01m[K/home/puzzlebot/Desktop/PUXXY_NODE/TE3002B/lane_processing_ws/src/lane_processing/src/lib/lane_funcs.cpp:115:80:[m[K [01;36m[Knote: [m[Ksuggested alternative: â€˜[01m[Kpre_mid_y[m[Kâ€™
         double distance = std::sqrt(std::pow(prev_mid_x - mid_x, 2) + std::pow([01;36m[Kprev_mid_y[m[K - mid_y, 2));
                                                                                [01;36m[K^~~~~~~~~~[m[K
                                                                                [32m[Kpre_mid_y[m[K
[01m[K/home/puzzlebot/Desktop/PUXXY_NODE/TE3002B/lane_processing_ws/src/lane_processing/src/lib/lane_funcs.cpp:116:38:[m[K [01;31m[Kerror: [m[Kâ€˜[01m[Kprev_angle[m[Kâ€™ was not declared in this scope
         double angle_diff = std::abs([01;31m[Kprev_angle[m[K - angle);
                                      [01;31m[K^~~~~~~~~~[m[K
[01m[K/home/puzzlebot/Desktop/PUXXY_NODE/TE3002B/lane_processing_ws/src/lane_processing/src/lib/lane_funcs.cpp:116:38:[m[K [01;36m[Knote: [m[Ksuggested alternative: â€˜[01m[Kpre_mid_angle[m[Kâ€™
         double angle_diff = std::abs([01;36m[Kprev_angle[m[K - angle);
                                      [01;36m[K^~~~~~~~~~[m[K
                                      [32m[Kpre_mid_angle[m[K
[01m[K/home/puzzlebot/Desktop/PUXXY_NODE/TE3002B/lane_processing_ws/src/lane_processing/src/lib/lane_funcs.cpp:103:12:[m[K [01;35m[Kwarning: [m[Kunused variable â€˜[01m[Kpre_mid_x[m[Kâ€™ [[01;35m[K-Wunused-variable[m[K]
     double [01;35m[Kpre_mid_x[m[K = (previous_line[0] + previous_line[2])/2;
            [01;35m[K^~~~~~~~~[m[K
[01m[K/home/puzzlebot/Desktop/PUXXY_NODE/TE3002B/lane_processing_ws/src/lane_processing/src/lib/lane_funcs.cpp:104:12:[m[K [01;35m[Kwarning: [m[Kunused variable â€˜[01m[Kpre_mid_y[m[Kâ€™ [[01;35m[K-Wunused-variable[m[K]
     double [01;35m[Kpre_mid_y[m[K = (previous_line[1] + previous_line[3])/2;
            [01;35m[K^~~~~~~~~[m[K
[01m[K/home/puzzlebot/Desktop/PUXXY_NODE/TE3002B/lane_processing_ws/src/lane_processing/src/lib/lane_funcs.cpp:105:12:[m[K [01;35m[Kwarning: [m[Kunused variable â€˜[01m[Kpre_mid_angle[m[Kâ€™ [[01;35m[K-Wunused-variable[m[K]
     double [01;35m[Kpre_mid_angle[m[K = std::atan2(previous_line[3] - previous_line[1], previous_line[2] - previous_line[0]);
            [01;35m[K^~~~~~~~~~~~~[m[K
[01m[K/home/puzzlebot/Desktop/PUXXY_NODE/TE3002B/lane_processing_ws/src/lane_processing/src/lib/lane_funcs.cpp:[m[K In function â€˜[01m[Kdouble calculate_angle_error(cv::Vec<double, 4>&, int, int)[m[Kâ€™:
[01m[K/home/puzzlebot/Desktop/PUXXY_NODE/TE3002B/lane_processing_ws/src/lane_processing/src/lib/lane_funcs.cpp:134:5:[m[K [01;31m[Kerror: [m[Kâ€˜[01m[Kdx[m[Kâ€™ was not declared in this scope
     [01;31m[Kdx[m[K = mid_x - bottom_center_x;
     [01;31m[K^~[m[K
[01m[K/home/puzzlebot/Desktop/PUXXY_NODE/TE3002B/lane_processing_ws/src/lane_processing/src/lib/lane_funcs.cpp:135:5:[m[K [01;31m[Kerror: [m[Kâ€˜[01m[Kdy[m[Kâ€™ was not declared in this scope
     [01;31m[Kdy[m[K = bottom_center_y - mid_y;
     [01;31m[K^~[m[K
[01m[K/home/puzzlebot/Desktop/PUXXY_NODE/TE3002B/lane_processing_ws/src/lane_processing/src/lib/lane_funcs.cpp:[m[K At global scope:
[01m[K/home/puzzlebot/Desktop/PUXXY_NODE/TE3002B/lane_processing_ws/src/lane_processing/src/lib/lane_funcs.cpp:152:42:[m[K [01;31m[Kerror: [m[Kâ€˜[01m[KVec[m[Kâ€™ is not a member of â€˜[01m[Kstd[m[Kâ€™
     cv::Mat& frame_src, std::vector<std::[01;31m[KVec[m[K<double, 4>>& lines,
                                          [01;31m[K^~~[m[K
[01m[K/home/puzzlebot/Desktop/PUXXY_NODE/TE3002B/lane_processing_ws/src/lane_processing/src/lib/lane_funcs.cpp:152:42:[m[K [01;36m[Knote: [m[Ksuggested alternative: â€˜[01m[Kdec[m[Kâ€™
     cv::Mat& frame_src, std::vector<std::[01;36m[KVec[m[K<double, 4>>& lines,
                                          [01;36m[K^~~[m[K
                                          [32m[Kdec[m[K
[01m[K/home/puzzlebot/Desktop/PUXXY_NODE/TE3002B/lane_processing_ws/src/lane_processing/src/lib/lane_funcs.cpp:152:55:[m[K [01;31m[Kerror: [m[Ktemplate argument 1 is invalid
     cv::Mat& frame_src, std::vector<std::Vec<double, 4[01;31m[K>>[m[K& lines,
                                                       [01;31m[K^~[m[K
[01m[K/home/puzzlebot/Desktop/PUXXY_NODE/TE3002B/lane_processing_ws/src/lane_processing/src/lib/lane_funcs.cpp:152:55:[m[K [01;31m[Kerror: [m[Ktemplate argument 2 is invalid
[01m[K/home/puzzlebot/Desktop/PUXXY_NODE/TE3002B/lane_processing_ws/src/lane_processing/src/lib/lane_funcs.cpp:152:42:[m[K [01;31m[Kerror: [m[Kâ€˜[01m[KVec[m[Kâ€™ is not a member of â€˜[01m[Kstd[m[Kâ€™
     cv::Mat& frame_src, std::vector<std::[01;31m[KVec[m[K<double, 4>>& lines,
                                          [01;31m[K^~~[m[K
[01m[K/home/puzzlebot/Desktop/PUXXY_NODE/TE3002B/lane_processing_ws/src/lane_processing/src/lib/lane_funcs.cpp:152:42:[m[K [01;36m[Knote: [m[Ksuggested alternative: â€˜[01m[Kdec[m[Kâ€™
     cv::Mat& frame_src, std::vector<std::[01;36m[KVec[m[K<double, 4>>& lines,
                                          [01;36m[K^~~[m[K
                                          [32m[Kdec[m[K
[01m[K/home/puzzlebot/Desktop/PUXXY_NODE/TE3002B/lane_processing_ws/src/lane_processing/src/lib/lane_funcs.cpp:152:55:[m[K [01;31m[Kerror: [m[Ktemplate argument 1 is invalid
     cv::Mat& frame_src, std::vector<std::Vec<double, 4[01;31m[K>>[m[K& lines,
                                                       [01;31m[K^~[m[K
[01m[K/home/puzzlebot/Desktop/PUXXY_NODE/TE3002B/lane_processing_ws/src/lane_processing/src/lib/lane_funcs.cpp:152:55:[m[K [01;31m[Kerror: [m[Ktemplate argument 2 is invalid
[01m[K/home/puzzlebot/Desktop/PUXXY_NODE/TE3002B/lane_processing_ws/src/lane_processing/src/lib/lane_funcs.cpp:152:42:[m[K [01;31m[Kerror: [m[Kâ€˜[01m[KVec[m[Kâ€™ is not a member of â€˜[01m[Kstd[m[Kâ€™
     cv::Mat& frame_src, std::vector<std::[01;31m[KVec[m[K<double, 4>>& lines,
                                          [01;31m[K^~~[m[K
[01m[K/home/puzzlebot/Desktop/PUXXY_NODE/TE3002B/lane_processing_ws/src/lane_processing/src/lib/lane_funcs.cpp:152:42:[m[K [01;36m[Knote: [m[Ksuggested alternative: â€˜[01m[Kdec[m[Kâ€™
     cv::Mat& frame_src, std::vector<std::[01;36m[KVec[m[K<double, 4>>& lines,
                                          [01;36m[K^~~[m[K
                                          [32m[Kdec[m[K
[01m[K/home/puzzlebot/Desktop/PUXXY_NODE/TE3002B/lane_processing_ws/src/lane_processing/src/lib/lane_funcs.cpp:152:55:[m[K [01;31m[Kerror: [m[Ktemplate argument 1 is invalid
     cv::Mat& frame_src, std::vector<std::Vec<double, 4[01;31m[K>>[m[K& lines,
                                                       [01;31m[K^~[m[K
[01m[K/home/puzzlebot/Desktop/PUXXY_NODE/TE3002B/lane_processing_ws/src/lane_processing/src/lib/lane_funcs.cpp:152:55:[m[K [01;31m[Kerror: [m[Ktemplate argument 2 is invalid
[01m[K/home/puzzlebot/Desktop/PUXXY_NODE/TE3002B/lane_processing_ws/src/lane_processing/src/lib/lane_funcs.cpp:152:42:[m[K [01;31m[Kerror: [m[Kâ€˜[01m[KVec[m[Kâ€™ is not a member of â€˜[01m[Kstd[m[Kâ€™
     cv::Mat& frame_src, std::vector<std::[01;31m[KVec[m[K<double, 4>>& lines,
                                          [01;31m[K^~~[m[K
[01m[K/home/puzzlebot/Desktop/PUXXY_NODE/TE3002B/lane_processing_ws/src/lane_processing/src/lib/lane_funcs.cpp:152:42:[m[K [01;36m[Knote: [m[Ksuggested alternative: â€˜[01m[Kdec[m[Kâ€™
     cv::Mat& frame_src, std::vector<std::[01;36m[KVec[m[K<double, 4>>& lines,
                                          [01;36m[K^~~[m[K
                                          [32m[Kdec[m[K
[01m[K/home/puzzlebot/Desktop/PUXXY_NODE/TE3002B/lane_processing_ws/src/lane_processing/src/lib/lane_funcs.cpp:152:55:[m[K [01;31m[Kerror: [m[Ktemplate argument 1 is invalid
     cv::Mat& frame_src, std::vector<std::Vec<double, 4[01;31m[K>>[m[K& lines,
                                                       [01;31m[K^~[m[K
[01m[K/home/puzzlebot/Desktop/PUXXY_NODE/TE3002B/lane_processing_ws/src/lane_processing/src/lib/lane_funcs.cpp:152:55:[m[K [01;31m[Kerror: [m[Ktemplate argument 2 is invalid
[01m[K/home/puzzlebot/Desktop/PUXXY_NODE/TE3002B/lane_processing_ws/src/lane_processing/src/lib/lane_funcs.cpp:152:25:[m[K [01;31m[Kerror: [m[Kinvalid template-id
     cv::Mat& frame_src, [01;31m[Kstd[m[K::vector<std::Vec<double, 4>>& lines,
                         [01;31m[K^~~[m[K
[01m[K/home/puzzlebot/Desktop/PUXXY_NODE/TE3002B/lane_processing_ws/src/lane_processing/src/lib/lane_funcs.cpp:152:42:[m[K [01;31m[Kerror: [m[Kâ€˜[01m[KVec[m[Kâ€™ is not a member of â€˜[01m[Kstd[m[Kâ€™
     cv::Mat& frame_src, std::vector<std::[01;31m[KVec[m[K<double, 4>>& lines,
                                          [01;31m[K^~~[m[K
[01m[K/home/puzzlebot/Desktop/PUXXY_NODE/TE3002B/lane_processing_ws/src/lane_processing/src/lib/lane_funcs.cpp:152:42:[m[K [01;36m[Knote: [m[Ksuggested alternative: â€˜[01m[Kdec[m[Kâ€™
     cv::Mat& frame_src, std::vector<std::[01;36m[KVec[m[K<double, 4>>& lines,
                                          [01;36m[K^~~[m[K
                                          [32m[Kdec[m[K
[01m[K/home/puzzlebot/Desktop/PUXXY_NODE/TE3002B/lane_processing_ws/src/lane_processing/src/lib/lane_funcs.cpp:152:46:[m[K [01;31m[Kerror: [m[Kexpected primary-expression before â€˜[01m[Kdouble[m[Kâ€™
     cv::Mat& frame_src, std::vector<std::Vec<[01;31m[Kdouble[m[K, 4>>& lines,
                                              [01;31m[K^~~~~~[m[K
[01m[K/home/puzzlebot/Desktop/PUXXY_NODE/TE3002B/lane_processing_ws/src/lane_processing/src/lib/lane_funcs.cpp:152:46:[m[K [01;31m[Kerror: [m[Kexpected â€˜[01m[K>[m[Kâ€™ before â€˜[01m[Kdouble[m[Kâ€™
[01m[K/home/puzzlebot/Desktop/PUXXY_NODE/TE3002B/lane_processing_ws/src/lane_processing/src/lib/lane_funcs.cpp:152:25:[m[K [01;31m[Kerror: [m[Ktemplate placeholder type â€˜[01m[Kvector[m[Kâ€™ must be followed by a simple declarator-id
     cv::Mat& frame_src, [01;31m[Kstd[m[K::vector<std::Vec<double, 4>>& lines,
                         [01;31m[K^~~[m[K
In file included from [01m[K/usr/include/c++/8/vector:64[m[K,
                 from [01m[K/home/puzzlebot/Desktop/PUXXY_NODE/TE3002B/lane_processing_ws/src/lane_processing/include/lane_processing/lane_funcs.h:8[m[K,
                 from [01m[K/home/puzzlebot/Desktop/PUXXY_NODE/TE3002B/lane_processing_ws/src/lane_processing/src/lib/lane_funcs.cpp:1[m[K:
[01m[K/usr/include/c++/8/bits/stl_vector.h:339:11:[m[K [01;36m[Knote: [m[Kâ€˜[01m[Ktemplate<class _Tp, class _Alloc> class std::vector[m[Kâ€™ declared here
     class [01;36m[Kvector[m[K : protected _Vector_base<_Tp, _Alloc>
           [01;36m[K^~~~~~[m[K
[01m[K/home/puzzlebot/Desktop/PUXXY_NODE/TE3002B/lane_processing_ws/src/lane_processing/src/lib/lane_funcs.cpp:152:59:[m[K [01;31m[Kerror: [m[Kâ€˜[01m[Kauto[m[Kâ€™ parameter not permitted in this context
     cv::Mat& frame_src, std::vector<std::Vec<double, 4>>& [01;31m[Klines[m[K,
                                                           [01;31m[K^~~~~[m[K
[01m[K/home/puzzlebot/Desktop/PUXXY_NODE/TE3002B/lane_processing_ws/src/lane_processing/src/lib/lane_funcs.cpp:153:47:[m[K [01;31m[Kerror: [m[Kcannot bind non-const lvalue reference of type â€˜[01m[Kcv::Scalar&[m[Kâ€™ {aka â€˜[01m[Kcv::Scalar_<double>&[m[Kâ€™} to an rvalue of type â€˜[01m[Kcv::Scalar[m[Kâ€™ {aka â€˜[01m[Kcv::Scalar_<double>[m[Kâ€™}
     cv::Scalar& color = 255, int thickness = 2[01;31m[K)[m[K
                                               [01;31m[K^[m[K
In file included from [01m[K/home/puzzlebot/Desktop/PUXXY_NODE/TE3002B/lane_processing_ws/src/lane_processing/include/lane_processing/lane_funcs.h:10[m[K,
                 from [01m[K/home/puzzlebot/Desktop/PUXXY_NODE/TE3002B/lane_processing_ws/src/lane_processing/src/lib/lane_funcs.cpp:1[m[K:
[01m[K/usr/include/opencv4/opencv2/core/types.hpp:2207:1:[m[K [01;36m[Knote: [m[K  after user-defined conversion: â€˜[01m[Kcv::Scalar_<_Tp>::Scalar_(_Tp) [with _Tp = double][m[Kâ€™
 [01;36m[KScalar_<_Tp>[m[K::Scalar_(_Tp v0)
 [01;36m[K^~~~~~~~~~~~[m[K
[01m[K/home/puzzlebot/Desktop/PUXXY_NODE/TE3002B/lane_processing_ws/src/lane_processing/src/lib/lane_funcs.cpp:[m[K In function â€˜[01m[Kcv::Mat draw_hough_lines(cv::Mat&, cv::Scalar&, int)[m[Kâ€™:
[01m[K/home/puzzlebot/Desktop/PUXXY_NODE/TE3002B/lane_processing_ws/src/lane_processing/src/lib/lane_funcs.cpp:155:9:[m[K [01;31m[Kerror: [m[Kâ€˜[01m[Klines[m[Kâ€™ was not declared in this scope
     if ([01;31m[Klines[m[K.empty()) {
         [01;31m[K^~~~~[m[K
[01m[K/home/puzzlebot/Desktop/PUXXY_NODE/TE3002B/lane_processing_ws/src/lane_processing/src/lib/lane_funcs.cpp:155:9:[m[K [01;36m[Knote: [m[Ksuggested alternative: â€˜[01m[Klinux[m[Kâ€™
     if ([01;36m[Klines[m[K.empty()) {
         [01;36m[K^~~~~[m[K
         [32m[Klinux[m[K
[01m[K/home/puzzlebot/Desktop/PUXXY_NODE/TE3002B/lane_processing_ws/src/lane_processing/src/lib/lane_funcs.cpp:159:37:[m[K [01;31m[Kerror: [m[Kâ€˜[01m[Klines[m[Kâ€™ was not declared in this scope
     for (cv::Vec<double, 4>& line : [01;31m[Klines[m[K) {
                                     [01;31m[K^~~~~[m[K
[01m[K/home/puzzlebot/Desktop/PUXXY_NODE/TE3002B/lane_processing_ws/src/lane_processing/src/lib/lane_funcs.cpp:159:37:[m[K [01;36m[Knote: [m[Ksuggested alternative: â€˜[01m[Kline[m[Kâ€™
     for (cv::Vec<double, 4>& line : [01;36m[Klines[m[K) {
                                     [01;36m[K^~~~~[m[K
                                     [32m[Kline[m[K
[01m[K/home/puzzlebot/Desktop/PUXXY_NODE/TE3002B/lane_processing_ws/src/lane_processing/src/lib/lane_funcs.cpp:165:12:[m[K [01;31m[Kerror: [m[Kâ€˜[01m[Kframe[m[Kâ€™ was not declared in this scope
     return [01;31m[Kframe[m[K;
            [01;31m[K^~~~~[m[K
[01m[K/home/puzzlebot/Desktop/PUXXY_NODE/TE3002B/lane_processing_ws/src/lane_processing/src/lib/lane_funcs.cpp:165:12:[m[K [01;36m[Knote: [m[Ksuggested alternative: â€˜[01m[Kfree[m[Kâ€™
     return [01;36m[Kframe[m[K;
            [01;36m[K^~~~~[m[K
            [32m[Kfree[m[K
[01m[K/home/puzzlebot/Desktop/PUXXY_NODE/TE3002B/lane_processing_ws/src/lane_processing/src/lib/lane_funcs.cpp:[m[K In function â€˜[01m[Kdouble detect_lane_center(cv::Mat&)[m[Kâ€™:
[01m[K/home/puzzlebot/Desktop/PUXXY_NODE/TE3002B/lane_processing_ws/src/lane_processing/src/lib/lane_funcs.cpp:173:17:[m[K [01;31m[Kerror: [m[Kâ€˜[01m[KVec4i[m[Kâ€™ was not declared in this scope
     std::vector<[01;31m[KVec4i[m[K> lines = detect_lines_hough(cropped_frame);
                 [01;31m[K^~~~~[m[K
[01m[K/home/puzzlebot/Desktop/PUXXY_NODE/TE3002B/lane_processing_ws/src/lane_processing/src/lib/lane_funcs.cpp:173:17:[m[K [01;36m[Knote: [m[Ksuggested alternative:
In file included from [01m[K/usr/include/opencv4/opencv2/core/types.hpp:58[m[K,
                 from [01m[K/home/puzzlebot/Desktop/PUXXY_NODE/TE3002B/lane_processing_ws/src/lane_processing/include/lane_processing/lane_funcs.h:10[m[K,
                 from [01m[K/home/puzzlebot/Desktop/PUXXY_NODE/TE3002B/lane_processing_ws/src/lane_processing/src/lib/lane_funcs.cpp:1[m[K:
[01m[K/usr/include/opencv4/opencv2/core/matx.hpp:414:21:[m[K [01;36m[Knote: [m[K  â€˜[01m[Kcv::Vec4i[m[Kâ€™
 typedef Vec<int, 4> [01;36m[KVec4i[m[K;
                     [01;36m[K^~~~~[m[K
[01m[K/home/puzzlebot/Desktop/PUXXY_NODE/TE3002B/lane_processing_ws/src/lane_processing/src/lib/lane_funcs.cpp:173:22:[m[K [01;31m[Kerror: [m[Ktemplate argument 1 is invalid
     std::vector<Vec4i[01;31m[K>[m[K lines = detect_lines_hough(cropped_frame);
                      [01;31m[K^[m[K
[01m[K/home/puzzlebot/Desktop/PUXXY_NODE/TE3002B/lane_processing_ws/src/lane_processing/src/lib/lane_funcs.cpp:173:22:[m[K [01;31m[Kerror: [m[Ktemplate argument 2 is invalid
[01m[K/home/puzzlebot/Desktop/PUXXY_NODE/TE3002B/lane_processing_ws/src/lane_processing/src/lib/lane_funcs.cpp:173:64:[m[K [01;31m[Kerror: [m[Kcannot convert â€˜[01m[Kstd::vector<cv::Vec<int, 4> >[m[Kâ€™ to â€˜[01m[Kint[m[Kâ€™ in initialization
     std::vector<Vec4i> lines = detect_lines_hough(cropped_frame[01;31m[K)[m[K;
                                                                [01;31m[K^[m[K
[01m[K/home/puzzlebot/Desktop/PUXXY_NODE/TE3002B/lane_processing_ws/src/lane_processing/src/lib/lane_funcs.cpp:174:33:[m[K [01;31m[Kerror: [m[Kinvalid initialization of reference of type â€˜[01m[Kstd::vector<cv::Vec<int, 4> >&[m[Kâ€™ from expression of type â€˜[01m[Kint[m[Kâ€™
     lines = group_similar_lines([01;31m[Klines[m[K);
                                 [01;31m[K^~~~~[m[K
[01m[K/home/puzzlebot/Desktop/PUXXY_NODE/TE3002B/lane_processing_ws/src/lane_processing/src/lib/lane_funcs.cpp:16:24:[m[K [01;36m[Knote: [m[Kin passing argument 1 of â€˜[01m[Kstd::vector<cv::Vec<int, 4> > group_similar_lines(std::vector<cv::Vec<int, 4> >&, int, double, int, bool)[m[Kâ€™
 std::vector<cv::Vec4i> [01;36m[Kgroup_similar_lines[m[K(
                        [01;36m[K^~~~~~~~~~~~~~~~~~~[m[K
[01m[K/home/puzzlebot/Desktop/PUXXY_NODE/TE3002B/lane_processing_ws/src/lane_processing/src/lib/lane_funcs.cpp:175:5:[m[K [01;31m[Kerror: [m[Kâ€˜[01m[Kprevious_line[m[Kâ€™ was not declared in this scope
     [01;31m[Kprevious_line[m[K = lane_history;
     [01;31m[K^~~~~~~~~~~~~[m[K
[01m[K/home/puzzlebot/Desktop/PUXXY_NODE/TE3002B/lane_processing_ws/src/lane_processing/src/lib/lane_funcs.cpp:175:5:[m[K [01;36m[Knote: [m[Ksuggested alternative: â€˜[01m[Kdraw_hough_lines[m[Kâ€™
     [01;36m[Kprevious_line[m[K = lane_history;
     [01;36m[K^~~~~~~~~~~~~[m[K
     [32m[Kdraw_hough_lines[m[K
[01m[K/home/puzzlebot/Desktop/PUXXY_NODE/TE3002B/lane_processing_ws/src/lane_processing/src/lib/lane_funcs.cpp:176:5:[m[K [01;31m[Kerror: [m[Kâ€˜[01m[Kselected_line[m[Kâ€™ was not declared in this scope
     [01;31m[Kselected_line[m[K = select_relevant_line(lines, previous_line);
     [01;31m[K^~~~~~~~~~~~~[m[K
[01m[K/home/puzzlebot/Desktop/PUXXY_NODE/TE3002B/lane_processing_ws/src/lane_processing/src/lib/lane_funcs.cpp:177:26:[m[K [01;31m[Kerror: [m[Kexpected primary-expression before â€˜[01m[K{[m[Kâ€™ token
     if (selected_line != [01;31m[K{[m[K0, 0, 0, 0}) {
                          [01;31m[K^[m[K
[01m[K/home/puzzlebot/Desktop/PUXXY_NODE/TE3002B/lane_processing_ws/src/lane_processing/src/lib/lane_funcs.cpp:177:25:[m[K [01;31m[Kerror: [m[Kexpected â€˜[01m[K)[m[Kâ€™ before â€˜[01m[K{[m[Kâ€™ token
     if [34m[K([m[Kselected_line !=[01;31m[K [m[K[32m[K{[m[K0, 0, 0, 0}) {
        [34m[K~[m[K                [01;31m[K^[m[K[32m[K~[m[K
                         [32m[K)[m[K
[01m[K/home/puzzlebot/Desktop/PUXXY_NODE/TE3002B/lane_processing_ws/src/lane_processing/src/lib/lane_funcs.cpp:184:14:[m[K [01;31m[Kerror: [m[Kâ€˜[01m[Kcerr[m[Kâ€™ is not a member of â€˜[01m[Kstd[m[Kâ€™
         std::[01;31m[Kcerr[m[K << "No valid line detected, using previous line if available.\n";
              [01;31m[K^~~~[m[K
[01m[K/home/puzzlebot/Desktop/PUXXY_NODE/TE3002B/lane_processing_ws/src/lane_processing/src/lib/lane_funcs.cpp:184:14:[m[K [01;36m[Knote: [m[Kâ€˜[01m[Kstd::cerr[m[Kâ€™ is defined in header â€˜[01m[K<iostream>[m[Kâ€™; did you forget to â€˜[01m[K#include <iostream>[m[Kâ€™?
[01m[K/home/puzzlebot/Desktop/PUXXY_NODE/TE3002B/lane_processing_ws/src/lane_processing/src/lib/lane_funcs.cpp:2:1:[m[K
+[32m[K#include <iostream>[m[K
 
[01m[K/home/puzzlebot/Desktop/PUXXY_NODE/TE3002B/lane_processing_ws/src/lane_processing/src/lib/lane_funcs.cpp:184:14:[m[K
         std::[01;36m[Kcerr[m[K << "No valid line detected, using previous line if available.\n";
              [01;36m[K^~~~[m[K
[01m[K/home/puzzlebot/Desktop/PUXXY_NODE/TE3002B/lane_processing_ws/src/lane_processing/src/lib/lane_funcs.cpp:187:1:[m[K [01;35m[Kwarning: [m[Kcontrol reaches end of non-void function [[01;35m[K-Wreturn-type[m[K]
 [01;35m[K}[m[K
 [01;35m[K^[m[K
make[2]: *** [CMakeFiles/lane_processing.dir/build.make:102: CMakeFiles/lane_processing.dir/src/lib/lane_funcs.cpp.o] Error 1
make[1]: *** [CMakeFiles/Makefile2:78: CMakeFiles/lane_processing.dir/all] Error 2
make: *** [Makefile:141: all] Error 2
