[01m[K/home/puzzlebot/Desktop/PUXXY_NODE/TE3002B/lane_processing_ws/src/lane_processing/src/lane_detection.cpp:[m[K In member function â€˜[01m[Kdouble LaneProcessingNode::process_frame(cv::Mat&)[m[Kâ€™:
[01m[K/home/puzzlebot/Desktop/PUXXY_NODE/TE3002B/lane_processing_ws/src/lane_processing/src/lane_detection.cpp:149:43:[m[K [01;31m[Kerror: [m[Kno matching function for call to â€˜[01m[KLaneProcessingNode::publish_processed_image(<unresolved overloaded function type>)[m[Kâ€™
         publish_processed_image(crop_frame[01;31m[K)[m[K;
                                           [01;31m[K^[m[K
[01m[K/home/puzzlebot/Desktop/PUXXY_NODE/TE3002B/lane_processing_ws/src/lane_processing/src/lane_detection.cpp:87:10:[m[K [01;36m[Knote: [m[Kcandidate: â€˜[01m[Kvoid LaneProcessingNode::publish_processed_image(const cv::Mat&)[m[Kâ€™
     void [01;36m[Kpublish_processed_image[m[K(const cv::Mat &frame) {
          [01;36m[K^~~~~~~~~~~~~~~~~~~~~~~[m[K
[01m[K/home/puzzlebot/Desktop/PUXXY_NODE/TE3002B/lane_processing_ws/src/lane_processing/src/lane_detection.cpp:87:10:[m[K [01;36m[Knote: [m[K  no known conversion for argument 1 from â€˜[01m[K<unresolved overloaded function type>[m[Kâ€™ to â€˜[01m[Kconst cv::Mat&[m[Kâ€™
[01m[K/home/puzzlebot/Desktop/PUXXY_NODE/TE3002B/lane_processing_ws/src/lane_processing/src/lane_detection.cpp:151:16:[m[K [01;31m[Kerror: [m[Kâ€˜[01m[Kerror[m[Kâ€™ was not declared in this scope
         return [01;31m[Kerror[m[K;  // Dummy return // FERCHOOOO
                [01;31m[K^~~~~[m[K
[01m[K/home/puzzlebot/Desktop/PUXXY_NODE/TE3002B/lane_processing_ws/src/lane_processing/src/lane_detection.cpp:151:16:[m[K [01;36m[Knote: [m[Ksuggested alternative:
In file included from [01m[K/usr/include/opencv4/opencv2/core/core.hpp:48[m[K,
                 from [01m[K/opt/ros/humble/include/cv_bridge/cv_bridge/cv_bridge.h:43[m[K,
                 from [01m[K/home/puzzlebot/Desktop/PUXXY_NODE/TE3002B/lane_processing_ws/src/lane_processing/src/lane_detection.cpp:2[m[K:
[01m[K/usr/include/opencv4/opencv2/core.hpp:152:29:[m[K [01;36m[Knote: [m[K  â€˜[01m[Kcv::error[m[Kâ€™
 CV_EXPORTS CV_NORETURN void [01;36m[Kerror[m[K(const Exception& exc);
                             [01;36m[K^~~~~[m[K
make[2]: *** [CMakeFiles/lane_processing.dir/build.make:63: CMakeFiles/lane_processing.dir/src/lane_detection.cpp.o] Error 1
make[1]: *** [CMakeFiles/Makefile2:78: CMakeFiles/lane_processing.dir/all] Error 2
make: *** [Makefile:141: all] Error 2
