[1.627s] Invoking command in '/home/puzzlebot/Desktop/PUXXY_NODE/TE3002B/lane_processing_ws/build/lane_processing': CMAKE_PREFIX_PATH=/home/puzzlebot/Desktop/PUXXY_NODE/TE3002B/lane_processing_ws/install/lane_processing:/home/puzzlebot/ros2_ws/install/puzzlebot_ros:/opt/ros/humble:/home/puzzlebot/ros2_packages_ws/install/ros_deep_learning:/home/puzzlebot/ros2_packages_ws/install/micro_ros_setup:/home/puzzlebot/ros2_packages_ws/install/micro_ros_agent:/home/puzzlebot/ros2_packages_ws/install/micro_ros_msgs:/home/puzzlebot/ros2_packages_ws/install/camera_info_publisher /usr/bin/cmake --build /home/puzzlebot/Desktop/PUXXY_NODE/TE3002B/lane_processing_ws/build/lane_processing -- -j4 -l4
[1.854s] [35m[1mScanning dependencies of target lane_processing[0m
[2.137s] [ 20%] [32mBuilding CXX object CMakeFiles/lane_processing.dir/src/lane_detection.cpp.o[0m
[18.425s] [01m[K/home/puzzlebot/Desktop/PUXXY_NODE/TE3002B/lane_processing_ws/src/lane_processing/src/lane_detection.cpp:[m[K In member function â€˜[01m[Kdouble LaneProcessingNode::process_frame(cv::Mat&)[m[Kâ€™:
[18.425s] [01m[K/home/puzzlebot/Desktop/PUXXY_NODE/TE3002B/lane_processing_ws/src/lane_processing/src/lane_detection.cpp:149:43:[m[K [01;31m[Kerror: [m[Kno matching function for call to â€˜[01m[KLaneProcessingNode::publish_processed_image(<unresolved overloaded function type>)[m[Kâ€™
[18.426s]          publish_processed_image(crop_frame[01;31m[K)[m[K;
[18.427s]                                            [01;31m[K^[m[K
[18.427s] [01m[K/home/puzzlebot/Desktop/PUXXY_NODE/TE3002B/lane_processing_ws/src/lane_processing/src/lane_detection.cpp:87:10:[m[K [01;36m[Knote: [m[Kcandidate: â€˜[01m[Kvoid LaneProcessingNode::publish_processed_image(const cv::Mat&)[m[Kâ€™
[18.428s]      void [01;36m[Kpublish_processed_image[m[K(const cv::Mat &frame) {
[18.428s]           [01;36m[K^~~~~~~~~~~~~~~~~~~~~~~[m[K
[18.428s] [01m[K/home/puzzlebot/Desktop/PUXXY_NODE/TE3002B/lane_processing_ws/src/lane_processing/src/lane_detection.cpp:87:10:[m[K [01;36m[Knote: [m[K  no known conversion for argument 1 from â€˜[01m[K<unresolved overloaded function type>[m[Kâ€™ to â€˜[01m[Kconst cv::Mat&[m[Kâ€™
[18.429s] [01m[K/home/puzzlebot/Desktop/PUXXY_NODE/TE3002B/lane_processing_ws/src/lane_processing/src/lane_detection.cpp:151:16:[m[K [01;31m[Kerror: [m[Kâ€˜[01m[Kerror[m[Kâ€™ was not declared in this scope
[18.429s]          return [01;31m[Kerror[m[K;  // Dummy return // FERCHOOOO
[18.430s]                 [01;31m[K^~~~~[m[K
[18.430s] [01m[K/home/puzzlebot/Desktop/PUXXY_NODE/TE3002B/lane_processing_ws/src/lane_processing/src/lane_detection.cpp:151:16:[m[K [01;36m[Knote: [m[Ksuggested alternative:
[18.430s] In file included from [01m[K/usr/include/opencv4/opencv2/core/core.hpp:48[m[K,
[18.431s]                  from [01m[K/opt/ros/humble/include/cv_bridge/cv_bridge/cv_bridge.h:43[m[K,
[18.431s]                  from [01m[K/home/puzzlebot/Desktop/PUXXY_NODE/TE3002B/lane_processing_ws/src/lane_processing/src/lane_detection.cpp:2[m[K:
[18.432s] [01m[K/usr/include/opencv4/opencv2/core.hpp:152:29:[m[K [01;36m[Knote: [m[K  â€˜[01m[Kcv::error[m[Kâ€™
[18.432s]  CV_EXPORTS CV_NORETURN void [01;36m[Kerror[m[K(const Exception& exc);
[18.432s]                              [01;36m[K^~~~~[m[K
[31.543s] make[2]: *** [CMakeFiles/lane_processing.dir/build.make:63: CMakeFiles/lane_processing.dir/src/lane_detection.cpp.o] Error 1
[31.544s] make[1]: *** [CMakeFiles/Makefile2:78: CMakeFiles/lane_processing.dir/all] Error 2
[31.545s] make: *** [Makefile:141: all] Error 2
[31.557s] Invoked command in '/home/puzzlebot/Desktop/PUXXY_NODE/TE3002B/lane_processing_ws/build/lane_processing' returned '2': CMAKE_PREFIX_PATH=/home/puzzlebot/Desktop/PUXXY_NODE/TE3002B/lane_processing_ws/install/lane_processing:/home/puzzlebot/ros2_ws/install/puzzlebot_ros:/opt/ros/humble:/home/puzzlebot/ros2_packages_ws/install/ros_deep_learning:/home/puzzlebot/ros2_packages_ws/install/micro_ros_setup:/home/puzzlebot/ros2_packages_ws/install/micro_ros_agent:/home/puzzlebot/ros2_packages_ws/install/micro_ros_msgs:/home/puzzlebot/ros2_packages_ws/install/camera_info_publisher /usr/bin/cmake --build /home/puzzlebot/Desktop/PUXXY_NODE/TE3002B/lane_processing_ws/build/lane_processing -- -j4 -l4
