[1.371s] Invoking command in '/home/puzzlebot/Desktop/PUXXY_NODE/TE3002B/lane_processing_ws/build/lane_processing': CMAKE_PREFIX_PATH=/home/puzzlebot/Desktop/PUXXY_NODE/TE3002B/lane_processing_ws/install/lane_processing:/home/puzzlebot/ros2_ws/install/puzzlebot_ros:/opt/ros/humble:/home/puzzlebot/ros2_packages_ws/install/ros_deep_learning:/home/puzzlebot/ros2_packages_ws/install/micro_ros_setup:/home/puzzlebot/ros2_packages_ws/install/micro_ros_agent:/home/puzzlebot/ros2_packages_ws/install/micro_ros_msgs:/home/puzzlebot/ros2_packages_ws/install/camera_info_publisher /usr/bin/cmake --build /home/puzzlebot/Desktop/PUXXY_NODE/TE3002B/lane_processing_ws/build/lane_processing -- -j4 -l4
[1.873s] [35m[1mScanning dependencies of target lane_processing[0m
[2.389s] [ 20%] [32mBuilding CXX object CMakeFiles/lane_processing.dir/src/lane_detection.cpp.o[0m
[17.019s] [01m[K/home/puzzlebot/Desktop/PUXXY_NODE/TE3002B/lane_processing_ws/src/lane_processing/src/lane_detection.cpp:[m[K In member function â€˜[01m[Kdouble LaneProcessingNode::detect_lane_center(cv::Mat&)[m[Kâ€™:
[17.021s] [01m[K/home/puzzlebot/Desktop/PUXXY_NODE/TE3002B/lane_processing_ws/src/lane_processing/src/lane_detection.cpp:100:21:[m[K [01;31m[Kerror: [m[Kâ€˜[01m[KVec4i[m[Kâ€™ was not declared in this scope
[17.021s]          std::vector<[01;31m[KVec4i[m[K> lines = detect_lines_hough(cropped_frame);
[17.022s]                      [01;31m[K^~~~~[m[K
[17.022s] [01m[K/home/puzzlebot/Desktop/PUXXY_NODE/TE3002B/lane_processing_ws/src/lane_processing/src/lane_detection.cpp:100:21:[m[K [01;36m[Knote: [m[Ksuggested alternative:
[17.023s] In file included from [01m[K/usr/include/opencv4/opencv2/core.hpp:57[m[K,
[17.024s]                  from [01m[K/usr/include/opencv4/opencv2/core/core.hpp:48[m[K,
[17.024s]                  from [01m[K/opt/ros/humble/include/cv_bridge/cv_bridge/cv_bridge.h:43[m[K,
[17.025s]                  from [01m[K/home/puzzlebot/Desktop/PUXXY_NODE/TE3002B/lane_processing_ws/src/lane_processing/src/lane_detection.cpp:2[m[K:
[17.025s] [01m[K/usr/include/opencv4/opencv2/core/matx.hpp:414:21:[m[K [01;36m[Knote: [m[K  â€˜[01m[Kcv::Vec4i[m[Kâ€™
[17.025s]  typedef Vec<int, 4> [01;36m[KVec4i[m[K;
[17.026s]                      [01;36m[K^~~~~[m[K
[17.026s] [01m[K/home/puzzlebot/Desktop/PUXXY_NODE/TE3002B/lane_processing_ws/src/lane_processing/src/lane_detection.cpp:100:26:[m[K [01;31m[Kerror: [m[Ktemplate argument 1 is invalid
[17.027s]          std::vector<Vec4i[01;31m[K>[m[K lines = detect_lines_hough(cropped_frame);
[17.027s]                           [01;31m[K^[m[K
[17.027s] [01m[K/home/puzzlebot/Desktop/PUXXY_NODE/TE3002B/lane_processing_ws/src/lane_processing/src/lane_detection.cpp:100:26:[m[K [01;31m[Kerror: [m[Ktemplate argument 2 is invalid
[17.028s] [01m[K/home/puzzlebot/Desktop/PUXXY_NODE/TE3002B/lane_processing_ws/src/lane_processing/src/lane_detection.cpp:100:68:[m[K [01;31m[Kerror: [m[Kcannot convert â€˜[01m[Kstd::vector<cv::Vec<int, 4> >[m[Kâ€™ to â€˜[01m[Kint[m[Kâ€™ in initialization
[17.028s]          std::vector<Vec4i> lines = detect_lines_hough(cropped_frame[01;31m[K)[m[K;
[17.028s]                                                                     [01;31m[K^[m[K
[17.029s] [01m[K/home/puzzlebot/Desktop/PUXXY_NODE/TE3002B/lane_processing_ws/src/lane_processing/src/lane_detection.cpp:101:17:[m[K [01;31m[Kerror: [m[Kâ€˜[01m[Kgroup_similar_lines[m[Kâ€™ was not declared in this scope
[17.029s]          lines = [01;31m[Kgroup_similar_lines[m[K(lines);
[17.030s]                  [01;31m[K^~~~~~~~~~~~~~~~~~~[m[K
[17.053s] [01m[K/home/puzzlebot/Desktop/PUXXY_NODE/TE3002B/lane_processing_ws/src/lane_processing/src/lane_detection.cpp:102:9:[m[K [01;31m[Kerror: [m[Kâ€˜[01m[Kprevious_line[m[Kâ€™ was not declared in this scope
[17.054s]          [01;31m[Kprevious_line[m[K = lane_history;
[17.054s]          [01;31m[K^~~~~~~~~~~~~[m[K
[17.077s] [01m[K/home/puzzlebot/Desktop/PUXXY_NODE/TE3002B/lane_processing_ws/src/lane_processing/src/lane_detection.cpp:102:25:[m[K [01;31m[Kerror: [m[Kâ€˜[01m[Klane_history[m[Kâ€™ was not declared in this scope
[17.078s]          previous_line = [01;31m[Klane_history[m[K;
[17.078s]                          [01;31m[K^~~~~~~~~~~~[m[K
[17.088s] [01m[K/home/puzzlebot/Desktop/PUXXY_NODE/TE3002B/lane_processing_ws/src/lane_processing/src/lane_detection.cpp:102:25:[m[K [01;36m[Knote: [m[Ksuggested alternative: â€˜[01m[Klane_history_[m[Kâ€™
[17.089s]          previous_line = [01;36m[Klane_history[m[K;
[17.089s]                          [01;36m[K^~~~~~~~~~~~[m[K
[17.089s]                          [32m[Klane_history_[m[K
[17.090s] [01m[K/home/puzzlebot/Desktop/PUXXY_NODE/TE3002B/lane_processing_ws/src/lane_processing/src/lane_detection.cpp:103:9:[m[K [01;31m[Kerror: [m[Kâ€˜[01m[Kselected_line[m[Kâ€™ was not declared in this scope
[17.090s]          [01;31m[Kselected_line[m[K = select_relevant_line(lines, previous_line);
[17.091s]          [01;31m[K^~~~~~~~~~~~~[m[K
[17.111s] [01m[K/home/puzzlebot/Desktop/PUXXY_NODE/TE3002B/lane_processing_ws/src/lane_processing/src/lane_detection.cpp:103:25:[m[K [01;31m[Kerror: [m[Kâ€˜[01m[Kselect_relevant_line[m[Kâ€™ was not declared in this scope
[17.112s]          selected_line = [01;31m[Kselect_relevant_line[m[K(lines, previous_line);
[17.112s]                          [01;31m[K^~~~~~~~~~~~~~~~~~~~[m[K
[17.141s] [01m[K/home/puzzlebot/Desktop/PUXXY_NODE/TE3002B/lane_processing_ws/src/lane_processing/src/lane_detection.cpp:104:30:[m[K [01;31m[Kerror: [m[Kexpected primary-expression before â€˜[01m[K{[m[Kâ€™ token
[17.142s]          if (selected_line != [01;31m[K{[m[K0, 0, 0, 0}) {
[17.143s]                               [01;31m[K^[m[K
[17.143s] [01m[K/home/puzzlebot/Desktop/PUXXY_NODE/TE3002B/lane_processing_ws/src/lane_processing/src/lane_detection.cpp:104:29:[m[K [01;31m[Kerror: [m[Kexpected â€˜[01m[K)[m[Kâ€™ before â€˜[01m[K{[m[Kâ€™ token
[17.143s]          if [34m[K([m[Kselected_line !=[01;31m[K [m[K[32m[K{[m[K0, 0, 0, 0}) {
[17.144s]             [34m[K~[m[K                [01;31m[K^[m[K[32m[K~[m[K
[17.144s]                              [32m[K)[m[K
[17.144s] [01m[K/home/puzzlebot/Desktop/PUXXY_NODE/TE3002B/lane_processing_ws/src/lane_processing/src/lane_detection.cpp:105:34:[m[K [01;31m[Kerror: [m[Kâ€˜[01m[Kcalculate_angle_error[m[Kâ€™ was not declared in this scope
[17.145s]              double angle_error = [01;31m[Kcalculate_angle_error[m[K(selected_line, cropped_frame.rows, cropped_frame.cols);
[17.145s]                                   [01;31m[K^~~~~~~~~~~~~~~~~~~~~[m[K
[17.169s] [01m[K/home/puzzlebot/Desktop/PUXXY_NODE/TE3002B/lane_processing_ws/src/lane_processing/src/lane_detection.cpp:105:34:[m[K [01;36m[Knote: [m[Ksuggested alternative: â€˜[01m[Kangle_error[m[Kâ€™
[17.170s]              double angle_error = [01;36m[Kcalculate_angle_error[m[K(selected_line, cropped_frame.rows, cropped_frame.cols);
[17.171s]                                   [01;36m[K^~~~~~~~~~~~~~~~~~~~~[m[K
[17.171s]                                   [32m[Kangle_error[m[K
[17.171s] [01m[K/home/puzzlebot/Desktop/PUXXY_NODE/TE3002B/lane_processing_ws/src/lane_processing/src/lane_detection.cpp:106:41:[m[K [01;31m[Kerror: [m[Kâ€˜[01m[Kdraw_hough_lines[m[Kâ€™ was not declared in this scope
[17.172s]              cv::Mat hough_lines_frame = [01;31m[Kdraw_hough_lines[m[K(cropped_frame, selected_line);
[17.172s]                                          [01;31m[K^~~~~~~~~~~~~~~~[m[K
[17.210s] [01m[K/home/puzzlebot/Desktop/PUXXY_NODE/TE3002B/lane_processing_ws/src/lane_processing/src/lane_detection.cpp:[m[K In member function â€˜[01m[Kdouble LaneProcessingNode::process_frame(cv::Mat&)[m[Kâ€™:
[17.210s] [01m[K/home/puzzlebot/Desktop/PUXXY_NODE/TE3002B/lane_processing_ws/src/lane_processing/src/lane_detection.cpp:128:16:[m[K [01;35m[Kwarning: [m[Kunused variable â€˜[01m[Kangle_error_calc[m[Kâ€™ [[01;35m[K-Wunused-variable[m[K]
[17.211s]          double [01;35m[Kangle_error_calc[m[K = detect_lane_center(thresholded);
[17.211s]                 [01;35m[K^~~~~~~~~~~~~~~~[m[K
[27.773s] [01m[K/home/puzzlebot/Desktop/PUXXY_NODE/TE3002B/lane_processing_ws/src/lane_processing/src/lane_detection.cpp:[m[K In member function â€˜[01m[Kdouble LaneProcessingNode::detect_lane_center(cv::Mat&)[m[Kâ€™:
[27.774s] [01m[K/home/puzzlebot/Desktop/PUXXY_NODE/TE3002B/lane_processing_ws/src/lane_processing/src/lane_detection.cpp:114:5:[m[K [01;35m[Kwarning: [m[Kcontrol reaches end of non-void function [[01;35m[K-Wreturn-type[m[K]
[27.774s]      [01;35m[K}[m[K
[27.775s]      [01;35m[K^[m[K
[28.779s] make[2]: *** [CMakeFiles/lane_processing.dir/build.make:63: CMakeFiles/lane_processing.dir/src/lane_detection.cpp.o] Error 1
[28.780s] make[1]: *** [CMakeFiles/Makefile2:78: CMakeFiles/lane_processing.dir/all] Error 2
[28.781s] make: *** [Makefile:141: all] Error 2
[29.153s] Invoked command in '/home/puzzlebot/Desktop/PUXXY_NODE/TE3002B/lane_processing_ws/build/lane_processing' returned '2': CMAKE_PREFIX_PATH=/home/puzzlebot/Desktop/PUXXY_NODE/TE3002B/lane_processing_ws/install/lane_processing:/home/puzzlebot/ros2_ws/install/puzzlebot_ros:/opt/ros/humble:/home/puzzlebot/ros2_packages_ws/install/ros_deep_learning:/home/puzzlebot/ros2_packages_ws/install/micro_ros_setup:/home/puzzlebot/ros2_packages_ws/install/micro_ros_agent:/home/puzzlebot/ros2_packages_ws/install/micro_ros_msgs:/home/puzzlebot/ros2_packages_ws/install/camera_info_publisher /usr/bin/cmake --build /home/puzzlebot/Desktop/PUXXY_NODE/TE3002B/lane_processing_ws/build/lane_processing -- -j4 -l4
