[01m[K/home/puzzlebot/Desktop/PUXXY_NODE/TE3002B/differential_wheeled_robot_ws/src/differential_wheeled_robot/src/controller.cpp:[m[K In member function â€˜[01m[Kvoid Controller::controller_callback()[m[Kâ€™:
[01m[K/home/puzzlebot/Desktop/PUXXY_NODE/TE3002B/differential_wheeled_robot_ws/src/differential_wheeled_robot/src/controller.cpp:128:46:[m[K [01;31m[Kerror: [m[Kâ€˜[01m[Kangle_error_[m[Kâ€™ was not declared in this scope
         act_ = std::tanh(ke_act_ * std::abs( [01;31m[Kangle_error_[m[K - M_PI / 45)) -1 ;
                                              [01;31m[K^~~~~~~~~~~~[m[K
[01m[K/home/puzzlebot/Desktop/PUXXY_NODE/TE3002B/differential_wheeled_robot_ws/src/differential_wheeled_robot/src/controller.cpp:109:16:[m[K [01;35m[Kwarning: [m[Kunused variable â€˜[01m[Kangular_vel_max_[m[Kâ€™ [[01;35m[K-Wunused-variable[m[K]
         double [01;35m[Kangular_vel_max_[m[K = get_parameter("angular_vel_max").as_double();
                [01;35m[K^~~~~~~~~~~~~~~~[m[K
[01m[K/home/puzzlebot/Desktop/PUXXY_NODE/TE3002B/differential_wheeled_robot_ws/src/differential_wheeled_robot/src/controller.cpp:110:16:[m[K [01;35m[Kwarning: [m[Kunused variable â€˜[01m[Klinear_vel_max_[m[Kâ€™ [[01;35m[K-Wunused-variable[m[K]
         double [01;35m[Klinear_vel_max_[m[K = get_parameter("linear_vel_max").as_double();
                [01;35m[K^~~~~~~~~~~~~~~[m[K
[01m[K/home/puzzlebot/Desktop/PUXXY_NODE/TE3002B/differential_wheeled_robot_ws/src/differential_wheeled_robot/src/controller.cpp:115:16:[m[K [01;35m[Kwarning: [m[Kunused variable â€˜[01m[Kkp_distance_[m[Kâ€™ [[01;35m[K-Wunused-variable[m[K]
         double [01;35m[Kkp_distance_[m[K = get_parameter("kp_distance").as_double();
                [01;35m[K^~~~~~~~~~~~[m[K
make[2]: *** [CMakeFiles/controller.dir/build.make:63: CMakeFiles/controller.dir/src/controller.cpp.o] Error 1
make[1]: *** [CMakeFiles/Makefile2:444: CMakeFiles/controller.dir/all] Error 2
make: *** [Makefile:141: all] Error 2
