[1.065s] Invoking command in '/home/puzzlebot/Desktop/PUXXY_NODE/TE3002B/differential_wheeled_robot_ws/build/differential_wheeled_robot': CMAKE_PREFIX_PATH=/home/puzzlebot/ros2_ws/install/puzzlebot_ros:/opt/ros/humble:${CMAKE_PREFIX_PATH} /usr/bin/cmake --build /home/puzzlebot/Desktop/PUXXY_NODE/TE3002B/differential_wheeled_robot_ws/build/differential_wheeled_robot -- -j4 -l4
[1.276s] [  2%] Built target differential_wheeled_robot__cpp
[1.284s] [ 11%] Built target differential_wheeled_robot__rosidl_generator_c
[1.319s] [ 11%] Built target ament_cmake_python_copy_differential_wheeled_robot
[1.349s] [ 17%] Built target odometry
[1.377s] [ 25%] Built target differential_wheeled_robot__rosidl_typesupport_fastrtps_cpp
[1.393s] [ 34%] Built target differential_wheeled_robot__rosidl_typesupport_cpp
[1.443s] [ 51%] Built target differential_wheeled_robot__rosidl_typesupport_introspection_cpp
[1.444s] [ 51%] Built target differential_wheeled_robot__rosidl_typesupport_introspection_c
[1.483s] [ 60%] Built target differential_wheeled_robot__rosidl_typesupport_c
[1.507s] [35m[1mScanning dependencies of target controller[0m
[1.569s] [ 68%] Built target differential_wheeled_robot__rosidl_typesupport_fastrtps_c
[1.657s] [ 68%] Built target differential_wheeled_robot
[1.695s] [ 71%] [32mBuilding CXX object CMakeFiles/controller.dir/src/controller.cpp.o[0m
[1.763s] [ 74%] Built target differential_wheeled_robot__py
[1.871s] [ 80%] Built target differential_wheeled_robot__rosidl_generator_py
[1.987s] [ 85%] Built target differential_wheeled_robot__rosidl_typesupport_c__pyext
[1.991s] [ 91%] Built target differential_wheeled_robot__rosidl_typesupport_introspection_c__pyext
[2.103s] [ 97%] Built target differential_wheeled_robot__rosidl_typesupport_fastrtps_c__pyext
[2.558s] running egg_info
[2.563s] writing differential_wheeled_robot.egg-info/PKG-INFO
[2.564s] writing dependency_links to differential_wheeled_robot.egg-info/dependency_links.txt
[2.565s] writing top-level names to differential_wheeled_robot.egg-info/top_level.txt
[2.730s] reading manifest file 'differential_wheeled_robot.egg-info/SOURCES.txt'
[2.733s] writing manifest file 'differential_wheeled_robot.egg-info/SOURCES.txt'
[2.847s] [ 97%] Built target ament_cmake_python_build_differential_wheeled_robot_egg
[11.274s] [01m[K/home/puzzlebot/Desktop/PUXXY_NODE/TE3002B/differential_wheeled_robot_ws/src/differential_wheeled_robot/src/controller.cpp:[m[K In member function â€˜[01m[Kvoid Controller::controller_callback()[m[Kâ€™:
[11.274s] [01m[K/home/puzzlebot/Desktop/PUXXY_NODE/TE3002B/differential_wheeled_robot_ws/src/differential_wheeled_robot/src/controller.cpp:128:46:[m[K [01;31m[Kerror: [m[Kâ€˜[01m[Kangle_error_[m[Kâ€™ was not declared in this scope
[11.275s]          act_ = std::tanh(ke_act_ * std::abs( [01;31m[Kangle_error_[m[K - M_PI / 45)) -1 ;
[11.275s]                                               [01;31m[K^~~~~~~~~~~~[m[K
[11.285s] [01m[K/home/puzzlebot/Desktop/PUXXY_NODE/TE3002B/differential_wheeled_robot_ws/src/differential_wheeled_robot/src/controller.cpp:109:16:[m[K [01;35m[Kwarning: [m[Kunused variable â€˜[01m[Kangular_vel_max_[m[Kâ€™ [[01;35m[K-Wunused-variable[m[K]
[11.285s]          double [01;35m[Kangular_vel_max_[m[K = get_parameter("angular_vel_max").as_double();
[11.286s]                 [01;35m[K^~~~~~~~~~~~~~~~[m[K
[11.286s] [01m[K/home/puzzlebot/Desktop/PUXXY_NODE/TE3002B/differential_wheeled_robot_ws/src/differential_wheeled_robot/src/controller.cpp:110:16:[m[K [01;35m[Kwarning: [m[Kunused variable â€˜[01m[Klinear_vel_max_[m[Kâ€™ [[01;35m[K-Wunused-variable[m[K]
[11.286s]          double [01;35m[Klinear_vel_max_[m[K = get_parameter("linear_vel_max").as_double();
[11.287s]                 [01;35m[K^~~~~~~~~~~~~~~[m[K
[11.287s] [01m[K/home/puzzlebot/Desktop/PUXXY_NODE/TE3002B/differential_wheeled_robot_ws/src/differential_wheeled_robot/src/controller.cpp:115:16:[m[K [01;35m[Kwarning: [m[Kunused variable â€˜[01m[Kkp_distance_[m[Kâ€™ [[01;35m[K-Wunused-variable[m[K]
[11.288s]          double [01;35m[Kkp_distance_[m[K = get_parameter("kp_distance").as_double();
[11.288s]                 [01;35m[K^~~~~~~~~~~~[m[K
[23.065s] make[2]: *** [CMakeFiles/controller.dir/build.make:63: CMakeFiles/controller.dir/src/controller.cpp.o] Error 1
[23.066s] make[1]: *** [CMakeFiles/Makefile2:444: CMakeFiles/controller.dir/all] Error 2
[23.067s] make: *** [Makefile:141: all] Error 2
[23.072s] Invoked command in '/home/puzzlebot/Desktop/PUXXY_NODE/TE3002B/differential_wheeled_robot_ws/build/differential_wheeled_robot' returned '2': CMAKE_PREFIX_PATH=/home/puzzlebot/ros2_ws/install/puzzlebot_ros:/opt/ros/humble:${CMAKE_PREFIX_PATH} /usr/bin/cmake --build /home/puzzlebot/Desktop/PUXXY_NODE/TE3002B/differential_wheeled_robot_ws/build/differential_wheeled_robot -- -j4 -l4
