[1.600s] Invoking command in '/home/puzzlebot/Documents/PUXXY_NODE/TE3002B/puzzle_ws/build/puzzle_pkg': AMENT_PREFIX_PATH=/home/puzzlebot/Documents/PUXXY_NODE/TE3002B/puzzle_ws/install/cv_bridge:${AMENT_PREFIX_PATH} CMAKE_PREFIX_PATH=/home/puzzlebot/Documents/PUXXY_NODE/TE3002B/puzzle_ws/install/cv_bridge:/home/puzzlebot/ros2_ws/install/puzzlebot_ros:/opt/ros/humble:${CMAKE_PREFIX_PATH} LD_LIBRARY_PATH=/home/puzzlebot/Documents/PUXXY_NODE/TE3002B/puzzle_ws/install/cv_bridge/lib:/usr/local/cuda/lib64:/home/puzzlebot/ros2_packages_ws/install/micro_ros_agent/lib:/home/puzzlebot/ros2_packages_ws/install/micro_ros_msgs/lib:/opt/ros/humble/opt/rviz_ogre_vendor/lib:/opt/ros/humble/lib/aarch64-linux-gnu:/opt/ros/humble/lib:/usr/local/cuda/lib64 PYTHONPATH=/home/puzzlebot/Documents/PUXXY_NODE/TE3002B/puzzle_ws/install/cv_bridge/lib/python3.8/site-packages:${PYTHONPATH} /usr/bin/cmake --build /home/puzzlebot/Documents/PUXXY_NODE/TE3002B/puzzle_ws/build/puzzle_pkg -- -j4 -l4
[2.105s] [  6%] Built target puzzle_pkg__rosidl_generator_c
[2.114s] [  9%] Built target puzzle_pkg__cpp
[2.257s] [ 13%] Built target odometry
[2.295s] [ 13%] Built target ament_cmake_python_copy_puzzle_pkg
[2.470s] [ 18%] Built target signal_handle
[2.511s] [ 25%] Built target puzzle_pkg__rosidl_typesupport_c
[2.529s] [ 31%] Built target puzzle_pkg__rosidl_typesupport_cpp
[2.555s] [ 36%] Built target cam_source
[2.678s] [ 43%] Built target puzzle_pkg__rosidl_typesupport_introspection_cpp
[2.736s] [ 50%] Built target puzzle_pkg__rosidl_typesupport_fastrtps_cpp
[2.763s] [ 56%] Built target puzzle_pkg__rosidl_typesupport_fastrtps_c
[2.770s] [ 63%] Built target puzzle_pkg__rosidl_typesupport_introspection_c
[2.925s] [ 63%] Built target puzzle_pkg
[3.098s] [ 65%] [32mBuilding CXX object CMakeFiles/controller.dir/src/control/controller.cpp.o[0m
[3.130s] [ 68%] Built target puzzle_pkg__py
[3.197s] [ 79%] Built target lane_detection
[3.306s] [ 84%] Built target puzzle_pkg__rosidl_generator_py
[3.485s] [ 88%] Built target puzzle_pkg__rosidl_typesupport_fastrtps_c__pyext
[3.507s] [ 93%] Built target puzzle_pkg__rosidl_typesupport_introspection_c__pyext
[3.657s] [ 97%] Built target puzzle_pkg__rosidl_typesupport_c__pyext
[4.248s] running egg_info
[4.252s] writing puzzle_pkg.egg-info/PKG-INFO
[4.254s] writing dependency_links to puzzle_pkg.egg-info/dependency_links.txt
[4.254s] writing top-level names to puzzle_pkg.egg-info/top_level.txt
[4.462s] reading manifest file 'puzzle_pkg.egg-info/SOURCES.txt'
[4.467s] writing manifest file 'puzzle_pkg.egg-info/SOURCES.txt'
[4.612s] [ 97%] Built target ament_cmake_python_build_puzzle_pkg_egg
[16.059s] [01m[K/home/puzzlebot/Documents/PUXXY_NODE/TE3002B/puzzle_ws/src/puzzle_pkg/src/control/controller.cpp:159:46:[m[K [01;31m[Kerror: [m[Kâ€˜[01m[KInt32[m[Kâ€™ in namespace â€˜[01m[Kstd_msgs::msg[m[Kâ€™ does not name a type
[16.060s]      void state_callback(const std_msgs::msg::[01;31m[KInt32[m[K::SharedPtr msg)
[16.061s]                                               [01;31m[K^~~~~[m[K
[16.061s] [01m[K/home/puzzlebot/Documents/PUXXY_NODE/TE3002B/puzzle_ws/src/puzzle_pkg/src/control/controller.cpp:159:63:[m[K [01;31m[Kerror: [m[Kexpected unqualified-id before â€˜[01m[Kmsg[m[Kâ€™
[16.062s]      void state_callback(const std_msgs::msg::Int32::SharedPtr [01;31m[Kmsg[m[K)
[16.062s]                                                                [01;31m[K^~~[m[K
[16.063s] [01m[K/home/puzzlebot/Documents/PUXXY_NODE/TE3002B/puzzle_ws/src/puzzle_pkg/src/control/controller.cpp:159:62:[m[K [01;31m[Kerror: [m[Kexpected â€˜[01m[K)[m[Kâ€™ before â€˜[01m[Kmsg[m[Kâ€™
[16.064s]      void state_callback[34m[K([m[Kconst std_msgs::msg::Int32::SharedPtr[01;31m[K [m[K[32m[Kmsg[m[K)
[16.065s]                         [34m[K~[m[K                                     [01;31m[K^[m[K[32m[K~~~[m[K
[16.065s]                                                               [32m[K)[m[K
[16.066s] [01m[K/home/puzzlebot/Documents/PUXXY_NODE/TE3002B/puzzle_ws/src/puzzle_pkg/src/control/controller.cpp:159:53:[m[K [01;31m[Kerror: [m[Kexpected â€˜[01m[K;[m[Kâ€™ at end of member declaration
[16.066s]      void state_callback(const std_msgs::msg::Int32::[01;31m[KSharedPtr[m[K msg)
[16.067s]                                                      [01;31m[K^~~~~~~~~[m[K
[16.068s]                                                               [32m[K;[m[K
[16.069s] [01m[K/home/puzzlebot/Documents/PUXXY_NODE/TE3002B/puzzle_ws/src/puzzle_pkg/src/control/controller.cpp:159:63:[m[K [01;31m[Kerror: [m[Kâ€˜[01m[Kmsg[m[Kâ€™ does not name a type
[16.069s]      void state_callback(const std_msgs::msg::Int32::SharedPtr [01;31m[Kmsg[m[K)
[16.070s]                                                                [01;31m[K^~~[m[K
[16.826s] [01m[K/home/puzzlebot/Documents/PUXXY_NODE/TE3002B/puzzle_ws/src/puzzle_pkg/src/control/controller.cpp:[m[K In constructor â€˜[01m[KController::Controller()[m[Kâ€™:
[16.827s] [01m[K/home/puzzlebot/Documents/PUXXY_NODE/TE3002B/puzzle_ws/src/puzzle_pkg/src/control/controller.cpp:385:31:[m[K [01;35m[Kwarning: [m[Kâ€˜[01m[KController::vel_message_[m[Kâ€™ will be initialized after [[01;35m[K-Wreorder[m[K]
[16.828s]      geometry_msgs::msg::Twist [01;35m[Kvel_message_[m[K;
[16.829s]                                [01;35m[K^~~~~~~~~~~~[m[K
[16.829s] [01m[K/home/puzzlebot/Documents/PUXXY_NODE/TE3002B/puzzle_ws/src/puzzle_pkg/src/control/controller.cpp:365:17:[m[K [01;35m[Kwarning: [m[K  â€˜[01m[Kstd::__cxx11::string Controller::current_state_[m[Kâ€™ [[01;35m[K-Wreorder[m[K]
[16.830s]      std::string [01;35m[Kcurrent_state_[m[K;
[16.830s]                  [01;35m[K^~~~~~~~~~~~~~[m[K
[16.831s] [01m[K/home/puzzlebot/Documents/PUXXY_NODE/TE3002B/puzzle_ws/src/puzzle_pkg/src/control/controller.cpp:58:5:[m[K [01;35m[Kwarning: [m[K  when initialized here [[01;35m[K-Wreorder[m[K]
[16.831s]      [01;35m[KController[m[K() :
[16.832s]      [01;35m[K^~~~~~~~~~[m[K
[16.832s] [01m[K/home/puzzlebot/Documents/PUXXY_NODE/TE3002B/puzzle_ws/src/puzzle_pkg/src/control/controller.cpp:372:28:[m[K [01;35m[Kwarning: [m[Kâ€˜[01m[KController::target_point_[m[Kâ€™ will be initialized after [[01;35m[K-Wreorder[m[K]
[16.833s]      double target_point_ [2[01;35m[K][m[K;
[16.833s]                             [01;35m[K^[m[K
[16.834s] [01m[K/home/puzzlebot/Documents/PUXXY_NODE/TE3002B/puzzle_ws/src/puzzle_pkg/src/control/controller.cpp:368:12:[m[K [01;35m[Kwarning: [m[K  â€˜[01m[Kdouble Controller::error_angle_[m[Kâ€™ [[01;35m[K-Wreorder[m[K]
[16.834s]      double [01;35m[Kerror_angle_[m[K;
[16.835s]             [01;35m[K^~~~~~~~~~~~[m[K
[16.835s] [01m[K/home/puzzlebot/Documents/PUXXY_NODE/TE3002B/puzzle_ws/src/puzzle_pkg/src/control/controller.cpp:58:5:[m[K [01;35m[Kwarning: [m[K  when initialized here [[01;35m[K-Wreorder[m[K]
[16.835s]      [01;35m[KController[m[K() :
[16.836s]      [01;35m[K^~~~~~~~~~[m[K
[17.021s] [01m[K/home/puzzlebot/Documents/PUXXY_NODE/TE3002B/puzzle_ws/src/puzzle_pkg/src/control/controller.cpp:107:72:[m[K [01;31m[Kerror: [m[Kâ€˜[01m[KInt32[m[Kâ€™ is not a member of â€˜[01m[Kstd_msgs::msg[m[Kâ€™
[17.022s]          subscription_state_ = this->create_subscription<std_msgs::msg::[01;31m[KInt32[m[K>(
[17.022s]                                                                         [01;31m[K^~~~~[m[K
[17.033s] [01m[K/home/puzzlebot/Documents/PUXXY_NODE/TE3002B/puzzle_ws/src/puzzle_pkg/src/control/controller.cpp:111:9:[m[K [01;31m[Kerror: [m[Kno matching function for call to â€˜[01m[KController::create_subscription<<expression error> >(const char [15], rclcpp::QoS&, std::_Bind_helper<false, void (Controller::*)(...), Controller*, const std::_Placeholder<1>&>::type)[m[Kâ€™
[17.034s]          [01;31m[K)[m[K;
[17.035s]          [01;31m[K^[m[K
[17.035s] In file included from [01m[K/opt/ros/humble/include/rclcpp/rclcpp/node.hpp:1321[m[K,
[17.036s]                  from [01m[K/opt/ros/humble/include/rclcpp/rclcpp/executors/single_threaded_executor.hpp:28[m[K,
[17.037s]                  from [01m[K/opt/ros/humble/include/rclcpp/rclcpp/executors.hpp:22[m[K,
[17.037s]                  from [01m[K/opt/ros/humble/include/rclcpp/rclcpp/rclcpp.hpp:155[m[K,
[17.038s]                  from [01m[K/home/puzzlebot/Documents/PUXXY_NODE/TE3002B/puzzle_ws/src/puzzle_pkg/src/control/controller.cpp:25[m[K:
[17.038s] [01m[K/opt/ros/humble/include/rclcpp/rclcpp/node_impl.hpp:92:1:[m[K [01;36m[Knote: [m[Kcandidate: â€˜[01m[Ktemplate<class MessageT, class CallbackT, class AllocatorT, class SubscriptionT, class MessageMemoryStrategyT> std::shared_ptr<ROSMessageT> rclcpp::Node::create_subscription(const string&, const rclcpp::QoS&, CallbackT&&, const rclcpp::SubscriptionOptionsWithAllocator<AllocatorT>&, typename MessageMemoryStrategyT::SharedPtr)[m[Kâ€™
[17.039s]  [01;36m[KNode[m[K::create_subscription(
[17.039s]  [01;36m[K^~~~[m[K
[17.039s] [01m[K/opt/ros/humble/include/rclcpp/rclcpp/node_impl.hpp:92:1:[m[K [01;36m[Knote: [m[K  template argument deduction/substitution failed:
[17.040s] [01m[K/home/puzzlebot/Documents/PUXXY_NODE/TE3002B/puzzle_ws/src/puzzle_pkg/src/control/controller.cpp:111:9:[m[K [01;31m[Kerror: [m[Ktemplate argument 1 is invalid
[17.041s]          [01;31m[K)[m[K;
[17.041s]          [01;31m[K^[m[K
[17.094s] [01m[K/home/puzzlebot/Documents/PUXXY_NODE/TE3002B/puzzle_ws/src/puzzle_pkg/src/control/controller.cpp:[m[K In member function â€˜[01m[Kvoid Controller::select_control()[m[Kâ€™:
[17.094s] [01m[K/home/puzzlebot/Documents/PUXXY_NODE/TE3002B/puzzle_ws/src/puzzle_pkg/src/control/controller.cpp:169:50:[m[K [01;31m[Kerror: [m[Kinvalid static_cast from type â€˜[01m[Kstd::__cxx11::string[m[Kâ€™ {aka â€˜[01m[Kstd::__cxx11::basic_string<char>[m[Kâ€™} to type â€˜[01m[KState[m[Kâ€™
[17.095s]          switch (static_cast<State>(current_state_[01;31m[K)[m[K) {
[17.095s]                                                   [01;31m[K^[m[K
[17.096s] [01m[K/home/puzzlebot/Documents/PUXXY_NODE/TE3002B/puzzle_ws/src/puzzle_pkg/src/control/controller.cpp:170:25:[m[K [01;31m[Kerror: [m[Kcould not convert â€˜[01m[KIdle[m[Kâ€™ from â€˜[01m[KState[m[Kâ€™ to â€˜[01m[K<type error>[m[Kâ€™
[17.097s]              case State::[01;31m[KIdle[m[K:
[17.097s]                          [01;31m[K^~~~[m[K
[17.098s] [01m[K/home/puzzlebot/Documents/PUXXY_NODE/TE3002B/puzzle_ws/src/puzzle_pkg/src/control/controller.cpp:182:25:[m[K [01;31m[Kerror: [m[Kcould not convert â€˜[01m[KStop[m[Kâ€™ from â€˜[01m[KState[m[Kâ€™ to â€˜[01m[K<type error>[m[Kâ€™
[17.098s]              case State::[01;31m[KStop[m[K:
[17.098s]                          [01;31m[K^~~~[m[K
[17.099s] [01m[K/home/puzzlebot/Documents/PUXXY_NODE/TE3002B/puzzle_ws/src/puzzle_pkg/src/control/controller.cpp:195:25:[m[K [01;31m[Kerror: [m[Kcould not convert â€˜[01m[KSlow[m[Kâ€™ from â€˜[01m[KState[m[Kâ€™ to â€˜[01m[K<type error>[m[Kâ€™
[17.100s]              case State::[01;31m[KSlow[m[K:
[17.101s]                          [01;31m[K^~~~[m[K
[17.101s] [01m[K/home/puzzlebot/Documents/PUXXY_NODE/TE3002B/puzzle_ws/src/puzzle_pkg/src/control/controller.cpp:207:25:[m[K [01;31m[Kerror: [m[Kcould not convert â€˜[01m[KTurnLeft[m[Kâ€™ from â€˜[01m[KState[m[Kâ€™ to â€˜[01m[K<type error>[m[Kâ€™
[17.102s]              case State::[01;31m[KTurnLeft[m[K:
[17.102s]                          [01;31m[K^~~~~~~~[m[K
[17.103s] [01m[K/home/puzzlebot/Documents/PUXXY_NODE/TE3002B/puzzle_ws/src/puzzle_pkg/src/control/controller.cpp:219:25:[m[K [01;31m[Kerror: [m[Kcould not convert â€˜[01m[KTurnRight[m[Kâ€™ from â€˜[01m[KState[m[Kâ€™ to â€˜[01m[K<type error>[m[Kâ€™
[17.103s]              case State::[01;31m[KTurnRight[m[K:
[17.104s]                          [01;31m[K^~~~~~~~~[m[K
[31.801s] make[2]: *** [CMakeFiles/controller.dir/build.make:63: CMakeFiles/controller.dir/src/control/controller.cpp.o] Error 1
[31.803s] make[1]: *** [CMakeFiles/Makefile2:324: CMakeFiles/controller.dir/all] Error 2
[31.803s] make: *** [Makefile:141: all] Error 2
[32.264s] Invoked command in '/home/puzzlebot/Documents/PUXXY_NODE/TE3002B/puzzle_ws/build/puzzle_pkg' returned '2': AMENT_PREFIX_PATH=/home/puzzlebot/Documents/PUXXY_NODE/TE3002B/puzzle_ws/install/cv_bridge:${AMENT_PREFIX_PATH} CMAKE_PREFIX_PATH=/home/puzzlebot/Documents/PUXXY_NODE/TE3002B/puzzle_ws/install/cv_bridge:/home/puzzlebot/ros2_ws/install/puzzlebot_ros:/opt/ros/humble:${CMAKE_PREFIX_PATH} LD_LIBRARY_PATH=/home/puzzlebot/Documents/PUXXY_NODE/TE3002B/puzzle_ws/install/cv_bridge/lib:/usr/local/cuda/lib64:/home/puzzlebot/ros2_packages_ws/install/micro_ros_agent/lib:/home/puzzlebot/ros2_packages_ws/install/micro_ros_msgs/lib:/opt/ros/humble/opt/rviz_ogre_vendor/lib:/opt/ros/humble/lib/aarch64-linux-gnu:/opt/ros/humble/lib:/usr/local/cuda/lib64 PYTHONPATH=/home/puzzlebot/Documents/PUXXY_NODE/TE3002B/puzzle_ws/install/cv_bridge/lib/python3.8/site-packages:${PYTHONPATH} /usr/bin/cmake --build /home/puzzlebot/Documents/PUXXY_NODE/TE3002B/puzzle_ws/build/puzzle_pkg -- -j4 -l4
