[01m[K/home/puzzlebot/Desktop/PUXXY_NODE/TE3002B/lane_processing_ws/src/lane_processing/src/lane_detection.cpp:[m[K In member function â€˜[01m[Kdouble LaneProcessingNode::detect_lane_center(cv::Mat&)[m[Kâ€™:
[01m[K/home/puzzlebot/Desktop/PUXXY_NODE/TE3002B/lane_processing_ws/src/lane_processing/src/lane_detection.cpp:229:52:[m[K [01;31m[Kerror: [m[Kâ€˜[01m[Kselected_line_frame[m[Kâ€™ was not declared in this scope
         double angle_error = calculate_angle_error([01;31m[Kselected_line_frame[m[K, cropped_width, cropped_height);
                                                    [01;31m[K^~~~~~~~~~~~~~~~~~~[m[K
[01m[K/home/puzzlebot/Desktop/PUXXY_NODE/TE3002B/lane_processing_ws/src/lane_processing/src/lane_detection.cpp:229:52:[m[K [01;36m[Knote: [m[Ksuggested alternative: â€˜[01m[Kselected_center_front[m[Kâ€™
         double angle_error = calculate_angle_error([01;36m[Kselected_line_frame[m[K, cropped_width, cropped_height);
                                                    [01;36m[K^~~~~~~~~~~~~~~~~~~[m[K
                                                    [32m[Kselected_center_front[m[K
make[2]: *** [CMakeFiles/lane_processing.dir/build.make:63: CMakeFiles/lane_processing.dir/src/lane_detection.cpp.o] Error 1
make[1]: *** [CMakeFiles/Makefile2:78: CMakeFiles/lane_processing.dir/all] Error 2
make: *** [Makefile:141: all] Error 2
