[01m[K/home/puzzlebot/Desktop/PUXXY_NODE/TE3002B/puzzle_ws/src/puzzle_pkg/src/control/controller.cpp:[m[K In member function â€˜[01m[Kvoid Controller::controller_callback()[m[Kâ€™:
[01m[K/home/puzzlebot/Desktop/PUXXY_NODE/TE3002B/puzzle_ws/src/puzzle_pkg/src/control/controller.cpp:128:32:[m[K [01;31m[Kerror: [m[Kâ€˜[01m[Kangular_max_velocity[m[Kâ€™ was not declared in this scope
                 angular_vel_ = [01;31m[Kangular_max_velocity[m[K;
                                [01;31m[K^~~~~~~~~~~~~~~~~~~~[m[K
[01m[K/home/puzzlebot/Desktop/PUXXY_NODE/TE3002B/puzzle_ws/src/puzzle_pkg/src/control/controller.cpp:128:32:[m[K [01;36m[Knote: [m[Ksuggested alternative: â€˜[01m[Kangular_vel_[m[Kâ€™
                 angular_vel_ = [01;36m[Kangular_max_velocity[m[K;
                                [01;36m[K^~~~~~~~~~~~~~~~~~~~[m[K
                                [32m[Kangular_vel_[m[K
make[2]: *** [CMakeFiles/controller.dir/build.make:63: CMakeFiles/controller.dir/src/control/controller.cpp.o] Error 1
make[1]: *** [CMakeFiles/Makefile2:363: CMakeFiles/controller.dir/all] Error 2
make: *** [Makefile:141: all] Error 2
