[  2%] Built target puzzle_pkg__cpp
[  4%] Built target ament_cmake_python_copy_puzzle_pkg
[  9%] Built target puzzle_pkg__rosidl_generator_c
[ 23%] Built target puzzle_pkg__rosidl_typesupport_c
[ 23%] Built target puzzle_pkg__rosidl_typesupport_cpp
[ 28%] Built target cam_source
[ 33%] Built target odometry
[ 40%] Built target puzzle_pkg__rosidl_typesupport_fastrtps_c
[ 47%] Built target puzzle_pkg__rosidl_typesupport_fastrtps_cpp
[ 54%] Built target puzzle_pkg__rosidl_typesupport_introspection_cpp
[ 61%] Built target puzzle_pkg__rosidl_typesupport_introspection_c
[35m[1mScanning dependencies of target controller[0m
[ 61%] Built target puzzle_pkg
[ 73%] Built target lane_detection
[ 76%] Built target puzzle_pkg__py
[ 78%] [32mBuilding CXX object CMakeFiles/controller.dir/src/control/controller.cpp.o[0m
[ 83%] Built target puzzle_pkg__rosidl_generator_py
[ 88%] Built target puzzle_pkg__rosidl_typesupport_c__pyext
[ 92%] Built target puzzle_pkg__rosidl_typesupport_introspection_c__pyext
[ 97%] Built target puzzle_pkg__rosidl_typesupport_fastrtps_c__pyext
running egg_info
writing puzzle_pkg.egg-info/PKG-INFO
writing dependency_links to puzzle_pkg.egg-info/dependency_links.txt
writing top-level names to puzzle_pkg.egg-info/top_level.txt
reading manifest file 'puzzle_pkg.egg-info/SOURCES.txt'
writing manifest file 'puzzle_pkg.egg-info/SOURCES.txt'
[ 97%] Built target ament_cmake_python_build_puzzle_pkg_egg
[01m[K/home/puzzlebot/Desktop/PUXXY_NODE/TE3002B/puzzle_ws/src/puzzle_pkg/src/control/controller.cpp:[m[K In member function â€˜[01m[Kvoid Controller::controller_callback()[m[Kâ€™:
[01m[K/home/puzzlebot/Desktop/PUXXY_NODE/TE3002B/puzzle_ws/src/puzzle_pkg/src/control/controller.cpp:128:32:[m[K [01;31m[Kerror: [m[Kâ€˜[01m[Kangular_max_velocity[m[Kâ€™ was not declared in this scope
                 angular_vel_ = [01;31m[Kangular_max_velocity[m[K;
                                [01;31m[K^~~~~~~~~~~~~~~~~~~~[m[K
[01m[K/home/puzzlebot/Desktop/PUXXY_NODE/TE3002B/puzzle_ws/src/puzzle_pkg/src/control/controller.cpp:128:32:[m[K [01;36m[Knote: [m[Ksuggested alternative: â€˜[01m[Kangular_vel_[m[Kâ€™
                 angular_vel_ = [01;36m[Kangular_max_velocity[m[K;
                                [01;36m[K^~~~~~~~~~~~~~~~~~~~[m[K
                                [32m[Kangular_vel_[m[K
make[2]: *** [CMakeFiles/controller.dir/build.make:63: CMakeFiles/controller.dir/src/control/controller.cpp.o] Error 1
make[1]: *** [CMakeFiles/Makefile2:363: CMakeFiles/controller.dir/all] Error 2
make: *** [Makefile:141: all] Error 2
