[1.391s] Invoking command in '/home/puzzlebot/Desktop/PUXXY_NODE/TE3002B/puzzle_ws/build/puzzle_pkg': CMAKE_PREFIX_PATH=/home/puzzlebot/Desktop/PUXXY_NODE/TE3002B/puzzle_ws/install/puzzle_pkg:/home/puzzlebot/ros2_ws/install/puzzlebot_ros:/opt/ros/humble:/home/puzzlebot/ros2_packages_ws/install/ros_deep_learning:/home/puzzlebot/ros2_packages_ws/install/micro_ros_setup:/home/puzzlebot/ros2_packages_ws/install/micro_ros_agent:/home/puzzlebot/ros2_packages_ws/install/micro_ros_msgs:/home/puzzlebot/ros2_packages_ws/install/camera_info_publisher /usr/bin/cmake --build /home/puzzlebot/Desktop/PUXXY_NODE/TE3002B/puzzle_ws/build/puzzle_pkg -- -j4 -l4
[1.884s] [  2%] Built target puzzle_pkg__cpp
[1.949s] [  4%] Built target ament_cmake_python_copy_puzzle_pkg
[1.949s] [  9%] Built target puzzle_pkg__rosidl_generator_c
[2.056s] [ 23%] Built target puzzle_pkg__rosidl_typesupport_c
[2.057s] [ 23%] Built target puzzle_pkg__rosidl_typesupport_cpp
[2.077s] [ 28%] Built target cam_source
[2.105s] [ 33%] Built target odometry
[2.176s] [ 40%] Built target puzzle_pkg__rosidl_typesupport_fastrtps_c
[2.198s] [ 47%] Built target puzzle_pkg__rosidl_typesupport_fastrtps_cpp
[2.202s] [ 54%] Built target puzzle_pkg__rosidl_typesupport_introspection_cpp
[2.253s] [ 61%] Built target puzzle_pkg__rosidl_typesupport_introspection_c
[2.272s] [35m[1mScanning dependencies of target controller[0m
[2.363s] [ 61%] Built target puzzle_pkg
[2.414s] [ 73%] Built target lane_detection
[2.536s] [ 76%] Built target puzzle_pkg__py
[2.597s] [ 78%] [32mBuilding CXX object CMakeFiles/controller.dir/src/control/controller.cpp.o[0m
[2.738s] [ 83%] Built target puzzle_pkg__rosidl_generator_py
[3.066s] [ 88%] Built target puzzle_pkg__rosidl_typesupport_c__pyext
[3.077s] [ 92%] Built target puzzle_pkg__rosidl_typesupport_introspection_c__pyext
[3.195s] [ 97%] Built target puzzle_pkg__rosidl_typesupport_fastrtps_c__pyext
[3.549s] running egg_info
[3.554s] writing puzzle_pkg.egg-info/PKG-INFO
[3.555s] writing dependency_links to puzzle_pkg.egg-info/dependency_links.txt
[3.556s] writing top-level names to puzzle_pkg.egg-info/top_level.txt
[3.758s] reading manifest file 'puzzle_pkg.egg-info/SOURCES.txt'
[3.762s] writing manifest file 'puzzle_pkg.egg-info/SOURCES.txt'
[3.883s] [ 97%] Built target ament_cmake_python_build_puzzle_pkg_egg
[13.921s] [01m[K/home/puzzlebot/Desktop/PUXXY_NODE/TE3002B/puzzle_ws/src/puzzle_pkg/src/control/controller.cpp:[m[K In member function â€˜[01m[Kvoid Controller::controller_callback()[m[Kâ€™:
[13.922s] [01m[K/home/puzzlebot/Desktop/PUXXY_NODE/TE3002B/puzzle_ws/src/puzzle_pkg/src/control/controller.cpp:128:32:[m[K [01;31m[Kerror: [m[Kâ€˜[01m[Kangular_max_velocity[m[Kâ€™ was not declared in this scope
[13.922s]                  angular_vel_ = [01;31m[Kangular_max_velocity[m[K;
[13.922s]                                 [01;31m[K^~~~~~~~~~~~~~~~~~~~[m[K
[13.933s] [01m[K/home/puzzlebot/Desktop/PUXXY_NODE/TE3002B/puzzle_ws/src/puzzle_pkg/src/control/controller.cpp:128:32:[m[K [01;36m[Knote: [m[Ksuggested alternative: â€˜[01m[Kangular_vel_[m[Kâ€™
[13.934s]                  angular_vel_ = [01;36m[Kangular_max_velocity[m[K;
[13.934s]                                 [01;36m[K^~~~~~~~~~~~~~~~~~~~[m[K
[13.935s]                                 [32m[Kangular_vel_[m[K
[31.999s] make[2]: *** [CMakeFiles/controller.dir/build.make:63: CMakeFiles/controller.dir/src/control/controller.cpp.o] Error 1
[32.046s] make[1]: *** [CMakeFiles/Makefile2:363: CMakeFiles/controller.dir/all] Error 2
[32.047s] make: *** [Makefile:141: all] Error 2
[32.858s] Invoked command in '/home/puzzlebot/Desktop/PUXXY_NODE/TE3002B/puzzle_ws/build/puzzle_pkg' returned '2': CMAKE_PREFIX_PATH=/home/puzzlebot/Desktop/PUXXY_NODE/TE3002B/puzzle_ws/install/puzzle_pkg:/home/puzzlebot/ros2_ws/install/puzzlebot_ros:/opt/ros/humble:/home/puzzlebot/ros2_packages_ws/install/ros_deep_learning:/home/puzzlebot/ros2_packages_ws/install/micro_ros_setup:/home/puzzlebot/ros2_packages_ws/install/micro_ros_agent:/home/puzzlebot/ros2_packages_ws/install/micro_ros_msgs:/home/puzzlebot/ros2_packages_ws/install/camera_info_publisher /usr/bin/cmake --build /home/puzzlebot/Desktop/PUXXY_NODE/TE3002B/puzzle_ws/build/puzzle_pkg -- -j4 -l4
