[35m[1mScanning dependencies of target lane_processing[0m
[ 20%] [32mBuilding CXX object CMakeFiles/lane_processing.dir/src/lane_detection.cpp.o[0m
[ 40%] [32mBuilding CXX object CMakeFiles/lane_processing.dir/src/lib/lane_funcs.cpp.o[0m
[01m[K/home/puzzlebot/Desktop/PUXXY_NODE/TE3002B/lane_processing_ws/src/lane_processing/src/lane_detection.cpp:[m[K In member function â€˜[01m[Kdouble LaneProcessingNode::detect_lane_center(cv::Mat&)[m[Kâ€™:
[01m[K/home/puzzlebot/Desktop/PUXXY_NODE/TE3002B/lane_processing_ws/src/lane_processing/src/lane_detection.cpp:100:21:[m[K [01;31m[Kerror: [m[Kâ€˜[01m[KVec4i[m[Kâ€™ was not declared in this scope
         std::vector<[01;31m[KVec4i[m[K> lines = detect_lines_hough(cropped_frame);
                     [01;31m[K^~~~~[m[K
[01m[K/home/puzzlebot/Desktop/PUXXY_NODE/TE3002B/lane_processing_ws/src/lane_processing/src/lane_detection.cpp:100:21:[m[K [01;36m[Knote: [m[Ksuggested alternative:
In file included from [01m[K/usr/include/opencv4/opencv2/core.hpp:57[m[K,
                 from [01m[K/usr/include/opencv4/opencv2/core/core.hpp:48[m[K,
                 from [01m[K/opt/ros/humble/include/cv_bridge/cv_bridge/cv_bridge.h:43[m[K,
                 from [01m[K/home/puzzlebot/Desktop/PUXXY_NODE/TE3002B/lane_processing_ws/src/lane_processing/src/lane_detection.cpp:2[m[K:
[01m[K/usr/include/opencv4/opencv2/core/matx.hpp:414:21:[m[K [01;36m[Knote: [m[K  â€˜[01m[Kcv::Vec4i[m[Kâ€™
 typedef Vec<int, 4> [01;36m[KVec4i[m[K;
                     [01;36m[K^~~~~[m[K
[01m[K/home/puzzlebot/Desktop/PUXXY_NODE/TE3002B/lane_processing_ws/src/lane_processing/src/lane_detection.cpp:100:26:[m[K [01;31m[Kerror: [m[Ktemplate argument 1 is invalid
         std::vector<Vec4i[01;31m[K>[m[K lines = detect_lines_hough(cropped_frame);
                          [01;31m[K^[m[K
[01m[K/home/puzzlebot/Desktop/PUXXY_NODE/TE3002B/lane_processing_ws/src/lane_processing/src/lane_detection.cpp:100:26:[m[K [01;31m[Kerror: [m[Ktemplate argument 2 is invalid
[01m[K/home/puzzlebot/Desktop/PUXXY_NODE/TE3002B/lane_processing_ws/src/lane_processing/src/lane_detection.cpp:100:68:[m[K [01;31m[Kerror: [m[Kcannot convert â€˜[01m[Kstd::vector<cv::Vec<int, 4> >[m[Kâ€™ to â€˜[01m[Kint[m[Kâ€™ in initialization
         std::vector<Vec4i> lines = detect_lines_hough(cropped_frame[01;31m[K)[m[K;
                                                                    [01;31m[K^[m[K
[01m[K/home/puzzlebot/Desktop/PUXXY_NODE/TE3002B/lane_processing_ws/src/lane_processing/src/lane_detection.cpp:101:17:[m[K [01;31m[Kerror: [m[Kâ€˜[01m[Kgroup_similar_lines[m[Kâ€™ was not declared in this scope
         lines = [01;31m[Kgroup_similar_lines[m[K(lines);
                 [01;31m[K^~~~~~~~~~~~~~~~~~~[m[K
[01m[K/home/puzzlebot/Desktop/PUXXY_NODE/TE3002B/lane_processing_ws/src/lane_processing/src/lane_detection.cpp:102:9:[m[K [01;31m[Kerror: [m[Kâ€˜[01m[Kprevious_line[m[Kâ€™ was not declared in this scope
         [01;31m[Kprevious_line[m[K = lane_history;
         [01;31m[K^~~~~~~~~~~~~[m[K
[01m[K/home/puzzlebot/Desktop/PUXXY_NODE/TE3002B/lane_processing_ws/src/lane_processing/src/lane_detection.cpp:102:25:[m[K [01;31m[Kerror: [m[Kâ€˜[01m[Klane_history[m[Kâ€™ was not declared in this scope
         previous_line = [01;31m[Klane_history[m[K;
                         [01;31m[K^~~~~~~~~~~~[m[K
[01m[K/home/puzzlebot/Desktop/PUXXY_NODE/TE3002B/lane_processing_ws/src/lane_processing/src/lane_detection.cpp:102:25:[m[K [01;36m[Knote: [m[Ksuggested alternative: â€˜[01m[Klane_history_[m[Kâ€™
         previous_line = [01;36m[Klane_history[m[K;
                         [01;36m[K^~~~~~~~~~~~[m[K
                         [32m[Klane_history_[m[K
[01m[K/home/puzzlebot/Desktop/PUXXY_NODE/TE3002B/lane_processing_ws/src/lane_processing/src/lane_detection.cpp:103:9:[m[K [01;31m[Kerror: [m[Kâ€˜[01m[Kselected_line[m[Kâ€™ was not declared in this scope
         [01;31m[Kselected_line[m[K = select_relevant_line(lines, previous_line);
         [01;31m[K^~~~~~~~~~~~~[m[K
[01m[K/home/puzzlebot/Desktop/PUXXY_NODE/TE3002B/lane_processing_ws/src/lane_processing/src/lane_detection.cpp:103:25:[m[K [01;31m[Kerror: [m[Kâ€˜[01m[Kselect_relevant_line[m[Kâ€™ was not declared in this scope
         selected_line = [01;31m[Kselect_relevant_line[m[K(lines, previous_line);
                         [01;31m[K^~~~~~~~~~~~~~~~~~~~[m[K
[01m[K/home/puzzlebot/Desktop/PUXXY_NODE/TE3002B/lane_processing_ws/src/lane_processing/src/lane_detection.cpp:104:30:[m[K [01;31m[Kerror: [m[Kexpected primary-expression before â€˜[01m[K{[m[Kâ€™ token
         if (selected_line != [01;31m[K{[m[K0, 0, 0, 0}) {
                              [01;31m[K^[m[K
[01m[K/home/puzzlebot/Desktop/PUXXY_NODE/TE3002B/lane_processing_ws/src/lane_processing/src/lane_detection.cpp:104:29:[m[K [01;31m[Kerror: [m[Kexpected â€˜[01m[K)[m[Kâ€™ before â€˜[01m[K{[m[Kâ€™ token
         if [34m[K([m[Kselected_line !=[01;31m[K [m[K[32m[K{[m[K0, 0, 0, 0}) {
            [34m[K~[m[K                [01;31m[K^[m[K[32m[K~[m[K
                             [32m[K)[m[K
[01m[K/home/puzzlebot/Desktop/PUXXY_NODE/TE3002B/lane_processing_ws/src/lane_processing/src/lane_detection.cpp:105:34:[m[K [01;31m[Kerror: [m[Kâ€˜[01m[Kcalculate_angle_error[m[Kâ€™ was not declared in this scope
             double angle_error = [01;31m[Kcalculate_angle_error[m[K(selected_line, cropped_frame.rows, cropped_frame.cols);
                                  [01;31m[K^~~~~~~~~~~~~~~~~~~~~[m[K
[01m[K/home/puzzlebot/Desktop/PUXXY_NODE/TE3002B/lane_processing_ws/src/lane_processing/src/lane_detection.cpp:105:34:[m[K [01;36m[Knote: [m[Ksuggested alternative: â€˜[01m[Kangle_error[m[Kâ€™
             double angle_error = [01;36m[Kcalculate_angle_error[m[K(selected_line, cropped_frame.rows, cropped_frame.cols);
                                  [01;36m[K^~~~~~~~~~~~~~~~~~~~~[m[K
                                  [32m[Kangle_error[m[K
[01m[K/home/puzzlebot/Desktop/PUXXY_NODE/TE3002B/lane_processing_ws/src/lane_processing/src/lane_detection.cpp:106:41:[m[K [01;31m[Kerror: [m[Kâ€˜[01m[Kdraw_hough_lines[m[Kâ€™ was not declared in this scope
             cv::Mat hough_lines_frame = [01;31m[Kdraw_hough_lines[m[K(cropped_frame, selected_line);
                                         [01;31m[K^~~~~~~~~~~~~~~~[m[K
[01m[K/home/puzzlebot/Desktop/PUXXY_NODE/TE3002B/lane_processing_ws/src/lane_processing/src/lane_detection.cpp:[m[K In member function â€˜[01m[Kdouble LaneProcessingNode::process_frame(cv::Mat&)[m[Kâ€™:
[01m[K/home/puzzlebot/Desktop/PUXXY_NODE/TE3002B/lane_processing_ws/src/lane_processing/src/lane_detection.cpp:128:16:[m[K [01;35m[Kwarning: [m[Kunused variable â€˜[01m[Kangle_error_calc[m[Kâ€™ [[01;35m[K-Wunused-variable[m[K]
         double [01;35m[Kangle_error_calc[m[K = detect_lane_center(thresholded);
                [01;35m[K^~~~~~~~~~~~~~~~[m[K
[01m[K/home/puzzlebot/Desktop/PUXXY_NODE/TE3002B/lane_processing_ws/src/lane_processing/src/lane_detection.cpp:[m[K In member function â€˜[01m[Kdouble LaneProcessingNode::detect_lane_center(cv::Mat&)[m[Kâ€™:
[01m[K/home/puzzlebot/Desktop/PUXXY_NODE/TE3002B/lane_processing_ws/src/lane_processing/src/lane_detection.cpp:114:5:[m[K [01;35m[Kwarning: [m[Kcontrol reaches end of non-void function [[01;35m[K-Wreturn-type[m[K]
     [01;35m[K}[m[K
     [01;35m[K^[m[K
make[2]: *** [CMakeFiles/lane_processing.dir/build.make:63: CMakeFiles/lane_processing.dir/src/lane_detection.cpp.o] Error 1
make[1]: *** [CMakeFiles/Makefile2:78: CMakeFiles/lane_processing.dir/all] Error 2
make: *** [Makefile:141: all] Error 2
