[1.403s] Invoking command in '/home/puzzlebot/Desktop/PUXXY_NODE/TE3002B/lane_processing_ws/build/lane_processing': CMAKE_PREFIX_PATH=/home/puzzlebot/Desktop/PUXXY_NODE/TE3002B/lane_processing_ws/install/lane_processing:/home/puzzlebot/ros2_ws/install/puzzlebot_ros:/opt/ros/humble:/home/puzzlebot/ros2_packages_ws/install/ros_deep_learning:/home/puzzlebot/ros2_packages_ws/install/micro_ros_setup:/home/puzzlebot/ros2_packages_ws/install/micro_ros_agent:/home/puzzlebot/ros2_packages_ws/install/micro_ros_msgs:/home/puzzlebot/ros2_packages_ws/install/camera_info_publisher /usr/bin/cmake --build /home/puzzlebot/Desktop/PUXXY_NODE/TE3002B/lane_processing_ws/build/lane_processing -- -j4 -l4
[1.730s] [35m[1mScanning dependencies of target lane_processing[0m
[1.893s] [ 20%] [32mBuilding CXX object CMakeFiles/lane_processing.dir/src/lane_detection.cpp.o[0m
[1.923s] [ 40%] [32mBuilding CXX object CMakeFiles/lane_processing.dir/src/lib/lane_funcs.cpp.o[0m
[16.337s] [01m[K/home/puzzlebot/Desktop/PUXXY_NODE/TE3002B/lane_processing_ws/src/lane_processing/src/lane_detection.cpp:[m[K In member function â€˜[01m[Kdouble LaneProcessingNode::detect_lane_center(cv::Mat&)[m[Kâ€™:
[16.338s] [01m[K/home/puzzlebot/Desktop/PUXXY_NODE/TE3002B/lane_processing_ws/src/lane_processing/src/lane_detection.cpp:100:21:[m[K [01;31m[Kerror: [m[Kâ€˜[01m[KVec4i[m[Kâ€™ was not declared in this scope
[16.338s]          std::vector<[01;31m[KVec4i[m[K> lines = detect_lines_hough(cropped_frame);
[16.339s]                      [01;31m[K^~~~~[m[K
[16.340s] [01m[K/home/puzzlebot/Desktop/PUXXY_NODE/TE3002B/lane_processing_ws/src/lane_processing/src/lane_detection.cpp:100:21:[m[K [01;36m[Knote: [m[Ksuggested alternative:
[16.340s] In file included from [01m[K/usr/include/opencv4/opencv2/core.hpp:57[m[K,
[16.341s]                  from [01m[K/usr/include/opencv4/opencv2/core/core.hpp:48[m[K,
[16.341s]                  from [01m[K/opt/ros/humble/include/cv_bridge/cv_bridge/cv_bridge.h:43[m[K,
[16.342s]                  from [01m[K/home/puzzlebot/Desktop/PUXXY_NODE/TE3002B/lane_processing_ws/src/lane_processing/src/lane_detection.cpp:2[m[K:
[16.342s] [01m[K/usr/include/opencv4/opencv2/core/matx.hpp:414:21:[m[K [01;36m[Knote: [m[K  â€˜[01m[Kcv::Vec4i[m[Kâ€™
[16.342s]  typedef Vec<int, 4> [01;36m[KVec4i[m[K;
[16.343s]                      [01;36m[K^~~~~[m[K
[16.343s] [01m[K/home/puzzlebot/Desktop/PUXXY_NODE/TE3002B/lane_processing_ws/src/lane_processing/src/lane_detection.cpp:100:26:[m[K [01;31m[Kerror: [m[Ktemplate argument 1 is invalid
[16.344s]          std::vector<Vec4i[01;31m[K>[m[K lines = detect_lines_hough(cropped_frame);
[16.344s]                           [01;31m[K^[m[K
[16.344s] [01m[K/home/puzzlebot/Desktop/PUXXY_NODE/TE3002B/lane_processing_ws/src/lane_processing/src/lane_detection.cpp:100:26:[m[K [01;31m[Kerror: [m[Ktemplate argument 2 is invalid
[16.347s] [01m[K/home/puzzlebot/Desktop/PUXXY_NODE/TE3002B/lane_processing_ws/src/lane_processing/src/lane_detection.cpp:100:68:[m[K [01;31m[Kerror: [m[Kcannot convert â€˜[01m[Kstd::vector<cv::Vec<int, 4> >[m[Kâ€™ to â€˜[01m[Kint[m[Kâ€™ in initialization
[16.347s]          std::vector<Vec4i> lines = detect_lines_hough(cropped_frame[01;31m[K)[m[K;
[16.348s]                                                                     [01;31m[K^[m[K
[16.348s] [01m[K/home/puzzlebot/Desktop/PUXXY_NODE/TE3002B/lane_processing_ws/src/lane_processing/src/lane_detection.cpp:101:17:[m[K [01;31m[Kerror: [m[Kâ€˜[01m[Kgroup_similar_lines[m[Kâ€™ was not declared in this scope
[16.349s]          lines = [01;31m[Kgroup_similar_lines[m[K(lines);
[16.349s]                  [01;31m[K^~~~~~~~~~~~~~~~~~~[m[K
[16.376s] [01m[K/home/puzzlebot/Desktop/PUXXY_NODE/TE3002B/lane_processing_ws/src/lane_processing/src/lane_detection.cpp:102:9:[m[K [01;31m[Kerror: [m[Kâ€˜[01m[Kprevious_line[m[Kâ€™ was not declared in this scope
[16.376s]          [01;31m[Kprevious_line[m[K = lane_history;
[16.377s]          [01;31m[K^~~~~~~~~~~~~[m[K
[16.400s] [01m[K/home/puzzlebot/Desktop/PUXXY_NODE/TE3002B/lane_processing_ws/src/lane_processing/src/lane_detection.cpp:102:25:[m[K [01;31m[Kerror: [m[Kâ€˜[01m[Klane_history[m[Kâ€™ was not declared in this scope
[16.400s]          previous_line = [01;31m[Klane_history[m[K;
[16.401s]                          [01;31m[K^~~~~~~~~~~~[m[K
[16.410s] [01m[K/home/puzzlebot/Desktop/PUXXY_NODE/TE3002B/lane_processing_ws/src/lane_processing/src/lane_detection.cpp:102:25:[m[K [01;36m[Knote: [m[Ksuggested alternative: â€˜[01m[Klane_history_[m[Kâ€™
[16.411s]          previous_line = [01;36m[Klane_history[m[K;
[16.411s]                          [01;36m[K^~~~~~~~~~~~[m[K
[16.412s]                          [32m[Klane_history_[m[K
[16.412s] [01m[K/home/puzzlebot/Desktop/PUXXY_NODE/TE3002B/lane_processing_ws/src/lane_processing/src/lane_detection.cpp:103:9:[m[K [01;31m[Kerror: [m[Kâ€˜[01m[Kselected_line[m[Kâ€™ was not declared in this scope
[16.413s]          [01;31m[Kselected_line[m[K = select_relevant_line(lines, previous_line);
[16.413s]          [01;31m[K^~~~~~~~~~~~~[m[K
[16.433s] [01m[K/home/puzzlebot/Desktop/PUXXY_NODE/TE3002B/lane_processing_ws/src/lane_processing/src/lane_detection.cpp:103:25:[m[K [01;31m[Kerror: [m[Kâ€˜[01m[Kselect_relevant_line[m[Kâ€™ was not declared in this scope
[16.434s]          selected_line = [01;31m[Kselect_relevant_line[m[K(lines, previous_line);
[16.434s]                          [01;31m[K^~~~~~~~~~~~~~~~~~~~[m[K
[16.463s] [01m[K/home/puzzlebot/Desktop/PUXXY_NODE/TE3002B/lane_processing_ws/src/lane_processing/src/lane_detection.cpp:104:30:[m[K [01;31m[Kerror: [m[Kexpected primary-expression before â€˜[01m[K{[m[Kâ€™ token
[16.464s]          if (selected_line != [01;31m[K{[m[K0, 0, 0, 0}) {
[16.464s]                               [01;31m[K^[m[K
[16.465s] [01m[K/home/puzzlebot/Desktop/PUXXY_NODE/TE3002B/lane_processing_ws/src/lane_processing/src/lane_detection.cpp:104:29:[m[K [01;31m[Kerror: [m[Kexpected â€˜[01m[K)[m[Kâ€™ before â€˜[01m[K{[m[Kâ€™ token
[16.465s]          if [34m[K([m[Kselected_line !=[01;31m[K [m[K[32m[K{[m[K0, 0, 0, 0}) {
[16.465s]             [34m[K~[m[K                [01;31m[K^[m[K[32m[K~[m[K
[16.466s]                              [32m[K)[m[K
[16.466s] [01m[K/home/puzzlebot/Desktop/PUXXY_NODE/TE3002B/lane_processing_ws/src/lane_processing/src/lane_detection.cpp:105:34:[m[K [01;31m[Kerror: [m[Kâ€˜[01m[Kcalculate_angle_error[m[Kâ€™ was not declared in this scope
[16.467s]              double angle_error = [01;31m[Kcalculate_angle_error[m[K(selected_line, cropped_frame.rows, cropped_frame.cols);
[16.467s]                                   [01;31m[K^~~~~~~~~~~~~~~~~~~~~[m[K
[16.491s] [01m[K/home/puzzlebot/Desktop/PUXXY_NODE/TE3002B/lane_processing_ws/src/lane_processing/src/lane_detection.cpp:105:34:[m[K [01;36m[Knote: [m[Ksuggested alternative: â€˜[01m[Kangle_error[m[Kâ€™
[16.492s]              double angle_error = [01;36m[Kcalculate_angle_error[m[K(selected_line, cropped_frame.rows, cropped_frame.cols);
[16.492s]                                   [01;36m[K^~~~~~~~~~~~~~~~~~~~~[m[K
[16.493s]                                   [32m[Kangle_error[m[K
[16.493s] [01m[K/home/puzzlebot/Desktop/PUXXY_NODE/TE3002B/lane_processing_ws/src/lane_processing/src/lane_detection.cpp:106:41:[m[K [01;31m[Kerror: [m[Kâ€˜[01m[Kdraw_hough_lines[m[Kâ€™ was not declared in this scope
[16.493s]              cv::Mat hough_lines_frame = [01;31m[Kdraw_hough_lines[m[K(cropped_frame, selected_line);
[16.494s]                                          [01;31m[K^~~~~~~~~~~~~~~~[m[K
[16.531s] [01m[K/home/puzzlebot/Desktop/PUXXY_NODE/TE3002B/lane_processing_ws/src/lane_processing/src/lane_detection.cpp:[m[K In member function â€˜[01m[Kdouble LaneProcessingNode::process_frame(cv::Mat&)[m[Kâ€™:
[16.532s] [01m[K/home/puzzlebot/Desktop/PUXXY_NODE/TE3002B/lane_processing_ws/src/lane_processing/src/lane_detection.cpp:128:16:[m[K [01;35m[Kwarning: [m[Kunused variable â€˜[01m[Kangle_error_calc[m[Kâ€™ [[01;35m[K-Wunused-variable[m[K]
[16.532s]          double [01;35m[Kangle_error_calc[m[K = detect_lane_center(thresholded);
[16.533s]                 [01;35m[K^~~~~~~~~~~~~~~~[m[K
[27.094s] [01m[K/home/puzzlebot/Desktop/PUXXY_NODE/TE3002B/lane_processing_ws/src/lane_processing/src/lane_detection.cpp:[m[K In member function â€˜[01m[Kdouble LaneProcessingNode::detect_lane_center(cv::Mat&)[m[Kâ€™:
[27.096s] [01m[K/home/puzzlebot/Desktop/PUXXY_NODE/TE3002B/lane_processing_ws/src/lane_processing/src/lane_detection.cpp:114:5:[m[K [01;35m[Kwarning: [m[Kcontrol reaches end of non-void function [[01;35m[K-Wreturn-type[m[K]
[27.097s]      [01;35m[K}[m[K
[27.097s]      [01;35m[K^[m[K
[27.985s] make[2]: *** [CMakeFiles/lane_processing.dir/build.make:63: CMakeFiles/lane_processing.dir/src/lane_detection.cpp.o] Error 1
[27.986s] make[1]: *** [CMakeFiles/Makefile2:78: CMakeFiles/lane_processing.dir/all] Error 2
[27.987s] make: *** [Makefile:141: all] Error 2
[28.150s] Invoked command in '/home/puzzlebot/Desktop/PUXXY_NODE/TE3002B/lane_processing_ws/build/lane_processing' returned '2': CMAKE_PREFIX_PATH=/home/puzzlebot/Desktop/PUXXY_NODE/TE3002B/lane_processing_ws/install/lane_processing:/home/puzzlebot/ros2_ws/install/puzzlebot_ros:/opt/ros/humble:/home/puzzlebot/ros2_packages_ws/install/ros_deep_learning:/home/puzzlebot/ros2_packages_ws/install/micro_ros_setup:/home/puzzlebot/ros2_packages_ws/install/micro_ros_agent:/home/puzzlebot/ros2_packages_ws/install/micro_ros_msgs:/home/puzzlebot/ros2_packages_ws/install/camera_info_publisher /usr/bin/cmake --build /home/puzzlebot/Desktop/PUXXY_NODE/TE3002B/lane_processing_ws/build/lane_processing -- -j4 -l4
