[0.086s] Invoking command in '/home/puzzlebot/Documents/PUXXY_NODE/TE3002B/puzzle_ws/build/puzzle_pkg': CMAKE_PREFIX_PATH=/home/puzzlebot/Documents/PUXXY_NODE/TE3002B/puzzle_ws/install/puzzle_pkg:/home/puzzlebot/ros2_ws/install/puzzlebot_ros:/opt/ros/humble:/home/puzzlebot/ros2_packages_ws/install/ros_deep_learning:/home/puzzlebot/ros2_packages_ws/install/micro_ros_setup:/home/puzzlebot/ros2_packages_ws/install/micro_ros_agent:/home/puzzlebot/ros2_packages_ws/install/micro_ros_msgs:/home/puzzlebot/ros2_packages_ws/install/camera_info_publisher /usr/bin/cmake --build /home/puzzlebot/Documents/PUXXY_NODE/TE3002B/puzzle_ws/build/puzzle_pkg -- -j4 -l4
[0.553s] [  2%] Built target puzzle_pkg__cpp
[0.656s] [  9%] Built target puzzle_pkg__rosidl_generator_c
[0.732s] [  9%] Built target ament_cmake_python_copy_puzzle_pkg
[0.753s] [ 14%] Built target cam_source
[0.890s] [ 21%] Built target puzzle_pkg__rosidl_typesupport_cpp
[0.895s] [ 26%] Built target odometry
[0.956s] [ 33%] Built target puzzle_pkg__rosidl_typesupport_c
[0.996s] [ 40%] Built target puzzle_pkg__rosidl_typesupport_fastrtps_c
[1.064s] [ 47%] Built target puzzle_pkg__rosidl_typesupport_fastrtps_cpp
[1.093s] [ 54%] Built target puzzle_pkg__rosidl_typesupport_introspection_cpp
[1.132s] [ 61%] Built target puzzle_pkg__rosidl_typesupport_introspection_c
[1.266s] [35m[1mScanning dependencies of target lane_detection[0m
[1.321s] [ 61%] Built target puzzle_pkg
[1.438s] [ 66%] Built target controller
[1.500s] [ 69%] Built target puzzle_pkg__py
[1.859s] [ 71%] [32mBuilding CXX object CMakeFiles/lane_detection.dir/src/vision/lane_detection.cpp.o[0m
[1.976s] [ 76%] Built target puzzle_pkg__rosidl_generator_py
[2.298s] [ 80%] Built target puzzle_pkg__rosidl_typesupport_introspection_c__pyext
[2.383s] [ 85%] Built target puzzle_pkg__rosidl_typesupport_c__pyext
[2.630s] [ 90%] Built target puzzle_pkg__rosidl_typesupport_fastrtps_c__pyext
[2.951s] running egg_info
[2.955s] writing puzzle_pkg.egg-info/PKG-INFO
[2.967s] writing dependency_links to puzzle_pkg.egg-info/dependency_links.txt
[2.970s] writing top-level names to puzzle_pkg.egg-info/top_level.txt
[3.198s] reading manifest file 'puzzle_pkg.egg-info/SOURCES.txt'
[3.201s] writing manifest file 'puzzle_pkg.egg-info/SOURCES.txt'
[3.343s] [ 90%] Built target ament_cmake_python_build_puzzle_pkg_egg
[20.335s] [01m[K/home/puzzlebot/Documents/PUXXY_NODE/TE3002B/puzzle_ws/src/puzzle_pkg/src/vision/lane_detection.cpp:[m[K In member function â€˜[01m[Kvoid LaneProcessingNode::image_callback(sensor_msgs::msg::Image_<std::allocator<void> >::SharedPtr)[m[Kâ€™:
[20.336s] [01m[K/home/puzzlebot/Documents/PUXXY_NODE/TE3002B/puzzle_ws/src/puzzle_pkg/src/vision/lane_detection.cpp:89:16:[m[K [01;35m[Kwarning: [m[Kunused variable â€˜[01m[Kangle[m[Kâ€™ [[01;35m[K-Wunused-variable[m[K]
[20.336s]          double [01;35m[Kangle[m[K = process_frame(fliped_frame);
[20.337s]                 [01;35m[K^~~~~[m[K
[20.379s] [01m[K/home/puzzlebot/Documents/PUXXY_NODE/TE3002B/puzzle_ws/src/puzzle_pkg/src/vision/lane_detection.cpp:[m[K In member function â€˜[01m[Kdouble LaneProcessingNode::process_frame(cv::Mat&)[m[Kâ€™:
[20.379s] [01m[K/home/puzzlebot/Documents/PUXXY_NODE/TE3002B/puzzle_ws/src/puzzle_pkg/src/vision/lane_detection.cpp:271:19:[m[K [01;31m[Kerror: [m[Kexpected â€˜[01m[K;[m[Kâ€™ before â€˜[01m[K}[m[Kâ€™ token
[20.380s]          return 0.0
[20.381s]                    [01;31m[K^[m[K
[20.381s]                    [32m[K;[m[K
[20.382s]      [32m[K}[m[K
[20.383s]      [32m[K~[m[K              
[35.672s] make[2]: *** [CMakeFiles/lane_detection.dir/build.make:63: CMakeFiles/lane_detection.dir/src/vision/lane_detection.cpp.o] Error 1
[35.673s] make[1]: *** [CMakeFiles/Makefile2:160: CMakeFiles/lane_detection.dir/all] Error 2
[35.674s] make: *** [Makefile:141: all] Error 2
[35.682s] Invoked command in '/home/puzzlebot/Documents/PUXXY_NODE/TE3002B/puzzle_ws/build/puzzle_pkg' returned '2': CMAKE_PREFIX_PATH=/home/puzzlebot/Documents/PUXXY_NODE/TE3002B/puzzle_ws/install/puzzle_pkg:/home/puzzlebot/ros2_ws/install/puzzlebot_ros:/opt/ros/humble:/home/puzzlebot/ros2_packages_ws/install/ros_deep_learning:/home/puzzlebot/ros2_packages_ws/install/micro_ros_setup:/home/puzzlebot/ros2_packages_ws/install/micro_ros_agent:/home/puzzlebot/ros2_packages_ws/install/micro_ros_msgs:/home/puzzlebot/ros2_packages_ws/install/camera_info_publisher /usr/bin/cmake --build /home/puzzlebot/Documents/PUXXY_NODE/TE3002B/puzzle_ws/build/puzzle_pkg -- -j4 -l4
