[  6%] Built target puzzle_pkg__rosidl_generator_c
[  9%] Built target puzzle_pkg__cpp
[ 13%] Built target odometry
[ 13%] Built target ament_cmake_python_copy_puzzle_pkg
[ 20%] Built target puzzle_pkg__rosidl_typesupport_cpp
[ 25%] Built target cam_source
[ 31%] Built target puzzle_pkg__rosidl_typesupport_c
[ 36%] Built target signal_handle
[ 43%] Built target puzzle_pkg__rosidl_typesupport_introspection_cpp
[ 50%] Built target puzzle_pkg__rosidl_typesupport_fastrtps_cpp
[ 54%] Built target controller
[ 61%] Built target puzzle_pkg__rosidl_typesupport_introspection_c
[ 68%] Built target puzzle_pkg__rosidl_typesupport_fastrtps_c
[35m[1mScanning dependencies of target lane_detection[0m
[ 68%] Built target puzzle_pkg
[ 70%] Built target puzzle_pkg__py
[ 72%] [32mBuilding CXX object CMakeFiles/lane_detection.dir/src/vision/lane_detection.cpp.o[0m
[ 77%] Built target puzzle_pkg__rosidl_generator_py
[ 81%] Built target puzzle_pkg__rosidl_typesupport_fastrtps_c__pyext
[ 86%] Built target puzzle_pkg__rosidl_typesupport_introspection_c__pyext
[ 90%] Built target puzzle_pkg__rosidl_typesupport_c__pyext
running egg_info
writing puzzle_pkg.egg-info/PKG-INFO
writing dependency_links to puzzle_pkg.egg-info/dependency_links.txt
writing top-level names to puzzle_pkg.egg-info/top_level.txt
reading manifest file 'puzzle_pkg.egg-info/SOURCES.txt'
writing manifest file 'puzzle_pkg.egg-info/SOURCES.txt'
[ 90%] Built target ament_cmake_python_build_puzzle_pkg_egg
[01m[K/home/puzzlebot/Documents/PUXXY_NODE/TE3002B/puzzle_ws/src/puzzle_pkg/src/vision/lane_detection.cpp:[m[K In member function â€˜[01m[Kdouble LaneProcessingNode::process_frame(cv::Mat&)[m[Kâ€™:
[01m[K/home/puzzlebot/Documents/PUXXY_NODE/TE3002B/puzzle_ws/src/puzzle_pkg/src/vision/lane_detection.cpp:300:20:[m[K [01;35m[Kwarning: [m[Kunused variable â€˜[01m[Kerror_ang[m[Kâ€™ [[01;35m[K-Wunused-variable[m[K]
             double [01;35m[Kerror_ang[m[K = detect_lane_center(thresholded);
                    [01;35m[K^~~~~~~~~[m[K
[01m[K/home/puzzlebot/Documents/PUXXY_NODE/TE3002B/puzzle_ws/src/puzzle_pkg/src/vision/lane_detection.cpp:304:20:[m[K [01;35m[Kwarning: [m[Kunused variable â€˜[01m[Kerror_ang[m[Kâ€™ [[01;35m[K-Wunused-variable[m[K]
             double [01;35m[Kerror_ang[m[K = 0.0;
                    [01;35m[K^~~~~~~~~[m[K
[01m[K/home/puzzlebot/Documents/PUXXY_NODE/TE3002B/puzzle_ws/src/puzzle_pkg/src/vision/lane_detection.cpp:308:16:[m[K [01;31m[Kerror: [m[Kâ€˜[01m[Kerror_ang[m[Kâ€™ was not declared in this scope
         return [01;31m[Kerror_ang[m[K;  // Dummy return // FERCHOOOO
                [01;31m[K^~~~~~~~~[m[K
[01m[K/home/puzzlebot/Documents/PUXXY_NODE/TE3002B/puzzle_ws/src/puzzle_pkg/src/vision/lane_detection.cpp:308:16:[m[K [01;36m[Knote: [m[Ksuggested alternative: â€˜[01m[Kerror_t[m[Kâ€™
         return [01;36m[Kerror_ang[m[K;  // Dummy return // FERCHOOOO
                [01;36m[K^~~~~~~~~[m[K
                [32m[Kerror_t[m[K
make[2]: *** [CMakeFiles/lane_detection.dir/build.make:63: CMakeFiles/lane_detection.dir/src/vision/lane_detection.cpp.o] Error 1
make[1]: *** [CMakeFiles/Makefile2:608: CMakeFiles/lane_detection.dir/all] Error 2
make: *** [Makefile:141: all] Error 2
