[1.407s] Invoking command in '/home/puzzlebot/Documents/PUXXY_NODE/TE3002B/puzzle_ws/build/puzzle_pkg': CMAKE_PREFIX_PATH=/home/puzzlebot/Documents/PUXXY_NODE/TE3002B/puzzle_ws/install/cv_bridge:/home/puzzlebot/Documents/PUXXY_NODE/TE3002B/puzzle_ws/install/vision_opencv:/home/puzzlebot/Documents/PUXXY_NODE/TE3002B/puzzle_ws/install/puzzle_pkg:/home/puzzlebot/Documents/PUXXY_NODE/TE3002B/puzzle_ws/install/image_geometry:/home/puzzlebot/Documents/PUXXY_NODE/TE3002B/puzzle_ws/install/opencv_tests:/home/puzzlebot/ros2_ws/install/puzzlebot_ros:/opt/ros/humble:/home/puzzlebot/ros2_packages_ws/install/ros_deep_learning:/home/puzzlebot/ros2_packages_ws/install/micro_ros_setup:/home/puzzlebot/ros2_packages_ws/install/micro_ros_agent:/home/puzzlebot/ros2_packages_ws/install/micro_ros_msgs:/home/puzzlebot/ros2_packages_ws/install/camera_info_publisher LD_LIBRARY_PATH=/home/puzzlebot/Documents/PUXXY_NODE/TE3002B/puzzle_ws/install/cv_bridge/lib:/home/puzzlebot/Documents/PUXXY_NODE/TE3002B/puzzle_ws/install/puzzle_pkg/lib:/home/puzzlebot/Documents/PUXXY_NODE/TE3002B/puzzle_ws/install/image_geometry/lib:/home/puzzlebot/ros2_packages_ws/install/micro_ros_agent/lib:/home/puzzlebot/ros2_packages_ws/install/micro_ros_msgs/lib:/opt/ros/humble/opt/rviz_ogre_vendor/lib:/opt/ros/humble/lib/aarch64-linux-gnu:/opt/ros/humble/lib:/usr/local/cuda/lib64 PYTHONPATH=/home/puzzlebot/Documents/PUXXY_NODE/TE3002B/puzzle_ws/install/cv_bridge/lib/python3.8/site-packages:/home/puzzlebot/Documents/PUXXY_NODE/TE3002B/puzzle_ws/install/puzzle_pkg/lib/python3.8/site-packages:/home/puzzlebot/Documents/PUXXY_NODE/TE3002B/puzzle_ws/install/opencv_tests/lib/python3.8/site-packages:/home/puzzlebot/Documents/PUXXY_NODE/TE3002B/puzzle_ws/install/image_geometry/lib/python3.8/site-packages:/home/puzzlebot/ros2_ws/build/puzzlebot_ros:/home/puzzlebot/ros2_ws/install/puzzlebot_ros/lib/python3.8/site-packages:/home/puzzlebot/ros2_packages_ws/install/micro_ros_msgs/lib/python3.8/site-packages:/opt/ros/humble/lib/python3.8/site-packages /usr/bin/cmake --build /home/puzzlebot/Documents/PUXXY_NODE/TE3002B/puzzle_ws/build/puzzle_pkg -- -j4 -l4
[1.861s] [  6%] Built target puzzle_pkg__rosidl_generator_c
[1.929s] [  9%] Built target puzzle_pkg__cpp
[1.977s] [ 13%] Built target odometry
[2.017s] [ 13%] Built target ament_cmake_python_copy_puzzle_pkg
[2.236s] [ 20%] Built target puzzle_pkg__rosidl_typesupport_cpp
[2.303s] [ 25%] Built target cam_source
[2.317s] [ 31%] Built target puzzle_pkg__rosidl_typesupport_c
[2.439s] [ 36%] Built target signal_handle
[2.506s] [ 43%] Built target puzzle_pkg__rosidl_typesupport_introspection_cpp
[2.613s] [ 50%] Built target puzzle_pkg__rosidl_typesupport_fastrtps_cpp
[2.631s] [ 54%] Built target controller
[2.717s] [ 61%] Built target puzzle_pkg__rosidl_typesupport_introspection_c
[2.762s] [ 68%] Built target puzzle_pkg__rosidl_typesupport_fastrtps_c
[2.766s] [35m[1mScanning dependencies of target lane_detection[0m
[2.990s] [ 68%] Built target puzzle_pkg
[3.228s] [ 70%] Built target puzzle_pkg__py
[3.280s] [ 72%] [32mBuilding CXX object CMakeFiles/lane_detection.dir/src/vision/lane_detection.cpp.o[0m
[3.433s] [ 77%] Built target puzzle_pkg__rosidl_generator_py
[3.808s] [ 81%] Built target puzzle_pkg__rosidl_typesupport_fastrtps_c__pyext
[3.954s] [ 86%] Built target puzzle_pkg__rosidl_typesupport_introspection_c__pyext
[4.074s] [ 90%] Built target puzzle_pkg__rosidl_typesupport_c__pyext
[4.324s] running egg_info
[4.328s] writing puzzle_pkg.egg-info/PKG-INFO
[4.331s] writing dependency_links to puzzle_pkg.egg-info/dependency_links.txt
[4.332s] writing top-level names to puzzle_pkg.egg-info/top_level.txt
[4.509s] reading manifest file 'puzzle_pkg.egg-info/SOURCES.txt'
[4.514s] writing manifest file 'puzzle_pkg.egg-info/SOURCES.txt'
[4.639s] [ 90%] Built target ament_cmake_python_build_puzzle_pkg_egg
[18.647s] [01m[K/home/puzzlebot/Documents/PUXXY_NODE/TE3002B/puzzle_ws/src/puzzle_pkg/src/vision/lane_detection.cpp:[m[K In member function â€˜[01m[Kdouble LaneProcessingNode::process_frame(cv::Mat&)[m[Kâ€™:
[18.648s] [01m[K/home/puzzlebot/Documents/PUXXY_NODE/TE3002B/puzzle_ws/src/puzzle_pkg/src/vision/lane_detection.cpp:300:20:[m[K [01;35m[Kwarning: [m[Kunused variable â€˜[01m[Kerror_ang[m[Kâ€™ [[01;35m[K-Wunused-variable[m[K]
[18.649s]              double [01;35m[Kerror_ang[m[K = detect_lane_center(thresholded);
[18.649s]                     [01;35m[K^~~~~~~~~[m[K
[18.650s] [01m[K/home/puzzlebot/Documents/PUXXY_NODE/TE3002B/puzzle_ws/src/puzzle_pkg/src/vision/lane_detection.cpp:304:20:[m[K [01;35m[Kwarning: [m[Kunused variable â€˜[01m[Kerror_ang[m[Kâ€™ [[01;35m[K-Wunused-variable[m[K]
[18.650s]              double [01;35m[Kerror_ang[m[K = 0.0;
[18.650s]                     [01;35m[K^~~~~~~~~[m[K
[18.651s] [01m[K/home/puzzlebot/Documents/PUXXY_NODE/TE3002B/puzzle_ws/src/puzzle_pkg/src/vision/lane_detection.cpp:308:16:[m[K [01;31m[Kerror: [m[Kâ€˜[01m[Kerror_ang[m[Kâ€™ was not declared in this scope
[18.651s]          return [01;31m[Kerror_ang[m[K;  // Dummy return // FERCHOOOO
[18.651s]                 [01;31m[K^~~~~~~~~[m[K
[18.663s] [01m[K/home/puzzlebot/Documents/PUXXY_NODE/TE3002B/puzzle_ws/src/puzzle_pkg/src/vision/lane_detection.cpp:308:16:[m[K [01;36m[Knote: [m[Ksuggested alternative: â€˜[01m[Kerror_t[m[Kâ€™
[18.664s]          return [01;36m[Kerror_ang[m[K;  // Dummy return // FERCHOOOO
[18.664s]                 [01;36m[K^~~~~~~~~[m[K
[18.665s]                 [32m[Kerror_t[m[K
[30.255s] make[2]: *** [CMakeFiles/lane_detection.dir/build.make:63: CMakeFiles/lane_detection.dir/src/vision/lane_detection.cpp.o] Error 1
[30.256s] make[1]: *** [CMakeFiles/Makefile2:608: CMakeFiles/lane_detection.dir/all] Error 2
[30.257s] make: *** [Makefile:141: all] Error 2
[30.442s] Invoked command in '/home/puzzlebot/Documents/PUXXY_NODE/TE3002B/puzzle_ws/build/puzzle_pkg' returned '2': CMAKE_PREFIX_PATH=/home/puzzlebot/Documents/PUXXY_NODE/TE3002B/puzzle_ws/install/cv_bridge:/home/puzzlebot/Documents/PUXXY_NODE/TE3002B/puzzle_ws/install/vision_opencv:/home/puzzlebot/Documents/PUXXY_NODE/TE3002B/puzzle_ws/install/puzzle_pkg:/home/puzzlebot/Documents/PUXXY_NODE/TE3002B/puzzle_ws/install/image_geometry:/home/puzzlebot/Documents/PUXXY_NODE/TE3002B/puzzle_ws/install/opencv_tests:/home/puzzlebot/ros2_ws/install/puzzlebot_ros:/opt/ros/humble:/home/puzzlebot/ros2_packages_ws/install/ros_deep_learning:/home/puzzlebot/ros2_packages_ws/install/micro_ros_setup:/home/puzzlebot/ros2_packages_ws/install/micro_ros_agent:/home/puzzlebot/ros2_packages_ws/install/micro_ros_msgs:/home/puzzlebot/ros2_packages_ws/install/camera_info_publisher LD_LIBRARY_PATH=/home/puzzlebot/Documents/PUXXY_NODE/TE3002B/puzzle_ws/install/cv_bridge/lib:/home/puzzlebot/Documents/PUXXY_NODE/TE3002B/puzzle_ws/install/puzzle_pkg/lib:/home/puzzlebot/Documents/PUXXY_NODE/TE3002B/puzzle_ws/install/image_geometry/lib:/home/puzzlebot/ros2_packages_ws/install/micro_ros_agent/lib:/home/puzzlebot/ros2_packages_ws/install/micro_ros_msgs/lib:/opt/ros/humble/opt/rviz_ogre_vendor/lib:/opt/ros/humble/lib/aarch64-linux-gnu:/opt/ros/humble/lib:/usr/local/cuda/lib64 PYTHONPATH=/home/puzzlebot/Documents/PUXXY_NODE/TE3002B/puzzle_ws/install/cv_bridge/lib/python3.8/site-packages:/home/puzzlebot/Documents/PUXXY_NODE/TE3002B/puzzle_ws/install/puzzle_pkg/lib/python3.8/site-packages:/home/puzzlebot/Documents/PUXXY_NODE/TE3002B/puzzle_ws/install/opencv_tests/lib/python3.8/site-packages:/home/puzzlebot/Documents/PUXXY_NODE/TE3002B/puzzle_ws/install/image_geometry/lib/python3.8/site-packages:/home/puzzlebot/ros2_ws/build/puzzlebot_ros:/home/puzzlebot/ros2_ws/install/puzzlebot_ros/lib/python3.8/site-packages:/home/puzzlebot/ros2_packages_ws/install/micro_ros_msgs/lib/python3.8/site-packages:/opt/ros/humble/lib/python3.8/site-packages /usr/bin/cmake --build /home/puzzlebot/Documents/PUXXY_NODE/TE3002B/puzzle_ws/build/puzzle_pkg -- -j4 -l4
