[01m[K/home/puzzlebot/Documents/PUXXY_NODE/TE3002B/puzzle_ws/src/puzzle_pkg/src/control/controller.cpp:[m[K In member function â€˜[01m[Kvoid Controller::state_callback(std_msgs::msg::String_<std::allocator<void> >::SharedPtr)[m[Kâ€™:
[01m[K/home/puzzlebot/Documents/PUXXY_NODE/TE3002B/puzzle_ws/src/puzzle_pkg/src/control/controller.cpp:119:9:[m[K [01;31m[Kerror: [m[Kâ€˜[01m[Kcurrent_state_[m[Kâ€™ was not declared in this scope
         [01;31m[Kcurrent_state_[m[K = msg->data;
         [01;31m[K^~~~~~~~~~~~~~[m[K
[01m[K/home/puzzlebot/Documents/PUXXY_NODE/TE3002B/puzzle_ws/src/puzzle_pkg/src/control/controller.cpp:119:9:[m[K [01;36m[Knote: [m[Ksuggested alternative: â€˜[01m[Ksetstate_r[m[Kâ€™
         [01;36m[Kcurrent_state_[m[K = msg->data;
         [01;36m[K^~~~~~~~~~~~~~[m[K
         [32m[Ksetstate_r[m[K
make[2]: *** [CMakeFiles/controller.dir/build.make:63: CMakeFiles/controller.dir/src/control/controller.cpp.o] Error 1
make[1]: *** [CMakeFiles/Makefile2:324: CMakeFiles/controller.dir/all] Error 2
make: *** [Makefile:141: all] Error 2
