[  9%] Built target puzzle_pkg__rosidl_generator_c
[  9%] Built target puzzle_pkg__cpp
[ 13%] Built target odometry
[ 13%] Built target ament_cmake_python_copy_puzzle_pkg
[ 18%] Built target cam_source
[ 22%] Built target signal_handle
[ 29%] Built target puzzle_pkg__rosidl_typesupport_cpp
[ 36%] Built target puzzle_pkg__rosidl_typesupport_c
[ 43%] Built target puzzle_pkg__rosidl_typesupport_fastrtps_cpp
[ 50%] Built target puzzle_pkg__rosidl_typesupport_introspection_cpp
[ 56%] Built target puzzle_pkg__rosidl_typesupport_fastrtps_c
[ 63%] Built target puzzle_pkg__rosidl_typesupport_introspection_c
[35m[1mScanning dependencies of target controller[0m
[ 63%] Built target puzzle_pkg
[ 75%] Built target lane_detection
[ 77%] Built target puzzle_pkg__py
[ 79%] [32mBuilding CXX object CMakeFiles/controller.dir/src/control/controller.cpp.o[0m
[ 84%] Built target puzzle_pkg__rosidl_generator_py
[ 93%] Built target puzzle_pkg__rosidl_typesupport_fastrtps_c__pyext
[ 90%] Built target puzzle_pkg__rosidl_typesupport_introspection_c__pyext
[ 97%] Built target puzzle_pkg__rosidl_typesupport_c__pyext
running egg_info
writing puzzle_pkg.egg-info/PKG-INFO
writing dependency_links to puzzle_pkg.egg-info/dependency_links.txt
writing top-level names to puzzle_pkg.egg-info/top_level.txt
reading manifest file 'puzzle_pkg.egg-info/SOURCES.txt'
writing manifest file 'puzzle_pkg.egg-info/SOURCES.txt'
[ 97%] Built target ament_cmake_python_build_puzzle_pkg_egg
[01m[K/home/puzzlebot/Documents/PUXXY_NODE/TE3002B/puzzle_ws/src/puzzle_pkg/src/control/controller.cpp:[m[K In member function â€˜[01m[Kvoid Controller::state_callback(std_msgs::msg::String_<std::allocator<void> >::SharedPtr)[m[Kâ€™:
[01m[K/home/puzzlebot/Documents/PUXXY_NODE/TE3002B/puzzle_ws/src/puzzle_pkg/src/control/controller.cpp:119:9:[m[K [01;31m[Kerror: [m[Kâ€˜[01m[Kcurrent_state_[m[Kâ€™ was not declared in this scope
         [01;31m[Kcurrent_state_[m[K = msg->data;
         [01;31m[K^~~~~~~~~~~~~~[m[K
[01m[K/home/puzzlebot/Documents/PUXXY_NODE/TE3002B/puzzle_ws/src/puzzle_pkg/src/control/controller.cpp:119:9:[m[K [01;36m[Knote: [m[Ksuggested alternative: â€˜[01m[Ksetstate_r[m[Kâ€™
         [01;36m[Kcurrent_state_[m[K = msg->data;
         [01;36m[K^~~~~~~~~~~~~~[m[K
         [32m[Ksetstate_r[m[K
make[2]: *** [CMakeFiles/controller.dir/build.make:63: CMakeFiles/controller.dir/src/control/controller.cpp.o] Error 1
make[1]: *** [CMakeFiles/Makefile2:324: CMakeFiles/controller.dir/all] Error 2
make: *** [Makefile:141: all] Error 2
