[1.487s] Invoking command in '/home/puzzlebot/Documents/PUXXY_NODE/TE3002B/puzzle_ws/build/puzzle_pkg': AMENT_PREFIX_PATH=/home/puzzlebot/Documents/PUXXY_NODE/TE3002B/puzzle_ws/install/cv_bridge:${AMENT_PREFIX_PATH} CMAKE_PREFIX_PATH=/home/puzzlebot/Documents/PUXXY_NODE/TE3002B/puzzle_ws/install/cv_bridge:/home/puzzlebot/ros2_ws/install/puzzlebot_ros:/opt/ros/humble:${CMAKE_PREFIX_PATH} LD_LIBRARY_PATH=/home/puzzlebot/Documents/PUXXY_NODE/TE3002B/puzzle_ws/install/cv_bridge/lib:${LD_LIBRARY_PATH} PYTHONPATH=/home/puzzlebot/Documents/PUXXY_NODE/TE3002B/puzzle_ws/install/cv_bridge/lib/python3.8/site-packages:${PYTHONPATH} /usr/bin/cmake --build /home/puzzlebot/Documents/PUXXY_NODE/TE3002B/puzzle_ws/build/puzzle_pkg -- -j4 -l4
[2.448s] [  9%] Built target puzzle_pkg__rosidl_generator_c
[2.471s] [  9%] Built target puzzle_pkg__cpp
[2.669s] [ 13%] Built target odometry
[2.739s] [ 13%] Built target ament_cmake_python_copy_puzzle_pkg
[2.956s] [ 18%] Built target cam_source
[2.983s] [ 22%] Built target signal_handle
[3.092s] [ 29%] Built target puzzle_pkg__rosidl_typesupport_cpp
[3.097s] [ 36%] Built target puzzle_pkg__rosidl_typesupport_c
[3.301s] [ 43%] Built target puzzle_pkg__rosidl_typesupport_fastrtps_cpp
[3.319s] [ 50%] Built target puzzle_pkg__rosidl_typesupport_introspection_cpp
[3.386s] [ 56%] Built target puzzle_pkg__rosidl_typesupport_fastrtps_c
[3.438s] [ 63%] Built target puzzle_pkg__rosidl_typesupport_introspection_c
[3.499s] [35m[1mScanning dependencies of target controller[0m
[3.655s] [ 63%] Built target puzzle_pkg
[3.860s] [ 75%] Built target lane_detection
[4.001s] [ 77%] Built target puzzle_pkg__py
[4.019s] [ 79%] [32mBuilding CXX object CMakeFiles/controller.dir/src/control/controller.cpp.o[0m
[4.572s] [ 84%] Built target puzzle_pkg__rosidl_generator_py
[4.941s] [ 93%] Built target puzzle_pkg__rosidl_typesupport_fastrtps_c__pyext
[4.941s] [ 90%] Built target puzzle_pkg__rosidl_typesupport_introspection_c__pyext
[5.247s] [ 97%] Built target puzzle_pkg__rosidl_typesupport_c__pyext
[6.045s] running egg_info
[6.050s] writing puzzle_pkg.egg-info/PKG-INFO
[6.051s] writing dependency_links to puzzle_pkg.egg-info/dependency_links.txt
[6.052s] writing top-level names to puzzle_pkg.egg-info/top_level.txt
[6.276s] reading manifest file 'puzzle_pkg.egg-info/SOURCES.txt'
[6.280s] writing manifest file 'puzzle_pkg.egg-info/SOURCES.txt'
[6.538s] [ 97%] Built target ament_cmake_python_build_puzzle_pkg_egg
[20.917s] [01m[K/home/puzzlebot/Documents/PUXXY_NODE/TE3002B/puzzle_ws/src/puzzle_pkg/src/control/controller.cpp:[m[K In member function â€˜[01m[Kvoid Controller::state_callback(std_msgs::msg::String_<std::allocator<void> >::SharedPtr)[m[Kâ€™:
[20.920s] [01m[K/home/puzzlebot/Documents/PUXXY_NODE/TE3002B/puzzle_ws/src/puzzle_pkg/src/control/controller.cpp:119:9:[m[K [01;31m[Kerror: [m[Kâ€˜[01m[Kcurrent_state_[m[Kâ€™ was not declared in this scope
[20.921s]          [01;31m[Kcurrent_state_[m[K = msg->data;
[20.921s]          [01;31m[K^~~~~~~~~~~~~~[m[K
[20.924s] [01m[K/home/puzzlebot/Documents/PUXXY_NODE/TE3002B/puzzle_ws/src/puzzle_pkg/src/control/controller.cpp:119:9:[m[K [01;36m[Knote: [m[Ksuggested alternative: â€˜[01m[Ksetstate_r[m[Kâ€™
[20.925s]          [01;36m[Kcurrent_state_[m[K = msg->data;
[20.925s]          [01;36m[K^~~~~~~~~~~~~~[m[K
[20.926s]          [32m[Ksetstate_r[m[K
[55.698s] make[2]: *** [CMakeFiles/controller.dir/build.make:63: CMakeFiles/controller.dir/src/control/controller.cpp.o] Error 1
[55.759s] make[1]: *** [CMakeFiles/Makefile2:324: CMakeFiles/controller.dir/all] Error 2
[55.762s] make: *** [Makefile:141: all] Error 2
[56.737s] Invoked command in '/home/puzzlebot/Documents/PUXXY_NODE/TE3002B/puzzle_ws/build/puzzle_pkg' returned '2': AMENT_PREFIX_PATH=/home/puzzlebot/Documents/PUXXY_NODE/TE3002B/puzzle_ws/install/cv_bridge:${AMENT_PREFIX_PATH} CMAKE_PREFIX_PATH=/home/puzzlebot/Documents/PUXXY_NODE/TE3002B/puzzle_ws/install/cv_bridge:/home/puzzlebot/ros2_ws/install/puzzlebot_ros:/opt/ros/humble:${CMAKE_PREFIX_PATH} LD_LIBRARY_PATH=/home/puzzlebot/Documents/PUXXY_NODE/TE3002B/puzzle_ws/install/cv_bridge/lib:${LD_LIBRARY_PATH} PYTHONPATH=/home/puzzlebot/Documents/PUXXY_NODE/TE3002B/puzzle_ws/install/cv_bridge/lib/python3.8/site-packages:${PYTHONPATH} /usr/bin/cmake --build /home/puzzlebot/Documents/PUXXY_NODE/TE3002B/puzzle_ws/build/puzzle_pkg -- -j4 -l4
