[01m[K/home/puzzlebot/Desktop/PUXXY_NODE/TE3002B/differential_wheeled_robot_ws/src/differential_wheeled_robot/src/controller.cpp:[m[K In constructor â€˜[01m[KController::Controller()[m[Kâ€™:
[01m[K/home/puzzlebot/Desktop/PUXXY_NODE/TE3002B/differential_wheeled_robot_ws/src/differential_wheeled_robot/src/controller.cpp:35:9:[m[K [01;31m[Kerror: [m[Kclass â€˜[01m[KController[m[Kâ€™ does not have any field named â€˜[01m[Kodom_[m[Kâ€™
         [01;31m[Kodom_[m[K{std::array<double, 3>{}},
         [01;31m[K^~~~~[m[K
[01m[K/home/puzzlebot/Desktop/PUXXY_NODE/TE3002B/differential_wheeled_robot_ws/src/differential_wheeled_robot/src/controller.cpp:36:9:[m[K [01;31m[Kerror: [m[Kclass â€˜[01m[KController[m[Kâ€™ does not have any field named â€˜[01m[Kvel_message_[m[Kâ€™
         [01;31m[Kvel_message_[m[K{geometry_msgs::msg::Twist()}
         [01;31m[K^~~~~~~~~~~~[m[K
make[2]: *** [CMakeFiles/controller.dir/build.make:63: CMakeFiles/controller.dir/src/controller.cpp.o] Error 1
make[1]: *** [CMakeFiles/Makefile2:444: CMakeFiles/controller.dir/all] Error 2
make[1]: *** Waiting for unfinished jobs....
make: *** [Makefile:141: all] Error 2
