[  2%] Built target puzzle_pkg__cpp
[  9%] Built target puzzle_pkg__rosidl_generator_c
[  9%] Built target ament_cmake_python_copy_puzzle_pkg
[ 16%] Built target puzzle_pkg__rosidl_typesupport_cpp
[ 21%] Built target cam_source
[ 26%] Built target odometry
[ 33%] Built target puzzle_pkg__rosidl_typesupport_c
[ 40%] Built target puzzle_pkg__rosidl_typesupport_fastrtps_c
[ 47%] Built target puzzle_pkg__rosidl_typesupport_introspection_cpp
[ 54%] Built target puzzle_pkg__rosidl_typesupport_introspection_c
[ 61%] Built target puzzle_pkg__rosidl_typesupport_fastrtps_cpp
[35m[1mScanning dependencies of target lane_detection[0m
[ 66%] Built target controller
[ 66%] Built target puzzle_pkg
[ 69%] [32mBuilding CXX object CMakeFiles/lane_detection.dir/src/vision/lib/cv_wrapper.cpp.o[0m
[ 71%] Built target puzzle_pkg__py
[ 76%] Built target puzzle_pkg__rosidl_generator_py
[ 80%] Built target puzzle_pkg__rosidl_typesupport_introspection_c__pyext
[ 85%] Built target puzzle_pkg__rosidl_typesupport_c__pyext
[ 90%] Built target puzzle_pkg__rosidl_typesupport_fastrtps_c__pyext
running egg_info
writing puzzle_pkg.egg-info/PKG-INFO
writing dependency_links to puzzle_pkg.egg-info/dependency_links.txt
writing top-level names to puzzle_pkg.egg-info/top_level.txt
reading manifest file 'puzzle_pkg.egg-info/SOURCES.txt'
writing manifest file 'puzzle_pkg.egg-info/SOURCES.txt'
[ 90%] Built target ament_cmake_python_build_puzzle_pkg_egg
[01m[K/home/puzzlebot/Documents/PUXXY_NODE/TE3002B/puzzle_ws/src/puzzle_pkg/src/vision/lib/cv_wrapper.cpp:[m[K In function â€˜[01m[Kcv::Mat apply_closing(cv::Mat&, cv::Size, int)[m[Kâ€™:
[01m[K/home/puzzlebot/Documents/PUXXY_NODE/TE3002B/puzzle_ws/src/puzzle_pkg/src/vision/lib/cv_wrapper.cpp:47:14:[m[K [01;31m[Kerror: [m[Kâ€˜[01m[Kcout[m[Kâ€™ is not a member of â€˜[01m[Kstd[m[Kâ€™
         std::[01;31m[Kcout[m[K << "Empty!";
              [01;31m[K^~~~[m[K
[01m[K/home/puzzlebot/Documents/PUXXY_NODE/TE3002B/puzzle_ws/src/puzzle_pkg/src/vision/lib/cv_wrapper.cpp:47:14:[m[K [01;36m[Knote: [m[Kâ€˜[01m[Kstd::cout[m[Kâ€™ is defined in header â€˜[01m[K<iostream>[m[Kâ€™; did you forget to â€˜[01m[K#include <iostream>[m[Kâ€™?
[01m[K/home/puzzlebot/Documents/PUXXY_NODE/TE3002B/puzzle_ws/src/puzzle_pkg/src/vision/lib/cv_wrapper.cpp:2:1:[m[K
+[32m[K#include <iostream>[m[K
 
[01m[K/home/puzzlebot/Documents/PUXXY_NODE/TE3002B/puzzle_ws/src/puzzle_pkg/src/vision/lib/cv_wrapper.cpp:47:14:[m[K
         std::[01;36m[Kcout[m[K << "Empty!";
              [01;36m[K^~~~[m[K
[01m[K/home/puzzlebot/Documents/PUXXY_NODE/TE3002B/puzzle_ws/src/puzzle_pkg/src/vision/lib/cv_wrapper.cpp:51:14:[m[K [01;31m[Kerror: [m[Kâ€˜[01m[Kcout[m[Kâ€™ is not a member of â€˜[01m[Kstd[m[Kâ€™
         std::[01;31m[Kcout[m[K << "Wrong Kernel!";
              [01;31m[K^~~~[m[K
[01m[K/home/puzzlebot/Documents/PUXXY_NODE/TE3002B/puzzle_ws/src/puzzle_pkg/src/vision/lib/cv_wrapper.cpp:51:14:[m[K [01;36m[Knote: [m[Kâ€˜[01m[Kstd::cout[m[Kâ€™ is defined in header â€˜[01m[K<iostream>[m[Kâ€™; did you forget to â€˜[01m[K#include <iostream>[m[Kâ€™?
[01m[K/home/puzzlebot/Documents/PUXXY_NODE/TE3002B/puzzle_ws/src/puzzle_pkg/src/vision/lib/cv_wrapper.cpp:55:14:[m[K [01;31m[Kerror: [m[Kâ€˜[01m[Kcout[m[Kâ€™ is not a member of â€˜[01m[Kstd[m[Kâ€™
         std::[01;31m[Kcout[m[K << "Bro wtf!";
              [01;31m[K^~~~[m[K
[01m[K/home/puzzlebot/Documents/PUXXY_NODE/TE3002B/puzzle_ws/src/puzzle_pkg/src/vision/lib/cv_wrapper.cpp:55:14:[m[K [01;36m[Knote: [m[Kâ€˜[01m[Kstd::cout[m[Kâ€™ is defined in header â€˜[01m[K<iostream>[m[Kâ€™; did you forget to â€˜[01m[K#include <iostream>[m[Kâ€™?
[01m[K/home/puzzlebot/Documents/PUXXY_NODE/TE3002B/puzzle_ws/src/puzzle_pkg/src/vision/lib/cv_wrapper.cpp:64:14:[m[K [01;31m[Kerror: [m[Kâ€˜[01m[Kcout[m[Kâ€™ is not a member of â€˜[01m[Kstd[m[Kâ€™
         std::[01;31m[Kcout[m[K << "Error closing";
              [01;31m[K^~~~[m[K
[01m[K/home/puzzlebot/Documents/PUXXY_NODE/TE3002B/puzzle_ws/src/puzzle_pkg/src/vision/lib/cv_wrapper.cpp:64:14:[m[K [01;36m[Knote: [m[Kâ€˜[01m[Kstd::cout[m[Kâ€™ is defined in header â€˜[01m[K<iostream>[m[Kâ€™; did you forget to â€˜[01m[K#include <iostream>[m[Kâ€™?
make[2]: *** [CMakeFiles/lane_detection.dir/build.make:76: CMakeFiles/lane_detection.dir/src/vision/lib/cv_wrapper.cpp.o] Error 1
make[1]: *** [CMakeFiles/Makefile2:160: CMakeFiles/lane_detection.dir/all] Error 2
make: *** [Makefile:141: all] Error 2
