[1.078s] Invoking command in '/home/puzzlebot/Desktop/PUXXY_NODE/TE3002B/differential_wheeled_robot_ws/build/differential_wheeled_robot': CMAKE_PREFIX_PATH=/home/puzzlebot/ros2_ws/install/puzzlebot_ros:/opt/ros/humble:${CMAKE_PREFIX_PATH} /usr/bin/cmake --build /home/puzzlebot/Desktop/PUXXY_NODE/TE3002B/differential_wheeled_robot_ws/build/differential_wheeled_robot -- -j4 -l4
[1.300s] [  2%] Built target differential_wheeled_robot__cpp
[1.332s] [ 11%] Built target differential_wheeled_robot__rosidl_generator_c
[1.354s] [ 11%] Built target ament_cmake_python_copy_differential_wheeled_robot
[1.375s] [ 17%] Built target odometry
[1.418s] [ 25%] Built target differential_wheeled_robot__rosidl_typesupport_cpp
[1.440s] [ 34%] Built target differential_wheeled_robot__rosidl_typesupport_fastrtps_cpp
[1.460s] [ 42%] Built target differential_wheeled_robot__rosidl_typesupport_introspection_c
[1.506s] [ 51%] Built target differential_wheeled_robot__rosidl_typesupport_introspection_cpp
[1.512s] [35m[1mScanning dependencies of target controller[0m
[1.520s] [ 60%] Built target differential_wheeled_robot__rosidl_typesupport_c
[1.599s] [ 68%] Built target differential_wheeled_robot__rosidl_typesupport_fastrtps_c
[1.681s] [ 68%] Built target differential_wheeled_robot
[1.739s] [ 71%] [32mBuilding CXX object CMakeFiles/controller.dir/src/controller.cpp.o[0m
[1.801s] [ 74%] Built target differential_wheeled_robot__py
[1.911s] [ 80%] Built target differential_wheeled_robot__rosidl_generator_py
[2.045s] [ 85%] Built target differential_wheeled_robot__rosidl_typesupport_c__pyext
[2.049s] [ 91%] Built target differential_wheeled_robot__rosidl_typesupport_introspection_c__pyext
[2.161s] [ 97%] Built target differential_wheeled_robot__rosidl_typesupport_fastrtps_c__pyext
[2.627s] running egg_info
[2.632s] writing differential_wheeled_robot.egg-info/PKG-INFO
[2.632s] writing dependency_links to differential_wheeled_robot.egg-info/dependency_links.txt
[2.633s] writing top-level names to differential_wheeled_robot.egg-info/top_level.txt
[2.825s] reading manifest file 'differential_wheeled_robot.egg-info/SOURCES.txt'
[2.828s] writing manifest file 'differential_wheeled_robot.egg-info/SOURCES.txt'
[2.945s] [ 97%] Built target ament_cmake_python_build_differential_wheeled_robot_egg
[10.795s] [01m[K/home/puzzlebot/Desktop/PUXXY_NODE/TE3002B/differential_wheeled_robot_ws/src/differential_wheeled_robot/src/controller.cpp:[m[K In constructor â€˜[01m[KController::Controller()[m[Kâ€™:
[10.795s] [01m[K/home/puzzlebot/Desktop/PUXXY_NODE/TE3002B/differential_wheeled_robot_ws/src/differential_wheeled_robot/src/controller.cpp:37:5:[m[K [01;31m[Kerror: [m[Kexpected identifier before â€˜[01m[K{[m[Kâ€™ token
[10.796s]      [01;31m[K [m[K   //vel_message_{geometry_msgs::msg::Twist()}
[10.796s]      [01;31m[K^[m[K
[12.935s] make[2]: *** [CMakeFiles/controller.dir/build.make:63: CMakeFiles/controller.dir/src/controller.cpp.o] Error 1
[12.936s] make[1]: *** [CMakeFiles/Makefile2:444: CMakeFiles/controller.dir/all] Error 2
[12.936s] make: *** [Makefile:141: all] Error 2
[12.942s] Invoked command in '/home/puzzlebot/Desktop/PUXXY_NODE/TE3002B/differential_wheeled_robot_ws/build/differential_wheeled_robot' returned '2': CMAKE_PREFIX_PATH=/home/puzzlebot/ros2_ws/install/puzzlebot_ros:/opt/ros/humble:${CMAKE_PREFIX_PATH} /usr/bin/cmake --build /home/puzzlebot/Desktop/PUXXY_NODE/TE3002B/differential_wheeled_robot_ws/build/differential_wheeled_robot -- -j4 -l4
