[1.318s] Invoking command in '/home/puzzlebot/Desktop/PUXXY_NODE/TE3002B/lane_processing_ws/build/lane_processing': CMAKE_PREFIX_PATH=/home/puzzlebot/Desktop/PUXXY_NODE/TE3002B/lane_processing_ws/install/lane_processing:/home/puzzlebot/ros2_ws/install/puzzlebot_ros:/opt/ros/humble:/home/puzzlebot/ros2_packages_ws/install/ros_deep_learning:/home/puzzlebot/ros2_packages_ws/install/micro_ros_setup:/home/puzzlebot/ros2_packages_ws/install/micro_ros_agent:/home/puzzlebot/ros2_packages_ws/install/micro_ros_msgs:/home/puzzlebot/ros2_packages_ws/install/camera_info_publisher /usr/bin/cmake --build /home/puzzlebot/Desktop/PUXXY_NODE/TE3002B/lane_processing_ws/build/lane_processing -- -j4 -l4
[1.500s] [35m[1mScanning dependencies of target lane_processing[0m
[1.786s] [ 40%] [32mBuilding CXX object CMakeFiles/lane_processing.dir/src/lane_detection.cpp.o[0m
[1.787s] [ 40%] [32mBuilding CXX object CMakeFiles/lane_processing.dir/src/lib/lane_funcs.cpp.o[0m
[15.524s] [01m[K/home/puzzlebot/Desktop/PUXXY_NODE/TE3002B/lane_processing_ws/src/lane_processing/src/lane_detection.cpp:[m[K In member function â€˜[01m[Kdouble LaneProcessingNode::detect_lane_center(cv::Mat&)[m[Kâ€™:
[15.525s] [01m[K/home/puzzlebot/Desktop/PUXXY_NODE/TE3002B/lane_processing_ws/src/lane_processing/src/lane_detection.cpp:109:56:[m[K [01;31m[Kerror: [m[Kcannot bind non-const lvalue reference of type â€˜[01m[Kcv::Vec<double, 4>&[m[Kâ€™ to an rvalue of type â€˜[01m[Kcv::Vec<double, 4>[m[Kâ€™
[15.525s]              double angle_error = calculate_angle_error([01;31m[Kselected_line[m[K, cropped_frame.cols, cropped_frame.rows);
[15.526s]                                                         [01;31m[K^~~~~~~~~~~~~[m[K
[15.526s] In file included from [01m[K/usr/include/opencv4/opencv2/core.hpp:57[m[K,
[15.527s]                  from [01m[K/usr/include/opencv4/opencv2/core/core.hpp:48[m[K,
[15.527s]                  from [01m[K/opt/ros/humble/include/cv_bridge/cv_bridge/cv_bridge.h:43[m[K,
[15.527s]                  from [01m[K/home/puzzlebot/Desktop/PUXXY_NODE/TE3002B/lane_processing_ws/src/lane_processing/src/lane_detection.cpp:2[m[K:
[15.528s] [01m[K/usr/include/opencv4/opencv2/core/matx.hpp:1103:1:[m[K [01;36m[Knote: [m[K  after user-defined conversion: â€˜[01m[Kcv::Vec<_Tp, cn>::operator cv::Vec<T2, cn>() const [with T2 = double; _Tp = int; int cn = 4][m[Kâ€™
[15.528s]  [01;36m[KVec<_Tp, cn>[m[K::operator Vec<T2, cn>() const
[15.528s]  [01;36m[K^~~~~~~~~~~~[m[K
[15.529s] In file included from [01m[K/home/puzzlebot/Desktop/PUXXY_NODE/TE3002B/lane_processing_ws/src/lane_processing/src/lane_detection.cpp:12[m[K:
[15.529s] [01m[K/home/puzzlebot/Desktop/PUXXY_NODE/TE3002B/lane_processing_ws/src/lane_processing/include/lane_processing/lane_funcs.h:50:8:[m[K [01;36m[Knote: [m[K  initializing argument 1 of â€˜[01m[Kdouble calculate_angle_error(cv::Vec<double, 4>&, int, int)[m[Kâ€™
[15.530s]  double [01;36m[Kcalculate_angle_error[m[K(
[15.530s]         [01;36m[K^~~~~~~~~~~~~~~~~~~~~[m[K
[15.535s] [01m[K/home/puzzlebot/Desktop/PUXXY_NODE/TE3002B/lane_processing_ws/src/lane_processing/src/lane_detection.cpp:[m[K In member function â€˜[01m[Kdouble LaneProcessingNode::process_frame(cv::Mat&)[m[Kâ€™:
[15.536s] [01m[K/home/puzzlebot/Desktop/PUXXY_NODE/TE3002B/lane_processing_ws/src/lane_processing/src/lane_detection.cpp:132:16:[m[K [01;35m[Kwarning: [m[Kunused variable â€˜[01m[Kangle_error_calc[m[Kâ€™ [[01;35m[K-Wunused-variable[m[K]
[15.536s]          double [01;35m[Kangle_error_calc[m[K = detect_lane_center(thresholded);
[15.536s]                 [01;35m[K^~~~~~~~~~~~~~~~[m[K
[27.032s] make[2]: *** [CMakeFiles/lane_processing.dir/build.make:63: CMakeFiles/lane_processing.dir/src/lane_detection.cpp.o] Error 1
[27.033s] make[1]: *** [CMakeFiles/Makefile2:78: CMakeFiles/lane_processing.dir/all] Error 2
[27.033s] make: *** [Makefile:141: all] Error 2
[27.040s] Invoked command in '/home/puzzlebot/Desktop/PUXXY_NODE/TE3002B/lane_processing_ws/build/lane_processing' returned '2': CMAKE_PREFIX_PATH=/home/puzzlebot/Desktop/PUXXY_NODE/TE3002B/lane_processing_ws/install/lane_processing:/home/puzzlebot/ros2_ws/install/puzzlebot_ros:/opt/ros/humble:/home/puzzlebot/ros2_packages_ws/install/ros_deep_learning:/home/puzzlebot/ros2_packages_ws/install/micro_ros_setup:/home/puzzlebot/ros2_packages_ws/install/micro_ros_agent:/home/puzzlebot/ros2_packages_ws/install/micro_ros_msgs:/home/puzzlebot/ros2_packages_ws/install/camera_info_publisher /usr/bin/cmake --build /home/puzzlebot/Desktop/PUXXY_NODE/TE3002B/lane_processing_ws/build/lane_processing -- -j4 -l4
