[  2%] Built target differential_wheeled_robot__cpp
[ 11%] Built target differential_wheeled_robot__rosidl_generator_c
[ 11%] Built target ament_cmake_python_copy_differential_wheeled_robot
[ 14%] [32mBuilding CXX object CMakeFiles/odometry.dir/src/odometry.cpp.o[0m
[ 22%] Built target differential_wheeled_robot__rosidl_typesupport_cpp
[ 40%] Built target differential_wheeled_robot__rosidl_typesupport_fastrtps_cpp
[ 40%] Built target differential_wheeled_robot__rosidl_typesupport_introspection_c
[ 48%] Built target differential_wheeled_robot__rosidl_typesupport_introspection_cpp
[ 57%] Built target differential_wheeled_robot__rosidl_typesupport_c
[35m[1mScanning dependencies of target controller[0m
[ 65%] Built target differential_wheeled_robot__rosidl_typesupport_fastrtps_c
[35m[1mScanning dependencies of target differential_wheeled_robot[0m
[ 68%] [32mBuilding CXX object CMakeFiles/controller.dir/src/controller.cpp.o[0m
[ 68%] Built target differential_wheeled_robot
[35m[1mScanning dependencies of target differential_wheeled_robot__py[0m
[ 71%] [34m[1mGenerating Python code for ROS interfaces[0m
running egg_info
writing differential_wheeled_robot.egg-info/PKG-INFO
writing dependency_links to differential_wheeled_robot.egg-info/dependency_links.txt
writing top-level names to differential_wheeled_robot.egg-info/top_level.txt
reading manifest file 'differential_wheeled_robot.egg-info/SOURCES.txt'
writing manifest file 'differential_wheeled_robot.egg-info/SOURCES.txt'
[ 71%] Built target ament_cmake_python_build_differential_wheeled_robot_egg
[ 71%] Built target differential_wheeled_robot__py
[35m[1mScanning dependencies of target differential_wheeled_robot__rosidl_generator_py[0m
[ 74%] [32mBuilding C object CMakeFiles/differential_wheeled_robot__rosidl_generator_py.dir/rosidl_generator_py/differential_wheeled_robot/msg/_diff_error_s.c.o[0m
[01m[K/home/puzzlebot/Desktop/PUXXY_NODE/TE3002B/differential_wheeled_robot_ws/src/differential_wheeled_robot/src/controller.cpp:21:1:[m[K [01;31m[Kerror: [m[Kexpected unqualified-id before â€˜[01m[K/[m[Kâ€™ token
 [01;31m[K/[m[K
 [01;31m[K^[m[K
In file included from [01m[K/opt/ros/humble/include/rclcpp/rclcpp/rclcpp.hpp:152[m[K,
                 from [01m[K/home/puzzlebot/Desktop/PUXXY_NODE/TE3002B/differential_wheeled_robot_ws/src/differential_wheeled_robot/src/controller.cpp:22[m[K:
[01m[K/usr/include/c++/8/csignal:52:11:[m[K [01;31m[Kerror: [m[Kâ€˜[01m[K::sig_atomic_t[m[Kâ€™ has not been declared
   using ::[01;31m[Ksig_atomic_t[m[K;
           [01;31m[K^~~~~~~~~~~~[m[K
[01m[K/usr/include/c++/8/csignal:53:11:[m[K [01;31m[Kerror: [m[Kâ€˜[01m[K::signal[m[Kâ€™ has not been declared
   using ::[01;31m[Ksignal[m[K;
           [01;31m[K^~~~~~[m[K
[01m[K/usr/include/c++/8/csignal:54:11:[m[K [01;31m[Kerror: [m[Kâ€˜[01m[K::raise[m[Kâ€™ has not been declared
   using ::[01;31m[Kraise[m[K;
           [01;31m[K^~~~~[m[K
[ 77%] [32m[1mLinking C shared library rosidl_generator_py/differential_wheeled_robot/libdifferential_wheeled_robot__rosidl_generator_py.so[0m
[ 77%] Built target differential_wheeled_robot__rosidl_generator_py
[35m[1mScanning dependencies of target differential_wheeled_robot__rosidl_typesupport_c__pyext[0m
[35m[1mScanning dependencies of target differential_wheeled_robot__rosidl_typesupport_introspection_c__pyext[0m
[ 80%] [32mBuilding C object CMakeFiles/differential_wheeled_robot__rosidl_typesupport_c__pyext.dir/rosidl_generator_py/differential_wheeled_robot/_differential_wheeled_robot_s.ep.rosidl_typesupport_c.c.o[0m
[ 82%] [32mBuilding C object CMakeFiles/differential_wheeled_robot__rosidl_typesupport_introspection_c__pyext.dir/rosidl_generator_py/differential_wheeled_robot/_differential_wheeled_robot_s.ep.rosidl_typesupport_introspection_c.c.o[0m
[ 85%] [32m[1mLinking C shared library rosidl_generator_py/differential_wheeled_robot/differential_wheeled_robot_s__rosidl_typesupport_c.cpython-38-aarch64-linux-gnu.so[0m
[ 88%] [32m[1mLinking C shared library rosidl_generator_py/differential_wheeled_robot/differential_wheeled_robot_s__rosidl_typesupport_introspection_c.cpython-38-aarch64-linux-gnu.so[0m
[ 88%] Built target differential_wheeled_robot__rosidl_typesupport_c__pyext
[ 88%] Built target differential_wheeled_robot__rosidl_typesupport_introspection_c__pyext
[35m[1mScanning dependencies of target differential_wheeled_robot__rosidl_typesupport_fastrtps_c__pyext[0m
[ 91%] [32mBuilding C object CMakeFiles/differential_wheeled_robot__rosidl_typesupport_fastrtps_c__pyext.dir/rosidl_generator_py/differential_wheeled_robot/_differential_wheeled_robot_s.ep.rosidl_typesupport_fastrtps_c.c.o[0m
[ 94%] [32m[1mLinking C shared library rosidl_generator_py/differential_wheeled_robot/differential_wheeled_robot_s__rosidl_typesupport_fastrtps_c.cpython-38-aarch64-linux-gnu.so[0m
[ 94%] Built target differential_wheeled_robot__rosidl_typesupport_fastrtps_c__pyext
[01m[K/home/puzzlebot/Desktop/PUXXY_NODE/TE3002B/differential_wheeled_robot_ws/src/differential_wheeled_robot/src/controller.cpp:[m[K In constructor â€˜[01m[KController::Controller()[m[Kâ€™:
[01m[K/home/puzzlebot/Desktop/PUXXY_NODE/TE3002B/differential_wheeled_robot_ws/src/differential_wheeled_robot/src/controller.cpp:34:9:[m[K [01;31m[Kerror: [m[Kclass â€˜[01m[KController[m[Kâ€™ does not have any field named â€˜[01m[Kerrors_[m[Kâ€™
         [01;31m[Kerrors_[m[K{differential_wheeled_robot::msg::DiffError{0.0, 0.0}},
         [01;31m[K^~~~~~~[m[K
[01m[K/home/puzzlebot/Desktop/PUXXY_NODE/TE3002B/differential_wheeled_robot_ws/src/differential_wheeled_robot/src/controller.cpp:34:17:[m[K [01;31m[Kerror: [m[Kâ€˜[01m[Kdifferential_wheeled_robot[m[Kâ€™ has not been declared
         errors_{[01;31m[Kdifferential_wheeled_robot[m[K::msg::DiffError{0.0, 0.0}},
                 [01;31m[K^~~~~~~~~~~~~~~~~~~~~~~~~~[m[K
[01m[K/home/puzzlebot/Desktop/PUXXY_NODE/TE3002B/differential_wheeled_robot_ws/src/differential_wheeled_robot/src/controller.cpp:34:59:[m[K [01;31m[Kerror: [m[Kexpected â€˜[01m[K}[m[Kâ€™ before â€˜[01m[K{[m[Kâ€™ token
         errors_[32m[K{[m[Kdifferential_wheeled_robot::msg::DiffError[01;31m[K{[m[K0.0, 0.0}},
                [32m[K~[m[K                                          [01;31m[K^[m[K
[01m[K/home/puzzlebot/Desktop/PUXXY_NODE/TE3002B/differential_wheeled_robot_ws/src/differential_wheeled_robot/src/controller.cpp:34:65:[m[K [01;35m[Kwarning: [m[Kleft operand of comma operator has no effect [[01;35m[K-Wunused-value[m[K]
         errors_{differential_wheeled_robot::msg::DiffError{0.0, [01;35m[K0.0[m[K}},
                                                                 [01;35m[K^~~[m[K
[01m[K/home/puzzlebot/Desktop/PUXXY_NODE/TE3002B/differential_wheeled_robot_ws/src/differential_wheeled_robot/src/controller.cpp:34:68:[m[K [01;31m[Kerror: [m[Kexpected â€˜[01m[K;[m[Kâ€™ before â€˜[01m[K}[m[Kâ€™ token
         errors_{differential_wheeled_robot::msg::DiffError{0.0, 0.0[01;31m[K}[m[K},
                                                                    [01;31m[K^[m[K
                                                                    [32m[K;[m[K
[01m[K/home/puzzlebot/Desktop/PUXXY_NODE/TE3002B/differential_wheeled_robot_ws/src/differential_wheeled_robot/src/controller.cpp:34:68:[m[K [01;35m[Kwarning: [m[Kright operand of comma operator has no effect [[01;35m[K-Wunused-value[m[K]
[01m[K/home/puzzlebot/Desktop/PUXXY_NODE/TE3002B/differential_wheeled_robot_ws/src/differential_wheeled_robot/src/odometry.cpp:[m[K In constructor â€˜[01m[KOdometry::Odometry()[m[Kâ€™:
[01m[K/home/puzzlebot/Desktop/PUXXY_NODE/TE3002B/differential_wheeled_robot_ws/src/differential_wheeled_robot/src/odometry.cpp:27:9:[m[K [01;31m[Kerror: [m[Kclass â€˜[01m[KOdometry[m[Kâ€™ does not have any field named â€˜[01m[Knew_position_[m[Kâ€™
         [01;31m[Knew_position_[m[K{geometry_msgs::msg::Pose2D()}
         [01;31m[K^~~~~~~~~~~~~[m[K
make[2]: *** [CMakeFiles/controller.dir/build.make:63: CMakeFiles/controller.dir/src/controller.cpp.o] Error 1
make[1]: *** [CMakeFiles/Makefile2:444: CMakeFiles/controller.dir/all] Error 2
make[1]: *** Waiting for unfinished jobs....
make[2]: *** [CMakeFiles/odometry.dir/build.make:63: CMakeFiles/odometry.dir/src/odometry.cpp.o] Error 1
make[1]: *** [CMakeFiles/Makefile2:128: CMakeFiles/odometry.dir/all] Error 2
make: *** [Makefile:141: all] Error 2
