[1.082s] Invoking command in '/home/puzzlebot/Desktop/PUXXY_NODE/TE3002B/differential_wheeled_robot_ws/build/differential_wheeled_robot': CMAKE_PREFIX_PATH=/home/puzzlebot/ros2_ws/install/puzzlebot_ros:/opt/ros/humble:${CMAKE_PREFIX_PATH} /usr/bin/cmake --build /home/puzzlebot/Desktop/PUXXY_NODE/TE3002B/differential_wheeled_robot_ws/build/differential_wheeled_robot -- -j4 -l4
[1.382s] [  2%] Built target differential_wheeled_robot__cpp
[1.413s] [ 11%] Built target differential_wheeled_robot__rosidl_generator_c
[1.422s] [ 11%] Built target ament_cmake_python_copy_differential_wheeled_robot
[1.453s] [ 14%] [32mBuilding CXX object CMakeFiles/odometry.dir/src/odometry.cpp.o[0m
[1.474s] [ 22%] Built target differential_wheeled_robot__rosidl_typesupport_cpp
[1.540s] [ 40%] Built target differential_wheeled_robot__rosidl_typesupport_fastrtps_cpp
[1.540s] [ 40%] Built target differential_wheeled_robot__rosidl_typesupport_introspection_c
[1.578s] [ 48%] Built target differential_wheeled_robot__rosidl_typesupport_introspection_cpp
[1.631s] [ 57%] Built target differential_wheeled_robot__rosidl_typesupport_c
[1.640s] [35m[1mScanning dependencies of target controller[0m
[1.735s] [ 65%] Built target differential_wheeled_robot__rosidl_typesupport_fastrtps_c
[1.805s] [35m[1mScanning dependencies of target differential_wheeled_robot[0m
[1.847s] [ 68%] [32mBuilding CXX object CMakeFiles/controller.dir/src/controller.cpp.o[0m
[1.881s] [ 68%] Built target differential_wheeled_robot
[1.945s] [35m[1mScanning dependencies of target differential_wheeled_robot__py[0m
[1.999s] [ 71%] [34m[1mGenerating Python code for ROS interfaces[0m
[2.753s] running egg_info
[2.757s] writing differential_wheeled_robot.egg-info/PKG-INFO
[2.759s] writing dependency_links to differential_wheeled_robot.egg-info/dependency_links.txt
[2.759s] writing top-level names to differential_wheeled_robot.egg-info/top_level.txt
[2.958s] reading manifest file 'differential_wheeled_robot.egg-info/SOURCES.txt'
[2.964s] writing manifest file 'differential_wheeled_robot.egg-info/SOURCES.txt'
[3.094s] [ 71%] Built target ament_cmake_python_build_differential_wheeled_robot_egg
[3.564s] [ 71%] Built target differential_wheeled_robot__py
[3.604s] [35m[1mScanning dependencies of target differential_wheeled_robot__rosidl_generator_py[0m
[3.782s] [ 74%] [32mBuilding C object CMakeFiles/differential_wheeled_robot__rosidl_generator_py.dir/rosidl_generator_py/differential_wheeled_robot/msg/_diff_error_s.c.o[0m
[4.101s] [01m[K/home/puzzlebot/Desktop/PUXXY_NODE/TE3002B/differential_wheeled_robot_ws/src/differential_wheeled_robot/src/controller.cpp:21:1:[m[K [01;31m[Kerror: [m[Kexpected unqualified-id before â€˜[01m[K/[m[Kâ€™ token
[4.102s]  [01;31m[K/[m[K
[4.102s]  [01;31m[K^[m[K
[4.103s] In file included from [01m[K/opt/ros/humble/include/rclcpp/rclcpp/rclcpp.hpp:152[m[K,
[4.103s]                  from [01m[K/home/puzzlebot/Desktop/PUXXY_NODE/TE3002B/differential_wheeled_robot_ws/src/differential_wheeled_robot/src/controller.cpp:22[m[K:
[4.104s] [01m[K/usr/include/c++/8/csignal:52:11:[m[K [01;31m[Kerror: [m[Kâ€˜[01m[K::sig_atomic_t[m[Kâ€™ has not been declared
[4.104s]    using ::[01;31m[Ksig_atomic_t[m[K;
[4.105s]            [01;31m[K^~~~~~~~~~~~[m[K
[4.105s] [01m[K/usr/include/c++/8/csignal:53:11:[m[K [01;31m[Kerror: [m[Kâ€˜[01m[K::signal[m[Kâ€™ has not been declared
[4.106s]    using ::[01;31m[Ksignal[m[K;
[4.115s]            [01;31m[K^~~~~~[m[K
[4.116s] [01m[K/usr/include/c++/8/csignal:54:11:[m[K [01;31m[Kerror: [m[Kâ€˜[01m[K::raise[m[Kâ€™ has not been declared
[4.116s]    using ::[01;31m[Kraise[m[K;
[4.117s]            [01;31m[K^~~~~[m[K
[4.329s] [ 77%] [32m[1mLinking C shared library rosidl_generator_py/differential_wheeled_robot/libdifferential_wheeled_robot__rosidl_generator_py.so[0m
[4.518s] [ 77%] Built target differential_wheeled_robot__rosidl_generator_py
[4.702s] [35m[1mScanning dependencies of target differential_wheeled_robot__rosidl_typesupport_c__pyext[0m
[4.703s] [35m[1mScanning dependencies of target differential_wheeled_robot__rosidl_typesupport_introspection_c__pyext[0m
[4.968s] [ 80%] [32mBuilding C object CMakeFiles/differential_wheeled_robot__rosidl_typesupport_c__pyext.dir/rosidl_generator_py/differential_wheeled_robot/_differential_wheeled_robot_s.ep.rosidl_typesupport_c.c.o[0m
[4.972s] [ 82%] [32mBuilding C object CMakeFiles/differential_wheeled_robot__rosidl_typesupport_introspection_c__pyext.dir/rosidl_generator_py/differential_wheeled_robot/_differential_wheeled_robot_s.ep.rosidl_typesupport_introspection_c.c.o[0m
[5.391s] [ 85%] [32m[1mLinking C shared library rosidl_generator_py/differential_wheeled_robot/differential_wheeled_robot_s__rosidl_typesupport_c.cpython-38-aarch64-linux-gnu.so[0m
[5.468s] [ 88%] [32m[1mLinking C shared library rosidl_generator_py/differential_wheeled_robot/differential_wheeled_robot_s__rosidl_typesupport_introspection_c.cpython-38-aarch64-linux-gnu.so[0m
[5.594s] [ 88%] Built target differential_wheeled_robot__rosidl_typesupport_c__pyext
[5.653s] [ 88%] Built target differential_wheeled_robot__rosidl_typesupport_introspection_c__pyext
[5.774s] [35m[1mScanning dependencies of target differential_wheeled_robot__rosidl_typesupport_fastrtps_c__pyext[0m
[5.976s] [ 91%] [32mBuilding C object CMakeFiles/differential_wheeled_robot__rosidl_typesupport_fastrtps_c__pyext.dir/rosidl_generator_py/differential_wheeled_robot/_differential_wheeled_robot_s.ep.rosidl_typesupport_fastrtps_c.c.o[0m
[6.542s] [ 94%] [32m[1mLinking C shared library rosidl_generator_py/differential_wheeled_robot/differential_wheeled_robot_s__rosidl_typesupport_fastrtps_c.cpython-38-aarch64-linux-gnu.so[0m
[6.707s] [ 94%] Built target differential_wheeled_robot__rosidl_typesupport_fastrtps_c__pyext
[12.169s] [01m[K/home/puzzlebot/Desktop/PUXXY_NODE/TE3002B/differential_wheeled_robot_ws/src/differential_wheeled_robot/src/controller.cpp:[m[K In constructor â€˜[01m[KController::Controller()[m[Kâ€™:
[12.171s] [01m[K/home/puzzlebot/Desktop/PUXXY_NODE/TE3002B/differential_wheeled_robot_ws/src/differential_wheeled_robot/src/controller.cpp:34:9:[m[K [01;31m[Kerror: [m[Kclass â€˜[01m[KController[m[Kâ€™ does not have any field named â€˜[01m[Kerrors_[m[Kâ€™
[12.172s]          [01;31m[Kerrors_[m[K{differential_wheeled_robot::msg::DiffError{0.0, 0.0}},
[12.172s]          [01;31m[K^~~~~~~[m[K
[12.173s] [01m[K/home/puzzlebot/Desktop/PUXXY_NODE/TE3002B/differential_wheeled_robot_ws/src/differential_wheeled_robot/src/controller.cpp:34:17:[m[K [01;31m[Kerror: [m[Kâ€˜[01m[Kdifferential_wheeled_robot[m[Kâ€™ has not been declared
[12.173s]          errors_{[01;31m[Kdifferential_wheeled_robot[m[K::msg::DiffError{0.0, 0.0}},
[12.173s]                  [01;31m[K^~~~~~~~~~~~~~~~~~~~~~~~~~[m[K
[12.174s] [01m[K/home/puzzlebot/Desktop/PUXXY_NODE/TE3002B/differential_wheeled_robot_ws/src/differential_wheeled_robot/src/controller.cpp:34:59:[m[K [01;31m[Kerror: [m[Kexpected â€˜[01m[K}[m[Kâ€™ before â€˜[01m[K{[m[Kâ€™ token
[12.174s]          errors_[32m[K{[m[Kdifferential_wheeled_robot::msg::DiffError[01;31m[K{[m[K0.0, 0.0}},
[12.175s]                 [32m[K~[m[K                                          [01;31m[K^[m[K
[12.175s] [01m[K/home/puzzlebot/Desktop/PUXXY_NODE/TE3002B/differential_wheeled_robot_ws/src/differential_wheeled_robot/src/controller.cpp:34:65:[m[K [01;35m[Kwarning: [m[Kleft operand of comma operator has no effect [[01;35m[K-Wunused-value[m[K]
[12.176s]          errors_{differential_wheeled_robot::msg::DiffError{0.0, [01;35m[K0.0[m[K}},
[12.176s]                                                                  [01;35m[K^~~[m[K
[12.177s] [01m[K/home/puzzlebot/Desktop/PUXXY_NODE/TE3002B/differential_wheeled_robot_ws/src/differential_wheeled_robot/src/controller.cpp:34:68:[m[K [01;31m[Kerror: [m[Kexpected â€˜[01m[K;[m[Kâ€™ before â€˜[01m[K}[m[Kâ€™ token
[12.177s]          errors_{differential_wheeled_robot::msg::DiffError{0.0, 0.0[01;31m[K}[m[K},
[12.177s]                                                                     [01;31m[K^[m[K
[12.178s]                                                                     [32m[K;[m[K
[12.191s] [01m[K/home/puzzlebot/Desktop/PUXXY_NODE/TE3002B/differential_wheeled_robot_ws/src/differential_wheeled_robot/src/controller.cpp:34:68:[m[K [01;35m[Kwarning: [m[Kright operand of comma operator has no effect [[01;35m[K-Wunused-value[m[K]
[12.192s] [01m[K/home/puzzlebot/Desktop/PUXXY_NODE/TE3002B/differential_wheeled_robot_ws/src/differential_wheeled_robot/src/odometry.cpp:[m[K In constructor â€˜[01m[KOdometry::Odometry()[m[Kâ€™:
[12.192s] [01m[K/home/puzzlebot/Desktop/PUXXY_NODE/TE3002B/differential_wheeled_robot_ws/src/differential_wheeled_robot/src/odometry.cpp:27:9:[m[K [01;31m[Kerror: [m[Kclass â€˜[01m[KOdometry[m[Kâ€™ does not have any field named â€˜[01m[Knew_position_[m[Kâ€™
[12.193s]          [01;31m[Knew_position_[m[K{geometry_msgs::msg::Pose2D()}
[12.193s]          [01;31m[K^~~~~~~~~~~~~[m[K
[14.344s] make[2]: *** [CMakeFiles/controller.dir/build.make:63: CMakeFiles/controller.dir/src/controller.cpp.o] Error 1
[14.349s] make[1]: *** [CMakeFiles/Makefile2:444: CMakeFiles/controller.dir/all] Error 2
[14.350s] make[1]: *** Waiting for unfinished jobs....
[21.718s] make[2]: *** [CMakeFiles/odometry.dir/build.make:63: CMakeFiles/odometry.dir/src/odometry.cpp.o] Error 1
[21.721s] make[1]: *** [CMakeFiles/Makefile2:128: CMakeFiles/odometry.dir/all] Error 2
[21.722s] make: *** [Makefile:141: all] Error 2
[21.925s] Invoked command in '/home/puzzlebot/Desktop/PUXXY_NODE/TE3002B/differential_wheeled_robot_ws/build/differential_wheeled_robot' returned '2': CMAKE_PREFIX_PATH=/home/puzzlebot/ros2_ws/install/puzzlebot_ros:/opt/ros/humble:${CMAKE_PREFIX_PATH} /usr/bin/cmake --build /home/puzzlebot/Desktop/PUXXY_NODE/TE3002B/differential_wheeled_robot_ws/build/differential_wheeled_robot -- -j4 -l4
