[0.000000] (-) TimerEvent: {}
[0.001532] (lane_processing) JobQueued: {'identifier': 'lane_processing', 'dependencies': OrderedDict()}
[0.001726] (lane_processing) JobStarted: {'identifier': 'lane_processing'}
[0.100983] (-) TimerEvent: {}
[0.203031] (-) TimerEvent: {}
[0.306073] (-) TimerEvent: {}
[0.407968] (-) TimerEvent: {}
[0.514134] (-) TimerEvent: {}
[0.618018] (-) TimerEvent: {}
[0.720891] (-) TimerEvent: {}
[0.825007] (-) TimerEvent: {}
[0.927455] (-) TimerEvent: {}
[1.030277] (-) TimerEvent: {}
[1.133296] (-) TimerEvent: {}
[1.237932] (-) TimerEvent: {}
[1.342471] (-) TimerEvent: {}
[1.444596] (-) TimerEvent: {}
[1.552277] (-) TimerEvent: {}
[1.659331] (-) TimerEvent: {}
[1.686252] (lane_processing) JobProgress: {'identifier': 'lane_processing', 'progress': 'cmake'}
[1.689306] (lane_processing) JobProgress: {'identifier': 'lane_processing', 'progress': 'build'}
[1.692598] (lane_processing) Command: {'cmd': ['/usr/bin/cmake', '--build', '/home/puzzlebot/Desktop/PUXXY_NODE/TE3002B/lane_processing_ws/build/lane_processing', '--', '-j4', '-l4'], 'cwd': '/home/puzzlebot/Desktop/PUXXY_NODE/TE3002B/lane_processing_ws/build/lane_processing', 'env': OrderedDict([('LESSOPEN', '| /usr/bin/lesspipe %s'), ('LANGUAGE', 'en_GB:en'), ('USER', 'puzzlebot'), ('SSH_CLIENT', '10.43.121.1 54148 22'), ('XDG_SESSION_TYPE', 'tty'), ('SHLVL', '1'), ('LD_LIBRARY_PATH', '/home/puzzlebot/Desktop/PUXXY_NODE/TE3002B/lane_processing_ws/install/lane_processing/lib:/home/puzzlebot/ros2_packages_ws/install/micro_ros_agent/lib:/home/puzzlebot/ros2_packages_ws/install/micro_ros_msgs/lib:/opt/ros/humble/opt/rviz_ogre_vendor/lib:/opt/ros/humble/lib/aarch64-linux-gnu:/opt/ros/humble/lib'), ('MOTD_SHOWN', 'pam'), ('HOME', '/home/puzzlebot'), ('OLDPWD', '/home/puzzlebot'), ('SSH_TTY', '/dev/pts/1'), ('ROS_PYTHON_VERSION', '3'), ('DBUS_SESSION_BUS_ADDRESS', 'unix:path=/run/user/1000/bus'), ('COLCON_PREFIX_PATH', '/home/puzzlebot/Desktop/PUXXY_NODE/TE3002B/lane_processing_ws/install:/home/puzzlebot/ros2_ws/install:/home/puzzlebot/ros2_packages_ws/install'), ('ROS_DISTRO', 'humble'), ('LOGNAME', 'puzzlebot'), ('_', '/usr/bin/colcon'), ('ROS_VERSION', '2'), ('XDG_SESSION_CLASS', 'user'), ('TERM', 'xterm-256color'), ('XDG_SESSION_ID', '3'), ('ROS_LOCALHOST_ONLY', '0'), ('PATH', '/home/puzzlebot/.local/bin:/opt/ros/humble/bin:/usr/local/sbin:/usr/local/bin:/usr/sbin:/usr/bin:/sbin:/bin:/usr/games:/usr/local/games:/snap/bin'), ('XDG_RUNTIME_DIR', '/run/user/1000'), ('LANG', 'en_GB.UTF-8'), ('LS_COLORS', 'rs=0:di=01;34:ln=01;36:mh=00:pi=40;33:so=01;35:do=01;35:bd=40;33;01:cd=40;33;01:or=40;31;01:mi=00:su=37;41:sg=30;43:ca=30;41:tw=30;42:ow=34;42:st=37;44:ex=01;32:*.tar=01;31:*.tgz=01;31:*.arc=01;31:*.arj=01;31:*.taz=01;31:*.lha=01;31:*.lz4=01;31:*.lzh=01;31:*.lzma=01;31:*.tlz=01;31:*.txz=01;31:*.tzo=01;31:*.t7z=01;31:*.zip=01;31:*.z=01;31:*.dz=01;31:*.gz=01;31:*.lrz=01;31:*.lz=01;31:*.lzo=01;31:*.xz=01;31:*.zst=01;31:*.tzst=01;31:*.bz2=01;31:*.bz=01;31:*.tbz=01;31:*.tbz2=01;31:*.tz=01;31:*.deb=01;31:*.rpm=01;31:*.jar=01;31:*.war=01;31:*.ear=01;31:*.sar=01;31:*.rar=01;31:*.alz=01;31:*.ace=01;31:*.zoo=01;31:*.cpio=01;31:*.7z=01;31:*.rz=01;31:*.cab=01;31:*.wim=01;31:*.swm=01;31:*.dwm=01;31:*.esd=01;31:*.jpg=01;35:*.jpeg=01;35:*.mjpg=01;35:*.mjpeg=01;35:*.gif=01;35:*.bmp=01;35:*.pbm=01;35:*.pgm=01;35:*.ppm=01;35:*.tga=01;35:*.xbm=01;35:*.xpm=01;35:*.tif=01;35:*.tiff=01;35:*.png=01;35:*.svg=01;35:*.svgz=01;35:*.mng=01;35:*.pcx=01;35:*.mov=01;35:*.mpg=01;35:*.mpeg=01;35:*.m2v=01;35:*.mkv=01;35:*.webm=01;35:*.ogm=01;35:*.mp4=01;35:*.m4v=01;35:*.mp4v=01;35:*.vob=01;35:*.qt=01;35:*.nuv=01;35:*.wmv=01;35:*.asf=01;35:*.rm=01;35:*.rmvb=01;35:*.flc=01;35:*.avi=01;35:*.fli=01;35:*.flv=01;35:*.gl=01;35:*.dl=01;35:*.xcf=01;35:*.xwd=01;35:*.yuv=01;35:*.cgm=01;35:*.emf=01;35:*.ogv=01;35:*.ogx=01;35:*.aac=00;36:*.au=00;36:*.flac=00;36:*.m4a=00;36:*.mid=00;36:*.midi=00;36:*.mka=00;36:*.mp3=00;36:*.mpc=00;36:*.ogg=00;36:*.ra=00;36:*.wav=00;36:*.oga=00;36:*.opus=00;36:*.spx=00;36:*.xspf=00;36:'), ('AMENT_PREFIX_PATH', '/home/puzzlebot/Desktop/PUXXY_NODE/TE3002B/lane_processing_ws/install/lane_processing:/home/puzzlebot/ros2_ws/install/puzzlebot_ros:/home/puzzlebot/ros2_packages_ws/install/ros_deep_learning:/home/puzzlebot/ros2_packages_ws/install/micro_ros_setup:/home/puzzlebot/ros2_packages_ws/install/micro_ros_agent:/home/puzzlebot/ros2_packages_ws/install/micro_ros_msgs:/home/puzzlebot/ros2_packages_ws/install/camera_info_publisher:/opt/ros/humble'), ('SHELL', '/bin/bash'), ('LESSCLOSE', '/usr/bin/lesspipe %s %s'), ('PWD', '/home/puzzlebot/Desktop/PUXXY_NODE/TE3002B/lane_processing_ws/build/lane_processing'), ('LC_ALL', 'en_US.UTF-8'), ('SSH_CONNECTION', '10.43.121.1 54148 10.43.59.241 22'), ('XDG_DATA_DIRS', '/usr/local/share:/usr/share:/var/lib/snapd/desktop'), ('PYTHONPATH', '/home/puzzlebot/Desktop/PUXXY_NODE/TE3002B/lane_processing_ws/install/lane_processing/lib/python3.8/site-packages:/home/puzzlebot/ros2_ws/build/puzzlebot_ros:/home/puzzlebot/ros2_ws/install/puzzlebot_ros/lib/python3.8/site-packages:/home/puzzlebot/ros2_packages_ws/install/micro_ros_msgs/lib/python3.8/site-packages:/opt/ros/humble/lib/python3.8/site-packages'), ('COLCON', '1'), ('CMAKE_PREFIX_PATH', '/home/puzzlebot/Desktop/PUXXY_NODE/TE3002B/lane_processing_ws/install/lane_processing:/home/puzzlebot/ros2_packages_ws/install/ros_deep_learning:/home/puzzlebot/ros2_packages_ws/install/micro_ros_setup:/home/puzzlebot/ros2_packages_ws/install/micro_ros_agent:/home/puzzlebot/ros2_packages_ws/install/micro_ros_msgs:/home/puzzlebot/ros2_packages_ws/install/camera_info_publisher')]), 'shell': False}
[1.759586] (-) TimerEvent: {}
[1.828668] (lane_processing) StdoutLine: {'line': b'-- Found ament_cmake: 1.3.6 (/opt/ros/humble/share/ament_cmake/cmake)\n'}
[1.859692] (-) TimerEvent: {}
[1.960355] (-) TimerEvent: {}
[2.061048] (-) TimerEvent: {}
[2.161727] (-) TimerEvent: {}
[2.262413] (-) TimerEvent: {}
[2.363175] (-) TimerEvent: {}
[2.464214] (-) TimerEvent: {}
[2.565187] (-) TimerEvent: {}
[2.665908] (-) TimerEvent: {}
[2.766593] (-) TimerEvent: {}
[2.822468] (lane_processing) StdoutLine: {'line': b'-- Found rclcpp: 16.0.7 (/opt/ros/humble/share/rclcpp/cmake)\n'}
[2.866764] (-) TimerEvent: {}
[2.967494] (-) TimerEvent: {}
[2.994150] (lane_processing) StdoutLine: {'line': b'-- Found rosidl_generator_c: 3.1.5 (/opt/ros/humble/share/rosidl_generator_c/cmake)\n'}
[3.010616] (lane_processing) StdoutLine: {'line': b'-- Found rosidl_adapter: 3.1.5 (/opt/ros/humble/share/rosidl_adapter/cmake)\n'}
[3.046530] (lane_processing) StdoutLine: {'line': b'-- Found rosidl_generator_cpp: 3.1.5 (/opt/ros/humble/share/rosidl_generator_cpp/cmake)\n'}
[3.067670] (-) TimerEvent: {}
[3.123251] (lane_processing) StdoutLine: {'line': b'-- Using all available rosidl_typesupport_c: rosidl_typesupport_fastrtps_c;rosidl_typesupport_introspection_c\n'}
[3.167833] (-) TimerEvent: {}
[3.232066] (lane_processing) StdoutLine: {'line': b'-- Using all available rosidl_typesupport_cpp: rosidl_typesupport_fastrtps_cpp;rosidl_typesupport_introspection_cpp\n'}
[3.268048] (-) TimerEvent: {}
[3.368699] (-) TimerEvent: {}
[3.469339] (-) TimerEvent: {}
[3.570022] (-) TimerEvent: {}
[3.636600] (lane_processing) StdoutLine: {'line': b'-- Found rmw_implementation_cmake: 6.1.1 (/opt/ros/humble/share/rmw_implementation_cmake/cmake)\n'}
[3.646198] (lane_processing) StdoutLine: {'line': b'-- Found rmw_fastrtps_cpp: 6.2.5 (/opt/ros/humble/share/rmw_fastrtps_cpp/cmake)\n'}
[3.670194] (-) TimerEvent: {}
[3.770877] (-) TimerEvent: {}
[3.871719] (-) TimerEvent: {}
[3.972492] (-) TimerEvent: {}
[4.073215] (-) TimerEvent: {}
[4.173928] (-) TimerEvent: {}
[4.274649] (-) TimerEvent: {}
[4.321478] (lane_processing) StdoutLine: {'line': b"-- Using RMW implementation 'rmw_fastrtps_cpp' as default\n"}
[4.374853] (-) TimerEvent: {}
[4.475893] (-) TimerEvent: {}
[4.576716] (-) TimerEvent: {}
[4.683163] (-) TimerEvent: {}
[4.783953] (-) TimerEvent: {}
[4.884892] (-) TimerEvent: {}
[4.985956] (-) TimerEvent: {}
[5.086613] (-) TimerEvent: {}
[5.187327] (-) TimerEvent: {}
[5.287972] (-) TimerEvent: {}
[5.360249] (lane_processing) StdoutLine: {'line': b'-- Found cv_bridge: 3.2.1 (/opt/ros/humble/share/cv_bridge/cmake)\n'}
[5.388132] (-) TimerEvent: {}
[5.488779] (-) TimerEvent: {}
[5.589425] (-) TimerEvent: {}
[5.690073] (-) TimerEvent: {}
[5.790703] (-) TimerEvent: {}
[5.891331] (-) TimerEvent: {}
[5.991968] (-) TimerEvent: {}
[6.092610] (-) TimerEvent: {}
[6.193256] (-) TimerEvent: {}
[6.274386] (lane_processing) StdoutLine: {'line': b'-- Found image_transport: 3.1.7 (/opt/ros/humble/share/image_transport/cmake)\n'}
[6.293472] (-) TimerEvent: {}
[6.394168] (-) TimerEvent: {}
[6.486544] (lane_processing) StdoutLine: {'line': b'-- Found rosidl_default_generators: 1.2.0 (/opt/ros/humble/share/rosidl_default_generators/cmake)\n'}
[6.494399] (-) TimerEvent: {}
[6.594961] (-) TimerEvent: {}
[6.695783] (-) TimerEvent: {}
[6.796615] (-) TimerEvent: {}
[6.897394] (-) TimerEvent: {}
[6.998374] (-) TimerEvent: {}
[7.099928] (-) TimerEvent: {}
[7.200632] (-) TimerEvent: {}
[7.301479] (-) TimerEvent: {}
[7.402410] (-) TimerEvent: {}
[7.503061] (-) TimerEvent: {}
[7.601352] (lane_processing) StderrLine: {'line': b"Error parsing '/home/puzzlebot/Desktop/PUXXY_NODE/TE3002B/lane_processing_ws/src/lane_processing/package.xml':\n"}
[7.603193] (-) TimerEvent: {}
[7.703877] (-) TimerEvent: {}
[7.804872] (-) TimerEvent: {}
[7.905901] (-) TimerEvent: {}
[8.006662] (-) TimerEvent: {}
[8.107469] (-) TimerEvent: {}
[8.190763] (lane_processing) StderrLine: {'line': b'Traceback (most recent call last):\n'}
[8.191597] (lane_processing) StderrLine: {'line': b'  File "/opt/ros/humble/share/ament_cmake_core/cmake/core/package_xml_2_cmake.py", line 150, in <module>\n'}
[8.192074] (lane_processing) StderrLine: {'line': b'    main()\n'}
[8.192517] (lane_processing) StderrLine: {'line': b'  File "/opt/ros/humble/share/ament_cmake_core/cmake/core/package_xml_2_cmake.py", line 53, in main\n'}
[8.192987] (lane_processing) StderrLine: {'line': b'    raise e\n'}
[8.193443] (lane_processing) StderrLine: {'line': b'  File "/opt/ros/humble/share/ament_cmake_core/cmake/core/package_xml_2_cmake.py", line 49, in main\n'}
[8.193920] (lane_processing) StderrLine: {'line': b'    package = parse_package_string(\n'}
[8.194376] (lane_processing) StderrLine: {'line': b'  File "/usr/lib/python3/dist-packages/catkin_pkg/package.py", line 786, in parse_package_string\n'}
[8.194839] (lane_processing) StderrLine: {'line': b"    raise InvalidPackage('Error(s):%s' % (''.join(['\\n- %s' % e for e in errors])), filename)\n"}
[8.199706] (lane_processing) StderrLine: {'line': b"catkin_pkg.package.InvalidPackage: Error(s) in package '/home/puzzlebot/Desktop/PUXXY_NODE/TE3002B/lane_processing_ws/src/lane_processing/package.xml':\n"}
[8.200409] (lane_processing) StderrLine: {'line': b'Error(s):\n'}
[8.201010] (lane_processing) StderrLine: {'line': b"- The generic dependency on 'std_msgs' is redundant with: exec_depend\n"}
[8.207648] (-) TimerEvent: {}
[8.308399] (-) TimerEvent: {}
[8.317138] (lane_processing) StderrLine: {'line': b'CMake Error at /opt/ros/humble/share/ament_cmake_core/cmake/core/ament_package_xml.cmake:95 (message):\n'}
[8.318022] (lane_processing) StderrLine: {'line': b'  execute_process(/usr/bin/python3.8\n'}
[8.318423] (lane_processing) StderrLine: {'line': b'  /opt/ros/humble/share/ament_cmake_core/cmake/core/package_xml_2_cmake.py\n'}
[8.318909] (lane_processing) StderrLine: {'line': b'  /home/puzzlebot/Desktop/PUXXY_NODE/TE3002B/lane_processing_ws/src/lane_processing/package.xml\n'}
[8.319468] (lane_processing) StderrLine: {'line': b'  /home/puzzlebot/Desktop/PUXXY_NODE/TE3002B/lane_processing_ws/build/lane_processing/ament_cmake_core/package.cmake)\n'}
[8.319868] (lane_processing) StderrLine: {'line': b'  returned error code 1\n'}
[8.320203] (lane_processing) StderrLine: {'line': b'Call Stack (most recent call first):\n'}
[8.320526] (lane_processing) StderrLine: {'line': b'  /opt/ros/humble/share/ament_cmake_core/cmake/core/ament_package_xml.cmake:49 (_ament_package_xml)\n'}
[8.320850] (lane_processing) StderrLine: {'line': b'  /opt/ros/humble/share/rosidl_cmake/cmake/rosidl_generate_interfaces.cmake:226 (ament_package_xml)\n'}
[8.321173] (lane_processing) StderrLine: {'line': b'  CMakeLists.txt:17 (rosidl_generate_interfaces)\n'}
[8.321531] (lane_processing) StderrLine: {'line': b'\n'}
[8.321854] (lane_processing) StderrLine: {'line': b'\n'}
[8.326217] (lane_processing) StdoutLine: {'line': b'-- Configuring incomplete, errors occurred!\n'}
[8.326722] (lane_processing) StdoutLine: {'line': b'See also "/home/puzzlebot/Desktop/PUXXY_NODE/TE3002B/lane_processing_ws/build/lane_processing/CMakeFiles/CMakeOutput.log".\n'}
[8.327100] (lane_processing) StdoutLine: {'line': b'See also "/home/puzzlebot/Desktop/PUXXY_NODE/TE3002B/lane_processing_ws/build/lane_processing/CMakeFiles/CMakeError.log".\n'}
[8.360631] (lane_processing) StderrLine: {'line': b'make: *** [Makefile:910: cmake_check_build_system] Error 1\n'}
[8.367303] (lane_processing) CommandEnded: {'returncode': 2}
[8.369059] (lane_processing) JobEnded: {'identifier': 'lane_processing', 'rc': 2}
[8.380040] (-) EventReactorShutdown: {}
