[  7%] Built target puzzle_pkg__rosidl_generator_c
[  9%] Built target puzzle_pkg__cpp
[  9%] Built target ament_cmake_python_copy_puzzle_pkg
[ 14%] Built target cam_source
[ 21%] Built target puzzle_pkg__rosidl_typesupport_cpp
[ 28%] Built target puzzle_pkg__rosidl_typesupport_c
[ 33%] Built target odometry
[ 40%] Built target puzzle_pkg__rosidl_typesupport_fastrtps_c
[ 47%] Built target puzzle_pkg__rosidl_typesupport_fastrtps_cpp
[ 54%] Built target puzzle_pkg__rosidl_typesupport_introspection_cpp
[ 61%] Built target puzzle_pkg__rosidl_typesupport_introspection_c
[35m[1mScanning dependencies of target lane_detection[0m
[ 61%] Built target puzzle_pkg
[ 66%] Built target controller
[ 69%] Built target puzzle_pkg__py
[ 71%] [32mBuilding CXX object CMakeFiles/lane_detection.dir/src/vision/lane_detection.cpp.o[0m
[ 76%] Built target puzzle_pkg__rosidl_generator_py
[ 80%] Built target puzzle_pkg__rosidl_typesupport_c__pyext
[ 85%] Built target puzzle_pkg__rosidl_typesupport_introspection_c__pyext
[ 90%] Built target puzzle_pkg__rosidl_typesupport_fastrtps_c__pyext
running egg_info
writing puzzle_pkg.egg-info/PKG-INFO
writing dependency_links to puzzle_pkg.egg-info/dependency_links.txt
writing top-level names to puzzle_pkg.egg-info/top_level.txt
reading manifest file 'puzzle_pkg.egg-info/SOURCES.txt'
writing manifest file 'puzzle_pkg.egg-info/SOURCES.txt'
[ 90%] Built target ament_cmake_python_build_puzzle_pkg_egg
[01m[K/home/puzzlebot/Documents/PUXXY_NODE/TE3002B/puzzle_ws/src/puzzle_pkg/src/vision/lane_detection.cpp:[m[K In member function â€˜[01m[Kvoid LaneProcessingNode::image_callback(sensor_msgs::msg::Image_<std::allocator<void> >::SharedPtr)[m[Kâ€™:
[01m[K/home/puzzlebot/Documents/PUXXY_NODE/TE3002B/puzzle_ws/src/puzzle_pkg/src/vision/lane_detection.cpp:93:16:[m[K [01;31m[Kerror: [m[Kreturn-statement with a value, in function returning â€˜[01m[Kvoid[m[Kâ€™ [[01;31m[K-fpermissive[m[K]
         return [01;31m[K0.0[m[K;
                [01;31m[K^~~[m[K
make[2]: *** [CMakeFiles/lane_detection.dir/build.make:63: CMakeFiles/lane_detection.dir/src/vision/lane_detection.cpp.o] Error 1
make[1]: *** [CMakeFiles/Makefile2:160: CMakeFiles/lane_detection.dir/all] Error 2
make: *** [Makefile:141: all] Error 2
