[0.078s] Invoking command in '/home/puzzlebot/Documents/PUXXY_NODE/TE3002B/puzzle_ws/build/puzzle_pkg': CMAKE_PREFIX_PATH=/home/puzzlebot/Documents/PUXXY_NODE/TE3002B/puzzle_ws/install/puzzle_pkg:/home/puzzlebot/ros2_ws/install/puzzlebot_ros:/opt/ros/humble:/home/puzzlebot/ros2_packages_ws/install/ros_deep_learning:/home/puzzlebot/ros2_packages_ws/install/micro_ros_setup:/home/puzzlebot/ros2_packages_ws/install/micro_ros_agent:/home/puzzlebot/ros2_packages_ws/install/micro_ros_msgs:/home/puzzlebot/ros2_packages_ws/install/camera_info_publisher /usr/bin/cmake --build /home/puzzlebot/Documents/PUXXY_NODE/TE3002B/puzzle_ws/build/puzzle_pkg -- -j4 -l4
[0.565s] [  7%] Built target puzzle_pkg__rosidl_generator_c
[0.598s] [  9%] Built target puzzle_pkg__cpp
[0.622s] [  9%] Built target ament_cmake_python_copy_puzzle_pkg
[0.733s] [ 14%] Built target cam_source
[0.758s] [ 21%] Built target puzzle_pkg__rosidl_typesupport_cpp
[0.800s] [ 28%] Built target puzzle_pkg__rosidl_typesupport_c
[0.804s] [ 33%] Built target odometry
[0.885s] [ 40%] Built target puzzle_pkg__rosidl_typesupport_fastrtps_c
[0.957s] [ 47%] Built target puzzle_pkg__rosidl_typesupport_fastrtps_cpp
[0.958s] [ 54%] Built target puzzle_pkg__rosidl_typesupport_introspection_cpp
[1.045s] [ 61%] Built target puzzle_pkg__rosidl_typesupport_introspection_c
[1.178s] [35m[1mScanning dependencies of target lane_detection[0m
[1.247s] [ 61%] Built target puzzle_pkg
[1.254s] [ 66%] Built target controller
[1.439s] [ 69%] Built target puzzle_pkg__py
[1.719s] [ 71%] [32mBuilding CXX object CMakeFiles/lane_detection.dir/src/vision/lane_detection.cpp.o[0m
[1.750s] [ 76%] Built target puzzle_pkg__rosidl_generator_py
[2.114s] [ 80%] Built target puzzle_pkg__rosidl_typesupport_c__pyext
[2.124s] [ 85%] Built target puzzle_pkg__rosidl_typesupport_introspection_c__pyext
[2.330s] [ 90%] Built target puzzle_pkg__rosidl_typesupport_fastrtps_c__pyext
[2.726s] running egg_info
[2.728s] writing puzzle_pkg.egg-info/PKG-INFO
[2.729s] writing dependency_links to puzzle_pkg.egg-info/dependency_links.txt
[2.729s] writing top-level names to puzzle_pkg.egg-info/top_level.txt
[2.960s] reading manifest file 'puzzle_pkg.egg-info/SOURCES.txt'
[2.963s] writing manifest file 'puzzle_pkg.egg-info/SOURCES.txt'
[3.112s] [ 90%] Built target ament_cmake_python_build_puzzle_pkg_egg
[19.990s] [01m[K/home/puzzlebot/Documents/PUXXY_NODE/TE3002B/puzzle_ws/src/puzzle_pkg/src/vision/lane_detection.cpp:[m[K In member function â€˜[01m[Kvoid LaneProcessingNode::image_callback(sensor_msgs::msg::Image_<std::allocator<void> >::SharedPtr)[m[Kâ€™:
[19.990s] [01m[K/home/puzzlebot/Documents/PUXXY_NODE/TE3002B/puzzle_ws/src/puzzle_pkg/src/vision/lane_detection.cpp:93:16:[m[K [01;31m[Kerror: [m[Kreturn-statement with a value, in function returning â€˜[01m[Kvoid[m[Kâ€™ [[01;31m[K-fpermissive[m[K]
[19.991s]          return [01;31m[K0.0[m[K;
[19.991s]                 [01;31m[K^~~[m[K
[34.798s] make[2]: *** [CMakeFiles/lane_detection.dir/build.make:63: CMakeFiles/lane_detection.dir/src/vision/lane_detection.cpp.o] Error 1
[34.800s] make[1]: *** [CMakeFiles/Makefile2:160: CMakeFiles/lane_detection.dir/all] Error 2
[34.800s] make: *** [Makefile:141: all] Error 2
[34.811s] Invoked command in '/home/puzzlebot/Documents/PUXXY_NODE/TE3002B/puzzle_ws/build/puzzle_pkg' returned '2': CMAKE_PREFIX_PATH=/home/puzzlebot/Documents/PUXXY_NODE/TE3002B/puzzle_ws/install/puzzle_pkg:/home/puzzlebot/ros2_ws/install/puzzlebot_ros:/opt/ros/humble:/home/puzzlebot/ros2_packages_ws/install/ros_deep_learning:/home/puzzlebot/ros2_packages_ws/install/micro_ros_setup:/home/puzzlebot/ros2_packages_ws/install/micro_ros_agent:/home/puzzlebot/ros2_packages_ws/install/micro_ros_msgs:/home/puzzlebot/ros2_packages_ws/install/camera_info_publisher /usr/bin/cmake --build /home/puzzlebot/Documents/PUXXY_NODE/TE3002B/puzzle_ws/build/puzzle_pkg -- -j4 -l4
