[35m[1mScanning dependencies of target lane_processing[0m
[ 25%] [32mBuilding CXX object CMakeFiles/lane_processing.dir/src/lane_detection.cpp.o[0m
[ 50%] [32mBuilding CXX object CMakeFiles/lane_processing.dir/src/lib/cv_wrapper.cpp.o[0m
[ 75%] [32mBuilding CXX object CMakeFiles/lane_processing.dir/src/lib/perspective.cpp.o[0m
In file included from [01m[K/home/puzzlebot/Desktop/PUXXY_NODE/TE3002B/lane_processing_ws/src/lane_processing/src/lib/cv_wrapper.cpp:1[m[K:
[01m[K/home/puzzlebot/Desktop/PUXXY_NODE/TE3002B/lane_processing_ws/src/lane_processing/include/lane_processing/cv_wrapper.h:6:10:[m[K [01;31m[Kfatal error: [m[Klane_detection/lane_params.h: No such file or directory
 #include [01;31m[K"lane_detection/lane_params.h"[m[K
          [01;31m[K^~~~~~~~~~~~~~~~~~~~~~~~~~~~~~[m[K
compilation terminated.
make[2]: *** [CMakeFiles/lane_processing.dir/build.make:76: CMakeFiles/lane_processing.dir/src/lib/cv_wrapper.cpp.o] Error 1
make[2]: *** Waiting for unfinished jobs....
In file included from [01m[K/home/puzzlebot/Desktop/PUXXY_NODE/TE3002B/lane_processing_ws/src/lane_processing/src/lane_detection.cpp:9[m[K:
[01m[K/home/puzzlebot/Desktop/PUXXY_NODE/TE3002B/lane_processing_ws/src/lane_processing/include/lane_processing/cv_wrapper.h:6:10:[m[K [01;31m[Kfatal error: [m[Klane_detection/lane_params.h: No such file or directory
 #include [01;31m[K"lane_detection/lane_params.h"[m[K
          [01;31m[K^~~~~~~~~~~~~~~~~~~~~~~~~~~~~~[m[K
compilation terminated.
make[2]: *** [CMakeFiles/lane_processing.dir/build.make:63: CMakeFiles/lane_processing.dir/src/lane_detection.cpp.o] Error 1
make[1]: *** [CMakeFiles/Makefile2:78: CMakeFiles/lane_processing.dir/all] Error 2
make: *** [Makefile:141: all] Error 2
