[1.318s] Invoking command in '/home/puzzlebot/Desktop/PUXXY_NODE/TE3002B/lane_processing_ws/build/lane_processing': CMAKE_PREFIX_PATH=/home/puzzlebot/ros2_ws/install/puzzlebot_ros:/opt/ros/humble:${CMAKE_PREFIX_PATH} /usr/bin/cmake --build /home/puzzlebot/Desktop/PUXXY_NODE/TE3002B/lane_processing_ws/build/lane_processing -- -j4 -l4
[1.482s] [35m[1mScanning dependencies of target lane_processing[0m
[1.784s] [ 25%] [32mBuilding CXX object CMakeFiles/lane_processing.dir/src/lane_detection.cpp.o[0m
[1.785s] [ 50%] [32mBuilding CXX object CMakeFiles/lane_processing.dir/src/lib/cv_wrapper.cpp.o[0m
[1.789s] [ 75%] [32mBuilding CXX object CMakeFiles/lane_processing.dir/src/lib/perspective.cpp.o[0m
[2.438s] In file included from [01m[K/home/puzzlebot/Desktop/PUXXY_NODE/TE3002B/lane_processing_ws/src/lane_processing/src/lib/cv_wrapper.cpp:1[m[K:
[2.439s] [01m[K/home/puzzlebot/Desktop/PUXXY_NODE/TE3002B/lane_processing_ws/src/lane_processing/include/lane_processing/cv_wrapper.h:6:10:[m[K [01;31m[Kfatal error: [m[Klane_detection/lane_params.h: No such file or directory
[2.439s]  #include [01;31m[K"lane_detection/lane_params.h"[m[K
[2.440s]           [01;31m[K^~~~~~~~~~~~~~~~~~~~~~~~~~~~~~[m[K
[2.440s] compilation terminated.
[2.451s] make[2]: *** [CMakeFiles/lane_processing.dir/build.make:76: CMakeFiles/lane_processing.dir/src/lib/cv_wrapper.cpp.o] Error 1
[2.451s] make[2]: *** Waiting for unfinished jobs....
[3.064s] In file included from [01m[K/home/puzzlebot/Desktop/PUXXY_NODE/TE3002B/lane_processing_ws/src/lane_processing/src/lane_detection.cpp:9[m[K:
[3.065s] [01m[K/home/puzzlebot/Desktop/PUXXY_NODE/TE3002B/lane_processing_ws/src/lane_processing/include/lane_processing/cv_wrapper.h:6:10:[m[K [01;31m[Kfatal error: [m[Klane_detection/lane_params.h: No such file or directory
[3.065s]  #include [01;31m[K"lane_detection/lane_params.h"[m[K
[3.066s]           [01;31m[K^~~~~~~~~~~~~~~~~~~~~~~~~~~~~~[m[K
[3.066s] compilation terminated.
[3.078s] make[2]: *** [CMakeFiles/lane_processing.dir/build.make:63: CMakeFiles/lane_processing.dir/src/lane_detection.cpp.o] Error 1
[10.758s] make[1]: *** [CMakeFiles/Makefile2:78: CMakeFiles/lane_processing.dir/all] Error 2
[10.758s] make: *** [Makefile:141: all] Error 2
[10.764s] Invoked command in '/home/puzzlebot/Desktop/PUXXY_NODE/TE3002B/lane_processing_ws/build/lane_processing' returned '2': CMAKE_PREFIX_PATH=/home/puzzlebot/ros2_ws/install/puzzlebot_ros:/opt/ros/humble:${CMAKE_PREFIX_PATH} /usr/bin/cmake --build /home/puzzlebot/Desktop/PUXXY_NODE/TE3002B/lane_processing_ws/build/lane_processing -- -j4 -l4
