[1.318s] Invoking command in '/home/puzzlebot/Desktop/PUXXY_NODE/TE3002B/lane_processing_ws/build/lane_processing': CMAKE_PREFIX_PATH=/home/puzzlebot/ros2_ws/install/puzzlebot_ros:/opt/ros/humble:${CMAKE_PREFIX_PATH} /usr/bin/cmake --build /home/puzzlebot/Desktop/PUXXY_NODE/TE3002B/lane_processing_ws/build/lane_processing -- -j4 -l4
[1.533s] [35m[1mScanning dependencies of target lane_processing[0m
[1.785s] [ 25%] [32mBuilding CXX object CMakeFiles/lane_processing.dir/src/lane_detection.cpp.o[0m
[40.778s] [ 50%] [32m[1mLinking CXX executable lane_processing[0m
[44.256s] /usr/bin/ld: CMakeFiles/lane_processing.dir/src/lib/cv_wrapper.cpp.o:(.bss+0x0): multiple definition of `CROP_PARAMS[abi:cxx11]'; CMakeFiles/lane_processing.dir/src/lane_detection.cpp.o:(.bss+0x0): first defined here
[44.257s] /usr/bin/ld: CMakeFiles/lane_processing.dir/src/lib/perspective.cpp.o:(.bss+0x0): multiple definition of `CROP_PARAMS[abi:cxx11]'; CMakeFiles/lane_processing.dir/src/lane_detection.cpp.o:(.bss+0x0): first defined here
[44.259s] collect2: error: ld returned 1 exit status
[44.264s] make[2]: *** [CMakeFiles/lane_processing.dir/build.make:198: lane_processing] Error 1
[44.265s] make[1]: *** [CMakeFiles/Makefile2:78: CMakeFiles/lane_processing.dir/all] Error 2
[44.266s] make: *** [Makefile:141: all] Error 2
[44.274s] Invoked command in '/home/puzzlebot/Desktop/PUXXY_NODE/TE3002B/lane_processing_ws/build/lane_processing' returned '2': CMAKE_PREFIX_PATH=/home/puzzlebot/ros2_ws/install/puzzlebot_ros:/opt/ros/humble:${CMAKE_PREFIX_PATH} /usr/bin/cmake --build /home/puzzlebot/Desktop/PUXXY_NODE/TE3002B/lane_processing_ws/build/lane_processing -- -j4 -l4
