[  2%] Built target puzzle_pkg__cpp
[  9%] Built target puzzle_pkg__rosidl_generator_c
[  9%] Built target ament_cmake_python_copy_puzzle_pkg
[ 13%] Built target odometry
[ 20%] Built target puzzle_pkg__rosidl_typesupport_c
[ 25%] Built target cam_source
[ 29%] Built target signal_handle
[ 36%] Built target puzzle_pkg__rosidl_typesupport_cpp
[ 43%] Built target puzzle_pkg__rosidl_typesupport_introspection_cpp
[ 59%] Built target puzzle_pkg__rosidl_typesupport_fastrtps_cpp
[ 56%] Built target puzzle_pkg__rosidl_typesupport_introspection_c
[ 63%] Built target puzzle_pkg__rosidl_typesupport_fastrtps_c
[35m[1mScanning dependencies of target controller[0m
[ 63%] Built target puzzle_pkg
[ 65%] Built target puzzle_pkg__py
[ 77%] Built target lane_detection
[ 79%] [32mBuilding CXX object CMakeFiles/controller.dir/src/control/controller.cpp.o[0m
[ 84%] Built target puzzle_pkg__rosidl_generator_py
[ 88%] Built target puzzle_pkg__rosidl_typesupport_introspection_c__pyext
[ 93%] Built target puzzle_pkg__rosidl_typesupport_fastrtps_c__pyext
[ 97%] Built target puzzle_pkg__rosidl_typesupport_c__pyext
running egg_info
writing puzzle_pkg.egg-info/PKG-INFO
writing dependency_links to puzzle_pkg.egg-info/dependency_links.txt
writing top-level names to puzzle_pkg.egg-info/top_level.txt
reading manifest file 'puzzle_pkg.egg-info/SOURCES.txt'
writing manifest file 'puzzle_pkg.egg-info/SOURCES.txt'
[ 97%] Built target ament_cmake_python_build_puzzle_pkg_egg
[01m[K/home/puzzlebot/Documents/PUXXY_NODE/TE3002B/puzzle_ws/src/puzzle_pkg/src/control/controller.cpp:[m[K In constructor â€˜[01m[KController::Controller()[m[Kâ€™:
[01m[K/home/puzzlebot/Documents/PUXXY_NODE/TE3002B/puzzle_ws/src/puzzle_pkg/src/control/controller.cpp:364:31:[m[K [01;35m[Kwarning: [m[Kâ€˜[01m[KController::vel_message_[m[Kâ€™ will be initialized after [[01;35m[K-Wreorder[m[K]
     geometry_msgs::msg::Twist [01;35m[Kvel_message_[m[K;
                               [01;35m[K^~~~~~~~~~~~[m[K
[01m[K/home/puzzlebot/Documents/PUXXY_NODE/TE3002B/puzzle_ws/src/puzzle_pkg/src/control/controller.cpp:344:17:[m[K [01;35m[Kwarning: [m[K  â€˜[01m[Kstd::__cxx11::string Controller::current_state_[m[Kâ€™ [[01;35m[K-Wreorder[m[K]
     std::string [01;35m[Kcurrent_state_[m[K;
                 [01;35m[K^~~~~~~~~~~~~~[m[K
[01m[K/home/puzzlebot/Documents/PUXXY_NODE/TE3002B/puzzle_ws/src/puzzle_pkg/src/control/controller.cpp:48:5:[m[K [01;35m[Kwarning: [m[K  when initialized here [[01;35m[K-Wreorder[m[K]
     [01;35m[KController[m[K() :
     [01;35m[K^~~~~~~~~~[m[K
[01m[K/home/puzzlebot/Documents/PUXXY_NODE/TE3002B/puzzle_ws/src/puzzle_pkg/src/control/controller.cpp:351:28:[m[K [01;35m[Kwarning: [m[Kâ€˜[01m[KController::target_point_[m[Kâ€™ will be initialized after [[01;35m[K-Wreorder[m[K]
     double target_point_ [2[01;35m[K][m[K;
                            [01;35m[K^[m[K
[01m[K/home/puzzlebot/Documents/PUXXY_NODE/TE3002B/puzzle_ws/src/puzzle_pkg/src/control/controller.cpp:347:12:[m[K [01;35m[Kwarning: [m[K  â€˜[01m[Kdouble Controller::error_angle_[m[Kâ€™ [[01;35m[K-Wreorder[m[K]
     double [01;35m[Kerror_angle_[m[K;
            [01;35m[K^~~~~~~~~~~~[m[K
[01m[K/home/puzzlebot/Documents/PUXXY_NODE/TE3002B/puzzle_ws/src/puzzle_pkg/src/control/controller.cpp:48:5:[m[K [01;35m[Kwarning: [m[K  when initialized here [[01;35m[K-Wreorder[m[K]
     [01;35m[KController[m[K() :
     [01;35m[K^~~~~~~~~~[m[K
In file included from [01m[K/opt/ros/humble/include/rclcpp/rclcpp/logging.hpp:24[m[K,
                 from [01m[K/opt/ros/humble/include/rclcpp/rclcpp/client.hpp:40[m[K,
                 from [01m[K/opt/ros/humble/include/rclcpp/rclcpp/callback_group.hpp:24[m[K,
                 from [01m[K/opt/ros/humble/include/rclcpp/rclcpp/any_executable.hpp:20[m[K,
                 from [01m[K/opt/ros/humble/include/rclcpp/rclcpp/memory_strategy.hpp:25[m[K,
                 from [01m[K/opt/ros/humble/include/rclcpp/rclcpp/memory_strategies.hpp:18[m[K,
                 from [01m[K/opt/ros/humble/include/rclcpp/rclcpp/executor_options.hpp:20[m[K,
                 from [01m[K/opt/ros/humble/include/rclcpp/rclcpp/executor.hpp:37[m[K,
                 from [01m[K/opt/ros/humble/include/rclcpp/rclcpp/executors/multi_threaded_executor.hpp:25[m[K,
                 from [01m[K/opt/ros/humble/include/rclcpp/rclcpp/executors.hpp:21[m[K,
                 from [01m[K/opt/ros/humble/include/rclcpp/rclcpp/rclcpp.hpp:155[m[K,
                 from [01m[K/home/puzzlebot/Documents/PUXXY_NODE/TE3002B/puzzle_ws/src/puzzle_pkg/src/control/controller.cpp:23[m[K:
[01m[K/home/puzzlebot/Documents/PUXXY_NODE/TE3002B/puzzle_ws/src/puzzle_pkg/src/control/controller.cpp:[m[K In member function â€˜[01m[Kvoid Controller::state_callback(std_msgs::msg::String_<std::allocator<void> >::SharedPtr)[m[Kâ€™:
[01m[K/home/puzzlebot/Documents/PUXXY_NODE/TE3002B/puzzle_ws/src/puzzle_pkg/src/control/controller.cpp:153:41:[m[K [01;31m[Kerror: [m[Kcannot convert â€˜[01m[Kstd::__cxx11::string[m[Kâ€™ {aka â€˜[01m[Kstd::__cxx11::basic_string<char>[m[Kâ€™} to â€˜[01m[Kconst char*[m[Kâ€™
         RCLCPP_INFO(this->get_logger(), [01;31m[Kdese[m[K);
                                         [01;31m[K^~~~[m[K
In file included from [01m[K/opt/ros/humble/include/rmw/rmw/types.h:28[m[K,
                 from [01m[K/opt/ros/humble/include/rcl/rcl/types.h:20[m[K,
                 from [01m[K/opt/ros/humble/include/rcl/rcl/log_level.h:22[m[K,
                 from [01m[K/opt/ros/humble/include/rcl/rcl/arguments.h:21[m[K,
                 from [01m[K/opt/ros/humble/include/rcl/rcl/context.h:28[m[K,
                 from [01m[K/opt/ros/humble/include/rcl/rcl/guard_condition.h:26[m[K,
                 from [01m[K/opt/ros/humble/include/rclcpp/rclcpp/executor.hpp:30[m[K,
                 from [01m[K/opt/ros/humble/include/rclcpp/rclcpp/executors/multi_threaded_executor.hpp:25[m[K,
                 from [01m[K/opt/ros/humble/include/rclcpp/rclcpp/executors.hpp:21[m[K,
                 from [01m[K/opt/ros/humble/include/rclcpp/rclcpp/rclcpp.hpp:155[m[K,
                 from [01m[K/home/puzzlebot/Documents/PUXXY_NODE/TE3002B/puzzle_ws/src/puzzle_pkg/src/control/controller.cpp:23[m[K:
[01m[K/opt/ros/humble/include/rcutils/rcutils/logging.h:479:16:[m[K [01;36m[Knote: [m[K  initializing argument 4 of â€˜[01m[Kvoid rcutils_log(const rcutils_log_location_t*, int, const char*, const char*, ...)[m[Kâ€™
   [01;36m[Kconst char * format[m[K,
   [01;36m[K~~~~~~~~~~~~~^~~~~~[m[K
[01m[K/home/puzzlebot/Documents/PUXXY_NODE/TE3002B/puzzle_ws/src/puzzle_pkg/src/control/controller.cpp:[m[K In member function â€˜[01m[Kvoid Controller::line_control()[m[Kâ€™:
[01m[K/home/puzzlebot/Documents/PUXXY_NODE/TE3002B/puzzle_ws/src/puzzle_pkg/src/control/controller.cpp:217:16:[m[K [01;35m[Kwarning: [m[Kunused variable â€˜[01m[Kerror_threshold_dis[m[Kâ€™ [[01;35m[K-Wunused-variable[m[K]
         double [01;35m[Kerror_threshold_dis[m[K = get_parameter("error_threshold_dis").as_double();
                [01;35m[K^~~~~~~~~~~~~~~~~~~[m[K
[01m[K/home/puzzlebot/Documents/PUXXY_NODE/TE3002B/puzzle_ws/src/puzzle_pkg/src/control/controller.cpp:225:16:[m[K [01;35m[Kwarning: [m[Kunused variable â€˜[01m[Kkp_distance[m[Kâ€™ [[01;35m[K-Wunused-variable[m[K]
         double [01;35m[Kkp_distance[m[K = get_parameter("kp_distance").as_double();
                [01;35m[K^~~~~~~~~~~[m[K
make[2]: *** [CMakeFiles/controller.dir/build.make:63: CMakeFiles/controller.dir/src/control/controller.cpp.o] Error 1
make[1]: *** [CMakeFiles/Makefile2:324: CMakeFiles/controller.dir/all] Error 2
make: *** [Makefile:141: all] Error 2
