[1.360s] Invoking command in '/home/puzzlebot/Documents/PUXXY_NODE/TE3002B/puzzle_ws/build/puzzle_pkg': AMENT_PREFIX_PATH=/home/puzzlebot/Documents/PUXXY_NODE/TE3002B/puzzle_ws/install/cv_bridge:${AMENT_PREFIX_PATH} CMAKE_PREFIX_PATH=/home/puzzlebot/Documents/PUXXY_NODE/TE3002B/puzzle_ws/install/cv_bridge:/home/puzzlebot/ros2_ws/install/puzzlebot_ros:/opt/ros/humble:${CMAKE_PREFIX_PATH} LD_LIBRARY_PATH=/home/puzzlebot/Documents/PUXXY_NODE/TE3002B/puzzle_ws/install/cv_bridge/lib:${LD_LIBRARY_PATH} PYTHONPATH=/home/puzzlebot/Documents/PUXXY_NODE/TE3002B/puzzle_ws/install/cv_bridge/lib/python3.8/site-packages:${PYTHONPATH} /usr/bin/cmake --build /home/puzzlebot/Documents/PUXXY_NODE/TE3002B/puzzle_ws/build/puzzle_pkg -- -j4 -l4
[1.752s] [  2%] Built target puzzle_pkg__cpp
[1.874s] [  9%] Built target puzzle_pkg__rosidl_generator_c
[1.914s] [  9%] Built target ament_cmake_python_copy_puzzle_pkg
[2.113s] [ 13%] Built target odometry
[2.183s] [ 20%] Built target puzzle_pkg__rosidl_typesupport_c
[2.240s] [ 25%] Built target cam_source
[2.263s] [ 29%] Built target signal_handle
[2.347s] [ 36%] Built target puzzle_pkg__rosidl_typesupport_cpp
[2.409s] [ 43%] Built target puzzle_pkg__rosidl_typesupport_introspection_cpp
[2.508s] [ 59%] Built target puzzle_pkg__rosidl_typesupport_fastrtps_cpp
[2.511s] [ 56%] Built target puzzle_pkg__rosidl_typesupport_introspection_c
[2.512s] [ 63%] Built target puzzle_pkg__rosidl_typesupport_fastrtps_c
[2.624s] [35m[1mScanning dependencies of target controller[0m
[2.687s] [ 63%] Built target puzzle_pkg
[2.968s] [ 65%] Built target puzzle_pkg__py
[3.055s] [ 77%] Built target lane_detection
[3.195s] [ 79%] [32mBuilding CXX object CMakeFiles/controller.dir/src/control/controller.cpp.o[0m
[3.227s] [ 84%] Built target puzzle_pkg__rosidl_generator_py
[3.442s] [ 88%] Built target puzzle_pkg__rosidl_typesupport_introspection_c__pyext
[3.477s] [ 93%] Built target puzzle_pkg__rosidl_typesupport_fastrtps_c__pyext
[3.611s] [ 97%] Built target puzzle_pkg__rosidl_typesupport_c__pyext
[4.424s] running egg_info
[4.427s] writing puzzle_pkg.egg-info/PKG-INFO
[4.432s] writing dependency_links to puzzle_pkg.egg-info/dependency_links.txt
[4.432s] writing top-level names to puzzle_pkg.egg-info/top_level.txt
[4.614s] reading manifest file 'puzzle_pkg.egg-info/SOURCES.txt'
[4.618s] writing manifest file 'puzzle_pkg.egg-info/SOURCES.txt'
[4.840s] [ 97%] Built target ament_cmake_python_build_puzzle_pkg_egg
[15.568s] [01m[K/home/puzzlebot/Documents/PUXXY_NODE/TE3002B/puzzle_ws/src/puzzle_pkg/src/control/controller.cpp:[m[K In constructor â€˜[01m[KController::Controller()[m[Kâ€™:
[15.569s] [01m[K/home/puzzlebot/Documents/PUXXY_NODE/TE3002B/puzzle_ws/src/puzzle_pkg/src/control/controller.cpp:364:31:[m[K [01;35m[Kwarning: [m[Kâ€˜[01m[KController::vel_message_[m[Kâ€™ will be initialized after [[01;35m[K-Wreorder[m[K]
[15.569s]      geometry_msgs::msg::Twist [01;35m[Kvel_message_[m[K;
[15.571s]                                [01;35m[K^~~~~~~~~~~~[m[K
[15.571s] [01m[K/home/puzzlebot/Documents/PUXXY_NODE/TE3002B/puzzle_ws/src/puzzle_pkg/src/control/controller.cpp:344:17:[m[K [01;35m[Kwarning: [m[K  â€˜[01m[Kstd::__cxx11::string Controller::current_state_[m[Kâ€™ [[01;35m[K-Wreorder[m[K]
[15.572s]      std::string [01;35m[Kcurrent_state_[m[K;
[15.572s]                  [01;35m[K^~~~~~~~~~~~~~[m[K
[15.573s] [01m[K/home/puzzlebot/Documents/PUXXY_NODE/TE3002B/puzzle_ws/src/puzzle_pkg/src/control/controller.cpp:48:5:[m[K [01;35m[Kwarning: [m[K  when initialized here [[01;35m[K-Wreorder[m[K]
[15.573s]      [01;35m[KController[m[K() :
[15.574s]      [01;35m[K^~~~~~~~~~[m[K
[15.574s] [01m[K/home/puzzlebot/Documents/PUXXY_NODE/TE3002B/puzzle_ws/src/puzzle_pkg/src/control/controller.cpp:351:28:[m[K [01;35m[Kwarning: [m[Kâ€˜[01m[KController::target_point_[m[Kâ€™ will be initialized after [[01;35m[K-Wreorder[m[K]
[15.583s]      double target_point_ [2[01;35m[K][m[K;
[15.583s]                             [01;35m[K^[m[K
[15.584s] [01m[K/home/puzzlebot/Documents/PUXXY_NODE/TE3002B/puzzle_ws/src/puzzle_pkg/src/control/controller.cpp:347:12:[m[K [01;35m[Kwarning: [m[K  â€˜[01m[Kdouble Controller::error_angle_[m[Kâ€™ [[01;35m[K-Wreorder[m[K]
[15.584s]      double [01;35m[Kerror_angle_[m[K;
[15.585s]             [01;35m[K^~~~~~~~~~~~[m[K
[15.585s] [01m[K/home/puzzlebot/Documents/PUXXY_NODE/TE3002B/puzzle_ws/src/puzzle_pkg/src/control/controller.cpp:48:5:[m[K [01;35m[Kwarning: [m[K  when initialized here [[01;35m[K-Wreorder[m[K]
[15.585s]      [01;35m[KController[m[K() :
[15.586s]      [01;35m[K^~~~~~~~~~[m[K
[15.824s] In file included from [01m[K/opt/ros/humble/include/rclcpp/rclcpp/logging.hpp:24[m[K,
[15.825s]                  from [01m[K/opt/ros/humble/include/rclcpp/rclcpp/client.hpp:40[m[K,
[15.825s]                  from [01m[K/opt/ros/humble/include/rclcpp/rclcpp/callback_group.hpp:24[m[K,
[15.830s]                  from [01m[K/opt/ros/humble/include/rclcpp/rclcpp/any_executable.hpp:20[m[K,
[15.831s]                  from [01m[K/opt/ros/humble/include/rclcpp/rclcpp/memory_strategy.hpp:25[m[K,
[15.831s]                  from [01m[K/opt/ros/humble/include/rclcpp/rclcpp/memory_strategies.hpp:18[m[K,
[15.832s]                  from [01m[K/opt/ros/humble/include/rclcpp/rclcpp/executor_options.hpp:20[m[K,
[15.832s]                  from [01m[K/opt/ros/humble/include/rclcpp/rclcpp/executor.hpp:37[m[K,
[15.833s]                  from [01m[K/opt/ros/humble/include/rclcpp/rclcpp/executors/multi_threaded_executor.hpp:25[m[K,
[15.833s]                  from [01m[K/opt/ros/humble/include/rclcpp/rclcpp/executors.hpp:21[m[K,
[15.834s]                  from [01m[K/opt/ros/humble/include/rclcpp/rclcpp/rclcpp.hpp:155[m[K,
[15.834s]                  from [01m[K/home/puzzlebot/Documents/PUXXY_NODE/TE3002B/puzzle_ws/src/puzzle_pkg/src/control/controller.cpp:23[m[K:
[15.835s] [01m[K/home/puzzlebot/Documents/PUXXY_NODE/TE3002B/puzzle_ws/src/puzzle_pkg/src/control/controller.cpp:[m[K In member function â€˜[01m[Kvoid Controller::state_callback(std_msgs::msg::String_<std::allocator<void> >::SharedPtr)[m[Kâ€™:
[15.835s] [01m[K/home/puzzlebot/Documents/PUXXY_NODE/TE3002B/puzzle_ws/src/puzzle_pkg/src/control/controller.cpp:153:41:[m[K [01;31m[Kerror: [m[Kcannot convert â€˜[01m[Kstd::__cxx11::string[m[Kâ€™ {aka â€˜[01m[Kstd::__cxx11::basic_string<char>[m[Kâ€™} to â€˜[01m[Kconst char*[m[Kâ€™
[15.836s]          RCLCPP_INFO(this->get_logger(), [01;31m[Kdese[m[K);
[15.836s]                                          [01;31m[K^~~~[m[K
[15.855s] In file included from [01m[K/opt/ros/humble/include/rmw/rmw/types.h:28[m[K,
[15.857s]                  from [01m[K/opt/ros/humble/include/rcl/rcl/types.h:20[m[K,
[15.858s]                  from [01m[K/opt/ros/humble/include/rcl/rcl/log_level.h:22[m[K,
[15.858s]                  from [01m[K/opt/ros/humble/include/rcl/rcl/arguments.h:21[m[K,
[15.859s]                  from [01m[K/opt/ros/humble/include/rcl/rcl/context.h:28[m[K,
[15.859s]                  from [01m[K/opt/ros/humble/include/rcl/rcl/guard_condition.h:26[m[K,
[15.859s]                  from [01m[K/opt/ros/humble/include/rclcpp/rclcpp/executor.hpp:30[m[K,
[15.860s]                  from [01m[K/opt/ros/humble/include/rclcpp/rclcpp/executors/multi_threaded_executor.hpp:25[m[K,
[15.860s]                  from [01m[K/opt/ros/humble/include/rclcpp/rclcpp/executors.hpp:21[m[K,
[15.861s]                  from [01m[K/opt/ros/humble/include/rclcpp/rclcpp/rclcpp.hpp:155[m[K,
[15.861s]                  from [01m[K/home/puzzlebot/Documents/PUXXY_NODE/TE3002B/puzzle_ws/src/puzzle_pkg/src/control/controller.cpp:23[m[K:
[15.862s] [01m[K/opt/ros/humble/include/rcutils/rcutils/logging.h:479:16:[m[K [01;36m[Knote: [m[K  initializing argument 4 of â€˜[01m[Kvoid rcutils_log(const rcutils_log_location_t*, int, const char*, const char*, ...)[m[Kâ€™
[15.862s]    [01;36m[Kconst char * format[m[K,
[15.863s]    [01;36m[K~~~~~~~~~~~~~^~~~~~[m[K
[15.863s] [01m[K/home/puzzlebot/Documents/PUXXY_NODE/TE3002B/puzzle_ws/src/puzzle_pkg/src/control/controller.cpp:[m[K In member function â€˜[01m[Kvoid Controller::line_control()[m[Kâ€™:
[15.864s] [01m[K/home/puzzlebot/Documents/PUXXY_NODE/TE3002B/puzzle_ws/src/puzzle_pkg/src/control/controller.cpp:217:16:[m[K [01;35m[Kwarning: [m[Kunused variable â€˜[01m[Kerror_threshold_dis[m[Kâ€™ [[01;35m[K-Wunused-variable[m[K]
[15.864s]          double [01;35m[Kerror_threshold_dis[m[K = get_parameter("error_threshold_dis").as_double();
[15.865s]                 [01;35m[K^~~~~~~~~~~~~~~~~~~[m[K
[15.866s] [01m[K/home/puzzlebot/Documents/PUXXY_NODE/TE3002B/puzzle_ws/src/puzzle_pkg/src/control/controller.cpp:225:16:[m[K [01;35m[Kwarning: [m[Kunused variable â€˜[01m[Kkp_distance[m[Kâ€™ [[01;35m[K-Wunused-variable[m[K]
[15.866s]          double [01;35m[Kkp_distance[m[K = get_parameter("kp_distance").as_double();
[15.870s]                 [01;35m[K^~~~~~~~~~~[m[K
[31.774s] make[2]: *** [CMakeFiles/controller.dir/build.make:63: CMakeFiles/controller.dir/src/control/controller.cpp.o] Error 1
[31.775s] make[1]: *** [CMakeFiles/Makefile2:324: CMakeFiles/controller.dir/all] Error 2
[31.775s] make: *** [Makefile:141: all] Error 2
[32.007s] Invoked command in '/home/puzzlebot/Documents/PUXXY_NODE/TE3002B/puzzle_ws/build/puzzle_pkg' returned '2': AMENT_PREFIX_PATH=/home/puzzlebot/Documents/PUXXY_NODE/TE3002B/puzzle_ws/install/cv_bridge:${AMENT_PREFIX_PATH} CMAKE_PREFIX_PATH=/home/puzzlebot/Documents/PUXXY_NODE/TE3002B/puzzle_ws/install/cv_bridge:/home/puzzlebot/ros2_ws/install/puzzlebot_ros:/opt/ros/humble:${CMAKE_PREFIX_PATH} LD_LIBRARY_PATH=/home/puzzlebot/Documents/PUXXY_NODE/TE3002B/puzzle_ws/install/cv_bridge/lib:${LD_LIBRARY_PATH} PYTHONPATH=/home/puzzlebot/Documents/PUXXY_NODE/TE3002B/puzzle_ws/install/cv_bridge/lib/python3.8/site-packages:${PYTHONPATH} /usr/bin/cmake --build /home/puzzlebot/Documents/PUXXY_NODE/TE3002B/puzzle_ws/build/puzzle_pkg -- -j4 -l4
