[  9%] Built target puzzle_pkg__cpp
[  9%] Built target puzzle_pkg__rosidl_generator_c
[  9%] Built target ament_cmake_python_copy_puzzle_pkg
[ 14%] Built target cam_source
[ 21%] Built target puzzle_pkg__rosidl_typesupport_cpp
[ 28%] Built target puzzle_pkg__rosidl_typesupport_c
[ 33%] Built target odometry
[ 40%] Built target puzzle_pkg__rosidl_typesupport_fastrtps_c
[ 47%] Built target puzzle_pkg__rosidl_typesupport_fastrtps_cpp
[ 54%] Built target puzzle_pkg__rosidl_typesupport_introspection_cpp
[ 61%] Built target puzzle_pkg__rosidl_typesupport_introspection_c
[35m[1mScanning dependencies of target lane_detection[0m
[ 66%] Built target controller
[ 69%] [32mBuilding CXX object CMakeFiles/lane_detection.dir/src/vision/lib/cv_wrapper.cpp.o[0m
[ 69%] Built target puzzle_pkg
[ 71%] Built target puzzle_pkg__py
[ 76%] Built target puzzle_pkg__rosidl_generator_py
[ 80%] Built target puzzle_pkg__rosidl_typesupport_introspection_c__pyext
[ 85%] Built target puzzle_pkg__rosidl_typesupport_c__pyext
[ 90%] Built target puzzle_pkg__rosidl_typesupport_fastrtps_c__pyext
running egg_info
writing puzzle_pkg.egg-info/PKG-INFO
writing dependency_links to puzzle_pkg.egg-info/dependency_links.txt
writing top-level names to puzzle_pkg.egg-info/top_level.txt
reading manifest file 'puzzle_pkg.egg-info/SOURCES.txt'
writing manifest file 'puzzle_pkg.egg-info/SOURCES.txt'
[ 90%] Built target ament_cmake_python_build_puzzle_pkg_egg
[ 92%] [32m[1mLinking CXX executable lane_detection[0m
/usr/bin/ld: warning: libopencv_imgcodecs.so.4.2, needed by /opt/ros/humble/lib/libcv_bridge.so, may conflict with libopencv_imgcodecs.so.405
/usr/bin/ld: warning: libopencv_imgproc.so.4.2, needed by /opt/ros/humble/lib/libcv_bridge.so, may conflict with libopencv_imgproc.so.405
/usr/bin/ld: warning: libopencv_core.so.4.2, needed by /opt/ros/humble/lib/libcv_bridge.so, may conflict with libopencv_core.so.405
/usr/bin/ld: CMakeFiles/lane_detection.dir/src/vision/lane_detection.cpp.o: in function `LaneProcessingNode::process_frame(cv::Mat&)':
lane_detection.cpp:(.text._ZN18LaneProcessingNode13process_frameERN2cv3MatE[_ZN18LaneProcessingNode13process_frameERN2cv3MatE]+0x110): undefined reference to `apply_closing(cv::Mat&, cv::Size_<int>, int)'
collect2: error: ld returned 1 exit status
make[2]: *** [CMakeFiles/lane_detection.dir/build.make:280: lane_detection] Error 1
make[1]: *** [CMakeFiles/Makefile2:160: CMakeFiles/lane_detection.dir/all] Error 2
make: *** [Makefile:141: all] Error 2
