[01m[K/home/puzzlebot/Desktop/PUXXY_NODE/TE3002B/lane_processing_ws/src/lane_processing/src/lib/lane_funcs.cpp:[m[K In function â€˜[01m[Kdouble calculate_angle_error(cv::Vec<double, 4>&, int, int)[m[Kâ€™:
[01m[K/home/puzzlebot/Desktop/PUXXY_NODE/TE3002B/lane_processing_ws/src/lane_processing/src/lib/lane_funcs.cpp:169:43:[m[K [01;31m[Kerror: [m[Kno matching function for call to â€˜[01m[Katan2(double)[m[Kâ€™
         angle_radians = std::atan2(dx / dy[01;31m[K)[m[K;
                                           [01;31m[K^[m[K
In file included from [01m[K/home/puzzlebot/Desktop/PUXXY_NODE/TE3002B/lane_processing_ws/src/lane_processing/include/lane_processing/lane_funcs.h:5[m[K,
                 from [01m[K/home/puzzlebot/Desktop/PUXXY_NODE/TE3002B/lane_processing_ws/src/lane_processing/src/lib/lane_funcs.cpp:2[m[K:
[01m[K/usr/include/c++/8/cmath:144:3:[m[K [01;36m[Knote: [m[Kcandidate: â€˜[01m[Kconstexpr float std::atan2(float, float)[m[Kâ€™
   [01;36m[Katan2[m[K(float __y, float __x)
   [01;36m[K^~~~~[m[K
[01m[K/usr/include/c++/8/cmath:144:3:[m[K [01;36m[Knote: [m[K  candidate expects 2 arguments, 1 provided
[01m[K/usr/include/c++/8/cmath:148:3:[m[K [01;36m[Knote: [m[Kcandidate: â€˜[01m[Kconstexpr long double std::atan2(long double, long double)[m[Kâ€™
   [01;36m[Katan2[m[K(long double __y, long double __x)
   [01;36m[K^~~~~[m[K
[01m[K/usr/include/c++/8/cmath:148:3:[m[K [01;36m[Knote: [m[K  candidate expects 2 arguments, 1 provided
[01m[K/usr/include/c++/8/cmath:155:5:[m[K [01;36m[Knote: [m[Kcandidate: â€˜[01m[Ktemplate<class _Tp, class _Up> constexpr typename __gnu_cxx::__promote_2<_Tp, _Up>::__type std::atan2(_Tp, _Up)[m[Kâ€™
     [01;36m[Katan2[m[K(_Tp __y, _Up __x)
     [01;36m[K^~~~~[m[K
[01m[K/usr/include/c++/8/cmath:155:5:[m[K [01;36m[Knote: [m[K  template argument deduction/substitution failed:
[01m[K/home/puzzlebot/Desktop/PUXXY_NODE/TE3002B/lane_processing_ws/src/lane_processing/src/lib/lane_funcs.cpp:169:43:[m[K [01;36m[Knote: [m[K  candidate expects 2 arguments, 1 provided
         angle_radians = std::atan2(dx / dy[01;36m[K)[m[K;
                                           [01;36m[K^[m[K
In file included from [01m[K/usr/include/features.h:461[m[K,
                 from [01m[K/usr/include/aarch64-linux-gnu/c++/8/bits/os_defines.h:39[m[K,
                 from [01m[K/usr/include/aarch64-linux-gnu/c++/8/bits/c++config.h:508[m[K,
                 from [01m[K/usr/include/c++/8/cstddef:49[m[K,
                 from [01m[K/home/puzzlebot/Desktop/PUXXY_NODE/TE3002B/lane_processing_ws/src/lane_processing/src/lib/lane_funcs.cpp:1[m[K:
[01m[K/usr/include/aarch64-linux-gnu/bits/mathcalls.h:59:1:[m[K [01;36m[Knote: [m[Kcandidate: â€˜[01m[Kdouble atan2(double, double)[m[Kâ€™
 [01;36m[K__MATHCALL[m[K (atan2,, (_Mdouble_ __y, _Mdouble_ __x));
 [01;36m[K^~~~~~~~~~[m[K
[01m[K/usr/include/aarch64-linux-gnu/bits/mathcalls.h:59:1:[m[K [01;36m[Knote: [m[K  candidate expects 2 arguments, 1 provided
make[2]: *** [CMakeFiles/lane_processing.dir/build.make:102: CMakeFiles/lane_processing.dir/src/lib/lane_funcs.cpp.o] Error 1
make[2]: *** Waiting for unfinished jobs....
make[1]: *** [CMakeFiles/Makefile2:78: CMakeFiles/lane_processing.dir/all] Error 2
make: *** [Makefile:141: all] Error 2
