[35m[1mScanning dependencies of target lane_processing[0m
[ 20%] [32mBuilding CXX object CMakeFiles/lane_processing.dir/src/lib/lane_funcs.cpp.o[0m
In file included from [01m[K/home/puzzlebot/Desktop/PUXXY_NODE/TE3002B/lane_processing_ws/src/lane_processing/src/lib/lane_funcs.cpp:1[m[K:
[01m[K/home/puzzlebot/Desktop/PUXXY_NODE/TE3002B/lane_processing_ws/src/lane_processing/include/lane_processing/lane_funcs.h:19:1:[m[K [01;31m[Kerror: [m[Kâ€˜[01m[KType[m[Kâ€™ does not name a type; did you mean â€˜[01m[Kwctype[m[Kâ€™?
 [01;31m[KType[m[K vector_sum(const std::vector<cv::Vec<Type, 6>>& vec)
 [01;31m[K^~~~[m[K
 [32m[Kwctype[m[K
make[2]: *** [CMakeFiles/lane_processing.dir/build.make:102: CMakeFiles/lane_processing.dir/src/lib/lane_funcs.cpp.o] Error 1
make[1]: *** [CMakeFiles/Makefile2:78: CMakeFiles/lane_processing.dir/all] Error 2
make: *** [Makefile:141: all] Error 2
