[0.086s] Invoking command in '/home/puzzlebot/Documents/PUXXY_NODE/TE3002B/puzzle_ws/build/puzzle_pkg': CMAKE_PREFIX_PATH=/home/puzzlebot/Documents/PUXXY_NODE/TE3002B/puzzle_ws/install/puzzle_pkg:/home/puzzlebot/ros2_ws/install/puzzlebot_ros:/opt/ros/humble:/home/puzzlebot/ros2_packages_ws/install/ros_deep_learning:/home/puzzlebot/ros2_packages_ws/install/micro_ros_setup:/home/puzzlebot/ros2_packages_ws/install/micro_ros_agent:/home/puzzlebot/ros2_packages_ws/install/micro_ros_msgs:/home/puzzlebot/ros2_packages_ws/install/camera_info_publisher /usr/bin/cmake --build /home/puzzlebot/Documents/PUXXY_NODE/TE3002B/puzzle_ws/build/puzzle_pkg -- -j4 -l4
[0.553s] [  7%] Built target puzzle_pkg__rosidl_generator_c
[0.568s] [  9%] Built target puzzle_pkg__cpp
[0.634s] [  9%] Built target ament_cmake_python_copy_puzzle_pkg
[0.819s] [ 14%] Built target cam_source
[0.863s] [ 19%] Built target odometry
[0.867s] [ 26%] Built target puzzle_pkg__rosidl_typesupport_cpp
[0.877s] [ 33%] Built target puzzle_pkg__rosidl_typesupport_c
[1.011s] [ 40%] Built target puzzle_pkg__rosidl_typesupport_fastrtps_c
[1.065s] [ 47%] Built target puzzle_pkg__rosidl_typesupport_fastrtps_cpp
[1.083s] [ 54%] Built target puzzle_pkg__rosidl_typesupport_introspection_cpp
[1.123s] [ 61%] Built target puzzle_pkg__rosidl_typesupport_introspection_c
[1.207s] [35m[1mScanning dependencies of target lane_detection[0m
[1.271s] [ 61%] Built target puzzle_pkg
[1.522s] [ 66%] Built target controller
[1.530s] [ 69%] Built target puzzle_pkg__py
[1.760s] [ 71%] [32mBuilding CXX object CMakeFiles/lane_detection.dir/src/vision/lane_detection.cpp.o[0m
[1.943s] [ 76%] Built target puzzle_pkg__rosidl_generator_py
[2.340s] [ 80%] Built target puzzle_pkg__rosidl_typesupport_introspection_c__pyext
[2.356s] [ 85%] Built target puzzle_pkg__rosidl_typesupport_c__pyext
[2.526s] [ 90%] Built target puzzle_pkg__rosidl_typesupport_fastrtps_c__pyext
[2.990s] running egg_info
[2.998s] writing puzzle_pkg.egg-info/PKG-INFO
[2.999s] writing dependency_links to puzzle_pkg.egg-info/dependency_links.txt
[3.000s] writing top-level names to puzzle_pkg.egg-info/top_level.txt
[3.250s] reading manifest file 'puzzle_pkg.egg-info/SOURCES.txt'
[3.254s] writing manifest file 'puzzle_pkg.egg-info/SOURCES.txt'
[3.391s] [ 90%] Built target ament_cmake_python_build_puzzle_pkg_egg
[20.599s] [01m[K/home/puzzlebot/Documents/PUXXY_NODE/TE3002B/puzzle_ws/src/puzzle_pkg/src/vision/lane_detection.cpp:[m[K In member function â€˜[01m[Kvoid LaneProcessingNode::image_callback(sensor_msgs::msg::Image_<std::allocator<void> >::SharedPtr)[m[Kâ€™:
[20.600s] [01m[K/home/puzzlebot/Documents/PUXXY_NODE/TE3002B/puzzle_ws/src/puzzle_pkg/src/vision/lane_detection.cpp:93:15:[m[K [01;31m[Kerror: [m[Kexpected type-specifier before â€˜[01m[K)[m[Kâ€™ token
[20.601s]          catch([01;31m[K)[m[K{
[20.602s]                [01;31m[K^[m[K
[35.922s] make[2]: *** [CMakeFiles/lane_detection.dir/build.make:63: CMakeFiles/lane_detection.dir/src/vision/lane_detection.cpp.o] Error 1
[35.926s] make[1]: *** [CMakeFiles/Makefile2:160: CMakeFiles/lane_detection.dir/all] Error 2
[35.927s] make: *** [Makefile:141: all] Error 2
[35.934s] Invoked command in '/home/puzzlebot/Documents/PUXXY_NODE/TE3002B/puzzle_ws/build/puzzle_pkg' returned '2': CMAKE_PREFIX_PATH=/home/puzzlebot/Documents/PUXXY_NODE/TE3002B/puzzle_ws/install/puzzle_pkg:/home/puzzlebot/ros2_ws/install/puzzlebot_ros:/opt/ros/humble:/home/puzzlebot/ros2_packages_ws/install/ros_deep_learning:/home/puzzlebot/ros2_packages_ws/install/micro_ros_setup:/home/puzzlebot/ros2_packages_ws/install/micro_ros_agent:/home/puzzlebot/ros2_packages_ws/install/micro_ros_msgs:/home/puzzlebot/ros2_packages_ws/install/camera_info_publisher /usr/bin/cmake --build /home/puzzlebot/Documents/PUXXY_NODE/TE3002B/puzzle_ws/build/puzzle_pkg -- -j4 -l4
