[1.310s] Invoking command in '/home/puzzlebot/Desktop/PUXXY_NODE/TE3002B/lane_processing_ws/build/lane_processing': CMAKE_PREFIX_PATH=/home/puzzlebot/Desktop/PUXXY_NODE/TE3002B/lane_processing_ws/install/lane_processing:/home/puzzlebot/ros2_ws/install/puzzlebot_ros:/opt/ros/humble:/home/puzzlebot/ros2_packages_ws/install/ros_deep_learning:/home/puzzlebot/ros2_packages_ws/install/micro_ros_setup:/home/puzzlebot/ros2_packages_ws/install/micro_ros_agent:/home/puzzlebot/ros2_packages_ws/install/micro_ros_msgs:/home/puzzlebot/ros2_packages_ws/install/camera_info_publisher /usr/bin/cmake --build /home/puzzlebot/Desktop/PUXXY_NODE/TE3002B/lane_processing_ws/build/lane_processing -- -j4 -l4
[1.476s] [35m[1mScanning dependencies of target lane_processing[0m
[1.602s] [ 20%] [32mBuilding CXX object CMakeFiles/lane_processing.dir/src/lib/lane_funcs.cpp.o[0m
[5.063s] [01m[K/home/puzzlebot/Desktop/PUXXY_NODE/TE3002B/lane_processing_ws/src/lane_processing/src/lib/lane_funcs.cpp:[m[K In function â€˜[01m[Kcv::Vec<double, 4> select_relevant_line(std::vector<cv::Vec<double, 4> >&, cv::Vec<double, 4>&)[m[Kâ€™:
[5.065s] [01m[K/home/puzzlebot/Desktop/PUXXY_NODE/TE3002B/lane_processing_ws/src/lane_processing/src/lib/lane_funcs.cpp:84:23:[m[K [01;31m[Kerror: [m[Kno match for â€˜[01m[Koperator==[m[Kâ€™ (operand types are â€˜[01m[Kcv::Vec<double, 4>[m[Kâ€™ and â€˜[01m[Kcv::Vec4i[m[Kâ€™ {aka â€˜[01m[Kcv::Vec<int, 4>[m[Kâ€™})
[5.066s]      if ([01;31m[Kprevious_line == cv::Vec4i(0, 0, 0, 0)[m[K) {
[5.066s]          [01;31m[K~~~~~~~~~~~~~~^~~~~~~~~~~~~~~~~~~~~~~~[m[K
[5.066s] In file included from [01m[K/usr/include/opencv4/opencv2/core/types.hpp:58[m[K,
[5.067s]                  from [01m[K/home/puzzlebot/Desktop/PUXXY_NODE/TE3002B/lane_processing_ws/src/lane_processing/include/lane_processing/lane_funcs.h:10[m[K,
[5.068s]                  from [01m[K/home/puzzlebot/Desktop/PUXXY_NODE/TE3002B/lane_processing_ws/src/lane_processing/src/lib/lane_funcs.cpp:1[m[K:
[5.068s] [01m[K/usr/include/opencv4/opencv2/core/matx.hpp:1292:6:[m[K [01;36m[Knote: [m[Kcandidate: â€˜[01m[Ktemplate<class _Tp, int m, int n> bool cv::operator==(const cv::Matx<_Tp, m, n>&, const cv::Matx<_Tp, m, n>&)[m[Kâ€™
[5.068s]  bool [01;36m[Koperator[m[K == (const Matx<_Tp, m, n>& a, const Matx<_Tp, m, n>& b)
[5.069s]       [01;36m[K^~~~~~~~[m[K
[5.069s] [01m[K/usr/include/opencv4/opencv2/core/matx.hpp:1292:6:[m[K [01;36m[Knote: [m[K  template argument deduction/substitution failed:
[5.070s] [01m[K/home/puzzlebot/Desktop/PUXXY_NODE/TE3002B/lane_processing_ws/src/lane_processing/src/lib/lane_funcs.cpp:84:46:[m[K [01;36m[Knote: [m[K  deduced conflicting types for parameter â€˜[01m[K_Tp[m[Kâ€™ (â€˜[01m[Kdouble[m[Kâ€™ and â€˜[01m[Kint[m[Kâ€™)
[5.070s]      if (previous_line == cv::Vec4i(0, 0, 0, 0[01;36m[K)[m[K) {
[5.071s]                                               [01;36m[K^[m[K
[5.071s] In file included from [01m[K/home/puzzlebot/Desktop/PUXXY_NODE/TE3002B/lane_processing_ws/src/lane_processing/include/lane_processing/lane_funcs.h:10[m[K,
[5.072s]                  from [01m[K/home/puzzlebot/Desktop/PUXXY_NODE/TE3002B/lane_processing_ws/src/lane_processing/src/lib/lane_funcs.cpp:1[m[K:
[5.072s] [01m[K/usr/include/opencv4/opencv2/core/types.hpp:1013:6:[m[K [01;36m[Knote: [m[Kcandidate: â€˜[01m[Ktemplate<class _Tp> bool cv::operator==(const cv::Complex<_Tp>&, const cv::Complex<_Tp>&)[m[Kâ€™
[5.073s]  bool [01;36m[Koperator[m[K == (const Complex<_Tp>& a, const Complex<_Tp>& b)
[5.074s]       [01;36m[K^~~~~~~~[m[K
[5.074s] [01m[K/usr/include/opencv4/opencv2/core/types.hpp:1013:6:[m[K [01;36m[Knote: [m[K  template argument deduction/substitution failed:
[5.074s] [01m[K/home/puzzlebot/Desktop/PUXXY_NODE/TE3002B/lane_processing_ws/src/lane_processing/src/lib/lane_funcs.cpp:84:46:[m[K [01;36m[Knote: [m[K  â€˜[01m[Kcv::Vec<double, 4>[m[Kâ€™ is not derived from â€˜[01m[Kconst cv::Complex<_Tp>[m[Kâ€™
[5.075s]      if (previous_line == cv::Vec4i(0, 0, 0, 0[01;36m[K)[m[K) {
[5.075s]                                               [01;36m[K^[m[K
[5.076s] In file included from [01m[K/home/puzzlebot/Desktop/PUXXY_NODE/TE3002B/lane_processing_ws/src/lane_processing/include/lane_processing/lane_funcs.h:10[m[K,
[5.076s]                  from [01m[K/home/puzzlebot/Desktop/PUXXY_NODE/TE3002B/lane_processing_ws/src/lane_processing/src/lib/lane_funcs.cpp:1[m[K:
[5.077s] [01m[K/usr/include/opencv4/opencv2/core/types.hpp:1305:6:[m[K [01;36m[Knote: [m[Kcandidate: â€˜[01m[Ktemplate<class _Tp> bool cv::operator==(const cv::Point_<_Tp>&, const cv::Point_<_Tp>&)[m[Kâ€™
[5.077s]  bool [01;36m[Koperator[m[K == (const Point_<_Tp>& a, const Point_<_Tp>& b)
[5.078s]       [01;36m[K^~~~~~~~[m[K
[5.079s] [01m[K/usr/include/opencv4/opencv2/core/types.hpp:1305:6:[m[K [01;36m[Knote: [m[K  template argument deduction/substitution failed:
[5.079s] [01m[K/home/puzzlebot/Desktop/PUXXY_NODE/TE3002B/lane_processing_ws/src/lane_processing/src/lib/lane_funcs.cpp:84:46:[m[K [01;36m[Knote: [m[K  â€˜[01m[Kcv::Vec<double, 4>[m[Kâ€™ is not derived from â€˜[01m[Kconst cv::Point_<_Tp>[m[Kâ€™
[5.079s]      if (previous_line == cv::Vec4i(0, 0, 0, 0[01;36m[K)[m[K) {
[5.080s]                                               [01;36m[K^[m[K
[5.080s] In file included from [01m[K/home/puzzlebot/Desktop/PUXXY_NODE/TE3002B/lane_processing_ws/src/lane_processing/include/lane_processing/lane_funcs.h:10[m[K,
[5.081s]                  from [01m[K/home/puzzlebot/Desktop/PUXXY_NODE/TE3002B/lane_processing_ws/src/lane_processing/src/lib/lane_funcs.cpp:1[m[K:
[5.081s] [01m[K/usr/include/opencv4/opencv2/core/types.hpp:1574:6:[m[K [01;36m[Knote: [m[Kcandidate: â€˜[01m[Ktemplate<class _Tp> bool cv::operator==(const cv::Point3_<_Tp>&, const cv::Point3_<_Tp>&)[m[Kâ€™
[5.082s]  bool [01;36m[Koperator[m[K == (const Point3_<_Tp>& a, const Point3_<_Tp>& b)
[5.082s]       [01;36m[K^~~~~~~~[m[K
[5.082s] [01m[K/usr/include/opencv4/opencv2/core/types.hpp:1574:6:[m[K [01;36m[Knote: [m[K  template argument deduction/substitution failed:
[5.083s] [01m[K/home/puzzlebot/Desktop/PUXXY_NODE/TE3002B/lane_processing_ws/src/lane_processing/src/lib/lane_funcs.cpp:84:46:[m[K [01;36m[Knote: [m[K  â€˜[01m[Kcv::Vec<double, 4>[m[Kâ€™ is not derived from â€˜[01m[Kconst cv::Point3_<_Tp>[m[Kâ€™
[5.083s]      if (previous_line == cv::Vec4i(0, 0, 0, 0[01;36m[K)[m[K) {
[5.084s]                                               [01;36m[K^[m[K
[5.084s] In file included from [01m[K/home/puzzlebot/Desktop/PUXXY_NODE/TE3002B/lane_processing_ws/src/lane_processing/include/lane_processing/lane_funcs.h:10[m[K,
[5.085s]                  from [01m[K/home/puzzlebot/Desktop/PUXXY_NODE/TE3002B/lane_processing_ws/src/lane_processing/src/lib/lane_funcs.cpp:1[m[K:
[5.086s] [01m[K/usr/include/opencv4/opencv2/core/types.hpp:1807:6:[m[K [01;36m[Knote: [m[Kcandidate: â€˜[01m[Ktemplate<class _Tp> bool cv::operator==(const cv::Size_<_Tp>&, const cv::Size_<_Tp>&)[m[Kâ€™
[5.086s]  bool [01;36m[Koperator[m[K == (const Size_<_Tp>& a, const Size_<_Tp>& b)
[5.087s]       [01;36m[K^~~~~~~~[m[K
[5.087s] [01m[K/usr/include/opencv4/opencv2/core/types.hpp:1807:6:[m[K [01;36m[Knote: [m[K  template argument deduction/substitution failed:
[5.088s] [01m[K/home/puzzlebot/Desktop/PUXXY_NODE/TE3002B/lane_processing_ws/src/lane_processing/src/lib/lane_funcs.cpp:84:46:[m[K [01;36m[Knote: [m[K  â€˜[01m[Kcv::Vec<double, 4>[m[Kâ€™ is not derived from â€˜[01m[Kconst cv::Size_<_Tp>[m[Kâ€™
[5.088s]      if (previous_line == cv::Vec4i(0, 0, 0, 0[01;36m[K)[m[K) {
[5.089s]                                               [01;36m[K^[m[K
[5.089s] In file included from [01m[K/home/puzzlebot/Desktop/PUXXY_NODE/TE3002B/lane_processing_ws/src/lane_processing/include/lane_processing/lane_funcs.h:10[m[K,
[5.090s]                  from [01m[K/home/puzzlebot/Desktop/PUXXY_NODE/TE3002B/lane_processing_ws/src/lane_processing/src/lib/lane_funcs.cpp:1[m[K:
[5.090s] [01m[K/usr/include/opencv4/opencv2/core/types.hpp:1984:6:[m[K [01;36m[Knote: [m[Kcandidate: â€˜[01m[Ktemplate<class _Tp> bool cv::operator==(const cv::Rect_<_Tp>&, const cv::Rect_<_Tp>&)[m[Kâ€™
[5.090s]  bool [01;36m[Koperator[m[K == (const Rect_<_Tp>& a, const Rect_<_Tp>& b)
[5.091s]       [01;36m[K^~~~~~~~[m[K
[5.091s] [01m[K/usr/include/opencv4/opencv2/core/types.hpp:1984:6:[m[K [01;36m[Knote: [m[K  template argument deduction/substitution failed:
[5.091s] [01m[K/home/puzzlebot/Desktop/PUXXY_NODE/TE3002B/lane_processing_ws/src/lane_processing/src/lib/lane_funcs.cpp:84:46:[m[K [01;36m[Knote: [m[K  â€˜[01m[Kcv::Vec<double, 4>[m[Kâ€™ is not derived from â€˜[01m[Kconst cv::Rect_<_Tp>[m[Kâ€™
[5.092s]      if (previous_line == cv::Vec4i(0, 0, 0, 0[01;36m[K)[m[K) {
[5.092s]                                               [01;36m[K^[m[K
[5.092s] In file included from [01m[K/home/puzzlebot/Desktop/PUXXY_NODE/TE3002B/lane_processing_ws/src/lane_processing/include/lane_processing/lane_funcs.h:10[m[K,
[5.093s]                  from [01m[K/home/puzzlebot/Desktop/PUXXY_NODE/TE3002B/lane_processing_ws/src/lane_processing/src/lib/lane_funcs.cpp:1[m[K:
[5.093s] [01m[K/usr/include/opencv4/opencv2/core/types.hpp:2097:6:[m[K [01;36m[Knote: [m[Kcandidate: â€˜[01m[Kbool cv::operator==(const cv::Range&, const cv::Range&)[m[Kâ€™
[5.094s]  bool [01;36m[Koperator[m[K == (const Range& r1, const Range& r2)
[5.094s]       [01;36m[K^~~~~~~~[m[K
[5.094s] [01m[K/usr/include/opencv4/opencv2/core/types.hpp:2097:6:[m[K [01;36m[Knote: [m[K  no known conversion for argument 1 from â€˜[01m[Kcv::Vec<double, 4>[m[Kâ€™ to â€˜[01m[Kconst cv::Range&[m[Kâ€™
[5.095s] [01m[K/usr/include/opencv4/opencv2/core/types.hpp:2286:6:[m[K [01;36m[Knote: [m[Kcandidate: â€˜[01m[Ktemplate<class _Tp> bool cv::operator==(const cv::Scalar_<_Tp>&, const cv::Scalar_<_Tp>&)[m[Kâ€™
[5.095s]  bool [01;36m[Koperator[m[K == ( const Scalar_<_Tp>& a, const Scalar_<_Tp>& b )
[5.095s]       [01;36m[K^~~~~~~~[m[K
[5.096s] [01m[K/usr/include/opencv4/opencv2/core/types.hpp:2286:6:[m[K [01;36m[Knote: [m[K  template argument deduction/substitution failed:
[5.096s] [01m[K/home/puzzlebot/Desktop/PUXXY_NODE/TE3002B/lane_processing_ws/src/lane_processing/src/lib/lane_funcs.cpp:84:46:[m[K [01;36m[Knote: [m[K  â€˜[01m[Kcv::Vec<double, 4>[m[Kâ€™ is not derived from â€˜[01m[Kconst cv::Scalar_<_Tp>[m[Kâ€™
[5.097s]      if (previous_line == cv::Vec4i(0, 0, 0, 0[01;36m[K)[m[K) {
[5.097s]                                               [01;36m[K^[m[K
[5.097s] In file included from [01m[K/usr/include/opencv4/opencv2/core/types.hpp:56[m[K,
[5.098s]                  from [01m[K/home/puzzlebot/Desktop/PUXXY_NODE/TE3002B/lane_processing_ws/src/lane_processing/include/lane_processing/lane_funcs.h:10[m[K,
[5.098s]                  from [01m[K/home/puzzlebot/Desktop/PUXXY_NODE/TE3002B/lane_processing_ws/src/lane_processing/src/lib/lane_funcs.cpp:1[m[K:
[5.099s] [01m[K/usr/include/opencv4/opencv2/core/mat.hpp:66:1:[m[K [01;36m[Knote: [m[Kcandidate: â€˜[01m[Kbool cv::operator==(const cv::AccessFlag&, const int&)[m[Kâ€™
[5.099s]  [01;36m[KCV_ENUM_FLAGS[m[K(AccessFlag)
[5.100s]  [01;36m[K^~~~~~~~~~~~~[m[K
[5.100s] [01m[K/usr/include/opencv4/opencv2/core/mat.hpp:66:1:[m[K [01;36m[Knote: [m[K  no known conversion for argument 1 from â€˜[01m[Kcv::Vec<double, 4>[m[Kâ€™ to â€˜[01m[Kconst cv::AccessFlag&[m[Kâ€™
[5.100s] [01m[K/usr/include/opencv4/opencv2/core/mat.hpp:262:1:[m[K [01;36m[Knote: [m[Kcandidate: â€˜[01m[Kbool cv::operator==(const cv::_InputArray::KindFlag&, const int&)[m[Kâ€™
[5.101s]  [01;36m[KCV_ENUM_FLAGS[m[K(_InputArray::KindFlag)
[5.101s]  [01;36m[K^~~~~~~~~~~~~[m[K
[5.102s] [01m[K/usr/include/opencv4/opencv2/core/mat.hpp:262:1:[m[K [01;36m[Knote: [m[K  no known conversion for argument 1 from â€˜[01m[Kcv::Vec<double, 4>[m[Kâ€™ to â€˜[01m[Kconst cv::_InputArray::KindFlag&[m[Kâ€™
[5.102s] [01m[K/usr/include/opencv4/opencv2/core/mat.hpp:569:1:[m[K [01;36m[Knote: [m[Kcandidate: â€˜[01m[Kbool cv::operator==(const cv::UMatData::MemoryFlag&, const int&)[m[Kâ€™
[5.103s]  [01;36m[KCV_ENUM_FLAGS[m[K(UMatData::MemoryFlag)
[5.103s]  [01;36m[K^~~~~~~~~~~~~[m[K
[5.103s] [01m[K/usr/include/opencv4/opencv2/core/mat.hpp:569:1:[m[K [01;36m[Knote: [m[K  no known conversion for argument 1 from â€˜[01m[Kcv::Vec<double, 4>[m[Kâ€™ to â€˜[01m[Kconst cv::UMatData::MemoryFlag&[m[Kâ€™
[5.104s] In file included from [01m[K/usr/include/opencv4/opencv2/core.hpp:59[m[K,
[5.104s]                  from [01m[K/usr/include/opencv4/opencv2/imgproc.hpp:46[m[K,
[5.105s]                  from [01m[K/home/puzzlebot/Desktop/PUXXY_NODE/TE3002B/lane_processing_ws/src/lane_processing/include/lane_processing/lane_funcs.h:11[m[K,
[5.105s]                  from [01m[K/home/puzzlebot/Desktop/PUXXY_NODE/TE3002B/lane_processing_ws/src/lane_processing/src/lib/lane_funcs.cpp:1[m[K:
[5.105s] [01m[K/usr/include/opencv4/opencv2/core/mat.hpp:3628:20:[m[K [01;36m[Knote: [m[Kcandidate: â€˜[01m[Kcv::MatExpr cv::operator==(const cv::Mat&, const cv::Mat&)[m[Kâ€™
[5.106s]  CV_EXPORTS MatExpr [01;36m[Koperator[m[K == (const Mat& a, const Mat& b);
[5.106s]                     [01;36m[K^~~~~~~~[m[K
[5.106s] [01m[K/usr/include/opencv4/opencv2/core/mat.hpp:3628:20:[m[K [01;36m[Knote: [m[K  no known conversion for argument 1 from â€˜[01m[Kcv::Vec<double, 4>[m[Kâ€™ to â€˜[01m[Kconst cv::Mat&[m[Kâ€™
[5.107s] [01m[K/usr/include/opencv4/opencv2/core/mat.hpp:3629:20:[m[K [01;36m[Knote: [m[Kcandidate: â€˜[01m[Kcv::MatExpr cv::operator==(const cv::Mat&, double)[m[Kâ€™
[5.107s]  CV_EXPORTS MatExpr [01;36m[Koperator[m[K == (const Mat& a, double s);
[5.108s]                     [01;36m[K^~~~~~~~[m[K
[5.108s] [01m[K/usr/include/opencv4/opencv2/core/mat.hpp:3629:20:[m[K [01;36m[Knote: [m[K  no known conversion for argument 1 from â€˜[01m[Kcv::Vec<double, 4>[m[Kâ€™ to â€˜[01m[Kconst cv::Mat&[m[Kâ€™
[5.108s] [01m[K/usr/include/opencv4/opencv2/core/mat.hpp:3630:20:[m[K [01;36m[Knote: [m[Kcandidate: â€˜[01m[Kcv::MatExpr cv::operator==(double, const cv::Mat&)[m[Kâ€™
[5.109s]  CV_EXPORTS MatExpr [01;36m[Koperator[m[K == (double s, const Mat& a);
[5.109s]                     [01;36m[K^~~~~~~~[m[K
[5.109s] [01m[K/usr/include/opencv4/opencv2/core/mat.hpp:3630:20:[m[K [01;36m[Knote: [m[K  no known conversion for argument 1 from â€˜[01m[Kcv::Vec<double, 4>[m[Kâ€™ to â€˜[01m[Kdouble[m[Kâ€™
[5.110s] [01m[K/usr/include/opencv4/opencv2/core/mat.hpp:3632:9:[m[K [01;36m[Knote: [m[Kcandidate: â€˜[01m[Ktemplate<class _Tp, int m, int n> cv::MatExpr cv::operator==(const cv::Mat&, const cv::Matx<_Tp, m, n>&)[m[Kâ€™
[5.110s]  MatExpr [01;36m[Koperator[m[K == (const Mat& a, const Matx<_Tp, m, n>& b) { return a == Mat(b); }
[5.111s]          [01;36m[K^~~~~~~~[m[K
[5.111s] [01m[K/usr/include/opencv4/opencv2/core/mat.hpp:3632:9:[m[K [01;36m[Knote: [m[K  template argument deduction/substitution failed:
[5.111s] [01m[K/home/puzzlebot/Desktop/PUXXY_NODE/TE3002B/lane_processing_ws/src/lane_processing/src/lib/lane_funcs.cpp:84:9:[m[K [01;36m[Knote: [m[K  cannot convert â€˜[01m[Kprevious_line[m[Kâ€™ (type â€˜[01m[Kcv::Vec<double, 4>[m[Kâ€™) to type â€˜[01m[Kconst cv::Mat&[m[Kâ€™
[5.112s]      if ([01;36m[Kprevious_line[m[K == cv::Vec4i(0, 0, 0, 0)) {
[5.112s]          [01;36m[K^~~~~~~~~~~~~[m[K
[5.112s] In file included from [01m[K/usr/include/opencv4/opencv2/core.hpp:59[m[K,
[5.113s]                  from [01m[K/usr/include/opencv4/opencv2/imgproc.hpp:46[m[K,
[5.113s]                  from [01m[K/home/puzzlebot/Desktop/PUXXY_NODE/TE3002B/lane_processing_ws/src/lane_processing/include/lane_processing/lane_funcs.h:11[m[K,
[5.113s]                  from [01m[K/home/puzzlebot/Desktop/PUXXY_NODE/TE3002B/lane_processing_ws/src/lane_processing/src/lib/lane_funcs.cpp:1[m[K:
[5.114s] [01m[K/usr/include/opencv4/opencv2/core/mat.hpp:3634:9:[m[K [01;36m[Knote: [m[Kcandidate: â€˜[01m[Ktemplate<class _Tp, int m, int n> cv::MatExpr cv::operator==(const cv::Matx<_Tp, m, n>&, const cv::Mat&)[m[Kâ€™
[5.114s]  MatExpr [01;36m[Koperator[m[K == (const Matx<_Tp, m, n>& a, const Mat& b) { return Mat(a) == b; }
[5.114s]          [01;36m[K^~~~~~~~[m[K
[5.115s] [01m[K/usr/include/opencv4/opencv2/core/mat.hpp:3634:9:[m[K [01;36m[Knote: [m[K  template argument deduction/substitution failed:
[5.115s] [01m[K/home/puzzlebot/Desktop/PUXXY_NODE/TE3002B/lane_processing_ws/src/lane_processing/src/lib/lane_funcs.cpp:84:30:[m[K [01;36m[Knote: [m[K  cannot convert â€˜[01m[Kcv::Vec<int, 4>(0, 0, 0, 0)[m[Kâ€™ (type â€˜[01m[Kcv::Vec4i[m[Kâ€™ {aka â€˜[01m[Kcv::Vec<int, 4>[m[Kâ€™}) to type â€˜[01m[Kconst cv::Mat&[m[Kâ€™
[5.116s]      if (previous_line == cv::[01;36m[KVec4i(0, 0, 0, 0)[m[K) {
[5.116s]                               [01;36m[K^~~~~~~~~~~~~~~~~[m[K
[5.116s] In file included from [01m[K/usr/include/opencv4/opencv2/core/mat.hpp:3724[m[K,
[5.117s]                  from [01m[K/usr/include/opencv4/opencv2/core.hpp:59[m[K,
[5.117s]                  from [01m[K/usr/include/opencv4/opencv2/imgproc.hpp:46[m[K,
[5.118s]                  from [01m[K/home/puzzlebot/Desktop/PUXXY_NODE/TE3002B/lane_processing_ws/src/lane_processing/include/lane_processing/lane_funcs.h:11[m[K,
[5.118s]                  from [01m[K/home/puzzlebot/Desktop/PUXXY_NODE/TE3002B/lane_processing_ws/src/lane_processing/src/lib/lane_funcs.cpp:1[m[K:
[5.118s] [01m[K/usr/include/opencv4/opencv2/core/mat.inl.hpp:2740:6:[m[K [01;36m[Knote: [m[Kcandidate: â€˜[01m[Kbool cv::operator==(const cv::MatConstIterator&, const cv::MatConstIterator&)[m[Kâ€™
[5.119s]  bool [01;36m[Koperator[m[K == (const MatConstIterator& a, const MatConstIterator& b)
[5.119s]       [01;36m[K^~~~~~~~[m[K
[5.119s] [01m[K/usr/include/opencv4/opencv2/core/mat.inl.hpp:2740:6:[m[K [01;36m[Knote: [m[K  no known conversion for argument 1 from â€˜[01m[Kcv::Vec<double, 4>[m[Kâ€™ to â€˜[01m[Kconst cv::MatConstIterator&[m[Kâ€™
[5.120s] [01m[K/usr/include/opencv4/opencv2/core/mat.inl.hpp:2923:6:[m[K [01;36m[Knote: [m[Kcandidate: â€˜[01m[Ktemplate<class _Tp> bool cv::operator==(const cv::MatConstIterator_<_Tp>&, const cv::MatConstIterator_<_Tp>&)[m[Kâ€™
[5.120s]  bool [01;36m[Koperator[m[K == (const MatConstIterator_<_Tp>& a, const MatConstIterator_<_Tp>& b)
[5.121s]       [01;36m[K^~~~~~~~[m[K
[5.121s] [01m[K/usr/include/opencv4/opencv2/core/mat.inl.hpp:2923:6:[m[K [01;36m[Knote: [m[K  template argument deduction/substitution failed:
[5.122s] [01m[K/home/puzzlebot/Desktop/PUXXY_NODE/TE3002B/lane_processing_ws/src/lane_processing/src/lib/lane_funcs.cpp:84:46:[m[K [01;36m[Knote: [m[K  â€˜[01m[Kcv::Vec<double, 4>[m[Kâ€™ is not derived from â€˜[01m[Kconst cv::MatConstIterator_<_Tp>[m[Kâ€™
[5.122s]      if (previous_line == cv::Vec4i(0, 0, 0, 0[01;36m[K)[m[K) {
[5.122s]                                               [01;36m[K^[m[K
[5.123s] In file included from [01m[K/usr/include/opencv4/opencv2/core/mat.hpp:3724[m[K,
[5.123s]                  from [01m[K/usr/include/opencv4/opencv2/core.hpp:59[m[K,
[5.123s]                  from [01m[K/usr/include/opencv4/opencv2/imgproc.hpp:46[m[K,
[5.124s]                  from [01m[K/home/puzzlebot/Desktop/PUXXY_NODE/TE3002B/lane_processing_ws/src/lane_processing/include/lane_processing/lane_funcs.h:11[m[K,
[5.124s]                  from [01m[K/home/puzzlebot/Desktop/PUXXY_NODE/TE3002B/lane_processing_ws/src/lane_processing/src/lib/lane_funcs.cpp:1[m[K:
[5.125s] [01m[K/usr/include/opencv4/opencv2/core/mat.inl.hpp:3060:6:[m[K [01;36m[Knote: [m[Kcandidate: â€˜[01m[Ktemplate<class _Tp> bool cv::operator==(const cv::MatIterator_<_Tp>&, const cv::MatIterator_<_Tp>&)[m[Kâ€™
[5.125s]  bool [01;36m[Koperator[m[K == (const MatIterator_<_Tp>& a, const MatIterator_<_Tp>& b)
[5.125s]       [01;36m[K^~~~~~~~[m[K
[5.126s] [01m[K/usr/include/opencv4/opencv2/core/mat.inl.hpp:3060:6:[m[K [01;36m[Knote: [m[K  template argument deduction/substitution failed:
[5.126s] [01m[K/home/puzzlebot/Desktop/PUXXY_NODE/TE3002B/lane_processing_ws/src/lane_processing/src/lib/lane_funcs.cpp:84:46:[m[K [01;36m[Knote: [m[K  â€˜[01m[Kcv::Vec<double, 4>[m[Kâ€™ is not derived from â€˜[01m[Kconst cv::MatIterator_<_Tp>[m[Kâ€™
[5.127s]      if (previous_line == cv::Vec4i(0, 0, 0, 0[01;36m[K)[m[K) {
[5.127s]                                               [01;36m[K^[m[K
[5.127s] In file included from [01m[K/usr/include/opencv4/opencv2/core/mat.hpp:3724[m[K,
[5.128s]                  from [01m[K/usr/include/opencv4/opencv2/core.hpp:59[m[K,
[5.128s]                  from [01m[K/usr/include/opencv4/opencv2/imgproc.hpp:46[m[K,
[5.128s]                  from [01m[K/home/puzzlebot/Desktop/PUXXY_NODE/TE3002B/lane_processing_ws/src/lane_processing/include/lane_processing/lane_funcs.h:11[m[K,
[5.129s]                  from [01m[K/home/puzzlebot/Desktop/PUXXY_NODE/TE3002B/lane_processing_ws/src/lane_processing/src/lib/lane_funcs.cpp:1[m[K:
[5.129s] [01m[K/usr/include/opencv4/opencv2/core/mat.inl.hpp:3149:6:[m[K [01;36m[Knote: [m[Kcandidate: â€˜[01m[Kbool cv::operator==(const cv::SparseMatConstIterator&, const cv::SparseMatConstIterator&)[m[Kâ€™
[5.130s]  bool [01;36m[Koperator[m[K == (const SparseMatConstIterator& it1, const SparseMatConstIterator& it2)
[5.130s]       [01;36m[K^~~~~~~~[m[K
[5.130s] [01m[K/usr/include/opencv4/opencv2/core/mat.inl.hpp:3149:6:[m[K [01;36m[Knote: [m[K  no known conversion for argument 1 from â€˜[01m[Kcv::Vec<double, 4>[m[Kâ€™ to â€˜[01m[Kconst cv::SparseMatConstIterator&[m[Kâ€™
[5.131s] In file included from [01m[K/usr/include/opencv4/opencv2/core.hpp:60[m[K,
[5.131s]                  from [01m[K/usr/include/opencv4/opencv2/imgproc.hpp:46[m[K,
[5.131s]                  from [01m[K/home/puzzlebot/Desktop/PUXXY_NODE/TE3002B/lane_processing_ws/src/lane_processing/include/lane_processing/lane_funcs.h:11[m[K,
[5.132s]                  from [01m[K/home/puzzlebot/Desktop/PUXXY_NODE/TE3002B/lane_processing_ws/src/lane_processing/src/lib/lane_funcs.cpp:1[m[K:
[5.132s] [01m[K/usr/include/opencv4/opencv2/core/persistence.hpp:1318:17:[m[K [01;36m[Knote: [m[Kcandidate: â€˜[01m[Kbool cv::operator==(const cv::FileNodeIterator&, const cv::FileNodeIterator&)[m[Kâ€™
[5.133s]  CV_EXPORTS bool [01;36m[Koperator[m[K == (const FileNodeIterator& it1, const FileNodeIterator& it2);
[5.133s]                  [01;36m[K^~~~~~~~[m[K
[5.133s] [01m[K/usr/include/opencv4/opencv2/core/persistence.hpp:1318:17:[m[K [01;36m[Knote: [m[K  no known conversion for argument 1 from â€˜[01m[Kcv::Vec<double, 4>[m[Kâ€™ to â€˜[01m[Kconst cv::FileNodeIterator&[m[Kâ€™
[5.134s] [01m[K/home/puzzlebot/Desktop/PUXXY_NODE/TE3002B/lane_processing_ws/src/lane_processing/src/lib/lane_funcs.cpp:100:46:[m[K [01;31m[Kerror: [m[Kâ€˜[01m[Kprev_mid_x[m[Kâ€™ was not declared in this scope
[5.134s]          double distance = std::sqrt(std::pow([01;31m[Kprev_mid_x[m[K - mid_x, 2) + std::pow(prev_mid_y - mid_y, 2));
[5.135s]                                               [01;31m[K^~~~~~~~~~[m[K
[5.135s] [01m[K/home/puzzlebot/Desktop/PUXXY_NODE/TE3002B/lane_processing_ws/src/lane_processing/src/lib/lane_funcs.cpp:100:46:[m[K [01;36m[Knote: [m[Ksuggested alternative: â€˜[01m[Kpre_mid_x[m[Kâ€™
[5.135s]          double distance = std::sqrt(std::pow([01;36m[Kprev_mid_x[m[K - mid_x, 2) + std::pow(prev_mid_y - mid_y, 2));
[5.136s]                                               [01;36m[K^~~~~~~~~~[m[K
[5.136s]                                               [32m[Kpre_mid_x[m[K
[5.136s] [01m[K/home/puzzlebot/Desktop/PUXXY_NODE/TE3002B/lane_processing_ws/src/lane_processing/src/lib/lane_funcs.cpp:100:80:[m[K [01;31m[Kerror: [m[Kâ€˜[01m[Kprev_mid_y[m[Kâ€™ was not declared in this scope
[5.137s]          double distance = std::sqrt(std::pow(prev_mid_x - mid_x, 2) + std::pow([01;31m[Kprev_mid_y[m[K - mid_y, 2));
[5.137s]                                                                                 [01;31m[K^~~~~~~~~~[m[K
[5.138s] [01m[K/home/puzzlebot/Desktop/PUXXY_NODE/TE3002B/lane_processing_ws/src/lane_processing/src/lib/lane_funcs.cpp:100:80:[m[K [01;36m[Knote: [m[Ksuggested alternative: â€˜[01m[Kpre_mid_y[m[Kâ€™
[5.138s]          double distance = std::sqrt(std::pow(prev_mid_x - mid_x, 2) + std::pow([01;36m[Kprev_mid_y[m[K - mid_y, 2));
[5.138s]                                                                                 [01;36m[K^~~~~~~~~~[m[K
[5.139s]                                                                                 [32m[Kpre_mid_y[m[K
[5.139s] [01m[K/home/puzzlebot/Desktop/PUXXY_NODE/TE3002B/lane_processing_ws/src/lane_processing/src/lib/lane_funcs.cpp:101:38:[m[K [01;31m[Kerror: [m[Kâ€˜[01m[Kprev_angle[m[Kâ€™ was not declared in this scope
[5.140s]          double angle_diff = std::abs([01;31m[Kprev_angle[m[K - angle);
[5.140s]                                       [01;31m[K^~~~~~~~~~[m[K
[5.140s] [01m[K/home/puzzlebot/Desktop/PUXXY_NODE/TE3002B/lane_processing_ws/src/lane_processing/src/lib/lane_funcs.cpp:101:38:[m[K [01;36m[Knote: [m[Ksuggested alternative: â€˜[01m[Kpre_mid_angle[m[Kâ€™
[5.141s]          double angle_diff = std::abs([01;36m[Kprev_angle[m[K - angle);
[5.141s]                                       [01;36m[K^~~~~~~~~~[m[K
[5.142s]                                       [32m[Kpre_mid_angle[m[K
[5.142s] [01m[K/home/puzzlebot/Desktop/PUXXY_NODE/TE3002B/lane_processing_ws/src/lane_processing/src/lib/lane_funcs.cpp:88:12:[m[K [01;35m[Kwarning: [m[Kunused variable â€˜[01m[Kpre_mid_x[m[Kâ€™ [[01;35m[K-Wunused-variable[m[K]
[5.142s]      double [01;35m[Kpre_mid_x[m[K = (previous_line[0] + previous_line[2])/2;
[5.143s]             [01;35m[K^~~~~~~~~[m[K
[5.143s] [01m[K/home/puzzlebot/Desktop/PUXXY_NODE/TE3002B/lane_processing_ws/src/lane_processing/src/lib/lane_funcs.cpp:89:12:[m[K [01;35m[Kwarning: [m[Kunused variable â€˜[01m[Kpre_mid_y[m[Kâ€™ [[01;35m[K-Wunused-variable[m[K]
[5.143s]      double [01;35m[Kpre_mid_y[m[K = (previous_line[1] + previous_line[3])/2;
[5.144s]             [01;35m[K^~~~~~~~~[m[K
[5.144s] [01m[K/home/puzzlebot/Desktop/PUXXY_NODE/TE3002B/lane_processing_ws/src/lane_processing/src/lib/lane_funcs.cpp:90:12:[m[K [01;35m[Kwarning: [m[Kunused variable â€˜[01m[Kpre_mid_angle[m[Kâ€™ [[01;35m[K-Wunused-variable[m[K]
[5.145s]      double [01;35m[Kpre_mid_angle[m[K = std::atan2(previous_line[3] - previous_line[1], previous_line[2] - previous_line[0]);
[5.145s]             [01;35m[K^~~~~~~~~~~~~[m[K
[5.623s] make[2]: *** [CMakeFiles/lane_processing.dir/build.make:102: CMakeFiles/lane_processing.dir/src/lib/lane_funcs.cpp.o] Error 1
[5.624s] make[1]: *** [CMakeFiles/Makefile2:78: CMakeFiles/lane_processing.dir/all] Error 2
[5.624s] make: *** [Makefile:141: all] Error 2
[5.630s] Invoked command in '/home/puzzlebot/Desktop/PUXXY_NODE/TE3002B/lane_processing_ws/build/lane_processing' returned '2': CMAKE_PREFIX_PATH=/home/puzzlebot/Desktop/PUXXY_NODE/TE3002B/lane_processing_ws/install/lane_processing:/home/puzzlebot/ros2_ws/install/puzzlebot_ros:/opt/ros/humble:/home/puzzlebot/ros2_packages_ws/install/ros_deep_learning:/home/puzzlebot/ros2_packages_ws/install/micro_ros_setup:/home/puzzlebot/ros2_packages_ws/install/micro_ros_agent:/home/puzzlebot/ros2_packages_ws/install/micro_ros_msgs:/home/puzzlebot/ros2_packages_ws/install/camera_info_publisher /usr/bin/cmake --build /home/puzzlebot/Desktop/PUXXY_NODE/TE3002B/lane_processing_ws/build/lane_processing -- -j4 -l4
