[1.411s] Invoking command in '/home/puzzlebot/Documents/PUXXY_NODE/TE3002B/puzzle_ws/build/puzzle_pkg': AMENT_PREFIX_PATH=/home/puzzlebot/Documents/PUXXY_NODE/TE3002B/puzzle_ws/install/cv_bridge:${AMENT_PREFIX_PATH} CMAKE_PREFIX_PATH=/home/puzzlebot/Documents/PUXXY_NODE/TE3002B/puzzle_ws/install/cv_bridge:/home/puzzlebot/ros2_ws/install/puzzlebot_ros:/opt/ros/humble:${CMAKE_PREFIX_PATH} LD_LIBRARY_PATH=/home/puzzlebot/Documents/PUXXY_NODE/TE3002B/puzzle_ws/install/cv_bridge/lib:${LD_LIBRARY_PATH} PYTHONPATH=/home/puzzlebot/Documents/PUXXY_NODE/TE3002B/puzzle_ws/install/cv_bridge/lib/python3.8/site-packages:${PYTHONPATH} /usr/bin/cmake --build /home/puzzlebot/Documents/PUXXY_NODE/TE3002B/puzzle_ws/build/puzzle_pkg -- -j4 -l4
[1.872s] [  6%] Built target puzzle_pkg__rosidl_generator_c
[1.883s] [  9%] Built target puzzle_pkg__cpp
[1.949s] [  9%] Built target ament_cmake_python_copy_puzzle_pkg
[2.175s] [ 13%] Built target odometry
[2.301s] [ 18%] Built target signal_handle
[2.307s] [ 25%] Built target puzzle_pkg__rosidl_typesupport_c
[2.426s] [ 29%] Built target cam_source
[2.478s] [ 36%] Built target puzzle_pkg__rosidl_typesupport_cpp
[2.503s] [ 43%] Built target puzzle_pkg__rosidl_typesupport_introspection_cpp
[2.586s] [ 50%] Built target puzzle_pkg__rosidl_typesupport_fastrtps_cpp
[2.756s] [ 59%] Built target puzzle_pkg__rosidl_typesupport_fastrtps_c
[2.762s] [ 63%] Built target puzzle_pkg__rosidl_typesupport_introspection_c
[2.936s] [35m[1mScanning dependencies of target controller[0m
[3.060s] [ 65%] Built target puzzle_pkg
[3.078s] [ 75%] Built target lane_detection
[3.377s] [ 77%] Built target puzzle_pkg__py
[3.559s] [ 79%] [32mBuilding CXX object CMakeFiles/controller.dir/src/control/controller.cpp.o[0m
[3.701s] [ 84%] Built target puzzle_pkg__rosidl_generator_py
[4.021s] [ 88%] Built target puzzle_pkg__rosidl_typesupport_fastrtps_c__pyext
[4.045s] [ 93%] Built target puzzle_pkg__rosidl_typesupport_introspection_c__pyext
[4.267s] [ 97%] Built target puzzle_pkg__rosidl_typesupport_c__pyext
[4.811s] running egg_info
[4.817s] writing puzzle_pkg.egg-info/PKG-INFO
[4.819s] writing dependency_links to puzzle_pkg.egg-info/dependency_links.txt
[4.819s] writing top-level names to puzzle_pkg.egg-info/top_level.txt
[5.005s] reading manifest file 'puzzle_pkg.egg-info/SOURCES.txt'
[5.008s] writing manifest file 'puzzle_pkg.egg-info/SOURCES.txt'
[5.141s] [ 97%] Built target ament_cmake_python_build_puzzle_pkg_egg
[16.025s] [01m[K/home/puzzlebot/Documents/PUXXY_NODE/TE3002B/puzzle_ws/src/puzzle_pkg/src/control/controller.cpp:[m[K In constructor â€˜[01m[KController::Controller()[m[Kâ€™:
[16.077s] [01m[K/home/puzzlebot/Documents/PUXXY_NODE/TE3002B/puzzle_ws/src/puzzle_pkg/src/control/controller.cpp:364:31:[m[K [01;35m[Kwarning: [m[Kâ€˜[01m[KController::vel_message_[m[Kâ€™ will be initialized after [[01;35m[K-Wreorder[m[K]
[16.078s]      geometry_msgs::msg::Twist [01;35m[Kvel_message_[m[K;
[16.078s]                                [01;35m[K^~~~~~~~~~~~[m[K
[16.079s] [01m[K/home/puzzlebot/Documents/PUXXY_NODE/TE3002B/puzzle_ws/src/puzzle_pkg/src/control/controller.cpp:344:17:[m[K [01;35m[Kwarning: [m[K  â€˜[01m[Kstd::__cxx11::string Controller::current_state_[m[Kâ€™ [[01;35m[K-Wreorder[m[K]
[16.079s]      std::string [01;35m[Kcurrent_state_[m[K;
[16.079s]                  [01;35m[K^~~~~~~~~~~~~~[m[K
[16.080s] [01m[K/home/puzzlebot/Documents/PUXXY_NODE/TE3002B/puzzle_ws/src/puzzle_pkg/src/control/controller.cpp:48:5:[m[K [01;35m[Kwarning: [m[K  when initialized here [[01;35m[K-Wreorder[m[K]
[16.080s]      [01;35m[KController[m[K() :
[16.081s]      [01;35m[K^~~~~~~~~~[m[K
[16.081s] [01m[K/home/puzzlebot/Documents/PUXXY_NODE/TE3002B/puzzle_ws/src/puzzle_pkg/src/control/controller.cpp:351:28:[m[K [01;35m[Kwarning: [m[Kâ€˜[01m[KController::target_point_[m[Kâ€™ will be initialized after [[01;35m[K-Wreorder[m[K]
[16.082s]      double target_point_ [2[01;35m[K][m[K;
[16.093s]                             [01;35m[K^[m[K
[16.094s] [01m[K/home/puzzlebot/Documents/PUXXY_NODE/TE3002B/puzzle_ws/src/puzzle_pkg/src/control/controller.cpp:347:12:[m[K [01;35m[Kwarning: [m[K  â€˜[01m[Kdouble Controller::error_angle_[m[Kâ€™ [[01;35m[K-Wreorder[m[K]
[16.095s]      double [01;35m[Kerror_angle_[m[K;
[16.096s]             [01;35m[K^~~~~~~~~~~~[m[K
[16.096s] [01m[K/home/puzzlebot/Documents/PUXXY_NODE/TE3002B/puzzle_ws/src/puzzle_pkg/src/control/controller.cpp:48:5:[m[K [01;35m[Kwarning: [m[K  when initialized here [[01;35m[K-Wreorder[m[K]
[16.097s]      [01;35m[KController[m[K() :
[16.097s]      [01;35m[K^~~~~~~~~~[m[K
[16.273s] [01m[K/home/puzzlebot/Documents/PUXXY_NODE/TE3002B/puzzle_ws/src/puzzle_pkg/src/control/controller.cpp:[m[K In member function â€˜[01m[Kvoid Controller::state_callback(std_msgs::msg::String_<std::allocator<void> >::SharedPtr)[m[Kâ€™:
[16.274s] [01m[K/home/puzzlebot/Documents/PUXXY_NODE/TE3002B/puzzle_ws/src/puzzle_pkg/src/control/controller.cpp:152:9:[m[K [01;31m[Kerror: [m[Kâ€˜[01m[Kdese[m[Kâ€™ was not declared in this scope
[16.274s]          [01;31m[Kdese[m[K = "Aqui andamos "  + current_state_;
[16.275s]          [01;31m[K^~~~[m[K
[16.294s] [01m[K/home/puzzlebot/Documents/PUXXY_NODE/TE3002B/puzzle_ws/src/puzzle_pkg/src/control/controller.cpp:[m[K In member function â€˜[01m[Kvoid Controller::line_control()[m[Kâ€™:
[16.294s] [01m[K/home/puzzlebot/Documents/PUXXY_NODE/TE3002B/puzzle_ws/src/puzzle_pkg/src/control/controller.cpp:217:16:[m[K [01;35m[Kwarning: [m[Kunused variable â€˜[01m[Kerror_threshold_dis[m[Kâ€™ [[01;35m[K-Wunused-variable[m[K]
[16.295s]          double [01;35m[Kerror_threshold_dis[m[K = get_parameter("error_threshold_dis").as_double();
[16.295s]                 [01;35m[K^~~~~~~~~~~~~~~~~~~[m[K
[16.295s] [01m[K/home/puzzlebot/Documents/PUXXY_NODE/TE3002B/puzzle_ws/src/puzzle_pkg/src/control/controller.cpp:225:16:[m[K [01;35m[Kwarning: [m[Kunused variable â€˜[01m[Kkp_distance[m[Kâ€™ [[01;35m[K-Wunused-variable[m[K]
[16.296s]          double [01;35m[Kkp_distance[m[K = get_parameter("kp_distance").as_double();
[16.297s]                 [01;35m[K^~~~~~~~~~~[m[K
[32.293s] make[2]: *** [CMakeFiles/controller.dir/build.make:63: CMakeFiles/controller.dir/src/control/controller.cpp.o] Error 1
[32.293s] make[1]: *** [CMakeFiles/Makefile2:324: CMakeFiles/controller.dir/all] Error 2
[32.294s] make: *** [Makefile:141: all] Error 2
[32.682s] Invoked command in '/home/puzzlebot/Documents/PUXXY_NODE/TE3002B/puzzle_ws/build/puzzle_pkg' returned '2': AMENT_PREFIX_PATH=/home/puzzlebot/Documents/PUXXY_NODE/TE3002B/puzzle_ws/install/cv_bridge:${AMENT_PREFIX_PATH} CMAKE_PREFIX_PATH=/home/puzzlebot/Documents/PUXXY_NODE/TE3002B/puzzle_ws/install/cv_bridge:/home/puzzlebot/ros2_ws/install/puzzlebot_ros:/opt/ros/humble:${CMAKE_PREFIX_PATH} LD_LIBRARY_PATH=/home/puzzlebot/Documents/PUXXY_NODE/TE3002B/puzzle_ws/install/cv_bridge/lib:${LD_LIBRARY_PATH} PYTHONPATH=/home/puzzlebot/Documents/PUXXY_NODE/TE3002B/puzzle_ws/install/cv_bridge/lib/python3.8/site-packages:${PYTHONPATH} /usr/bin/cmake --build /home/puzzlebot/Documents/PUXXY_NODE/TE3002B/puzzle_ws/build/puzzle_pkg -- -j4 -l4
