[  6%] Built target puzzle_pkg__rosidl_generator_c
[  6%] Built target ament_cmake_python_copy_puzzle_pkg
[ 11%] Built target cam_source
[ 15%] Built target signal_handle
[ 22%] Built target puzzle_pkg__rosidl_typesupport_c
[ 29%] Built target puzzle_pkg__rosidl_typesupport_introspection_c
[ 36%] Built target puzzle_pkg__rosidl_typesupport_fastrtps_c
running egg_info
writing puzzle_pkg.egg-info/PKG-INFO
writing dependency_links to puzzle_pkg.egg-info/dependency_links.txt
writing top-level names to puzzle_pkg.egg-info/top_level.txt
reading manifest file 'puzzle_pkg.egg-info/SOURCES.txt'
writing manifest file 'puzzle_pkg.egg-info/SOURCES.txt'
[ 36%] Built target ament_cmake_python_build_puzzle_pkg_egg
[ 40%] Built target odometry
[ 43%] Built target puzzle_pkg__cpp
[ 50%] Built target puzzle_pkg__rosidl_typesupport_cpp
[ 56%] Built target puzzle_pkg__rosidl_typesupport_fastrtps_cpp
[ 68%] Built target lane_detection
[35m[1mScanning dependencies of target controller[0m
[ 70%] [32mBuilding CXX object CMakeFiles/controller.dir/src/control/controller.cpp.o[0m
[01m[K/home/puzzlebot/Documents/PUXXY_NODE/TE3002B/puzzle_ws/src/puzzle_pkg/src/control/controller.cpp:260:9:[m[K [01;31m[Kerror: [m[Kexpected unqualified-id before â€˜[01m[Kelse[m[Kâ€™
         [01;31m[Kelse[m[K {
         [01;31m[K^~~~[m[K
[01m[K/home/puzzlebot/Documents/PUXXY_NODE/TE3002B/puzzle_ws/src/puzzle_pkg/src/control/controller.cpp:263:6:[m[K [01;31m[Kerror: [m[Kexpected â€˜[01m[K;[m[Kâ€™ after class definition
     }
      [01;31m[K^[m[K
      [32m[K;[m[K
[01m[K/home/puzzlebot/Documents/PUXXY_NODE/TE3002B/puzzle_ws/src/puzzle_pkg/src/control/controller.cpp:[m[K In constructor â€˜[01m[KController::Controller()[m[Kâ€™:
[01m[K/home/puzzlebot/Documents/PUXXY_NODE/TE3002B/puzzle_ws/src/puzzle_pkg/src/control/controller.cpp:62:9:[m[K [01;31m[Kerror: [m[Kclass â€˜[01m[KController[m[Kâ€™ does not have any field named â€˜[01m[Kodom_[m[Kâ€™
         [01;31m[Kodom_[m[K({}),
         [01;31m[K^~~~~[m[K
[01m[K/home/puzzlebot/Documents/PUXXY_NODE/TE3002B/puzzle_ws/src/puzzle_pkg/src/control/controller.cpp:63:9:[m[K [01;31m[Kerror: [m[Kclass â€˜[01m[KController[m[Kâ€™ does not have any field named â€˜[01m[Kerrors_[m[Kâ€™
         [01;31m[Kerrors_[m[K{},
         [01;31m[K^~~~~~~[m[K
[01m[K/home/puzzlebot/Documents/PUXXY_NODE/TE3002B/puzzle_ws/src/puzzle_pkg/src/control/controller.cpp:64:9:[m[K [01;31m[Kerror: [m[Kclass â€˜[01m[KController[m[Kâ€™ does not have any field named â€˜[01m[Kcurrent_state_[m[Kâ€™
         [01;31m[Kcurrent_state_[m[K(State::Idle),
         [01;31m[K^~~~~~~~~~~~~~[m[K
[01m[K/home/puzzlebot/Documents/PUXXY_NODE/TE3002B/puzzle_ws/src/puzzle_pkg/src/control/controller.cpp:65:9:[m[K [01;31m[Kerror: [m[Kclass â€˜[01m[KController[m[Kâ€™ does not have any field named â€˜[01m[Klast_processed_state_[m[Kâ€™
         [01;31m[Klast_processed_state_[m[K(State::Init),
         [01;31m[K^~~~~~~~~~~~~~~~~~~~~[m[K
[01m[K/home/puzzlebot/Documents/PUXXY_NODE/TE3002B/puzzle_ws/src/puzzle_pkg/src/control/controller.cpp:66:9:[m[K [01;31m[Kerror: [m[Kclass â€˜[01m[KController[m[Kâ€™ does not have any field named â€˜[01m[Kerror_angle_[m[Kâ€™
         [01;31m[Kerror_angle_[m[K(0.0),
         [01;31m[K^~~~~~~~~~~~[m[K
[01m[K/home/puzzlebot/Documents/PUXXY_NODE/TE3002B/puzzle_ws/src/puzzle_pkg/src/control/controller.cpp:67:9:[m[K [01;31m[Kerror: [m[Kclass â€˜[01m[KController[m[Kâ€™ does not have any field named â€˜[01m[Kerror_angle_integral_[m[Kâ€™
         [01;31m[Kerror_angle_integral_[m[K(0.0),
         [01;31m[K^~~~~~~~~~~~~~~~~~~~~[m[K
[01m[K/home/puzzlebot/Documents/PUXXY_NODE/TE3002B/puzzle_ws/src/puzzle_pkg/src/control/controller.cpp:68:9:[m[K [01;31m[Kerror: [m[Kclass â€˜[01m[KController[m[Kâ€™ does not have any field named â€˜[01m[Kerror_distance_[m[Kâ€™
         [01;31m[Kerror_distance_[m[K(0.0),
         [01;31m[K^~~~~~~~~~~~~~~[m[K
[01m[K/home/puzzlebot/Documents/PUXXY_NODE/TE3002B/puzzle_ws/src/puzzle_pkg/src/control/controller.cpp:69:9:[m[K [01;31m[Kerror: [m[Kclass â€˜[01m[KController[m[Kâ€™ does not have any field named â€˜[01m[Kcross_walk_[m[Kâ€™
         [01;31m[Kcross_walk_[m[K(false),
         [01;31m[K^~~~~~~~~~~[m[K
[01m[K/home/puzzlebot/Documents/PUXXY_NODE/TE3002B/puzzle_ws/src/puzzle_pkg/src/control/controller.cpp:70:9:[m[K [01;31m[Kerror: [m[Kclass â€˜[01m[KController[m[Kâ€™ does not have any field named â€˜[01m[Ktarget_point_[m[Kâ€™
         [01;31m[Ktarget_point_[m[K({0.0, 0.0}),
         [01;31m[K^~~~~~~~~~~~~[m[K
[01m[K/home/puzzlebot/Documents/PUXXY_NODE/TE3002B/puzzle_ws/src/puzzle_pkg/src/control/controller.cpp:71:9:[m[K [01;31m[Kerror: [m[Kclass â€˜[01m[KController[m[Kâ€™ does not have any field named â€˜[01m[Kact_[m[Kâ€™
         [01;31m[Kact_[m[K(0.0),
         [01;31m[K^~~~[m[K
[01m[K/home/puzzlebot/Documents/PUXXY_NODE/TE3002B/puzzle_ws/src/puzzle_pkg/src/control/controller.cpp:72:9:[m[K [01;31m[Kerror: [m[Kclass â€˜[01m[KController[m[Kâ€™ does not have any field named â€˜[01m[Ktarget_angle_[m[Kâ€™
         [01;31m[Ktarget_angle_[m[K(0.0),
         [01;31m[K^~~~~~~~~~~~~[m[K
[01m[K/home/puzzlebot/Documents/PUXXY_NODE/TE3002B/puzzle_ws/src/puzzle_pkg/src/control/controller.cpp:73:9:[m[K [01;31m[Kerror: [m[Kclass â€˜[01m[KController[m[Kâ€™ does not have any field named â€˜[01m[Kangular_vel_[m[Kâ€™
         [01;31m[Kangular_vel_[m[K(0.0),
         [01;31m[K^~~~~~~~~~~~[m[K
[01m[K/home/puzzlebot/Documents/PUXXY_NODE/TE3002B/puzzle_ws/src/puzzle_pkg/src/control/controller.cpp:74:9:[m[K [01;31m[Kerror: [m[Kclass â€˜[01m[KController[m[Kâ€™ does not have any field named â€˜[01m[Klinear_vel_[m[Kâ€™
         [01;31m[Klinear_vel_[m[K(0.0),
         [01;31m[K^~~~~~~~~~~[m[K
[01m[K/home/puzzlebot/Documents/PUXXY_NODE/TE3002B/puzzle_ws/src/puzzle_pkg/src/control/controller.cpp:75:9:[m[K [01;31m[Kerror: [m[Kclass â€˜[01m[KController[m[Kâ€™ does not have any field named â€˜[01m[Kcontrol_manage_[m[Kâ€™
         [01;31m[Kcontrol_manage_[m[K(ControlManage::Idle),
         [01;31m[K^~~~~~~~~~~~~~~[m[K
[01m[K/home/puzzlebot/Documents/PUXXY_NODE/TE3002B/puzzle_ws/src/puzzle_pkg/src/control/controller.cpp:76:9:[m[K [01;31m[Kerror: [m[Kclass â€˜[01m[KController[m[Kâ€™ does not have any field named â€˜[01m[Kcontrol_type_[m[Kâ€™
         [01;31m[Kcontrol_type_[m[K(ControlType::Line),
         [01;31m[K^~~~~~~~~~~~~[m[K
[01m[K/home/puzzlebot/Documents/PUXXY_NODE/TE3002B/puzzle_ws/src/puzzle_pkg/src/control/controller.cpp:77:9:[m[K [01;31m[Kerror: [m[Kclass â€˜[01m[KController[m[Kâ€™ does not have any field named â€˜[01m[Kvel_message_[m[Kâ€™
         [01;31m[Kvel_message_[m[K(geometry_msgs::msg::Twist())
         [01;31m[K^~~~~~~~~~~~[m[K
[01m[K/home/puzzlebot/Documents/PUXXY_NODE/TE3002B/puzzle_ws/src/puzzle_pkg/src/control/controller.cpp:98:9:[m[K [01;31m[Kerror: [m[Kâ€˜[01m[Ksubscription_errors_[m[Kâ€™ was not declared in this scope
         [01;31m[Ksubscription_errors_[m[K = this->create_subscription<puzzle_pkg::msg::DiffError>(
         [01;31m[K^~~~~~~~~~~~~~~~~~~~[m[K
[01m[K/home/puzzlebot/Documents/PUXXY_NODE/TE3002B/puzzle_ws/src/puzzle_pkg/src/control/controller.cpp:98:9:[m[K [01;36m[Knote: [m[Ksuggested alternative: â€˜[01m[Krcl_subscription_options_t[m[Kâ€™
         [01;36m[Ksubscription_errors_[m[K = this->create_subscription<puzzle_pkg::msg::DiffError>(
         [01;36m[K^~~~~~~~~~~~~~~~~~~~[m[K
         [32m[Krcl_subscription_options_t[m[K
[01m[K/home/puzzlebot/Documents/PUXXY_NODE/TE3002B/puzzle_ws/src/puzzle_pkg/src/control/controller.cpp:104:9:[m[K [01;31m[Kerror: [m[Kâ€˜[01m[Ksubscription_odom_[m[Kâ€™ was not declared in this scope
         [01;31m[Ksubscription_odom_[m[K = this->create_subscription<geometry_msgs::msg::Pose2D>(
         [01;31m[K^~~~~~~~~~~~~~~~~~[m[K
[01m[K/home/puzzlebot/Documents/PUXXY_NODE/TE3002B/puzzle_ws/src/puzzle_pkg/src/control/controller.cpp:104:9:[m[K [01;36m[Knote: [m[Ksuggested alternative: â€˜[01m[Krcl_subscription_fini[m[Kâ€™
         [01;36m[Ksubscription_odom_[m[K = this->create_subscription<geometry_msgs::msg::Pose2D>(
         [01;36m[K^~~~~~~~~~~~~~~~~~[m[K
         [32m[Krcl_subscription_fini[m[K
[01m[K/home/puzzlebot/Documents/PUXXY_NODE/TE3002B/puzzle_ws/src/puzzle_pkg/src/control/controller.cpp:110:9:[m[K [01;31m[Kerror: [m[Kâ€˜[01m[Ksubscription_state_[m[Kâ€™ was not declared in this scope
         [01;31m[Ksubscription_state_[m[K = this->create_subscription<std_msgs::msg::Int32>(
         [01;31m[K^~~~~~~~~~~~~~~~~~~[m[K
[01m[K/home/puzzlebot/Documents/PUXXY_NODE/TE3002B/puzzle_ws/src/puzzle_pkg/src/control/controller.cpp:110:9:[m[K [01;36m[Knote: [m[Ksuggested alternative: â€˜[01m[Krcl_subscription_init[m[Kâ€™
         [01;36m[Ksubscription_state_[m[K = this->create_subscription<std_msgs::msg::Int32>(
         [01;36m[K^~~~~~~~~~~~~~~~~~~[m[K
         [32m[Krcl_subscription_init[m[K
[01m[K/home/puzzlebot/Documents/PUXXY_NODE/TE3002B/puzzle_ws/src/puzzle_pkg/src/control/controller.cpp:116:9:[m[K [01;31m[Kerror: [m[Kâ€˜[01m[Kpublisher_[m[Kâ€™ was not declared in this scope
         [01;31m[Kpublisher_[m[K = this->create_publisher<geometry_msgs::msg::Twist>("/cmd_vel", 10);
         [01;31m[K^~~~~~~~~~[m[K
[01m[K/home/puzzlebot/Documents/PUXXY_NODE/TE3002B/puzzle_ws/src/puzzle_pkg/src/control/controller.cpp:116:9:[m[K [01;36m[Knote: [m[Ksuggested alternative: â€˜[01m[Krcl_publisher_t[m[Kâ€™
         [01;36m[Kpublisher_[m[K = this->create_publisher<geometry_msgs::msg::Twist>("/cmd_vel", 10);
         [01;36m[K^~~~~~~~~~[m[K
         [32m[Krcl_publisher_t[m[K
[01m[K/home/puzzlebot/Documents/PUXXY_NODE/TE3002B/puzzle_ws/src/puzzle_pkg/src/control/controller.cpp:118:9:[m[K [01;31m[Kerror: [m[Kâ€˜[01m[Kstack_release_publisher_[m[Kâ€™ was not declared in this scope
         [01;31m[Kstack_release_publisher_[m[K = this->create_publisher<std_msgs::msg::String>("/stack_release", 10);
         [01;31m[K^~~~~~~~~~~~~~~~~~~~~~~~[m[K
[01m[K/home/puzzlebot/Documents/PUXXY_NODE/TE3002B/puzzle_ws/src/puzzle_pkg/src/control/controller.cpp:118:9:[m[K [01;36m[Knote: [m[Ksuggested alternative: â€˜[01m[Kcreate_publisher[m[Kâ€™
         [01;36m[Kstack_release_publisher_[m[K = this->create_publisher<std_msgs::msg::String>("/stack_release", 10);
         [01;36m[K^~~~~~~~~~~~~~~~~~~~~~~~[m[K
         [32m[Kcreate_publisher[m[K
[01m[K/home/puzzlebot/Documents/PUXXY_NODE/TE3002B/puzzle_ws/src/puzzle_pkg/src/control/controller.cpp:120:9:[m[K [01;31m[Kerror: [m[Kâ€˜[01m[Ktimer_[m[Kâ€™ was not declared in this scope
         [01;31m[Ktimer_[m[K = this->create_wall_timer(
         [01;31m[K^~~~~~[m[K
[01m[K/home/puzzlebot/Documents/PUXXY_NODE/TE3002B/puzzle_ws/src/puzzle_pkg/src/control/controller.cpp:120:9:[m[K [01;36m[Knote: [m[Ksuggested alternative: â€˜[01m[Ktimer_t[m[Kâ€™
         [01;36m[Ktimer_[m[K = this->create_wall_timer(
         [01;36m[K^~~~~~[m[K
         [32m[Ktimer_t[m[K
[01m[K/home/puzzlebot/Documents/PUXXY_NODE/TE3002B/puzzle_ws/src/puzzle_pkg/src/control/controller.cpp:122:36:[m[K [01;31m[Kerror: [m[Kâ€˜[01m[Kcontroller_callback[m[Kâ€™ is not a member of â€˜[01m[KController[m[Kâ€™
             std::bind(&Controller::[01;31m[Kcontroller_callback[m[K, this)
                                    [01;31m[K^~~~~~~~~~~~~~~~~~~[m[K
[01m[K/home/puzzlebot/Documents/PUXXY_NODE/TE3002B/puzzle_ws/src/puzzle_pkg/src/control/controller.cpp:[m[K In member function â€˜[01m[Kvoid Controller::errors_callback(const DiffError&)[m[Kâ€™:
[01m[K/home/puzzlebot/Documents/PUXXY_NODE/TE3002B/puzzle_ws/src/puzzle_pkg/src/control/controller.cpp:134:9:[m[K [01;31m[Kerror: [m[Kâ€˜[01m[Kerrors_[m[Kâ€™ was not declared in this scope
         [01;31m[Kerrors_[m[K = errors;
         [01;31m[K^~~~~~~[m[K
[01m[K/home/puzzlebot/Documents/PUXXY_NODE/TE3002B/puzzle_ws/src/puzzle_pkg/src/control/controller.cpp:134:9:[m[K [01;36m[Knote: [m[Ksuggested alternative: â€˜[01m[Kerrors[m[Kâ€™
         [01;36m[Kerrors_[m[K = errors;
         [01;36m[K^~~~~~~[m[K
         [32m[Kerrors[m[K
[01m[K/home/puzzlebot/Documents/PUXXY_NODE/TE3002B/puzzle_ws/src/puzzle_pkg/src/control/controller.cpp:[m[K In member function â€˜[01m[Kvoid Controller::odom_callback(const Pose2D&)[m[Kâ€™:
[01m[K/home/puzzlebot/Documents/PUXXY_NODE/TE3002B/puzzle_ws/src/puzzle_pkg/src/control/controller.cpp:147:9:[m[K [01;31m[Kerror: [m[Kâ€˜[01m[Kodom_[m[Kâ€™ was not declared in this scope
         [01;31m[Kodom_[m[K[0] = odom.x;
         [01;31m[K^~~~~[m[K
[01m[K/home/puzzlebot/Documents/PUXXY_NODE/TE3002B/puzzle_ws/src/puzzle_pkg/src/control/controller.cpp:147:9:[m[K [01;36m[Knote: [m[Ksuggested alternative: â€˜[01m[Kodom[m[Kâ€™
         [01;36m[Kodom_[m[K[0] = odom.x;
         [01;36m[K^~~~~[m[K
         [32m[Kodom[m[K
[01m[K/home/puzzlebot/Documents/PUXXY_NODE/TE3002B/puzzle_ws/src/puzzle_pkg/src/control/controller.cpp:[m[K In member function â€˜[01m[Kvoid Controller::state_callback(std_msgs::msg::Int32_<std::allocator<void> >::SharedPtr)[m[Kâ€™:
[01m[K/home/puzzlebot/Documents/PUXXY_NODE/TE3002B/puzzle_ws/src/puzzle_pkg/src/control/controller.cpp:166:53:[m[K [01;31m[Kerror: [m[Kâ€˜[01m[Klast_processed_state_[m[Kâ€™ was not declared in this scope
         } else if (static_cast<State>(msg->data) != [01;31m[Klast_processed_state_[m[K) {
                                                     [01;31m[K^~~~~~~~~~~~~~~~~~~~~[m[K
[01m[K/home/puzzlebot/Documents/PUXXY_NODE/TE3002B/puzzle_ws/src/puzzle_pkg/src/control/controller.cpp:168:13:[m[K [01;31m[Kerror: [m[Kâ€˜[01m[Kcurrent_state_[m[Kâ€™ was not declared in this scope
             [01;31m[Kcurrent_state_[m[K = last_processed_state_;
             [01;31m[K^~~~~~~~~~~~~~[m[K
[01m[K/home/puzzlebot/Documents/PUXXY_NODE/TE3002B/puzzle_ws/src/puzzle_pkg/src/control/controller.cpp:168:13:[m[K [01;36m[Knote: [m[Ksuggested alternative: â€˜[01m[Ksetstate_r[m[Kâ€™
             [01;36m[Kcurrent_state_[m[K = last_processed_state_;
             [01;36m[K^~~~~~~~~~~~~~[m[K
             [32m[Ksetstate_r[m[K
[01m[K/home/puzzlebot/Documents/PUXXY_NODE/TE3002B/puzzle_ws/src/puzzle_pkg/src/control/controller.cpp:[m[K In member function â€˜[01m[Kvoid Controller::select_control()[m[Kâ€™:
[01m[K/home/puzzlebot/Documents/PUXXY_NODE/TE3002B/puzzle_ws/src/puzzle_pkg/src/control/controller.cpp:176:13:[m[K [01;31m[Kerror: [m[Kâ€˜[01m[Kcurrent_state_[m[Kâ€™ was not declared in this scope
         if ([01;31m[Kcurrent_state_[m[K != last_processed_state_) {
             [01;31m[K^~~~~~~~~~~~~~[m[K
[01m[K/home/puzzlebot/Documents/PUXXY_NODE/TE3002B/puzzle_ws/src/puzzle_pkg/src/control/controller.cpp:176:13:[m[K [01;36m[Knote: [m[Ksuggested alternative: â€˜[01m[Ksetstate_r[m[Kâ€™
         if ([01;36m[Kcurrent_state_[m[K != last_processed_state_) {
             [01;36m[K^~~~~~~~~~~~~~[m[K
             [32m[Ksetstate_r[m[K
[01m[K/home/puzzlebot/Documents/PUXXY_NODE/TE3002B/puzzle_ws/src/puzzle_pkg/src/control/controller.cpp:176:31:[m[K [01;31m[Kerror: [m[Kâ€˜[01m[Klast_processed_state_[m[Kâ€™ was not declared in this scope
         if (current_state_ != [01;31m[Klast_processed_state_[m[K) {
                               [01;31m[K^~~~~~~~~~~~~~~~~~~~~[m[K
[01m[K/home/puzzlebot/Documents/PUXXY_NODE/TE3002B/puzzle_ws/src/puzzle_pkg/src/control/controller.cpp:178:29:[m[K [01;31m[Kerror: [m[Kcould not convert â€˜[01m[KInit[m[Kâ€™ from â€˜[01m[KState[m[Kâ€™ to â€˜[01m[K<type error>[m[Kâ€™
                 case State::[01;31m[KInit[m[K:
                             [01;31m[K^~~~[m[K
[01m[K/home/puzzlebot/Documents/PUXXY_NODE/TE3002B/puzzle_ws/src/puzzle_pkg/src/control/controller.cpp:180:25:[m[K [01;31m[Kerror: [m[Kâ€˜[01m[Kcontrol_type_[m[Kâ€™ was not declared in this scope
                         [01;31m[Kcontrol_type_[m[K = ControlType::Line;
                         [01;31m[K^~~~~~~~~~~~~[m[K
[01m[K/home/puzzlebot/Documents/PUXXY_NODE/TE3002B/puzzle_ws/src/puzzle_pkg/src/control/controller.cpp:180:25:[m[K [01;36m[Knote: [m[Ksuggested alternative: â€˜[01m[KControlType[m[Kâ€™
                         [01;36m[Kcontrol_type_[m[K = ControlType::Line;
                         [01;36m[K^~~~~~~~~~~~~[m[K
                         [32m[KControlType[m[K
[01m[K/home/puzzlebot/Documents/PUXXY_NODE/TE3002B/puzzle_ws/src/puzzle_pkg/src/control/controller.cpp:181:25:[m[K [01;31m[Kerror: [m[Kâ€˜[01m[Kcontrol_manage_[m[Kâ€™ was not declared in this scope
                         [01;31m[Kcontrol_manage_[m[K = ControlManage::Stop;
                         [01;31m[K^~~~~~~~~~~~~~~[m[K
[01m[K/home/puzzlebot/Documents/PUXXY_NODE/TE3002B/puzzle_ws/src/puzzle_pkg/src/control/controller.cpp:181:25:[m[K [01;36m[Knote: [m[Ksuggested alternative: â€˜[01m[KControlManage[m[Kâ€™
                         [01;36m[Kcontrol_manage_[m[K = ControlManage::Stop;
                         [01;36m[K^~~~~~~~~~~~~~~[m[K
                         [32m[KControlManage[m[K
[01m[K/home/puzzlebot/Documents/PUXXY_NODE/TE3002B/puzzle_ws/src/puzzle_pkg/src/control/controller.cpp:183:21:[m[K [01;31m[Kerror: [m[Kbreak statement not within loop or switch
                     [01;31m[Kbreak[m[K;
                     [01;31m[K^~~~~[m[K
[01m[K/home/puzzlebot/Documents/PUXXY_NODE/TE3002B/puzzle_ws/src/puzzle_pkg/src/control/controller.cpp:184:17:[m[K [01;31m[Kerror: [m[Kcase label â€˜[01m[KIdle[m[Kâ€™ not within a switch statement
                 [01;31m[Kcase[m[K State::Idle:
                 [01;31m[K^~~~[m[K
[01m[K/home/puzzlebot/Documents/PUXXY_NODE/TE3002B/puzzle_ws/src/puzzle_pkg/src/control/controller.cpp:185:25:[m[K [01;31m[Kerror: [m[Kâ€˜[01m[Kcross_walk_[m[Kâ€™ was not declared in this scope
                     if ([01;31m[Kcross_walk_[m[K) {
                         [01;31m[K^~~~~~~~~~~[m[K
[01m[K/home/puzzlebot/Documents/PUXXY_NODE/TE3002B/puzzle_ws/src/puzzle_pkg/src/control/controller.cpp:187:25:[m[K [01;31m[Kerror: [m[Kâ€˜[01m[Kcontrol_type_[m[Kâ€™ was not declared in this scope
                         [01;31m[Kcontrol_type_[m[K = ControlType::Position;
                         [01;31m[K^~~~~~~~~~~~~[m[K
[01m[K/home/puzzlebot/Documents/PUXXY_NODE/TE3002B/puzzle_ws/src/puzzle_pkg/src/control/controller.cpp:187:25:[m[K [01;36m[Knote: [m[Ksuggested alternative: â€˜[01m[KControlType[m[Kâ€™
                         [01;36m[Kcontrol_type_[m[K = ControlType::Position;
                         [01;36m[K^~~~~~~~~~~~~[m[K
                         [32m[KControlType[m[K
[01m[K/home/puzzlebot/Documents/PUXXY_NODE/TE3002B/puzzle_ws/src/puzzle_pkg/src/control/controller.cpp:188:25:[m[K [01;31m[Kerror: [m[Kâ€˜[01m[Kcontrol_manage_[m[Kâ€™ was not declared in this scope
                         [01;31m[Kcontrol_manage_[m[K = ControlManage::Stop;
                         [01;31m[K^~~~~~~~~~~~~~~[m[K
[01m[K/home/puzzlebot/Documents/PUXXY_NODE/TE3002B/puzzle_ws/src/puzzle_pkg/src/control/controller.cpp:188:25:[m[K [01;36m[Knote: [m[Ksuggested alternative: â€˜[01m[KControlManage[m[Kâ€™
                         [01;36m[Kcontrol_manage_[m[K = ControlManage::Stop;
                         [01;36m[K^~~~~~~~~~~~~~~[m[K
                         [32m[KControlManage[m[K
[01m[K/home/puzzlebot/Documents/PUXXY_NODE/TE3002B/puzzle_ws/src/puzzle_pkg/src/control/controller.cpp:189:25:[m[K [01;31m[Kerror: [m[Kâ€˜[01m[Ktarget_point_[m[Kâ€™ was not declared in this scope
                         [01;31m[Ktarget_point_[m[K[0] = 0.1;
                         [01;31m[K^~~~~~~~~~~~~[m[K
[01m[K/home/puzzlebot/Documents/PUXXY_NODE/TE3002B/puzzle_ws/src/puzzle_pkg/src/control/controller.cpp:193:25:[m[K [01;31m[Kerror: [m[Kâ€˜[01m[Kcontrol_type_[m[Kâ€™ was not declared in this scope
                         [01;31m[Kcontrol_type_[m[K = ControlType::Line;
                         [01;31m[K^~~~~~~~~~~~~[m[K
[01m[K/home/puzzlebot/Documents/PUXXY_NODE/TE3002B/puzzle_ws/src/puzzle_pkg/src/control/controller.cpp:193:25:[m[K [01;36m[Knote: [m[Ksuggested alternative: â€˜[01m[KControlType[m[Kâ€™
                         [01;36m[Kcontrol_type_[m[K = ControlType::Line;
                         [01;36m[K^~~~~~~~~~~~~[m[K
                         [32m[KControlType[m[K
[01m[K/home/puzzlebot/Documents/PUXXY_NODE/TE3002B/puzzle_ws/src/puzzle_pkg/src/control/controller.cpp:194:25:[m[K [01;31m[Kerror: [m[Kâ€˜[01m[Kcontrol_manage_[m[Kâ€™ was not declared in this scope
                         [01;31m[Kcontrol_manage_[m[K = ControlManage::Idle;
                         [01;31m[K^~~~~~~~~~~~~~~[m[K
[01m[K/home/puzzlebot/Documents/PUXXY_NODE/TE3002B/puzzle_ws/src/puzzle_pkg/src/control/controller.cpp:194:25:[m[K [01;36m[Knote: [m[Ksuggested alternative: â€˜[01m[KControlManage[m[Kâ€™
                         [01;36m[Kcontrol_manage_[m[K = ControlManage::Idle;
                         [01;36m[K^~~~~~~~~~~~~~~[m[K
                         [32m[KControlManage[m[K
[01m[K/home/puzzlebot/Documents/PUXXY_NODE/TE3002B/puzzle_ws/src/puzzle_pkg/src/control/controller.cpp:196:21:[m[K [01;31m[Kerror: [m[Kbreak statement not within loop or switch
                     [01;31m[Kbreak[m[K;
                     [01;31m[K^~~~~[m[K
[01m[K/home/puzzlebot/Documents/PUXXY_NODE/TE3002B/puzzle_ws/src/puzzle_pkg/src/control/controller.cpp:198:17:[m[K [01;31m[Kerror: [m[Kcase label â€˜[01m[KStop[m[Kâ€™ not within a switch statement
                 [01;31m[Kcase[m[K State::Stop:
                 [01;31m[K^~~~[m[K
[01m[K/home/puzzlebot/Documents/PUXXY_NODE/TE3002B/puzzle_ws/src/puzzle_pkg/src/control/controller.cpp:199:25:[m[K [01;31m[Kerror: [m[Kâ€˜[01m[Kcross_walk_[m[Kâ€™ was not declared in this scope
                     if ([01;31m[Kcross_walk_[m[K) {
                         [01;31m[K^~~~~~~~~~~[m[K
[01m[K/home/puzzlebot/Documents/PUXXY_NODE/TE3002B/puzzle_ws/src/puzzle_pkg/src/control/controller.cpp:201:25:[m[K [01;31m[Kerror: [m[Kâ€˜[01m[Kcontrol_manage_[m[Kâ€™ was not declared in this scope
                         [01;31m[Kcontrol_manage_[m[K = ControlManage::Stop;
                         [01;31m[K^~~~~~~~~~~~~~~[m[K
[01m[K/home/puzzlebot/Documents/PUXXY_NODE/TE3002B/puzzle_ws/src/puzzle_pkg/src/control/controller.cpp:201:25:[m[K [01;36m[Knote: [m[Ksuggested alternative: â€˜[01m[KControlManage[m[Kâ€™
                         [01;36m[Kcontrol_manage_[m[K = ControlManage::Stop;
                         [01;36m[K^~~~~~~~~~~~~~~[m[K
                         [32m[KControlManage[m[K
[01m[K/home/puzzlebot/Documents/PUXXY_NODE/TE3002B/puzzle_ws/src/puzzle_pkg/src/control/controller.cpp:202:25:[m[K [01;31m[Kerror: [m[Kâ€˜[01m[Kcontrol_type_[m[Kâ€™ was not declared in this scope
                         [01;31m[Kcontrol_type_[m[K = ControlType::Position;
                         [01;31m[K^~~~~~~~~~~~~[m[K
[01m[K/home/puzzlebot/Documents/PUXXY_NODE/TE3002B/puzzle_ws/src/puzzle_pkg/src/control/controller.cpp:202:25:[m[K [01;36m[Knote: [m[Ksuggested alternative: â€˜[01m[KControlType[m[Kâ€™
                         [01;36m[Kcontrol_type_[m[K = ControlType::Position;
                         [01;36m[K^~~~~~~~~~~~~[m[K
                         [32m[KControlType[m[K
[01m[K/home/puzzlebot/Documents/PUXXY_NODE/TE3002B/puzzle_ws/src/puzzle_pkg/src/control/controller.cpp:203:25:[m[K [01;31m[Kerror: [m[Kâ€˜[01m[Ktarget_point_[m[Kâ€™ was not declared in this scope
                         [01;31m[Ktarget_point_[m[K[0] = 0.1;
                         [01;31m[K^~~~~~~~~~~~~[m[K
[01m[K/home/puzzlebot/Documents/PUXXY_NODE/TE3002B/puzzle_ws/src/puzzle_pkg/src/control/controller.cpp:207:25:[m[K [01;31m[Kerror: [m[Kâ€˜[01m[Kcontrol_manage_[m[Kâ€™ was not declared in this scope
                         [01;31m[Kcontrol_manage_[m[K = ControlManage::Stop;
                         [01;31m[K^~~~~~~~~~~~~~~[m[K
[01m[K/home/puzzlebot/Documents/PUXXY_NODE/TE3002B/puzzle_ws/src/puzzle_pkg/src/control/controller.cpp:207:25:[m[K [01;36m[Knote: [m[Ksuggested alternative: â€˜[01m[KControlManage[m[Kâ€™
                         [01;36m[Kcontrol_manage_[m[K = ControlManage::Stop;
                         [01;36m[K^~~~~~~~~~~~~~~[m[K
                         [32m[KControlManage[m[K
[01m[K/home/puzzlebot/Documents/PUXXY_NODE/TE3002B/puzzle_ws/src/puzzle_pkg/src/control/controller.cpp:208:25:[m[K [01;31m[Kerror: [m[Kâ€˜[01m[Kcontrol_type_[m[Kâ€™ was not declared in this scope
                         [01;31m[Kcontrol_type_[m[K = ControlType::Line;
                         [01;31m[K^~~~~~~~~~~~~[m[K
[01m[K/home/puzzlebot/Documents/PUXXY_NODE/TE3002B/puzzle_ws/src/puzzle_pkg/src/control/controller.cpp:208:25:[m[K [01;36m[Knote: [m[Ksuggested alternative: â€˜[01m[KControlType[m[Kâ€™
                         [01;36m[Kcontrol_type_[m[K = ControlType::Line;
                         [01;36m[K^~~~~~~~~~~~~[m[K
                         [32m[KControlType[m[K
[01m[K/home/puzzlebot/Documents/PUXXY_NODE/TE3002B/puzzle_ws/src/puzzle_pkg/src/control/controller.cpp:210:21:[m[K [01;31m[Kerror: [m[Kbreak statement not within loop or switch
                     [01;31m[Kbreak[m[K;
                     [01;31m[K^~~~~[m[K
[01m[K/home/puzzlebot/Documents/PUXXY_NODE/TE3002B/puzzle_ws/src/puzzle_pkg/src/control/controller.cpp:212:17:[m[K [01;31m[Kerror: [m[Kcase label â€˜[01m[KSlow[m[Kâ€™ not within a switch statement
                 [01;31m[Kcase[m[K State::Slow:
                 [01;31m[K^~~~[m[K
[01m[K/home/puzzlebot/Documents/PUXXY_NODE/TE3002B/puzzle_ws/src/puzzle_pkg/src/control/controller.cpp:213:25:[m[K [01;31m[Kerror: [m[Kâ€˜[01m[Kcross_walk_[m[Kâ€™ was not declared in this scope
                     if ([01;31m[Kcross_walk_[m[K) {
                         [01;31m[K^~~~~~~~~~~[m[K
[01m[K/home/puzzlebot/Documents/PUXXY_NODE/TE3002B/puzzle_ws/src/puzzle_pkg/src/control/controller.cpp:215:25:[m[K [01;31m[Kerror: [m[Kâ€˜[01m[Kcontrol_manage_[m[Kâ€™ was not declared in this scope
                         [01;31m[Kcontrol_manage_[m[K = ControlManage::Slow;
                         [01;31m[K^~~~~~~~~~~~~~~[m[K
[01m[K/home/puzzlebot/Documents/PUXXY_NODE/TE3002B/puzzle_ws/src/puzzle_pkg/src/control/controller.cpp:215:25:[m[K [01;36m[Knote: [m[Ksuggested alternative: â€˜[01m[KControlManage[m[Kâ€™
                         [01;36m[Kcontrol_manage_[m[K = ControlManage::Slow;
                         [01;36m[K^~~~~~~~~~~~~~~[m[K
                         [32m[KControlManage[m[K
[01m[K/home/puzzlebot/Documents/PUXXY_NODE/TE3002B/puzzle_ws/src/puzzle_pkg/src/control/controller.cpp:216:25:[m[K [01;31m[Kerror: [m[Kâ€˜[01m[Kcontrol_type_[m[Kâ€™ was not declared in this scope
                         [01;31m[Kcontrol_type_[m[K = ControlType::Position;
                         [01;31m[K^~~~~~~~~~~~~[m[K
[01m[K/home/puzzlebot/Documents/PUXXY_NODE/TE3002B/puzzle_ws/src/puzzle_pkg/src/control/controller.cpp:216:25:[m[K [01;36m[Knote: [m[Ksuggested alternative: â€˜[01m[KControlType[m[Kâ€™
                         [01;36m[Kcontrol_type_[m[K = ControlType::Position;
                         [01;36m[K^~~~~~~~~~~~~[m[K
                         [32m[KControlType[m[K
[01m[K/home/puzzlebot/Documents/PUXXY_NODE/TE3002B/puzzle_ws/src/puzzle_pkg/src/control/controller.cpp:217:25:[m[K [01;31m[Kerror: [m[Kâ€˜[01m[Ktarget_point_[m[Kâ€™ was not declared in this scope
                         [01;31m[Ktarget_point_[m[K[0] = 0.1;
                         [01;31m[K^~~~~~~~~~~~~[m[K
[01m[K/home/puzzlebot/Documents/PUXXY_NODE/TE3002B/puzzle_ws/src/puzzle_pkg/src/control/controller.cpp:221:25:[m[K [01;31m[Kerror: [m[Kâ€˜[01m[Kcontrol_manage_[m[Kâ€™ was not declared in this scope
                         [01;31m[Kcontrol_manage_[m[K = ControlManage::Slow;
                         [01;31m[K^~~~~~~~~~~~~~~[m[K
[01m[K/home/puzzlebot/Documents/PUXXY_NODE/TE3002B/puzzle_ws/src/puzzle_pkg/src/control/controller.cpp:221:25:[m[K [01;36m[Knote: [m[Ksuggested alternative: â€˜[01m[KControlManage[m[Kâ€™
                         [01;36m[Kcontrol_manage_[m[K = ControlManage::Slow;
                         [01;36m[K^~~~~~~~~~~~~~~[m[K
                         [32m[KControlManage[m[K
[01m[K/home/puzzlebot/Documents/PUXXY_NODE/TE3002B/puzzle_ws/src/puzzle_pkg/src/control/controller.cpp:222:25:[m[K [01;31m[Kerror: [m[Kâ€˜[01m[Kcontrol_type_[m[Kâ€™ was not declared in this scope
                         [01;31m[Kcontrol_type_[m[K = ControlType::Line;
                         [01;31m[K^~~~~~~~~~~~~[m[K
[01m[K/home/puzzlebot/Documents/PUXXY_NODE/TE3002B/puzzle_ws/src/puzzle_pkg/src/control/controller.cpp:222:25:[m[K [01;36m[Knote: [m[Ksuggested alternative: â€˜[01m[KControlType[m[Kâ€™
                         [01;36m[Kcontrol_type_[m[K = ControlType::Line;
                         [01;36m[K^~~~~~~~~~~~~[m[K
                         [32m[KControlType[m[K
[01m[K/home/puzzlebot/Documents/PUXXY_NODE/TE3002B/puzzle_ws/src/puzzle_pkg/src/control/controller.cpp:224:21:[m[K [01;31m[Kerror: [m[Kbreak statement not within loop or switch
                     [01;31m[Kbreak[m[K;
                     [01;31m[K^~~~~[m[K
[01m[K/home/puzzlebot/Documents/PUXXY_NODE/TE3002B/puzzle_ws/src/puzzle_pkg/src/control/controller.cpp:226:17:[m[K [01;31m[Kerror: [m[Kcase label â€˜[01m[KTurnLeft[m[Kâ€™ not within a switch statement
                 [01;31m[Kcase[m[K State::TurnLeft:
                 [01;31m[K^~~~[m[K
[01m[K/home/puzzlebot/Documents/PUXXY_NODE/TE3002B/puzzle_ws/src/puzzle_pkg/src/control/controller.cpp:227:26:[m[K [01;31m[Kerror: [m[Kâ€˜[01m[Kcross_walk_[m[Kâ€™ was not declared in this scope
                     if (![01;31m[Kcross_walk_[m[K) {
                          [01;31m[K^~~~~~~~~~~[m[K
[01m[K/home/puzzlebot/Documents/PUXXY_NODE/TE3002B/puzzle_ws/src/puzzle_pkg/src/control/controller.cpp:229:25:[m[K [01;31m[Kerror: [m[Kâ€˜[01m[Kcontrol_manage_[m[Kâ€™ was not declared in this scope
                         [01;31m[Kcontrol_manage_[m[K = ControlManage::Idle;
                         [01;31m[K^~~~~~~~~~~~~~~[m[K
[01m[K/home/puzzlebot/Documents/PUXXY_NODE/TE3002B/puzzle_ws/src/puzzle_pkg/src/control/controller.cpp:229:25:[m[K [01;36m[Knote: [m[Ksuggested alternative: â€˜[01m[KControlManage[m[Kâ€™
                         [01;36m[Kcontrol_manage_[m[K = ControlManage::Idle;
                         [01;36m[K^~~~~~~~~~~~~~~[m[K
                         [32m[KControlManage[m[K
[01m[K/home/puzzlebot/Documents/PUXXY_NODE/TE3002B/puzzle_ws/src/puzzle_pkg/src/control/controller.cpp:230:25:[m[K [01;31m[Kerror: [m[Kâ€˜[01m[Kcontrol_type_[m[Kâ€™ was not declared in this scope
                         [01;31m[Kcontrol_type_[m[K = ControlType::Position;
                         [01;31m[K^~~~~~~~~~~~~[m[K
[01m[K/home/puzzlebot/Documents/PUXXY_NODE/TE3002B/puzzle_ws/src/puzzle_pkg/src/control/controller.cpp:230:25:[m[K [01;36m[Knote: [m[Ksuggested alternative: â€˜[01m[KControlType[m[Kâ€™
                         [01;36m[Kcontrol_type_[m[K = ControlType::Position;
                         [01;36m[K^~~~~~~~~~~~~[m[K
                         [32m[KControlType[m[K
[01m[K/home/puzzlebot/Documents/PUXXY_NODE/TE3002B/puzzle_ws/src/puzzle_pkg/src/control/controller.cpp:231:25:[m[K [01;31m[Kerror: [m[Kâ€˜[01m[Ktarget_point_[m[Kâ€™ was not declared in this scope
                         [01;31m[Ktarget_point_[m[K[0] = 0.1;
                         [01;31m[K^~~~~~~~~~~~~[m[K
[01m[K/home/puzzlebot/Documents/PUXXY_NODE/TE3002B/puzzle_ws/src/puzzle_pkg/src/control/controller.cpp:235:25:[m[K [01;31m[Kerror: [m[Kâ€˜[01m[Kcontrol_manage_[m[Kâ€™ was not declared in this scope
                         [01;31m[Kcontrol_manage_[m[K = ControlManage::Slow;
                         [01;31m[K^~~~~~~~~~~~~~~[m[K
[01m[K/home/puzzlebot/Documents/PUXXY_NODE/TE3002B/puzzle_ws/src/puzzle_pkg/src/control/controller.cpp:235:25:[m[K [01;36m[Knote: [m[Ksuggested alternative: â€˜[01m[KControlManage[m[Kâ€™
                         [01;36m[Kcontrol_manage_[m[K = ControlManage::Slow;
                         [01;36m[K^~~~~~~~~~~~~~~[m[K
                         [32m[KControlManage[m[K
[01m[K/home/puzzlebot/Documents/PUXXY_NODE/TE3002B/puzzle_ws/src/puzzle_pkg/src/control/controller.cpp:236:25:[m[K [01;31m[Kerror: [m[Kâ€˜[01m[Kcontrol_type_[m[Kâ€™ was not declared in this scope
                         [01;31m[Kcontrol_type_[m[K = ControlType::Line;
                         [01;31m[K^~~~~~~~~~~~~[m[K
[01m[K/home/puzzlebot/Documents/PUXXY_NODE/TE3002B/puzzle_ws/src/puzzle_pkg/src/control/controller.cpp:236:25:[m[K [01;36m[Knote: [m[Ksuggested alternative: â€˜[01m[KControlType[m[Kâ€™
                         [01;36m[Kcontrol_type_[m[K = ControlType::Line;
                         [01;36m[K^~~~~~~~~~~~~[m[K
                         [32m[KControlType[m[K
[01m[K/home/puzzlebot/Documents/PUXXY_NODE/TE3002B/puzzle_ws/src/puzzle_pkg/src/control/controller.cpp:238:21:[m[K [01;31m[Kerror: [m[Kbreak statement not within loop or switch
                     [01;31m[Kbreak[m[K;
                     [01;31m[K^~~~~[m[K
[01m[K/home/puzzlebot/Documents/PUXXY_NODE/TE3002B/puzzle_ws/src/puzzle_pkg/src/control/controller.cpp:240:17:[m[K [01;31m[Kerror: [m[Kcase label â€˜[01m[KTurnRight[m[Kâ€™ not within a switch statement
                 [01;31m[Kcase[m[K State::TurnRight:
                 [01;31m[K^~~~[m[K
[01m[K/home/puzzlebot/Documents/PUXXY_NODE/TE3002B/puzzle_ws/src/puzzle_pkg/src/control/controller.cpp:241:25:[m[K [01;31m[Kerror: [m[Kâ€˜[01m[Kcross_walk_[m[Kâ€™ was not declared in this scope
                     if ([01;31m[Kcross_walk_[m[K) {
                         [01;31m[K^~~~~~~~~~~[m[K
[01m[K/home/puzzlebot/Documents/PUXXY_NODE/TE3002B/puzzle_ws/src/puzzle_pkg/src/control/controller.cpp:243:25:[m[K [01;31m[Kerror: [m[Kâ€˜[01m[Kcontrol_manage_[m[Kâ€™ was not declared in this scope
                         [01;31m[Kcontrol_manage_[m[K = ControlManage::Idle;
                         [01;31m[K^~~~~~~~~~~~~~~[m[K
[01m[K/home/puzzlebot/Documents/PUXXY_NODE/TE3002B/puzzle_ws/src/puzzle_pkg/src/control/controller.cpp:243:25:[m[K [01;36m[Knote: [m[Ksuggested alternative: â€˜[01m[KControlManage[m[Kâ€™
                         [01;36m[Kcontrol_manage_[m[K = ControlManage::Idle;
                         [01;36m[K^~~~~~~~~~~~~~~[m[K
                         [32m[KControlManage[m[K
[01m[K/home/puzzlebot/Documents/PUXXY_NODE/TE3002B/puzzle_ws/src/puzzle_pkg/src/control/controller.cpp:244:25:[m[K [01;31m[Kerror: [m[Kâ€˜[01m[Kcontrol_type_[m[Kâ€™ was not declared in this scope
                         [01;31m[Kcontrol_type_[m[K = ControlType::Position;
                         [01;31m[K^~~~~~~~~~~~~[m[K
[01m[K/home/puzzlebot/Documents/PUXXY_NODE/TE3002B/puzzle_ws/src/puzzle_pkg/src/control/controller.cpp:244:25:[m[K [01;36m[Knote: [m[Ksuggested alternative: â€˜[01m[KControlType[m[Kâ€™
                         [01;36m[Kcontrol_type_[m[K = ControlType::Position;
                         [01;36m[K^~~~~~~~~~~~~[m[K
                         [32m[KControlType[m[K
[01m[K/home/puzzlebot/Documents/PUXXY_NODE/TE3002B/puzzle_ws/src/puzzle_pkg/src/control/controller.cpp:245:25:[m[K [01;31m[Kerror: [m[Kâ€˜[01m[Ktarget_point_[m[Kâ€™ was not declared in this scope
                         [01;31m[Ktarget_point_[m[K[0] = 0.1;
                         [01;31m[K^~~~~~~~~~~~~[m[K
[01m[K/home/puzzlebot/Documents/PUXXY_NODE/TE3002B/puzzle_ws/src/puzzle_pkg/src/control/controller.cpp:249:25:[m[K [01;31m[Kerror: [m[Kâ€˜[01m[Kcontrol_manage_[m[Kâ€™ was not declared in this scope
                         [01;31m[Kcontrol_manage_[m[K = ControlManage::Slow;
                         [01;31m[K^~~~~~~~~~~~~~~[m[K
[01m[K/home/puzzlebot/Documents/PUXXY_NODE/TE3002B/puzzle_ws/src/puzzle_pkg/src/control/controller.cpp:249:25:[m[K [01;36m[Knote: [m[Ksuggested alternative: â€˜[01m[KControlManage[m[Kâ€™
                         [01;36m[Kcontrol_manage_[m[K = ControlManage::Slow;
                         [01;36m[K^~~~~~~~~~~~~~~[m[K
                         [32m[KControlManage[m[K
[01m[K/home/puzzlebot/Documents/PUXXY_NODE/TE3002B/puzzle_ws/src/puzzle_pkg/src/control/controller.cpp:250:25:[m[K [01;31m[Kerror: [m[Kâ€˜[01m[Kcontrol_type_[m[Kâ€™ was not declared in this scope
                         [01;31m[Kcontrol_type_[m[K = ControlType::Line;
                         [01;31m[K^~~~~~~~~~~~~[m[K
[01m[K/home/puzzlebot/Documents/PUXXY_NODE/TE3002B/puzzle_ws/src/puzzle_pkg/src/control/controller.cpp:250:25:[m[K [01;36m[Knote: [m[Ksuggested alternative: â€˜[01m[KControlType[m[Kâ€™
                         [01;36m[Kcontrol_type_[m[K = ControlType::Line;
                         [01;36m[K^~~~~~~~~~~~~[m[K
                         [32m[KControlType[m[K
[01m[K/home/puzzlebot/Documents/PUXXY_NODE/TE3002B/puzzle_ws/src/puzzle_pkg/src/control/controller.cpp:252:21:[m[K [01;31m[Kerror: [m[Kbreak statement not within loop or switch
                     [01;31m[Kbreak[m[K;
                     [01;31m[K^~~~~[m[K
[01m[K/home/puzzlebot/Documents/PUXXY_NODE/TE3002B/puzzle_ws/src/puzzle_pkg/src/control/controller.cpp:254:17:[m[K [01;31m[Kerror: [m[Kcase label not within a switch statement
                 [01;31m[Kdefault[m[K:
                 [01;31m[K^~~~~~~[m[K
[01m[K/home/puzzlebot/Documents/PUXXY_NODE/TE3002B/puzzle_ws/src/puzzle_pkg/src/control/controller.cpp:256:21:[m[K [01;31m[Kerror: [m[Kbreak statement not within loop or switch
                     [01;31m[Kbreak[m[K;
                     [01;31m[K^~~~~[m[K
[01m[K/home/puzzlebot/Documents/PUXXY_NODE/TE3002B/puzzle_ws/src/puzzle_pkg/src/control/controller.cpp:258:13:[m[K [01;31m[Kerror: [m[Kâ€˜[01m[Klast_processed_state_[m[Kâ€™ was not declared in this scope
             [01;31m[Klast_processed_state_[m[K = current_state_;
             [01;31m[K^~~~~~~~~~~~~~~~~~~~~[m[K
[01m[K/home/puzzlebot/Documents/PUXXY_NODE/TE3002B/puzzle_ws/src/puzzle_pkg/src/control/controller.cpp:258:37:[m[K [01;31m[Kerror: [m[Kâ€˜[01m[Kcurrent_state_[m[Kâ€™ was not declared in this scope
             last_processed_state_ = [01;31m[Kcurrent_state_[m[K;
                                     [01;31m[K^~~~~~~~~~~~~~[m[K
[01m[K/home/puzzlebot/Documents/PUXXY_NODE/TE3002B/puzzle_ws/src/puzzle_pkg/src/control/controller.cpp:258:37:[m[K [01;36m[Knote: [m[Ksuggested alternative: â€˜[01m[Ksetstate_r[m[Kâ€™
             last_processed_state_ = [01;36m[Kcurrent_state_[m[K;
                                     [01;36m[K^~~~~~~~~~~~~~[m[K
                                     [32m[Ksetstate_r[m[K
[01m[K/home/puzzlebot/Documents/PUXXY_NODE/TE3002B/puzzle_ws/src/puzzle_pkg/src/control/controller.cpp:[m[K In function â€˜[01m[Kvoid line_control()[m[Kâ€™:
[01m[K/home/puzzlebot/Documents/PUXXY_NODE/TE3002B/puzzle_ws/src/puzzle_pkg/src/control/controller.cpp:267:38:[m[K [01;31m[Kerror: [m[Kâ€˜[01m[Kget_parameter[m[Kâ€™ was not declared in this scope
         double error_threshold_ang = [01;31m[Kget_parameter[m[K("error_threshold_ang").as_double();
                                      [01;31m[K^~~~~~~~~~~~~[m[K
[01m[K/home/puzzlebot/Documents/PUXXY_NODE/TE3002B/puzzle_ws/src/puzzle_pkg/src/control/controller.cpp:277:9:[m[K [01;31m[Kerror: [m[Kâ€˜[01m[Kerror_angle_[m[Kâ€™ was not declared in this scope
         [01;31m[Kerror_angle_[m[K = errors_.error_ang;
         [01;31m[K^~~~~~~~~~~~[m[K
[01m[K/home/puzzlebot/Documents/PUXXY_NODE/TE3002B/puzzle_ws/src/puzzle_pkg/src/control/controller.cpp:277:9:[m[K [01;36m[Knote: [m[Ksuggested alternative: â€˜[01m[Kki_angle[m[Kâ€™
         [01;36m[Kerror_angle_[m[K = errors_.error_ang;
         [01;36m[K^~~~~~~~~~~~[m[K
         [32m[Kki_angle[m[K
[01m[K/home/puzzlebot/Documents/PUXXY_NODE/TE3002B/puzzle_ws/src/puzzle_pkg/src/control/controller.cpp:277:24:[m[K [01;31m[Kerror: [m[Kâ€˜[01m[Kerrors_[m[Kâ€™ was not declared in this scope
         error_angle_ = [01;31m[Kerrors_[m[K.error_ang;
                        [01;31m[K^~~~~~~[m[K
[01m[K/home/puzzlebot/Documents/PUXXY_NODE/TE3002B/puzzle_ws/src/puzzle_pkg/src/control/controller.cpp:277:24:[m[K [01;36m[Knote: [m[Ksuggested alternative: â€˜[01m[Kerror_t[m[Kâ€™
         error_angle_ = [01;36m[Kerrors_[m[K.error_ang;
                        [01;36m[K^~~~~~~[m[K
                        [32m[Kerror_t[m[K
[01m[K/home/puzzlebot/Documents/PUXXY_NODE/TE3002B/puzzle_ws/src/puzzle_pkg/src/control/controller.cpp:278:9:[m[K [01;31m[Kerror: [m[Kâ€˜[01m[Kerror_distance_[m[Kâ€™ was not declared in this scope
         [01;31m[Kerror_distance_[m[K = errors_.error_dist;
         [01;31m[K^~~~~~~~~~~~~~~[m[K
[01m[K/home/puzzlebot/Documents/PUXXY_NODE/TE3002B/puzzle_ws/src/puzzle_pkg/src/control/controller.cpp:281:13:[m[K [01;31m[Kerror: [m[Kâ€˜[01m[Kangular_vel_[m[Kâ€™ was not declared in this scope
             [01;31m[Kangular_vel_[m[K = 0;
             [01;31m[K^~~~~~~~~~~~[m[K
[01m[K/home/puzzlebot/Documents/PUXXY_NODE/TE3002B/puzzle_ws/src/puzzle_pkg/src/control/controller.cpp:281:13:[m[K [01;36m[Knote: [m[Ksuggested alternative: â€˜[01m[Kangular_vel_max[m[Kâ€™
             [01;36m[Kangular_vel_[m[K = 0;
             [01;36m[K^~~~~~~~~~~~[m[K
             [32m[Kangular_vel_max[m[K
[01m[K/home/puzzlebot/Documents/PUXXY_NODE/TE3002B/puzzle_ws/src/puzzle_pkg/src/control/controller.cpp:283:13:[m[K [01;31m[Kerror: [m[Kâ€˜[01m[Kangular_vel_[m[Kâ€™ was not declared in this scope
             [01;31m[Kangular_vel_[m[K = -kp_angle * error_angle_ + ki_angle * error_angle_integral_;
             [01;31m[K^~~~~~~~~~~~[m[K
[01m[K/home/puzzlebot/Documents/PUXXY_NODE/TE3002B/puzzle_ws/src/puzzle_pkg/src/control/controller.cpp:283:13:[m[K [01;36m[Knote: [m[Ksuggested alternative: â€˜[01m[Kangular_vel_max[m[Kâ€™
             [01;36m[Kangular_vel_[m[K = -kp_angle * error_angle_ + ki_angle * error_angle_integral_;
             [01;36m[K^~~~~~~~~~~~[m[K
             [32m[Kangular_vel_max[m[K
[01m[K/home/puzzlebot/Documents/PUXXY_NODE/TE3002B/puzzle_ws/src/puzzle_pkg/src/control/controller.cpp:283:66:[m[K [01;31m[Kerror: [m[Kâ€˜[01m[Kerror_angle_integral_[m[Kâ€™ was not declared in this scope
             angular_vel_ = -kp_angle * error_angle_ + ki_angle * [01;31m[Kerror_angle_integral_[m[K;
                                                                  [01;31m[K^~~~~~~~~~~~~~~~~~~~~[m[K
[01m[K/home/puzzlebot/Documents/PUXXY_NODE/TE3002B/puzzle_ws/src/puzzle_pkg/src/control/controller.cpp:291:9:[m[K [01;31m[Kerror: [m[Kâ€˜[01m[Kact_[m[Kâ€™ was not declared in this scope
         [01;31m[Kact_[m[K = - (std::tanh(ke_act * (std::abs(error_angle_) - M_PI / angle_sensitivity)) - 1) / 2;
         [01;31m[K^~~~[m[K
[01m[K/home/puzzlebot/Documents/PUXXY_NODE/TE3002B/puzzle_ws/src/puzzle_pkg/src/control/controller.cpp:291:9:[m[K [01;36m[Knote: [m[Ksuggested alternative: â€˜[01m[Kacos[m[Kâ€™
         [01;36m[Kact_[m[K = - (std::tanh(ke_act * (std::abs(error_angle_) - M_PI / angle_sensitivity)) - 1) / 2;
         [01;36m[K^~~~[m[K
         [32m[Kacos[m[K
[01m[K/home/puzzlebot/Documents/PUXXY_NODE/TE3002B/puzzle_ws/src/puzzle_pkg/src/control/controller.cpp:297:9:[m[K [01;31m[Kerror: [m[Kâ€˜[01m[Klinear_vel_[m[Kâ€™ was not declared in this scope
         [01;31m[Klinear_vel_[m[K = linear_vel_max * act_;
         [01;31m[K^~~~~~~~~~~[m[K
[01m[K/home/puzzlebot/Documents/PUXXY_NODE/TE3002B/puzzle_ws/src/puzzle_pkg/src/control/controller.cpp:297:9:[m[K [01;36m[Knote: [m[Ksuggested alternative: â€˜[01m[Klinear_vel_max[m[Kâ€™
         [01;36m[Klinear_vel_[m[K = linear_vel_max * act_;
         [01;36m[K^~~~~~~~~~~[m[K
         [32m[Klinear_vel_max[m[K
[01m[K/home/puzzlebot/Documents/PUXXY_NODE/TE3002B/puzzle_ws/src/puzzle_pkg/src/control/controller.cpp:298:13:[m[K [01;31m[Kerror: [m[Kâ€˜[01m[Kcontrol_manage_[m[Kâ€™ was not declared in this scope
         if ([01;31m[Kcontrol_manage_[m[K == ControlManage::Slow) {
             [01;31m[K^~~~~~~~~~~~~~~[m[K
[01m[K/home/puzzlebot/Documents/PUXXY_NODE/TE3002B/puzzle_ws/src/puzzle_pkg/src/control/controller.cpp:298:13:[m[K [01;36m[Knote: [m[Ksuggested alternative: â€˜[01m[KControlManage[m[Kâ€™
         if ([01;36m[Kcontrol_manage_[m[K == ControlManage::Slow) {
             [01;36m[K^~~~~~~~~~~~~~~[m[K
             [32m[KControlManage[m[K
[01m[K/home/puzzlebot/Documents/PUXXY_NODE/TE3002B/puzzle_ws/src/puzzle_pkg/src/control/controller.cpp:304:9:[m[K [01;31m[Kerror: [m[Kâ€˜[01m[Kvel_message_[m[Kâ€™ was not declared in this scope
         [01;31m[Kvel_message_[m[K.linear.x = linear_vel_;
         [01;31m[K^~~~~~~~~~~~[m[K
[01m[K/home/puzzlebot/Documents/PUXXY_NODE/TE3002B/puzzle_ws/src/puzzle_pkg/src/control/controller.cpp:305:35:[m[K [01;31m[Kerror: [m[Kâ€˜[01m[Kangular_vel_[m[Kâ€™ was not declared in this scope
         vel_message_.angular.z = -[01;31m[Kangular_vel_[m[K;
                                   [01;31m[K^~~~~~~~~~~~[m[K
[01m[K/home/puzzlebot/Documents/PUXXY_NODE/TE3002B/puzzle_ws/src/puzzle_pkg/src/control/controller.cpp:305:35:[m[K [01;36m[Knote: [m[Ksuggested alternative: â€˜[01m[Kangular_vel_max[m[Kâ€™
         vel_message_.angular.z = -[01;36m[Kangular_vel_[m[K;
                                   [01;36m[K^~~~~~~~~~~~[m[K
                                   [32m[Kangular_vel_max[m[K
[01m[K/home/puzzlebot/Documents/PUXXY_NODE/TE3002B/puzzle_ws/src/puzzle_pkg/src/control/controller.cpp:311:9:[m[K [01;31m[Kerror: [m[Kâ€˜[01m[Kpublisher_[m[Kâ€™ was not declared in this scope
         [01;31m[Kpublisher_[m[K->publish(vel_message_);
         [01;31m[K^~~~~~~~~~[m[K
[01m[K/home/puzzlebot/Documents/PUXXY_NODE/TE3002B/puzzle_ws/src/puzzle_pkg/src/control/controller.cpp:311:9:[m[K [01;36m[Knote: [m[Ksuggested alternative: â€˜[01m[Krcl_publisher_t[m[Kâ€™
         [01;36m[Kpublisher_[m[K->publish(vel_message_);
         [01;36m[K^~~~~~~~~~[m[K
         [32m[Krcl_publisher_t[m[K
[01m[K/home/puzzlebot/Documents/PUXXY_NODE/TE3002B/puzzle_ws/src/puzzle_pkg/src/control/controller.cpp:[m[K In function â€˜[01m[Kvoid pos_control()[m[Kâ€™:
[01m[K/home/puzzlebot/Documents/PUXXY_NODE/TE3002B/puzzle_ws/src/puzzle_pkg/src/control/controller.cpp:315:38:[m[K [01;31m[Kerror: [m[Kâ€˜[01m[Kget_parameter[m[Kâ€™ was not declared in this scope
         double error_threshold_dis = [01;31m[Kget_parameter[m[K("error_threshold_dis").as_double();
                                      [01;31m[K^~~~~~~~~~~~~[m[K
[01m[K/home/puzzlebot/Documents/PUXXY_NODE/TE3002B/puzzle_ws/src/puzzle_pkg/src/control/controller.cpp:326:9:[m[K [01;31m[Kerror: [m[Kâ€˜[01m[Ktarget_angle_[m[Kâ€™ was not declared in this scope
         [01;31m[Ktarget_angle_[m[K = std::atan2(target_point_[1] - odom_[1], target_point_[0] - odom_[0]);
         [01;31m[K^~~~~~~~~~~~~[m[K
[01m[K/home/puzzlebot/Documents/PUXXY_NODE/TE3002B/puzzle_ws/src/puzzle_pkg/src/control/controller.cpp:326:36:[m[K [01;31m[Kerror: [m[Kâ€˜[01m[Ktarget_point_[m[Kâ€™ was not declared in this scope
         target_angle_ = std::atan2([01;31m[Ktarget_point_[m[K[1] - odom_[1], target_point_[0] - odom_[0]);
                                    [01;31m[K^~~~~~~~~~~~~[m[K
[01m[K/home/puzzlebot/Documents/PUXXY_NODE/TE3002B/puzzle_ws/src/puzzle_pkg/src/control/controller.cpp:326:55:[m[K [01;31m[Kerror: [m[Kâ€˜[01m[Kodom_[m[Kâ€™ was not declared in this scope
         target_angle_ = std::atan2(target_point_[1] - [01;31m[Kodom_[m[K[1], target_point_[0] - odom_[0]);
                                                       [01;31m[K^~~~~[m[K
[01m[K/home/puzzlebot/Documents/PUXXY_NODE/TE3002B/puzzle_ws/src/puzzle_pkg/src/control/controller.cpp:330:9:[m[K [01;31m[Kerror: [m[Kâ€˜[01m[Kerror_angle_[m[Kâ€™ was not declared in this scope
         [01;31m[Kerror_angle_[m[K = odom_[2] - target_angle_;
         [01;31m[K^~~~~~~~~~~~[m[K
[01m[K/home/puzzlebot/Documents/PUXXY_NODE/TE3002B/puzzle_ws/src/puzzle_pkg/src/control/controller.cpp:330:9:[m[K [01;36m[Knote: [m[Ksuggested alternative: â€˜[01m[Kki_angle[m[Kâ€™
         [01;36m[Kerror_angle_[m[K = odom_[2] - target_angle_;
         [01;36m[K^~~~~~~~~~~~[m[K
         [32m[Kki_angle[m[K
[01m[K/home/puzzlebot/Documents/PUXXY_NODE/TE3002B/puzzle_ws/src/puzzle_pkg/src/control/controller.cpp:332:9:[m[K [01;31m[Kerror: [m[Kâ€˜[01m[Kerror_distance_[m[Kâ€™ was not declared in this scope
         [01;31m[Kerror_distance_[m[K = std::sqrt(
         [01;31m[K^~~~~~~~~~~~~~~[m[K
[01m[K/home/puzzlebot/Documents/PUXXY_NODE/TE3002B/puzzle_ws/src/puzzle_pkg/src/control/controller.cpp:332:9:[m[K [01;36m[Knote: [m[Ksuggested alternative: â€˜[01m[Kkp_distance[m[Kâ€™
         [01;36m[Kerror_distance_[m[K = std::sqrt(
         [01;36m[K^~~~~~~~~~~~~~~[m[K
         [32m[Kkp_distance[m[K
[01m[K/home/puzzlebot/Documents/PUXXY_NODE/TE3002B/puzzle_ws/src/puzzle_pkg/src/control/controller.cpp:338:13:[m[K [01;31m[Kerror: [m[Kâ€˜[01m[Kangular_vel_[m[Kâ€™ was not declared in this scope
             [01;31m[Kangular_vel_[m[K = 0;
             [01;31m[K^~~~~~~~~~~~[m[K
[01m[K/home/puzzlebot/Documents/PUXXY_NODE/TE3002B/puzzle_ws/src/puzzle_pkg/src/control/controller.cpp:338:13:[m[K [01;36m[Knote: [m[Ksuggested alternative: â€˜[01m[Kangular_vel_max[m[Kâ€™
             [01;36m[Kangular_vel_[m[K = 0;
             [01;36m[K^~~~~~~~~~~~[m[K
             [32m[Kangular_vel_max[m[K
[01m[K/home/puzzlebot/Documents/PUXXY_NODE/TE3002B/puzzle_ws/src/puzzle_pkg/src/control/controller.cpp:340:13:[m[K [01;31m[Kerror: [m[Kâ€˜[01m[Kangular_vel_[m[Kâ€™ was not declared in this scope
             [01;31m[Kangular_vel_[m[K = -kp_angle * error_angle_ + ki_angle * error_angle_integral_;
             [01;31m[K^~~~~~~~~~~~[m[K
[01m[K/home/puzzlebot/Documents/PUXXY_NODE/TE3002B/puzzle_ws/src/puzzle_pkg/src/control/controller.cpp:340:13:[m[K [01;36m[Knote: [m[Ksuggested alternative: â€˜[01m[Kangular_vel_max[m[Kâ€™
             [01;36m[Kangular_vel_[m[K = -kp_angle * error_angle_ + ki_angle * error_angle_integral_;
             [01;36m[K^~~~~~~~~~~~[m[K
             [32m[Kangular_vel_max[m[K
[01m[K/home/puzzlebot/Documents/PUXXY_NODE/TE3002B/puzzle_ws/src/puzzle_pkg/src/control/controller.cpp:340:66:[m[K [01;31m[Kerror: [m[Kâ€˜[01m[Kerror_angle_integral_[m[Kâ€™ was not declared in this scope
             angular_vel_ = -kp_angle * error_angle_ + ki_angle * [01;31m[Kerror_angle_integral_[m[K;
                                                                  [01;31m[K^~~~~~~~~~~~~~~~~~~~~[m[K
[01m[K/home/puzzlebot/Documents/PUXXY_NODE/TE3002B/puzzle_ws/src/puzzle_pkg/src/control/controller.cpp:348:9:[m[K [01;31m[Kerror: [m[Kâ€˜[01m[Kact_[m[Kâ€™ was not declared in this scope
         [01;31m[Kact_[m[K = - (std::tanh(ke_act * (std::abs(error_angle_) - M_PI / angle_sensitivity)) - 1) / 2;
         [01;31m[K^~~~[m[K
[01m[K/home/puzzlebot/Documents/PUXXY_NODE/TE3002B/puzzle_ws/src/puzzle_pkg/src/control/controller.cpp:348:9:[m[K [01;36m[Knote: [m[Ksuggested alternative: â€˜[01m[Kacos[m[Kâ€™
         [01;36m[Kact_[m[K = - (std::tanh(ke_act * (std::abs(error_angle_) - M_PI / angle_sensitivity)) - 1) / 2;
         [01;36m[K^~~~[m[K
         [32m[Kacos[m[K
[01m[K/home/puzzlebot/Documents/PUXXY_NODE/TE3002B/puzzle_ws/src/puzzle_pkg/src/control/controller.cpp:355:13:[m[K [01;31m[Kerror: [m[Kâ€˜[01m[Klinear_vel_[m[Kâ€™ was not declared in this scope
             [01;31m[Klinear_vel_[m[K = 0;
             [01;31m[K^~~~~~~~~~~[m[K
[01m[K/home/puzzlebot/Documents/PUXXY_NODE/TE3002B/puzzle_ws/src/puzzle_pkg/src/control/controller.cpp:355:13:[m[K [01;36m[Knote: [m[Ksuggested alternative: â€˜[01m[Klinear_vel_max[m[Kâ€™
             [01;36m[Klinear_vel_[m[K = 0;
             [01;36m[K^~~~~~~~~~~[m[K
             [32m[Klinear_vel_max[m[K
[01m[K/home/puzzlebot/Documents/PUXXY_NODE/TE3002B/puzzle_ws/src/puzzle_pkg/src/control/controller.cpp:359:13:[m[K [01;31m[Kerror: [m[Kâ€˜[01m[Kstack_release_publisher_[m[Kâ€™ was not declared in this scope
             [01;31m[Kstack_release_publisher_[m[K->publish(release_msg);
             [01;31m[K^~~~~~~~~~~~~~~~~~~~~~~~[m[K
[01m[K/home/puzzlebot/Documents/PUXXY_NODE/TE3002B/puzzle_ws/src/puzzle_pkg/src/control/controller.cpp:359:13:[m[K [01;36m[Knote: [m[Ksuggested alternative: â€˜[01m[Krmw_create_publisher[m[Kâ€™
             [01;36m[Kstack_release_publisher_[m[K->publish(release_msg);
             [01;36m[K^~~~~~~~~~~~~~~~~~~~~~~~[m[K
             [32m[Krmw_create_publisher[m[K
[01m[K/home/puzzlebot/Documents/PUXXY_NODE/TE3002B/puzzle_ws/src/puzzle_pkg/src/control/controller.cpp:361:13:[m[K [01;31m[Kerror: [m[Kâ€˜[01m[Klinear_vel_[m[Kâ€™ was not declared in this scope
             [01;31m[Klinear_vel_[m[K = linear_vel_max * std::tanh(kp_distance * (error_distance_ / linear_vel_max));
             [01;31m[K^~~~~~~~~~~[m[K
[01m[K/home/puzzlebot/Documents/PUXXY_NODE/TE3002B/puzzle_ws/src/puzzle_pkg/src/control/controller.cpp:361:13:[m[K [01;36m[Knote: [m[Ksuggested alternative: â€˜[01m[Klinear_vel_max[m[Kâ€™
             [01;36m[Klinear_vel_[m[K = linear_vel_max * std::tanh(kp_distance * (error_distance_ / linear_vel_max));
             [01;36m[K^~~~~~~~~~~[m[K
             [32m[Klinear_vel_max[m[K
[01m[K/home/puzzlebot/Documents/PUXXY_NODE/TE3002B/puzzle_ws/src/puzzle_pkg/src/control/controller.cpp:364:9:[m[K [01;31m[Kerror: [m[Kâ€˜[01m[Kvel_message_[m[Kâ€™ was not declared in this scope
         [01;31m[Kvel_message_[m[K.linear.x = linear_vel_;
         [01;31m[K^~~~~~~~~~~~[m[K
[01m[K/home/puzzlebot/Documents/PUXXY_NODE/TE3002B/puzzle_ws/src/puzzle_pkg/src/control/controller.cpp:364:33:[m[K [01;31m[Kerror: [m[Kâ€˜[01m[Klinear_vel_[m[Kâ€™ was not declared in this scope
         vel_message_.linear.x = [01;31m[Klinear_vel_[m[K;
                                 [01;31m[K^~~~~~~~~~~[m[K
[01m[K/home/puzzlebot/Documents/PUXXY_NODE/TE3002B/puzzle_ws/src/puzzle_pkg/src/control/controller.cpp:364:33:[m[K [01;36m[Knote: [m[Ksuggested alternative: â€˜[01m[Klinear_vel_max[m[Kâ€™
         vel_message_.linear.x = [01;36m[Klinear_vel_[m[K;
                                 [01;36m[K^~~~~~~~~~~[m[K
                                 [32m[Klinear_vel_max[m[K
[01m[K/home/puzzlebot/Documents/PUXXY_NODE/TE3002B/puzzle_ws/src/puzzle_pkg/src/control/controller.cpp:365:35:[m[K [01;31m[Kerror: [m[Kâ€˜[01m[Kangular_vel_[m[Kâ€™ was not declared in this scope
         vel_message_.angular.z = -[01;31m[Kangular_vel_[m[K;
                                   [01;31m[K^~~~~~~~~~~~[m[K
[01m[K/home/puzzlebot/Documents/PUXXY_NODE/TE3002B/puzzle_ws/src/puzzle_pkg/src/control/controller.cpp:365:35:[m[K [01;36m[Knote: [m[Ksuggested alternative: â€˜[01m[Kangular_vel_max[m[Kâ€™
         vel_message_.angular.z = -[01;36m[Kangular_vel_[m[K;
                                   [01;36m[K^~~~~~~~~~~~[m[K
                                   [32m[Kangular_vel_max[m[K
[01m[K/home/puzzlebot/Documents/PUXXY_NODE/TE3002B/puzzle_ws/src/puzzle_pkg/src/control/controller.cpp:371:9:[m[K [01;31m[Kerror: [m[Kâ€˜[01m[Kpublisher_[m[Kâ€™ was not declared in this scope
         [01;31m[Kpublisher_[m[K->publish(vel_message_);
         [01;31m[K^~~~~~~~~~[m[K
[01m[K/home/puzzlebot/Documents/PUXXY_NODE/TE3002B/puzzle_ws/src/puzzle_pkg/src/control/controller.cpp:371:9:[m[K [01;36m[Knote: [m[Ksuggested alternative: â€˜[01m[Krcl_publisher_t[m[Kâ€™
         [01;36m[Kpublisher_[m[K->publish(vel_message_);
         [01;36m[K^~~~~~~~~~[m[K
         [32m[Krcl_publisher_t[m[K
In file included from [01m[K/opt/ros/humble/include/rclcpp/rclcpp/client.hpp:40[m[K,
                 from [01m[K/opt/ros/humble/include/rclcpp/rclcpp/callback_group.hpp:24[m[K,
                 from [01m[K/opt/ros/humble/include/rclcpp/rclcpp/any_executable.hpp:20[m[K,
                 from [01m[K/opt/ros/humble/include/rclcpp/rclcpp/memory_strategy.hpp:25[m[K,
                 from [01m[K/opt/ros/humble/include/rclcpp/rclcpp/memory_strategies.hpp:18[m[K,
                 from [01m[K/opt/ros/humble/include/rclcpp/rclcpp/executor_options.hpp:20[m[K,
                 from [01m[K/opt/ros/humble/include/rclcpp/rclcpp/executor.hpp:37[m[K,
                 from [01m[K/opt/ros/humble/include/rclcpp/rclcpp/executors/multi_threaded_executor.hpp:25[m[K,
                 from [01m[K/opt/ros/humble/include/rclcpp/rclcpp/executors.hpp:21[m[K,
                 from [01m[K/opt/ros/humble/include/rclcpp/rclcpp/rclcpp.hpp:155[m[K,
                 from [01m[K/home/puzzlebot/Documents/PUXXY_NODE/TE3002B/puzzle_ws/src/puzzle_pkg/src/control/controller.cpp:25[m[K:
[01m[K/home/puzzlebot/Documents/PUXXY_NODE/TE3002B/puzzle_ws/src/puzzle_pkg/src/control/controller.cpp:[m[K In function â€˜[01m[Kvoid controller_callback()[m[Kâ€™:
[01m[K/home/puzzlebot/Documents/PUXXY_NODE/TE3002B/puzzle_ws/src/puzzle_pkg/src/control/controller.cpp:375:21:[m[K [01;31m[Kerror: [m[Kinvalid use of â€˜[01m[Kthis[m[Kâ€™ in non-member function
         RCLCPP_INFO([01;31m[Kthis[m[K->get_logger(), "C State: %d, P State: %d", static_cast<int>(current_state_), static_cast<int>(last_processed_state_));
                     [01;31m[K^~~~[m[K
[01m[K/home/puzzlebot/Documents/PUXXY_NODE/TE3002B/puzzle_ws/src/puzzle_pkg/src/control/controller.cpp:375:21:[m[K [01;31m[Kerror: [m[Kinvalid use of â€˜[01m[Kthis[m[Kâ€™ in non-member function
[01m[K/home/puzzlebot/Documents/PUXXY_NODE/TE3002B/puzzle_ws/src/puzzle_pkg/src/control/controller.cpp:375:9:[m[K [01;31m[Kerror: [m[Ktemplate argument 1 is invalid
         [01;31m[KRCLCPP_INFO[m[K(this->get_logger(), "C State: %d, P State: %d", static_cast<int>(current_state_), static_cast<int>(last_processed_state_));
         [01;31m[K^~~~~~~~~~~[m[K
[01m[K/home/puzzlebot/Documents/PUXXY_NODE/TE3002B/puzzle_ws/src/puzzle_pkg/src/control/controller.cpp:375:9:[m[K [01;31m[Kerror: [m[Ktemplate argument 1 is invalid
         [01;31m[KRCLCPP_INFO[m[K(this->get_logger(), "C State: %d, P State: %d", static_cast<int>(current_state_), static_cast<int>(last_processed_state_));
         [01;31m[K^~~~~~~~~~~[m[K
[01m[K/home/puzzlebot/Documents/PUXXY_NODE/TE3002B/puzzle_ws/src/puzzle_pkg/src/control/controller.cpp:375:9:[m[K [01;31m[Kerror: [m[Ktemplate argument 1 is invalid
         [01;31m[KRCLCPP_INFO[m[K(this->get_logger(), "C State: %d, P State: %d", static_cast<int>(current_state_), static_cast<int>(last_processed_state_));
         [01;31m[K^~~~~~~~~~~[m[K
In file included from [01m[K/opt/ros/humble/include/rclcpp/rclcpp/logging.hpp:24[m[K,
                 from [01m[K/opt/ros/humble/include/rclcpp/rclcpp/client.hpp:40[m[K,
                 from [01m[K/opt/ros/humble/include/rclcpp/rclcpp/callback_group.hpp:24[m[K,
                 from [01m[K/opt/ros/humble/include/rclcpp/rclcpp/any_executable.hpp:20[m[K,
                 from [01m[K/opt/ros/humble/include/rclcpp/rclcpp/memory_strategy.hpp:25[m[K,
                 from [01m[K/opt/ros/humble/include/rclcpp/rclcpp/memory_strategies.hpp:18[m[K,
                 from [01m[K/opt/ros/humble/include/rclcpp/rclcpp/executor_options.hpp:20[m[K,
                 from [01m[K/opt/ros/humble/include/rclcpp/rclcpp/executor.hpp:37[m[K,
                 from [01m[K/opt/ros/humble/include/rclcpp/rclcpp/executors/multi_threaded_executor.hpp:25[m[K,
                 from [01m[K/opt/ros/humble/include/rclcpp/rclcpp/executors.hpp:21[m[K,
                 from [01m[K/opt/ros/humble/include/rclcpp/rclcpp/rclcpp.hpp:155[m[K,
                 from [01m[K/home/puzzlebot/Documents/PUXXY_NODE/TE3002B/puzzle_ws/src/puzzle_pkg/src/control/controller.cpp:25[m[K:
[01m[K/home/puzzlebot/Documents/PUXXY_NODE/TE3002B/puzzle_ws/src/puzzle_pkg/src/control/controller.cpp:375:21:[m[K [01;31m[Kerror: [m[Kinvalid use of â€˜[01m[Kthis[m[Kâ€™ in non-member function
         RCLCPP_INFO([01;31m[Kthis[m[K->get_logger(), "C State: %d, P State: %d", static_cast<int>(current_state_), static_cast<int>(last_processed_state_));
                     [01;31m[K^~~~[m[K
[01m[K/home/puzzlebot/Documents/PUXXY_NODE/TE3002B/puzzle_ws/src/puzzle_pkg/src/control/controller.cpp:375:21:[m[K [01;31m[Kerror: [m[Kinvalid use of â€˜[01m[Kthis[m[Kâ€™ in non-member function
         RCLCPP_INFO([01;31m[Kthis[m[K->get_logger(), "C State: %d, P State: %d", static_cast<int>(current_state_), static_cast<int>(last_processed_state_));
                     [01;31m[K^~~~[m[K
[01m[K/home/puzzlebot/Documents/PUXXY_NODE/TE3002B/puzzle_ws/src/puzzle_pkg/src/control/controller.cpp:375:86:[m[K [01;31m[Kerror: [m[Kâ€˜[01m[Kcurrent_state_[m[Kâ€™ was not declared in this scope
         RCLCPP_INFO(this->get_logger(), "C State: %d, P State: %d", static_cast<int>([01;31m[Kcurrent_state_[m[K), static_cast<int>(last_processed_state_));
                                                                                      [01;31m[K^~~~~~~~~~~~~~[m[K
[01m[K/home/puzzlebot/Documents/PUXXY_NODE/TE3002B/puzzle_ws/src/puzzle_pkg/src/control/controller.cpp:375:86:[m[K [01;36m[Knote: [m[Ksuggested alternative: â€˜[01m[Ksetstate_r[m[Kâ€™
[01m[K/home/puzzlebot/Documents/PUXXY_NODE/TE3002B/puzzle_ws/src/puzzle_pkg/src/control/controller.cpp:375:120:[m[K [01;31m[Kerror: [m[Kâ€˜[01m[Klast_processed_state_[m[Kâ€™ was not declared in this scope
         RCLCPP_INFO(this->get_logger(), "C State: %d, P State: %d", static_cast<int>(current_state_), static_cast<int>([01;31m[Klast_processed_state_[m[K));
                                                                                                                        [01;31m[K^~~~~~~~~~~~~~~~~~~~~[m[K
[01m[K/home/puzzlebot/Documents/PUXXY_NODE/TE3002B/puzzle_ws/src/puzzle_pkg/src/control/controller.cpp:376:9:[m[K [01;31m[Kerror: [m[Kâ€˜[01m[Kselect_control[m[Kâ€™ was not declared in this scope
         [01;31m[Kselect_control[m[K();
         [01;31m[K^~~~~~~~~~~~~~[m[K
[01m[K/home/puzzlebot/Documents/PUXXY_NODE/TE3002B/puzzle_ws/src/puzzle_pkg/src/control/controller.cpp:376:9:[m[K [01;36m[Knote: [m[Ksuggested alternative: â€˜[01m[Kline_control[m[Kâ€™
         [01;36m[Kselect_control[m[K();
         [01;36m[K^~~~~~~~~~~~~~[m[K
         [32m[Kline_control[m[K
[01m[K/home/puzzlebot/Documents/PUXXY_NODE/TE3002B/puzzle_ws/src/puzzle_pkg/src/control/controller.cpp:377:13:[m[K [01;31m[Kerror: [m[Kâ€˜[01m[Kcontrol_type_[m[Kâ€™ was not declared in this scope
         if ([01;31m[Kcontrol_type_[m[K == ControlType::Line) {
             [01;31m[K^~~~~~~~~~~~~[m[K
[01m[K/home/puzzlebot/Documents/PUXXY_NODE/TE3002B/puzzle_ws/src/puzzle_pkg/src/control/controller.cpp:377:13:[m[K [01;36m[Knote: [m[Ksuggested alternative: â€˜[01m[KControlType[m[Kâ€™
         if ([01;36m[Kcontrol_type_[m[K == ControlType::Line) {
             [01;36m[K^~~~~~~~~~~~~[m[K
             [32m[KControlType[m[K
In file included from [01m[K/opt/ros/humble/include/rclcpp/rclcpp/client.hpp:40[m[K,
                 from [01m[K/opt/ros/humble/include/rclcpp/rclcpp/callback_group.hpp:24[m[K,
                 from [01m[K/opt/ros/humble/include/rclcpp/rclcpp/any_executable.hpp:20[m[K,
                 from [01m[K/opt/ros/humble/include/rclcpp/rclcpp/memory_strategy.hpp:25[m[K,
                 from [01m[K/opt/ros/humble/include/rclcpp/rclcpp/memory_strategies.hpp:18[m[K,
                 from [01m[K/opt/ros/humble/include/rclcpp/rclcpp/executor_options.hpp:20[m[K,
                 from [01m[K/opt/ros/humble/include/rclcpp/rclcpp/executor.hpp:37[m[K,
                 from [01m[K/opt/ros/humble/include/rclcpp/rclcpp/executors/multi_threaded_executor.hpp:25[m[K,
                 from [01m[K/opt/ros/humble/include/rclcpp/rclcpp/executors.hpp:21[m[K,
                 from [01m[K/opt/ros/humble/include/rclcpp/rclcpp/rclcpp.hpp:155[m[K,
                 from [01m[K/home/puzzlebot/Documents/PUXXY_NODE/TE3002B/puzzle_ws/src/puzzle_pkg/src/control/controller.cpp:25[m[K:
[01m[K/home/puzzlebot/Documents/PUXXY_NODE/TE3002B/puzzle_ws/src/puzzle_pkg/src/control/controller.cpp:378:25:[m[K [01;31m[Kerror: [m[Kinvalid use of â€˜[01m[Kthis[m[Kâ€™ in non-member function
             RCLCPP_INFO([01;31m[Kthis[m[K->get_logger(), "LINE");
                         [01;31m[K^~~~[m[K
[01m[K/home/puzzlebot/Documents/PUXXY_NODE/TE3002B/puzzle_ws/src/puzzle_pkg/src/control/controller.cpp:378:25:[m[K [01;31m[Kerror: [m[Kinvalid use of â€˜[01m[Kthis[m[Kâ€™ in non-member function
[01m[K/home/puzzlebot/Documents/PUXXY_NODE/TE3002B/puzzle_ws/src/puzzle_pkg/src/control/controller.cpp:378:13:[m[K [01;31m[Kerror: [m[Ktemplate argument 1 is invalid
             [01;31m[KRCLCPP_INFO[m[K(this->get_logger(), "LINE");
             [01;31m[K^~~~~~~~~~~[m[K
[01m[K/home/puzzlebot/Documents/PUXXY_NODE/TE3002B/puzzle_ws/src/puzzle_pkg/src/control/controller.cpp:378:13:[m[K [01;31m[Kerror: [m[Ktemplate argument 1 is invalid
             [01;31m[KRCLCPP_INFO[m[K(this->get_logger(), "LINE");
             [01;31m[K^~~~~~~~~~~[m[K
[01m[K/home/puzzlebot/Documents/PUXXY_NODE/TE3002B/puzzle_ws/src/puzzle_pkg/src/control/controller.cpp:378:13:[m[K [01;31m[Kerror: [m[Ktemplate argument 1 is invalid
             [01;31m[KRCLCPP_INFO[m[K(this->get_logger(), "LINE");
             [01;31m[K^~~~~~~~~~~[m[K
In file included from [01m[K/opt/ros/humble/include/rclcpp/rclcpp/logging.hpp:24[m[K,
                 from [01m[K/opt/ros/humble/include/rclcpp/rclcpp/client.hpp:40[m[K,
                 from [01m[K/opt/ros/humble/include/rclcpp/rclcpp/callback_group.hpp:24[m[K,
                 from [01m[K/opt/ros/humble/include/rclcpp/rclcpp/any_executable.hpp:20[m[K,
                 from [01m[K/opt/ros/humble/include/rclcpp/rclcpp/memory_strategy.hpp:25[m[K,
                 from [01m[K/opt/ros/humble/include/rclcpp/rclcpp/memory_strategies.hpp:18[m[K,
                 from [01m[K/opt/ros/humble/include/rclcpp/rclcpp/executor_options.hpp:20[m[K,
                 from [01m[K/opt/ros/humble/include/rclcpp/rclcpp/executor.hpp:37[m[K,
                 from [01m[K/opt/ros/humble/include/rclcpp/rclcpp/executors/multi_threaded_executor.hpp:25[m[K,
                 from [01m[K/opt/ros/humble/include/rclcpp/rclcpp/executors.hpp:21[m[K,
                 from [01m[K/opt/ros/humble/include/rclcpp/rclcpp/rclcpp.hpp:155[m[K,
                 from [01m[K/home/puzzlebot/Documents/PUXXY_NODE/TE3002B/puzzle_ws/src/puzzle_pkg/src/control/controller.cpp:25[m[K:
[01m[K/home/puzzlebot/Documents/PUXXY_NODE/TE3002B/puzzle_ws/src/puzzle_pkg/src/control/controller.cpp:378:25:[m[K [01;31m[Kerror: [m[Kinvalid use of â€˜[01m[Kthis[m[Kâ€™ in non-member function
             RCLCPP_INFO([01;31m[Kthis[m[K->get_logger(), "LINE");
                         [01;31m[K^~~~[m[K
[01m[K/home/puzzlebot/Documents/PUXXY_NODE/TE3002B/puzzle_ws/src/puzzle_pkg/src/control/controller.cpp:378:25:[m[K [01;31m[Kerror: [m[Kinvalid use of â€˜[01m[Kthis[m[Kâ€™ in non-member function
             RCLCPP_INFO([01;31m[Kthis[m[K->get_logger(), "LINE");
                         [01;31m[K^~~~[m[K
In file included from [01m[K/opt/ros/humble/include/rclcpp/rclcpp/client.hpp:40[m[K,
                 from [01m[K/opt/ros/humble/include/rclcpp/rclcpp/callback_group.hpp:24[m[K,
                 from [01m[K/opt/ros/humble/include/rclcpp/rclcpp/any_executable.hpp:20[m[K,
                 from [01m[K/opt/ros/humble/include/rclcpp/rclcpp/memory_strategy.hpp:25[m[K,
                 from [01m[K/opt/ros/humble/include/rclcpp/rclcpp/memory_strategies.hpp:18[m[K,
                 from [01m[K/opt/ros/humble/include/rclcpp/rclcpp/executor_options.hpp:20[m[K,
                 from [01m[K/opt/ros/humble/include/rclcpp/rclcpp/executor.hpp:37[m[K,
                 from [01m[K/opt/ros/humble/include/rclcpp/rclcpp/executors/multi_threaded_executor.hpp:25[m[K,
                 from [01m[K/opt/ros/humble/include/rclcpp/rclcpp/executors.hpp:21[m[K,
                 from [01m[K/opt/ros/humble/include/rclcpp/rclcpp/rclcpp.hpp:155[m[K,
                 from [01m[K/home/puzzlebot/Documents/PUXXY_NODE/TE3002B/puzzle_ws/src/puzzle_pkg/src/control/controller.cpp:25[m[K:
[01m[K/home/puzzlebot/Documents/PUXXY_NODE/TE3002B/puzzle_ws/src/puzzle_pkg/src/control/controller.cpp:381:25:[m[K [01;31m[Kerror: [m[Kinvalid use of â€˜[01m[Kthis[m[Kâ€™ in non-member function
             RCLCPP_INFO([01;31m[Kthis[m[K->get_logger(), "POS");
                         [01;31m[K^~~~[m[K
[01m[K/home/puzzlebot/Documents/PUXXY_NODE/TE3002B/puzzle_ws/src/puzzle_pkg/src/control/controller.cpp:381:25:[m[K [01;31m[Kerror: [m[Kinvalid use of â€˜[01m[Kthis[m[Kâ€™ in non-member function
[01m[K/home/puzzlebot/Documents/PUXXY_NODE/TE3002B/puzzle_ws/src/puzzle_pkg/src/control/controller.cpp:381:13:[m[K [01;31m[Kerror: [m[Ktemplate argument 1 is invalid
             [01;31m[KRCLCPP_INFO[m[K(this->get_logger(), "POS");
             [01;31m[K^~~~~~~~~~~[m[K
[01m[K/home/puzzlebot/Documents/PUXXY_NODE/TE3002B/puzzle_ws/src/puzzle_pkg/src/control/controller.cpp:381:13:[m[K [01;31m[Kerror: [m[Ktemplate argument 1 is invalid
             [01;31m[KRCLCPP_INFO[m[K(this->get_logger(), "POS");
             [01;31m[K^~~~~~~~~~~[m[K
[01m[K/home/puzzlebot/Documents/PUXXY_NODE/TE3002B/puzzle_ws/src/puzzle_pkg/src/control/controller.cpp:381:13:[m[K [01;31m[Kerror: [m[Ktemplate argument 1 is invalid
             [01;31m[KRCLCPP_INFO[m[K(this->get_logger(), "POS");
             [01;31m[K^~~~~~~~~~~[m[K
In file included from [01m[K/opt/ros/humble/include/rclcpp/rclcpp/logging.hpp:24[m[K,
                 from [01m[K/opt/ros/humble/include/rclcpp/rclcpp/client.hpp:40[m[K,
                 from [01m[K/opt/ros/humble/include/rclcpp/rclcpp/callback_group.hpp:24[m[K,
                 from [01m[K/opt/ros/humble/include/rclcpp/rclcpp/any_executable.hpp:20[m[K,
                 from [01m[K/opt/ros/humble/include/rclcpp/rclcpp/memory_strategy.hpp:25[m[K,
                 from [01m[K/opt/ros/humble/include/rclcpp/rclcpp/memory_strategies.hpp:18[m[K,
                 from [01m[K/opt/ros/humble/include/rclcpp/rclcpp/executor_options.hpp:20[m[K,
                 from [01m[K/opt/ros/humble/include/rclcpp/rclcpp/executor.hpp:37[m[K,
                 from [01m[K/opt/ros/humble/include/rclcpp/rclcpp/executors/multi_threaded_executor.hpp:25[m[K,
                 from [01m[K/opt/ros/humble/include/rclcpp/rclcpp/executors.hpp:21[m[K,
                 from [01m[K/opt/ros/humble/include/rclcpp/rclcpp/rclcpp.hpp:155[m[K,
                 from [01m[K/home/puzzlebot/Documents/PUXXY_NODE/TE3002B/puzzle_ws/src/puzzle_pkg/src/control/controller.cpp:25[m[K:
[01m[K/home/puzzlebot/Documents/PUXXY_NODE/TE3002B/puzzle_ws/src/puzzle_pkg/src/control/controller.cpp:381:25:[m[K [01;31m[Kerror: [m[Kinvalid use of â€˜[01m[Kthis[m[Kâ€™ in non-member function
             RCLCPP_INFO([01;31m[Kthis[m[K->get_logger(), "POS");
                         [01;31m[K^~~~[m[K
[01m[K/home/puzzlebot/Documents/PUXXY_NODE/TE3002B/puzzle_ws/src/puzzle_pkg/src/control/controller.cpp:381:25:[m[K [01;31m[Kerror: [m[Kinvalid use of â€˜[01m[Kthis[m[Kâ€™ in non-member function
             RCLCPP_INFO([01;31m[Kthis[m[K->get_logger(), "POS");
                         [01;31m[K^~~~[m[K
[01m[K/home/puzzlebot/Documents/PUXXY_NODE/TE3002B/puzzle_ws/src/puzzle_pkg/src/control/controller.cpp:[m[K At global scope:
[01m[K/home/puzzlebot/Documents/PUXXY_NODE/TE3002B/puzzle_ws/src/puzzle_pkg/src/control/controller.cpp:419:1:[m[K [01;31m[Kerror: [m[Kexpected declaration before â€˜[01m[K}[m[Kâ€™ token
 [01;31m[K}[m[K;
 [01;31m[K^[m[K
make[2]: *** [CMakeFiles/controller.dir/build.make:63: CMakeFiles/controller.dir/src/control/controller.cpp.o] Error 1
make[1]: *** [CMakeFiles/Makefile2:324: CMakeFiles/controller.dir/all] Error 2
make: *** [Makefile:141: all] Error 2
