[0.000000] (-) TimerEvent: {}
[0.001201] (lane_processing) JobQueued: {'identifier': 'lane_processing', 'dependencies': OrderedDict()}
[0.002903] (lane_processing) JobStarted: {'identifier': 'lane_processing'}
[0.099607] (-) TimerEvent: {}
[0.200855] (-) TimerEvent: {}
[0.304769] (-) TimerEvent: {}
[0.410199] (-) TimerEvent: {}
[0.515574] (-) TimerEvent: {}
[0.617835] (-) TimerEvent: {}
[0.722573] (-) TimerEvent: {}
[0.824270] (-) TimerEvent: {}
[0.925061] (-) TimerEvent: {}
[1.027607] (-) TimerEvent: {}
[1.132111] (-) TimerEvent: {}
[1.282982] (-) TimerEvent: {}
[1.385116] (-) TimerEvent: {}
[1.485836] (-) TimerEvent: {}
[1.589883] (-) TimerEvent: {}
[1.664239] (lane_processing) JobProgress: {'identifier': 'lane_processing', 'progress': 'cmake'}
[1.668175] (lane_processing) JobProgress: {'identifier': 'lane_processing', 'progress': 'build'}
[1.671273] (lane_processing) Command: {'cmd': ['/usr/bin/cmake', '--build', '/home/puzzlebot/Desktop/PUXXY_NODE/TE3002B/lane_processing_ws/build/lane_processing', '--', '-j4', '-l4'], 'cwd': '/home/puzzlebot/Desktop/PUXXY_NODE/TE3002B/lane_processing_ws/build/lane_processing', 'env': OrderedDict([('LESSOPEN', '| /usr/bin/lesspipe %s'), ('LANGUAGE', 'en_GB:en'), ('USER', 'puzzlebot'), ('SSH_CLIENT', '10.43.121.1 54148 22'), ('XDG_SESSION_TYPE', 'tty'), ('SHLVL', '1'), ('LD_LIBRARY_PATH', '/home/puzzlebot/Desktop/PUXXY_NODE/TE3002B/lane_processing_ws/install/lane_processing/lib:/home/puzzlebot/ros2_packages_ws/install/micro_ros_agent/lib:/home/puzzlebot/ros2_packages_ws/install/micro_ros_msgs/lib:/opt/ros/humble/opt/rviz_ogre_vendor/lib:/opt/ros/humble/lib/aarch64-linux-gnu:/opt/ros/humble/lib'), ('MOTD_SHOWN', 'pam'), ('HOME', '/home/puzzlebot'), ('OLDPWD', '/home/puzzlebot'), ('SSH_TTY', '/dev/pts/1'), ('ROS_PYTHON_VERSION', '3'), ('DBUS_SESSION_BUS_ADDRESS', 'unix:path=/run/user/1000/bus'), ('COLCON_PREFIX_PATH', '/home/puzzlebot/Desktop/PUXXY_NODE/TE3002B/lane_processing_ws/install:/home/puzzlebot/ros2_ws/install:/home/puzzlebot/ros2_packages_ws/install'), ('ROS_DISTRO', 'humble'), ('LOGNAME', 'puzzlebot'), ('_', '/usr/bin/colcon'), ('ROS_VERSION', '2'), ('XDG_SESSION_CLASS', 'user'), ('TERM', 'xterm-256color'), ('XDG_SESSION_ID', '3'), ('ROS_LOCALHOST_ONLY', '0'), ('PATH', '/home/puzzlebot/.local/bin:/opt/ros/humble/bin:/usr/local/sbin:/usr/local/bin:/usr/sbin:/usr/bin:/sbin:/bin:/usr/games:/usr/local/games:/snap/bin'), ('XDG_RUNTIME_DIR', '/run/user/1000'), ('LANG', 'en_GB.UTF-8'), ('LS_COLORS', 'rs=0:di=01;34:ln=01;36:mh=00:pi=40;33:so=01;35:do=01;35:bd=40;33;01:cd=40;33;01:or=40;31;01:mi=00:su=37;41:sg=30;43:ca=30;41:tw=30;42:ow=34;42:st=37;44:ex=01;32:*.tar=01;31:*.tgz=01;31:*.arc=01;31:*.arj=01;31:*.taz=01;31:*.lha=01;31:*.lz4=01;31:*.lzh=01;31:*.lzma=01;31:*.tlz=01;31:*.txz=01;31:*.tzo=01;31:*.t7z=01;31:*.zip=01;31:*.z=01;31:*.dz=01;31:*.gz=01;31:*.lrz=01;31:*.lz=01;31:*.lzo=01;31:*.xz=01;31:*.zst=01;31:*.tzst=01;31:*.bz2=01;31:*.bz=01;31:*.tbz=01;31:*.tbz2=01;31:*.tz=01;31:*.deb=01;31:*.rpm=01;31:*.jar=01;31:*.war=01;31:*.ear=01;31:*.sar=01;31:*.rar=01;31:*.alz=01;31:*.ace=01;31:*.zoo=01;31:*.cpio=01;31:*.7z=01;31:*.rz=01;31:*.cab=01;31:*.wim=01;31:*.swm=01;31:*.dwm=01;31:*.esd=01;31:*.jpg=01;35:*.jpeg=01;35:*.mjpg=01;35:*.mjpeg=01;35:*.gif=01;35:*.bmp=01;35:*.pbm=01;35:*.pgm=01;35:*.ppm=01;35:*.tga=01;35:*.xbm=01;35:*.xpm=01;35:*.tif=01;35:*.tiff=01;35:*.png=01;35:*.svg=01;35:*.svgz=01;35:*.mng=01;35:*.pcx=01;35:*.mov=01;35:*.mpg=01;35:*.mpeg=01;35:*.m2v=01;35:*.mkv=01;35:*.webm=01;35:*.ogm=01;35:*.mp4=01;35:*.m4v=01;35:*.mp4v=01;35:*.vob=01;35:*.qt=01;35:*.nuv=01;35:*.wmv=01;35:*.asf=01;35:*.rm=01;35:*.rmvb=01;35:*.flc=01;35:*.avi=01;35:*.fli=01;35:*.flv=01;35:*.gl=01;35:*.dl=01;35:*.xcf=01;35:*.xwd=01;35:*.yuv=01;35:*.cgm=01;35:*.emf=01;35:*.ogv=01;35:*.ogx=01;35:*.aac=00;36:*.au=00;36:*.flac=00;36:*.m4a=00;36:*.mid=00;36:*.midi=00;36:*.mka=00;36:*.mp3=00;36:*.mpc=00;36:*.ogg=00;36:*.ra=00;36:*.wav=00;36:*.oga=00;36:*.opus=00;36:*.spx=00;36:*.xspf=00;36:'), ('AMENT_PREFIX_PATH', '/home/puzzlebot/Desktop/PUXXY_NODE/TE3002B/lane_processing_ws/install/lane_processing:/home/puzzlebot/ros2_ws/install/puzzlebot_ros:/home/puzzlebot/ros2_packages_ws/install/ros_deep_learning:/home/puzzlebot/ros2_packages_ws/install/micro_ros_setup:/home/puzzlebot/ros2_packages_ws/install/micro_ros_agent:/home/puzzlebot/ros2_packages_ws/install/micro_ros_msgs:/home/puzzlebot/ros2_packages_ws/install/camera_info_publisher:/opt/ros/humble'), ('SHELL', '/bin/bash'), ('LESSCLOSE', '/usr/bin/lesspipe %s %s'), ('PWD', '/home/puzzlebot/Desktop/PUXXY_NODE/TE3002B/lane_processing_ws/build/lane_processing'), ('LC_ALL', 'en_US.UTF-8'), ('SSH_CONNECTION', '10.43.121.1 54148 10.43.59.241 22'), ('XDG_DATA_DIRS', '/usr/local/share:/usr/share:/var/lib/snapd/desktop'), ('PYTHONPATH', '/home/puzzlebot/Desktop/PUXXY_NODE/TE3002B/lane_processing_ws/install/lane_processing/lib/python3.8/site-packages:/home/puzzlebot/ros2_ws/build/puzzlebot_ros:/home/puzzlebot/ros2_ws/install/puzzlebot_ros/lib/python3.8/site-packages:/home/puzzlebot/ros2_packages_ws/install/micro_ros_msgs/lib/python3.8/site-packages:/opt/ros/humble/lib/python3.8/site-packages'), ('COLCON', '1'), ('CMAKE_PREFIX_PATH', '/home/puzzlebot/Desktop/PUXXY_NODE/TE3002B/lane_processing_ws/install/lane_processing:/home/puzzlebot/ros2_ws/install/puzzlebot_ros:/opt/ros/humble:/home/puzzlebot/ros2_packages_ws/install/ros_deep_learning:/home/puzzlebot/ros2_packages_ws/install/micro_ros_setup:/home/puzzlebot/ros2_packages_ws/install/micro_ros_agent:/home/puzzlebot/ros2_packages_ws/install/micro_ros_msgs:/home/puzzlebot/ros2_packages_ws/install/camera_info_publisher')]), 'shell': False}
[1.690244] (-) TimerEvent: {}
[1.791889] (-) TimerEvent: {}
[1.802844] (lane_processing) StdoutLine: {'line': b'-- Found ament_cmake: 1.3.6 (/opt/ros/humble/share/ament_cmake/cmake)\n'}
[1.892099] (-) TimerEvent: {}
[1.992952] (-) TimerEvent: {}
[2.093729] (-) TimerEvent: {}
[2.194896] (-) TimerEvent: {}
[2.296227] (-) TimerEvent: {}
[2.397409] (-) TimerEvent: {}
[2.499721] (-) TimerEvent: {}
[2.600364] (-) TimerEvent: {}
[2.701044] (-) TimerEvent: {}
[2.767840] (lane_processing) StdoutLine: {'line': b'-- Found rclcpp: 16.0.7 (/opt/ros/humble/share/rclcpp/cmake)\n'}
[2.801222] (-) TimerEvent: {}
[2.901871] (-) TimerEvent: {}
[2.943056] (lane_processing) StdoutLine: {'line': b'-- Found rosidl_generator_c: 3.1.5 (/opt/ros/humble/share/rosidl_generator_c/cmake)\n'}
[2.959073] (lane_processing) StdoutLine: {'line': b'-- Found rosidl_adapter: 3.1.5 (/opt/ros/humble/share/rosidl_adapter/cmake)\n'}
[2.994796] (lane_processing) StdoutLine: {'line': b'-- Found rosidl_generator_cpp: 3.1.5 (/opt/ros/humble/share/rosidl_generator_cpp/cmake)\n'}
[3.002044] (-) TimerEvent: {}
[3.070528] (lane_processing) StdoutLine: {'line': b'-- Using all available rosidl_typesupport_c: rosidl_typesupport_fastrtps_c;rosidl_typesupport_introspection_c\n'}
[3.102227] (-) TimerEvent: {}
[3.178510] (lane_processing) StdoutLine: {'line': b'-- Using all available rosidl_typesupport_cpp: rosidl_typesupport_fastrtps_cpp;rosidl_typesupport_introspection_cpp\n'}
[3.202388] (-) TimerEvent: {}
[3.303064] (-) TimerEvent: {}
[3.403698] (-) TimerEvent: {}
[3.504331] (-) TimerEvent: {}
[3.569676] (lane_processing) StdoutLine: {'line': b'-- Found rmw_implementation_cmake: 6.1.1 (/opt/ros/humble/share/rmw_implementation_cmake/cmake)\n'}
[3.577692] (lane_processing) StdoutLine: {'line': b'-- Found rmw_fastrtps_cpp: 6.2.5 (/opt/ros/humble/share/rmw_fastrtps_cpp/cmake)\n'}
[3.604549] (-) TimerEvent: {}
[3.705212] (-) TimerEvent: {}
[3.805899] (-) TimerEvent: {}
[3.906699] (-) TimerEvent: {}
[4.007339] (-) TimerEvent: {}
[4.107974] (-) TimerEvent: {}
[4.208667] (-) TimerEvent: {}
[4.266541] (lane_processing) StdoutLine: {'line': b"-- Using RMW implementation 'rmw_fastrtps_cpp' as default\n"}
[4.308893] (-) TimerEvent: {}
[4.409534] (-) TimerEvent: {}
[4.510267] (-) TimerEvent: {}
[4.610956] (-) TimerEvent: {}
[4.714876] (-) TimerEvent: {}
[4.815549] (-) TimerEvent: {}
[4.916229] (-) TimerEvent: {}
[5.016891] (-) TimerEvent: {}
[5.117570] (-) TimerEvent: {}
[5.218290] (-) TimerEvent: {}
[5.318998] (-) TimerEvent: {}
[5.337476] (lane_processing) StdoutLine: {'line': b'-- Found cv_bridge: 3.2.1 (/opt/ros/humble/share/cv_bridge/cmake)\n'}
[5.419169] (-) TimerEvent: {}
[5.520267] (-) TimerEvent: {}
[5.621329] (-) TimerEvent: {}
[5.722195] (-) TimerEvent: {}
[5.822961] (-) TimerEvent: {}
[5.923944] (-) TimerEvent: {}
[6.024696] (-) TimerEvent: {}
[6.125572] (-) TimerEvent: {}
[6.226535] (-) TimerEvent: {}
[6.280550] (lane_processing) StdoutLine: {'line': b'-- Found image_transport: 3.1.7 (/opt/ros/humble/share/image_transport/cmake)\n'}
[6.326727] (-) TimerEvent: {}
[6.427574] (-) TimerEvent: {}
[6.495257] (lane_processing) StdoutLine: {'line': b'-- Found rosidl_default_generators: 1.2.0 (/opt/ros/humble/share/rosidl_default_generators/cmake)\n'}
[6.527755] (-) TimerEvent: {}
[6.628575] (-) TimerEvent: {}
[6.729426] (-) TimerEvent: {}
[6.830141] (-) TimerEvent: {}
[6.931461] (-) TimerEvent: {}
[7.032836] (-) TimerEvent: {}
[7.133474] (-) TimerEvent: {}
[7.234164] (-) TimerEvent: {}
[7.334805] (-) TimerEvent: {}
[7.435427] (-) TimerEvent: {}
[7.536043] (-) TimerEvent: {}
[7.636677] (-) TimerEvent: {}
[7.737362] (-) TimerEvent: {}
[7.838043] (-) TimerEvent: {}
[7.938767] (-) TimerEvent: {}
[7.969537] (lane_processing) StderrLine: {'line': b'CMake Error at /opt/ros/humble/share/rosidl_adapter/cmake/rosidl_adapt_interfaces.cmake:59 (message):\n'}
[7.970342] (lane_processing) StderrLine: {'line': b'  execute_process(/usr/bin/python3.8 -m rosidl_adapter --package-name\n'}
[7.970783] (lane_processing) StderrLine: {'line': b'  lane_processing --arguments-file\n'}
[7.971133] (lane_processing) StderrLine: {'line': b'  /home/puzzlebot/Desktop/PUXXY_NODE/TE3002B/lane_processing_ws/build/lane_processing/rosidl_adapter__arguments__lane_processing.json\n'}
[7.971480] (lane_processing) StderrLine: {'line': b'  --output-dir\n'}
[7.971810] (lane_processing) StderrLine: {'line': b'  /home/puzzlebot/Desktop/PUXXY_NODE/TE3002B/lane_processing_ws/build/lane_processing/rosidl_adapter/lane_processing\n'}
[7.972140] (lane_processing) StderrLine: {'line': b'  --output-file\n'}
[7.972473] (lane_processing) StderrLine: {'line': b'  /home/puzzlebot/Desktop/PUXXY_NODE/TE3002B/lane_processing_ws/build/lane_processing/rosidl_adapter/lane_processing.idls)\n'}
[7.972802] (lane_processing) StderrLine: {'line': b'  returned error code 1:\n'}
[7.973127] (lane_processing) StderrLine: {'line': b'\n'}
[7.973823] (lane_processing) StderrLine: {'line': b"  Error processing 'float error_ang' of 'lane_processing/DiffError': ''float'\n"}
[7.974251] (lane_processing) StderrLine: {'line': b'  is an invalid message name.  It should have the pattern\n'}
[7.974606] (lane_processing) StderrLine: {'line': b"  '^[A-Z][A-Za-z0-9]*$''\n"}
[7.974937] (lane_processing) StderrLine: {'line': b'\n'}
[7.975263] (lane_processing) StderrLine: {'line': b'  Traceback (most recent call last):\n'}
[7.975593] (lane_processing) StderrLine: {'line': b'\n'}
[7.975921] (lane_processing) StderrLine: {'line': b'    File "/usr/lib/python3.8/runpy.py", line 194, in _run_module_as_main\n'}
[7.976250] (lane_processing) StderrLine: {'line': b'      return _run_code(code, main_globals, None,\n'}
[7.976581] (lane_processing) StderrLine: {'line': b'    File "/usr/lib/python3.8/runpy.py", line 87, in _run_code\n'}
[7.978400] (lane_processing) StderrLine: {'line': b'      exec(code, run_globals)\n'}
[7.979185] (lane_processing) StderrLine: {'line': b'    File "/opt/ros/humble/lib/python3.8/site-packages/rosidl_adapter/__main__.py", line 19, in <module>\n'}
[7.979799] (lane_processing) StderrLine: {'line': b'      sys.exit(main())\n'}
[7.980416] (lane_processing) StderrLine: {'line': b'    File "/opt/ros/humble/lib/python3.8/site-packages/rosidl_adapter/main.py", line 53, in main\n'}
[7.981126] (lane_processing) StderrLine: {'line': b'      abs_idl_file = convert_to_idl(\n'}
[7.981553] (lane_processing) StderrLine: {'line': b'    File "/opt/ros/humble/lib/python3.8/site-packages/rosidl_adapter/__init__.py", line 19, in convert_to_idl\n'}
[7.981909] (lane_processing) StderrLine: {'line': b'      return convert_msg_to_idl(\n'}
[7.982813] (lane_processing) StderrLine: {'line': b'    File "/opt/ros/humble/lib/python3.8/site-packages/rosidl_adapter/msg/__init__.py", line 28, in convert_msg_to_idl\n'}
[7.983330] (lane_processing) StderrLine: {'line': b'      msg = parse_message_string(package_name, input_file.stem, content)\n'}
[7.983740] (lane_processing) StderrLine: {'line': b'    File "/opt/ros/humble/lib/python3.8/site-packages/rosidl_adapter/parser.py", line 520, in parse_message_string\n'}
[7.984334] (lane_processing) StderrLine: {'line': b'      Type(type_string, context_package_name=pkg_name),\n'}
[7.984847] (lane_processing) StderrLine: {'line': b'    File "/opt/ros/humble/lib/python3.8/site-packages/rosidl_adapter/parser.py", line 277, in __init__\n'}
[7.985283] (lane_processing) StderrLine: {'line': b'      super(Type, self).__init__(\n'}
[7.985863] (lane_processing) StderrLine: {'line': b'    File "/opt/ros/humble/lib/python3.8/site-packages/rosidl_adapter/parser.py", line 205, in __init__\n'}
[7.986699] (lane_processing) StderrLine: {'line': b'      raise InvalidResourceName(\n'}
[7.987409] (lane_processing) StderrLine: {'line': b'\n'}
[7.987988] (lane_processing) StderrLine: {'line': b"  rosidl_adapter.parser.InvalidResourceName: 'float' is an invalid message\n"}
[7.988512] (lane_processing) StderrLine: {'line': b"  name.  It should have the pattern '^[A-Z][A-Za-z0-9]*$'\n"}
[7.989009] (lane_processing) StderrLine: {'line': b'\n'}
[7.989511] (lane_processing) StderrLine: {'line': b'Call Stack (most recent call first):\n'}
[7.990004] (lane_processing) StderrLine: {'line': b'  /opt/ros/humble/share/rosidl_cmake/cmake/rosidl_generate_interfaces.cmake:130 (rosidl_adapt_interfaces)\n'}
[7.990617] (lane_processing) StderrLine: {'line': b'  CMakeLists.txt:16 (rosidl_generate_interfaces)\n'}
[7.991152] (lane_processing) StderrLine: {'line': b'\n'}
[7.991809] (lane_processing) StderrLine: {'line': b'\n'}
[7.992523] (lane_processing) StdoutLine: {'line': b'-- Configuring incomplete, errors occurred!\n'}
[7.993309] (lane_processing) StdoutLine: {'line': b'See also "/home/puzzlebot/Desktop/PUXXY_NODE/TE3002B/lane_processing_ws/build/lane_processing/CMakeFiles/CMakeOutput.log".\n'}
[7.994162] (lane_processing) StdoutLine: {'line': b'See also "/home/puzzlebot/Desktop/PUXXY_NODE/TE3002B/lane_processing_ws/build/lane_processing/CMakeFiles/CMakeError.log".\n'}
[8.015074] (lane_processing) StderrLine: {'line': b'make: *** [Makefile:910: cmake_check_build_system] Error 1\n'}
[8.021029] (lane_processing) CommandEnded: {'returncode': 2}
[8.039027] (-) TimerEvent: {}
[8.139855] (-) TimerEvent: {}
[8.240510] (-) TimerEvent: {}
[8.341496] (-) TimerEvent: {}
[8.446132] (-) TimerEvent: {}
[8.549163] (-) TimerEvent: {}
[8.650750] (-) TimerEvent: {}
[8.752145] (-) TimerEvent: {}
[8.855947] (-) TimerEvent: {}
[8.960254] (-) TimerEvent: {}
[9.065566] (-) TimerEvent: {}
[9.167225] (-) TimerEvent: {}
[9.268519] (-) TimerEvent: {}
[9.373417] (-) TimerEvent: {}
[9.480361] (-) TimerEvent: {}
[9.582435] (-) TimerEvent: {}
[9.684457] (-) TimerEvent: {}
[9.786785] (-) TimerEvent: {}
[9.883086] (lane_processing) JobEnded: {'identifier': 'lane_processing', 'rc': 2}
[9.886954] (-) TimerEvent: {}
[9.895565] (-) EventReactorShutdown: {}
