[1.268s] Invoking command in '/home/puzzlebot/Documents/PUXXY_NODE/TE3002B/puzzle_ws/build/puzzle_pkg': CMAKE_PREFIX_PATH=/home/puzzlebot/Documents/PUXXY_NODE/TE3002B/puzzle_ws/install/cv_bridge:/home/puzzlebot/Documents/PUXXY_NODE/TE3002B/puzzle_ws/install/vision_opencv:/home/puzzlebot/Documents/PUXXY_NODE/TE3002B/puzzle_ws/install/puzzle_pkg:/home/puzzlebot/Documents/PUXXY_NODE/TE3002B/puzzle_ws/install/image_geometry:/home/puzzlebot/Documents/PUXXY_NODE/TE3002B/puzzle_ws/install/opencv_tests:/home/puzzlebot/ros2_ws/install/puzzlebot_ros:/opt/ros/humble:/home/puzzlebot/ros2_packages_ws/install/ros_deep_learning:/home/puzzlebot/ros2_packages_ws/install/micro_ros_setup:/home/puzzlebot/ros2_packages_ws/install/micro_ros_agent:/home/puzzlebot/ros2_packages_ws/install/micro_ros_msgs:/home/puzzlebot/ros2_packages_ws/install/camera_info_publisher LD_LIBRARY_PATH=/home/puzzlebot/Documents/PUXXY_NODE/TE3002B/puzzle_ws/install/cv_bridge/lib:/home/puzzlebot/Documents/PUXXY_NODE/TE3002B/puzzle_ws/install/puzzle_pkg/lib:/home/puzzlebot/Documents/PUXXY_NODE/TE3002B/puzzle_ws/install/image_geometry/lib:/home/puzzlebot/ros2_packages_ws/install/micro_ros_agent/lib:/home/puzzlebot/ros2_packages_ws/install/micro_ros_msgs/lib:/opt/ros/humble/opt/rviz_ogre_vendor/lib:/opt/ros/humble/lib/aarch64-linux-gnu:/opt/ros/humble/lib PYTHONPATH=/home/puzzlebot/Documents/PUXXY_NODE/TE3002B/puzzle_ws/install/cv_bridge/lib/python3.8/site-packages:/home/puzzlebot/Documents/PUXXY_NODE/TE3002B/puzzle_ws/install/puzzle_pkg/lib/python3.8/site-packages:/home/puzzlebot/Documents/PUXXY_NODE/TE3002B/puzzle_ws/install/opencv_tests/lib/python3.8/site-packages:/home/puzzlebot/Documents/PUXXY_NODE/TE3002B/puzzle_ws/install/image_geometry/lib/python3.8/site-packages:/home/puzzlebot/ros2_ws/build/puzzlebot_ros:/home/puzzlebot/ros2_ws/install/puzzlebot_ros/lib/python3.8/site-packages:/home/puzzlebot/ros2_packages_ws/install/micro_ros_msgs/lib/python3.8/site-packages:/opt/ros/humble/lib/python3.8/site-packages /usr/bin/cmake --build /home/puzzlebot/Documents/PUXXY_NODE/TE3002B/puzzle_ws/build/puzzle_pkg -- -j4 -l4
[1.534s] [  2%] Built target puzzle_pkg__cpp
[1.622s] [  9%] Built target puzzle_pkg__rosidl_generator_c
[1.635s] [ 11%] [32mBuilding CXX object CMakeFiles/cam_source.dir/src/vision/cam_source.cpp.o[0m
[1.701s] [ 11%] Built target ament_cmake_python_copy_puzzle_pkg
[1.745s] [ 16%] Built target odometry
[1.879s] [ 23%] Built target puzzle_pkg__rosidl_typesupport_cpp
[1.942s] [ 30%] Built target puzzle_pkg__rosidl_typesupport_c
[1.970s] [ 38%] Built target puzzle_pkg__rosidl_typesupport_fastrtps_c
[2.045s] [ 40%] [34m[1mGenerating C++ introspection for ROS interfaces[0m
[2.074s] [ 42%] [34m[1mGenerating C introspection for ROS interfaces[0m
[2.078s] [ 50%] Built target puzzle_pkg__rosidl_typesupport_fastrtps_cpp
[2.162s] [35m[1mScanning dependencies of target ament_cmake_python_build_puzzle_pkg_egg[0m
[2.711s] [01m[K/home/puzzlebot/Documents/PUXXY_NODE/TE3002B/puzzle_ws/src/puzzle_pkg/src/vision/cam_source.cpp:12:10:[m[K [01;31m[Kfatal error: [m[Kcv_bridge/cv_bridge.h: No such file or directory
[2.713s]  #include [01;31m[K<cv_bridge/cv_bridge.h>[m[K
[2.715s]           [01;31m[K^~~~~~~~~~~~~~~~~~~~~~~[m[K
[2.717s] compilation terminated.
[2.734s] make[2]: *** [CMakeFiles/cam_source.dir/build.make:63: CMakeFiles/cam_source.dir/src/vision/cam_source.cpp.o] Error 1
[2.736s] make[1]: *** [CMakeFiles/Makefile2:132: CMakeFiles/cam_source.dir/all] Error 2
[2.737s] make[1]: *** Waiting for unfinished jobs....
[3.295s] [35m[1mScanning dependencies of target puzzle_pkg__rosidl_typesupport_introspection_cpp[0m
[3.387s] [ 52%] [32mBuilding CXX object CMakeFiles/puzzle_pkg__rosidl_typesupport_introspection_cpp.dir/rosidl_typesupport_introspection_cpp/puzzle_pkg/msg/detail/diff_error__type_support.cpp.o[0m
[3.466s] [35m[1mScanning dependencies of target puzzle_pkg__rosidl_typesupport_introspection_c[0m
[3.549s] [ 54%] [32mBuilding C object CMakeFiles/puzzle_pkg__rosidl_typesupport_introspection_c.dir/rosidl_typesupport_introspection_c/puzzle_pkg/msg/detail/diff_error__type_support.c.o[0m
[3.662s] running egg_info
[3.666s] creating puzzle_pkg.egg-info
[3.668s] writing puzzle_pkg.egg-info/PKG-INFO
[3.670s] writing dependency_links to puzzle_pkg.egg-info/dependency_links.txt
[3.672s] writing top-level names to puzzle_pkg.egg-info/top_level.txt
[3.673s] writing manifest file 'puzzle_pkg.egg-info/SOURCES.txt'
[3.718s] [ 57%] [32m[1mLinking C shared library libpuzzle_pkg__rosidl_typesupport_introspection_c.so[0m
[3.856s] [ 57%] Built target puzzle_pkg__rosidl_typesupport_introspection_c
[3.859s] reading manifest file 'puzzle_pkg.egg-info/SOURCES.txt'
[3.861s] writing manifest file 'puzzle_pkg.egg-info/SOURCES.txt'
[3.990s] [ 57%] Built target ament_cmake_python_build_puzzle_pkg_egg
[4.585s] [ 59%] [32m[1mLinking CXX shared library libpuzzle_pkg__rosidl_typesupport_introspection_cpp.so[0m
[4.726s] [ 59%] Built target puzzle_pkg__rosidl_typesupport_introspection_cpp
[4.729s] make: *** [Makefile:141: all] Error 2
[4.736s] Invoked command in '/home/puzzlebot/Documents/PUXXY_NODE/TE3002B/puzzle_ws/build/puzzle_pkg' returned '2': CMAKE_PREFIX_PATH=/home/puzzlebot/Documents/PUXXY_NODE/TE3002B/puzzle_ws/install/cv_bridge:/home/puzzlebot/Documents/PUXXY_NODE/TE3002B/puzzle_ws/install/vision_opencv:/home/puzzlebot/Documents/PUXXY_NODE/TE3002B/puzzle_ws/install/puzzle_pkg:/home/puzzlebot/Documents/PUXXY_NODE/TE3002B/puzzle_ws/install/image_geometry:/home/puzzlebot/Documents/PUXXY_NODE/TE3002B/puzzle_ws/install/opencv_tests:/home/puzzlebot/ros2_ws/install/puzzlebot_ros:/opt/ros/humble:/home/puzzlebot/ros2_packages_ws/install/ros_deep_learning:/home/puzzlebot/ros2_packages_ws/install/micro_ros_setup:/home/puzzlebot/ros2_packages_ws/install/micro_ros_agent:/home/puzzlebot/ros2_packages_ws/install/micro_ros_msgs:/home/puzzlebot/ros2_packages_ws/install/camera_info_publisher LD_LIBRARY_PATH=/home/puzzlebot/Documents/PUXXY_NODE/TE3002B/puzzle_ws/install/cv_bridge/lib:/home/puzzlebot/Documents/PUXXY_NODE/TE3002B/puzzle_ws/install/puzzle_pkg/lib:/home/puzzlebot/Documents/PUXXY_NODE/TE3002B/puzzle_ws/install/image_geometry/lib:/home/puzzlebot/ros2_packages_ws/install/micro_ros_agent/lib:/home/puzzlebot/ros2_packages_ws/install/micro_ros_msgs/lib:/opt/ros/humble/opt/rviz_ogre_vendor/lib:/opt/ros/humble/lib/aarch64-linux-gnu:/opt/ros/humble/lib PYTHONPATH=/home/puzzlebot/Documents/PUXXY_NODE/TE3002B/puzzle_ws/install/cv_bridge/lib/python3.8/site-packages:/home/puzzlebot/Documents/PUXXY_NODE/TE3002B/puzzle_ws/install/puzzle_pkg/lib/python3.8/site-packages:/home/puzzlebot/Documents/PUXXY_NODE/TE3002B/puzzle_ws/install/opencv_tests/lib/python3.8/site-packages:/home/puzzlebot/Documents/PUXXY_NODE/TE3002B/puzzle_ws/install/image_geometry/lib/python3.8/site-packages:/home/puzzlebot/ros2_ws/build/puzzlebot_ros:/home/puzzlebot/ros2_ws/install/puzzlebot_ros/lib/python3.8/site-packages:/home/puzzlebot/ros2_packages_ws/install/micro_ros_msgs/lib/python3.8/site-packages:/opt/ros/humble/lib/python3.8/site-packages /usr/bin/cmake --build /home/puzzlebot/Documents/PUXXY_NODE/TE3002B/puzzle_ws/build/puzzle_pkg -- -j4 -l4
