[01m[K/home/puzzlebot/Desktop/PUXXY_NODE/TE3002B/lane_processing_ws/src/lane_processing/src/lane_detection.cpp:[m[K In member function â€˜[01m[Kdouble LaneProcessingNode::detect_lane_center(cv::Mat&)[m[Kâ€™:
[01m[K/home/puzzlebot/Desktop/PUXXY_NODE/TE3002B/lane_processing_ws/src/lane_processing/src/lane_detection.cpp:130:44:[m[K [01;31m[Kerror: [m[Kno matching function for call to â€˜[01m[KLaneProcessingNode::publish_processed_image(CropParams&)[m[Kâ€™
         publish_processed_image(crop_params[01;31m[K)[m[K;
                                            [01;31m[K^[m[K
[01m[K/home/puzzlebot/Desktop/PUXXY_NODE/TE3002B/lane_processing_ws/src/lane_processing/src/lane_detection.cpp:87:10:[m[K [01;36m[Knote: [m[Kcandidate: â€˜[01m[Kvoid LaneProcessingNode::publish_processed_image(const cv::Mat&)[m[Kâ€™
     void [01;36m[Kpublish_processed_image[m[K(const cv::Mat &frame) {
          [01;36m[K^~~~~~~~~~~~~~~~~~~~~~~[m[K
[01m[K/home/puzzlebot/Desktop/PUXXY_NODE/TE3002B/lane_processing_ws/src/lane_processing/src/lane_detection.cpp:87:10:[m[K [01;36m[Knote: [m[K  no known conversion for argument 1 from â€˜[01m[KCropParams[m[Kâ€™ to â€˜[01m[Kconst cv::Mat&[m[Kâ€™
make[2]: *** [CMakeFiles/lane_processing.dir/build.make:63: CMakeFiles/lane_processing.dir/src/lane_detection.cpp.o] Error 1
make[1]: *** [CMakeFiles/Makefile2:78: CMakeFiles/lane_processing.dir/all] Error 2
make: *** [Makefile:141: all] Error 2
