[01m[K/home/puzzlebot/Documents/PUXXY_NODE/TE3002B/puzzle_ws/src/puzzle_pkg/src/control/controller.cpp:[m[K In constructor â€˜[01m[KController::Controller()[m[Kâ€™:
[01m[K/home/puzzlebot/Documents/PUXXY_NODE/TE3002B/puzzle_ws/src/puzzle_pkg/src/control/controller.cpp:385:27:[m[K [01;35m[Kwarning: [m[Kâ€˜[01m[KController::odom_[m[Kâ€™ will be initialized after [[01;35m[K-Wreorder[m[K]
     std::array<double, 3> [01;35m[Kodom_[m[K;
                           [01;35m[K^~~~~[m[K
[01m[K/home/puzzlebot/Documents/PUXXY_NODE/TE3002B/puzzle_ws/src/puzzle_pkg/src/control/controller.cpp:384:32:[m[K [01;35m[Kwarning: [m[K  â€˜[01m[Kpuzzle_pkg::msg::DiffError Controller::errors_[m[Kâ€™ [[01;35m[K-Wreorder[m[K]
     puzzle_pkg::msg::DiffError [01;35m[Kerrors_[m[K;
                                [01;35m[K^~~~~~~[m[K
[01m[K/home/puzzlebot/Documents/PUXXY_NODE/TE3002B/puzzle_ws/src/puzzle_pkg/src/control/controller.cpp:59:5:[m[K [01;35m[Kwarning: [m[K  when initialized here [[01;35m[K-Wreorder[m[K]
     [01;35m[KController[m[K() :
     [01;35m[K^~~~~~~~~~[m[K
[01m[K/home/puzzlebot/Documents/PUXXY_NODE/TE3002B/puzzle_ws/src/puzzle_pkg/src/control/controller.cpp:76:49:[m[K [01;35m[Kwarning: [m[Klist-initializer for non-class type must not be parenthesized
         vel_message_(geometry_msgs::msg::Twist()[01;35m[K)[m[K
                                                 [01;35m[K^[m[K
[01m[K/home/puzzlebot/Documents/PUXXY_NODE/TE3002B/puzzle_ws/src/puzzle_pkg/src/control/controller.cpp:[m[K In member function â€˜[01m[Kvoid Controller::state_callback(std_msgs::msg::Int32_<std::allocator<void> >::SharedPtr)[m[Kâ€™:
[01m[K/home/puzzlebot/Documents/PUXXY_NODE/TE3002B/puzzle_ws/src/puzzle_pkg/src/control/controller.cpp:169:13:[m[K [01;31m[Kerror: [m[Kâ€˜[01m[Kstate_has_changed_[m[Kâ€™ was not declared in this scope
             [01;31m[Kstate_has_changed_[m[K = true;  // Set the flag that state has changed
             [01;31m[K^~~~~~~~~~~~~~~~~~[m[K
make[2]: *** [CMakeFiles/controller.dir/build.make:63: CMakeFiles/controller.dir/src/control/controller.cpp.o] Error 1
make[1]: *** [CMakeFiles/Makefile2:324: CMakeFiles/controller.dir/all] Error 2
make: *** [Makefile:141: all] Error 2
