[  6%] Built target puzzle_pkg__rosidl_generator_c
[  9%] Built target puzzle_pkg__cpp
[  9%] Built target ament_cmake_python_copy_puzzle_pkg
[ 13%] Built target odometry
[ 18%] Built target cam_source
[ 22%] Built target signal_handle
[ 29%] Built target puzzle_pkg__rosidl_typesupport_c
[ 36%] Built target puzzle_pkg__rosidl_typesupport_cpp
[ 43%] Built target puzzle_pkg__rosidl_typesupport_fastrtps_cpp
[ 50%] Built target puzzle_pkg__rosidl_typesupport_introspection_cpp
[ 56%] Built target puzzle_pkg__rosidl_typesupport_introspection_c
[ 63%] Built target puzzle_pkg__rosidl_typesupport_fastrtps_c
[35m[1mScanning dependencies of target controller[0m
[ 75%] Built target lane_detection
[ 75%] Built target puzzle_pkg
[ 77%] Built target puzzle_pkg__py
[ 79%] [32mBuilding CXX object CMakeFiles/controller.dir/src/control/controller.cpp.o[0m
[ 84%] Built target puzzle_pkg__rosidl_generator_py
[ 88%] Built target puzzle_pkg__rosidl_typesupport_fastrtps_c__pyext
[ 93%] Built target puzzle_pkg__rosidl_typesupport_introspection_c__pyext
[ 97%] Built target puzzle_pkg__rosidl_typesupport_c__pyext
running egg_info
writing puzzle_pkg.egg-info/PKG-INFO
writing dependency_links to puzzle_pkg.egg-info/dependency_links.txt
writing top-level names to puzzle_pkg.egg-info/top_level.txt
reading manifest file 'puzzle_pkg.egg-info/SOURCES.txt'
writing manifest file 'puzzle_pkg.egg-info/SOURCES.txt'
[ 97%] Built target ament_cmake_python_build_puzzle_pkg_egg
[01m[K/home/puzzlebot/Documents/PUXXY_NODE/TE3002B/puzzle_ws/src/puzzle_pkg/src/control/controller.cpp:[m[K In constructor â€˜[01m[KController::Controller()[m[Kâ€™:
[01m[K/home/puzzlebot/Documents/PUXXY_NODE/TE3002B/puzzle_ws/src/puzzle_pkg/src/control/controller.cpp:385:27:[m[K [01;35m[Kwarning: [m[Kâ€˜[01m[KController::odom_[m[Kâ€™ will be initialized after [[01;35m[K-Wreorder[m[K]
     std::array<double, 3> [01;35m[Kodom_[m[K;
                           [01;35m[K^~~~~[m[K
[01m[K/home/puzzlebot/Documents/PUXXY_NODE/TE3002B/puzzle_ws/src/puzzle_pkg/src/control/controller.cpp:384:32:[m[K [01;35m[Kwarning: [m[K  â€˜[01m[Kpuzzle_pkg::msg::DiffError Controller::errors_[m[Kâ€™ [[01;35m[K-Wreorder[m[K]
     puzzle_pkg::msg::DiffError [01;35m[Kerrors_[m[K;
                                [01;35m[K^~~~~~~[m[K
[01m[K/home/puzzlebot/Documents/PUXXY_NODE/TE3002B/puzzle_ws/src/puzzle_pkg/src/control/controller.cpp:59:5:[m[K [01;35m[Kwarning: [m[K  when initialized here [[01;35m[K-Wreorder[m[K]
     [01;35m[KController[m[K() :
     [01;35m[K^~~~~~~~~~[m[K
[01m[K/home/puzzlebot/Documents/PUXXY_NODE/TE3002B/puzzle_ws/src/puzzle_pkg/src/control/controller.cpp:76:49:[m[K [01;35m[Kwarning: [m[Klist-initializer for non-class type must not be parenthesized
         vel_message_(geometry_msgs::msg::Twist()[01;35m[K)[m[K
                                                 [01;35m[K^[m[K
[01m[K/home/puzzlebot/Documents/PUXXY_NODE/TE3002B/puzzle_ws/src/puzzle_pkg/src/control/controller.cpp:[m[K In member function â€˜[01m[Kvoid Controller::state_callback(std_msgs::msg::Int32_<std::allocator<void> >::SharedPtr)[m[Kâ€™:
[01m[K/home/puzzlebot/Documents/PUXXY_NODE/TE3002B/puzzle_ws/src/puzzle_pkg/src/control/controller.cpp:169:13:[m[K [01;31m[Kerror: [m[Kâ€˜[01m[Kstate_has_changed_[m[Kâ€™ was not declared in this scope
             [01;31m[Kstate_has_changed_[m[K = true;  // Set the flag that state has changed
             [01;31m[K^~~~~~~~~~~~~~~~~~[m[K
make[2]: *** [CMakeFiles/controller.dir/build.make:63: CMakeFiles/controller.dir/src/control/controller.cpp.o] Error 1
make[1]: *** [CMakeFiles/Makefile2:324: CMakeFiles/controller.dir/all] Error 2
make: *** [Makefile:141: all] Error 2
