[1.412s] Invoking command in '/home/puzzlebot/Documents/PUXXY_NODE/TE3002B/puzzle_ws/build/puzzle_pkg': CMAKE_PREFIX_PATH=/home/puzzlebot/Documents/PUXXY_NODE/TE3002B/puzzle_ws/install/cv_bridge:/home/puzzlebot/Documents/PUXXY_NODE/TE3002B/puzzle_ws/install/vision_opencv:/home/puzzlebot/Documents/PUXXY_NODE/TE3002B/puzzle_ws/install/puzzle_pkg:/home/puzzlebot/Documents/PUXXY_NODE/TE3002B/puzzle_ws/install/image_geometry:/home/puzzlebot/Documents/PUXXY_NODE/TE3002B/puzzle_ws/install/opencv_tests:/home/puzzlebot/ros2_ws/install/puzzlebot_ros:/opt/ros/humble:/home/puzzlebot/ros2_packages_ws/install/ros_deep_learning:/home/puzzlebot/ros2_packages_ws/install/micro_ros_setup:/home/puzzlebot/ros2_packages_ws/install/micro_ros_agent:/home/puzzlebot/ros2_packages_ws/install/micro_ros_msgs:/home/puzzlebot/ros2_packages_ws/install/camera_info_publisher LD_LIBRARY_PATH=/home/puzzlebot/Documents/PUXXY_NODE/TE3002B/puzzle_ws/install/cv_bridge/lib:/home/puzzlebot/Documents/PUXXY_NODE/TE3002B/puzzle_ws/install/puzzle_pkg/lib:/home/puzzlebot/Documents/PUXXY_NODE/TE3002B/puzzle_ws/install/image_geometry/lib:/home/puzzlebot/ros2_packages_ws/install/micro_ros_agent/lib:/home/puzzlebot/ros2_packages_ws/install/micro_ros_msgs/lib:/opt/ros/humble/opt/rviz_ogre_vendor/lib:/opt/ros/humble/lib/aarch64-linux-gnu:/opt/ros/humble/lib:/usr/local/cuda/lib64 PYTHONPATH=/home/puzzlebot/Documents/PUXXY_NODE/TE3002B/puzzle_ws/install/cv_bridge/lib/python3.8/site-packages:/home/puzzlebot/Documents/PUXXY_NODE/TE3002B/puzzle_ws/install/puzzle_pkg/lib/python3.8/site-packages:/home/puzzlebot/Documents/PUXXY_NODE/TE3002B/puzzle_ws/install/opencv_tests/lib/python3.8/site-packages:/home/puzzlebot/Documents/PUXXY_NODE/TE3002B/puzzle_ws/install/image_geometry/lib/python3.8/site-packages:/home/puzzlebot/ros2_ws/build/puzzlebot_ros:/home/puzzlebot/ros2_ws/install/puzzlebot_ros/lib/python3.8/site-packages:/home/puzzlebot/ros2_packages_ws/install/micro_ros_msgs/lib/python3.8/site-packages:/opt/ros/humble/lib/python3.8/site-packages /usr/bin/cmake --build /home/puzzlebot/Documents/PUXXY_NODE/TE3002B/puzzle_ws/build/puzzle_pkg -- -j4 -l4
[2.118s] [  6%] Built target puzzle_pkg__rosidl_generator_c
[2.133s] [  9%] Built target puzzle_pkg__cpp
[2.247s] [  9%] Built target ament_cmake_python_copy_puzzle_pkg
[2.311s] [ 13%] Built target odometry
[2.441s] [ 18%] Built target cam_source
[2.445s] [ 22%] Built target signal_handle
[2.517s] [ 29%] Built target puzzle_pkg__rosidl_typesupport_c
[2.525s] [ 36%] Built target puzzle_pkg__rosidl_typesupport_cpp
[2.596s] [ 43%] Built target puzzle_pkg__rosidl_typesupport_fastrtps_cpp
[2.619s] [ 50%] Built target puzzle_pkg__rosidl_typesupport_introspection_cpp
[2.700s] [ 56%] Built target puzzle_pkg__rosidl_typesupport_introspection_c
[2.787s] [ 63%] Built target puzzle_pkg__rosidl_typesupport_fastrtps_c
[2.852s] [35m[1mScanning dependencies of target controller[0m
[3.019s] [ 75%] Built target lane_detection
[3.027s] [ 75%] Built target puzzle_pkg
[3.223s] [ 77%] Built target puzzle_pkg__py
[3.255s] [ 79%] [32mBuilding CXX object CMakeFiles/controller.dir/src/control/controller.cpp.o[0m
[3.383s] [ 84%] Built target puzzle_pkg__rosidl_generator_py
[3.616s] [ 88%] Built target puzzle_pkg__rosidl_typesupport_fastrtps_c__pyext
[3.735s] [ 93%] Built target puzzle_pkg__rosidl_typesupport_introspection_c__pyext
[3.838s] [ 97%] Built target puzzle_pkg__rosidl_typesupport_c__pyext
[4.197s] running egg_info
[4.201s] writing puzzle_pkg.egg-info/PKG-INFO
[4.203s] writing dependency_links to puzzle_pkg.egg-info/dependency_links.txt
[4.203s] writing top-level names to puzzle_pkg.egg-info/top_level.txt
[4.383s] reading manifest file 'puzzle_pkg.egg-info/SOURCES.txt'
[4.402s] writing manifest file 'puzzle_pkg.egg-info/SOURCES.txt'
[4.540s] [ 97%] Built target ament_cmake_python_build_puzzle_pkg_egg
[15.928s] [01m[K/home/puzzlebot/Documents/PUXXY_NODE/TE3002B/puzzle_ws/src/puzzle_pkg/src/control/controller.cpp:[m[K In constructor â€˜[01m[KController::Controller()[m[Kâ€™:
[15.929s] [01m[K/home/puzzlebot/Documents/PUXXY_NODE/TE3002B/puzzle_ws/src/puzzle_pkg/src/control/controller.cpp:385:27:[m[K [01;35m[Kwarning: [m[Kâ€˜[01m[KController::odom_[m[Kâ€™ will be initialized after [[01;35m[K-Wreorder[m[K]
[15.930s]      std::array<double, 3> [01;35m[Kodom_[m[K;
[15.930s]                            [01;35m[K^~~~~[m[K
[15.931s] [01m[K/home/puzzlebot/Documents/PUXXY_NODE/TE3002B/puzzle_ws/src/puzzle_pkg/src/control/controller.cpp:384:32:[m[K [01;35m[Kwarning: [m[K  â€˜[01m[Kpuzzle_pkg::msg::DiffError Controller::errors_[m[Kâ€™ [[01;35m[K-Wreorder[m[K]
[15.931s]      puzzle_pkg::msg::DiffError [01;35m[Kerrors_[m[K;
[15.932s]                                 [01;35m[K^~~~~~~[m[K
[15.941s] [01m[K/home/puzzlebot/Documents/PUXXY_NODE/TE3002B/puzzle_ws/src/puzzle_pkg/src/control/controller.cpp:59:5:[m[K [01;35m[Kwarning: [m[K  when initialized here [[01;35m[K-Wreorder[m[K]
[15.942s]      [01;35m[KController[m[K() :
[15.945s]      [01;35m[K^~~~~~~~~~[m[K
[15.945s] [01m[K/home/puzzlebot/Documents/PUXXY_NODE/TE3002B/puzzle_ws/src/puzzle_pkg/src/control/controller.cpp:76:49:[m[K [01;35m[Kwarning: [m[Klist-initializer for non-class type must not be parenthesized
[15.946s]          vel_message_(geometry_msgs::msg::Twist()[01;35m[K)[m[K
[15.947s]                                                  [01;35m[K^[m[K
[16.194s] [01m[K/home/puzzlebot/Documents/PUXXY_NODE/TE3002B/puzzle_ws/src/puzzle_pkg/src/control/controller.cpp:[m[K In member function â€˜[01m[Kvoid Controller::state_callback(std_msgs::msg::Int32_<std::allocator<void> >::SharedPtr)[m[Kâ€™:
[16.195s] [01m[K/home/puzzlebot/Documents/PUXXY_NODE/TE3002B/puzzle_ws/src/puzzle_pkg/src/control/controller.cpp:169:13:[m[K [01;31m[Kerror: [m[Kâ€˜[01m[Kstate_has_changed_[m[Kâ€™ was not declared in this scope
[16.195s]              [01;31m[Kstate_has_changed_[m[K = true;  // Set the flag that state has changed
[16.196s]              [01;31m[K^~~~~~~~~~~~~~~~~~[m[K
[31.999s] make[2]: *** [CMakeFiles/controller.dir/build.make:63: CMakeFiles/controller.dir/src/control/controller.cpp.o] Error 1
[32.001s] make[1]: *** [CMakeFiles/Makefile2:324: CMakeFiles/controller.dir/all] Error 2
[32.001s] make: *** [Makefile:141: all] Error 2
[32.347s] Invoked command in '/home/puzzlebot/Documents/PUXXY_NODE/TE3002B/puzzle_ws/build/puzzle_pkg' returned '2': CMAKE_PREFIX_PATH=/home/puzzlebot/Documents/PUXXY_NODE/TE3002B/puzzle_ws/install/cv_bridge:/home/puzzlebot/Documents/PUXXY_NODE/TE3002B/puzzle_ws/install/vision_opencv:/home/puzzlebot/Documents/PUXXY_NODE/TE3002B/puzzle_ws/install/puzzle_pkg:/home/puzzlebot/Documents/PUXXY_NODE/TE3002B/puzzle_ws/install/image_geometry:/home/puzzlebot/Documents/PUXXY_NODE/TE3002B/puzzle_ws/install/opencv_tests:/home/puzzlebot/ros2_ws/install/puzzlebot_ros:/opt/ros/humble:/home/puzzlebot/ros2_packages_ws/install/ros_deep_learning:/home/puzzlebot/ros2_packages_ws/install/micro_ros_setup:/home/puzzlebot/ros2_packages_ws/install/micro_ros_agent:/home/puzzlebot/ros2_packages_ws/install/micro_ros_msgs:/home/puzzlebot/ros2_packages_ws/install/camera_info_publisher LD_LIBRARY_PATH=/home/puzzlebot/Documents/PUXXY_NODE/TE3002B/puzzle_ws/install/cv_bridge/lib:/home/puzzlebot/Documents/PUXXY_NODE/TE3002B/puzzle_ws/install/puzzle_pkg/lib:/home/puzzlebot/Documents/PUXXY_NODE/TE3002B/puzzle_ws/install/image_geometry/lib:/home/puzzlebot/ros2_packages_ws/install/micro_ros_agent/lib:/home/puzzlebot/ros2_packages_ws/install/micro_ros_msgs/lib:/opt/ros/humble/opt/rviz_ogre_vendor/lib:/opt/ros/humble/lib/aarch64-linux-gnu:/opt/ros/humble/lib:/usr/local/cuda/lib64 PYTHONPATH=/home/puzzlebot/Documents/PUXXY_NODE/TE3002B/puzzle_ws/install/cv_bridge/lib/python3.8/site-packages:/home/puzzlebot/Documents/PUXXY_NODE/TE3002B/puzzle_ws/install/puzzle_pkg/lib/python3.8/site-packages:/home/puzzlebot/Documents/PUXXY_NODE/TE3002B/puzzle_ws/install/opencv_tests/lib/python3.8/site-packages:/home/puzzlebot/Documents/PUXXY_NODE/TE3002B/puzzle_ws/install/image_geometry/lib/python3.8/site-packages:/home/puzzlebot/ros2_ws/build/puzzlebot_ros:/home/puzzlebot/ros2_ws/install/puzzlebot_ros/lib/python3.8/site-packages:/home/puzzlebot/ros2_packages_ws/install/micro_ros_msgs/lib/python3.8/site-packages:/opt/ros/humble/lib/python3.8/site-packages /usr/bin/cmake --build /home/puzzlebot/Documents/PUXXY_NODE/TE3002B/puzzle_ws/build/puzzle_pkg -- -j4 -l4
