[1.436s] Invoking command in '/home/puzzlebot/Desktop/PUXXY_NODE/TE3002B/lane_processing_ws/build/lane_processing': CMAKE_PREFIX_PATH=/home/puzzlebot/Desktop/PUXXY_NODE/TE3002B/lane_processing_ws/install/lane_processing:/home/puzzlebot/ros2_ws/install/puzzlebot_ros:/opt/ros/humble:/home/puzzlebot/ros2_packages_ws/install/ros_deep_learning:/home/puzzlebot/ros2_packages_ws/install/micro_ros_setup:/home/puzzlebot/ros2_packages_ws/install/micro_ros_agent:/home/puzzlebot/ros2_packages_ws/install/micro_ros_msgs:/home/puzzlebot/ros2_packages_ws/install/camera_info_publisher /usr/bin/cmake --build /home/puzzlebot/Desktop/PUXXY_NODE/TE3002B/lane_processing_ws/build/lane_processing -- -j4 -l4
[1.758s] [35m[1mScanning dependencies of target lane_processing[0m
[2.182s] [ 20%] [32mBuilding CXX object CMakeFiles/lane_processing.dir/src/lane_detection.cpp.o[0m
[15.992s] [01m[K/home/puzzlebot/Desktop/PUXXY_NODE/TE3002B/lane_processing_ws/src/lane_processing/src/lane_detection.cpp:[m[K In member function â€˜[01m[Kdouble LaneProcessingNode::process_frame(cv::Mat&)[m[Kâ€™:
[15.992s] [01m[K/home/puzzlebot/Desktop/PUXXY_NODE/TE3002B/lane_processing_ws/src/lane_processing/src/lane_detection.cpp:131:16:[m[K [01;35m[Kwarning: [m[Kunused variable â€˜[01m[Kangle_error_calc[m[Kâ€™ [[01;35m[K-Wunused-variable[m[K]
[15.993s]          double [01;35m[Kangle_error_calc[m[K = detect_lane_center(thresholded);
[15.993s]                 [01;35m[K^~~~~~~~~~~~~~~~[m[K
[26.703s] [01m[K/home/puzzlebot/Desktop/PUXXY_NODE/TE3002B/lane_processing_ws/src/lane_processing/src/lane_detection.cpp:[m[K In member function â€˜[01m[Kdouble LaneProcessingNode::detect_lane_center(cv::Mat&)[m[Kâ€™:
[26.704s] [01m[K/home/puzzlebot/Desktop/PUXXY_NODE/TE3002B/lane_processing_ws/src/lane_processing/src/lane_detection.cpp:117:5:[m[K [01;35m[Kwarning: [m[Kcontrol reaches end of non-void function [[01;35m[K-Wreturn-type[m[K]
[26.704s]      [01;35m[K}[m[K
[26.704s]      [01;35m[K^[m[K
[44.798s] [ 40%] [32m[1mLinking CXX executable lane_processing[0m
[48.673s] /usr/bin/ld: CMakeFiles/lane_processing.dir/src/lane_detection.cpp.o: in function `LaneProcessingNode::detect_lane_center(cv::Mat&)':
[48.674s] lane_detection.cpp:(.text._ZN18LaneProcessingNode18detect_lane_centerERN2cv3MatE[_ZN18LaneProcessingNode18detect_lane_centerERN2cv3MatE]+0x14c): undefined reference to `select_relevant_line(std::vector<cv::Vec<int, 4>, std::allocator<cv::Vec<int, 4> > >&, cv::Vec<int, 4>&)'
[48.677s] collect2: error: ld returned 1 exit status
[48.683s] make[2]: *** [CMakeFiles/lane_processing.dir/build.make:213: lane_processing] Error 1
[48.683s] make[1]: *** [CMakeFiles/Makefile2:78: CMakeFiles/lane_processing.dir/all] Error 2
[48.684s] make: *** [Makefile:141: all] Error 2
[48.694s] Invoked command in '/home/puzzlebot/Desktop/PUXXY_NODE/TE3002B/lane_processing_ws/build/lane_processing' returned '2': CMAKE_PREFIX_PATH=/home/puzzlebot/Desktop/PUXXY_NODE/TE3002B/lane_processing_ws/install/lane_processing:/home/puzzlebot/ros2_ws/install/puzzlebot_ros:/opt/ros/humble:/home/puzzlebot/ros2_packages_ws/install/ros_deep_learning:/home/puzzlebot/ros2_packages_ws/install/micro_ros_setup:/home/puzzlebot/ros2_packages_ws/install/micro_ros_agent:/home/puzzlebot/ros2_packages_ws/install/micro_ros_msgs:/home/puzzlebot/ros2_packages_ws/install/camera_info_publisher /usr/bin/cmake --build /home/puzzlebot/Desktop/PUXXY_NODE/TE3002B/lane_processing_ws/build/lane_processing -- -j4 -l4
