[01m[K/home/puzzlebot/Documents/PUXXY_NODE/TE3002B/puzzle_ws/src/puzzle_pkg/src/vision/lib/lane_funcs.cpp:[m[K In function â€˜[01m[Kstd::vector<cv::Vec<double, 2> > frame_relevant_points(cv::Mat&, cv::Vec<double, 2>, bool&)[m[Kâ€™:
[01m[K/home/puzzlebot/Documents/PUXXY_NODE/TE3002B/puzzle_ws/src/puzzle_pkg/src/vision/lib/lane_funcs.cpp:133:9:[m[K [01;31m[Kerror: [m[Kâ€˜[01m[Kcout[m[Kâ€™ was not declared in this scope
     std:[01;31m[Kcout[m[K << "Hi from frame_points\n";
         [01;31m[K^~~~[m[K
[01m[K/home/puzzlebot/Documents/PUXXY_NODE/TE3002B/puzzle_ws/src/puzzle_pkg/src/vision/lib/lane_funcs.cpp:133:9:[m[K [01;36m[Knote: [m[Ksuggested alternative: â€˜[01m[Kcosl[m[Kâ€™
     std:[01;36m[Kcout[m[K << "Hi from frame_points\n";
         [01;36m[K^~~~[m[K
         [32m[Kcosl[m[K
[01m[K/home/puzzlebot/Documents/PUXXY_NODE/TE3002B/puzzle_ws/src/puzzle_pkg/src/vision/lib/lane_funcs.cpp:133:5:[m[K [01;35m[Kwarning: [m[Klabel â€˜[01m[Kstd[m[Kâ€™ defined but not used [[01;35m[K-Wunused-label[m[K]
     [01;35m[Kstd[m[K:cout << "Hi from frame_points\n";
     [01;35m[K^~~[m[K
make[2]: *** [CMakeFiles/lane_detection.dir/build.make:102: CMakeFiles/lane_detection.dir/src/vision/lib/lane_funcs.cpp.o] Error 1
make[2]: *** Waiting for unfinished jobs....
[01m[K/home/puzzlebot/Documents/PUXXY_NODE/TE3002B/puzzle_ws/src/puzzle_pkg/src/vision/lane_detection.cpp:[m[K In member function â€˜[01m[Kdouble LaneProcessingNode::process_frame(cv::Mat&)[m[Kâ€™:
[01m[K/home/puzzlebot/Documents/PUXXY_NODE/TE3002B/puzzle_ws/src/puzzle_pkg/src/vision/lane_detection.cpp:301:20:[m[K [01;35m[Kwarning: [m[Kunused variable â€˜[01m[Kerror_ang[m[Kâ€™ [[01;35m[K-Wunused-variable[m[K]
             double [01;35m[Kerror_ang[m[K = detect_lane_center(thresholded);
                    [01;35m[K^~~~~~~~~[m[K
make[1]: *** [CMakeFiles/Makefile2:608: CMakeFiles/lane_detection.dir/all] Error 2
make: *** [Makefile:141: all] Error 2
