-- Found ament_cmake: 1.3.6 (/opt/ros/humble/share/ament_cmake/cmake)
-- Found cv_bridge: 3.2.1 (/home/puzzlebot/Documents/PUXXY_NODE/TE3002B/puzzle_ws/install/cv_bridge/share/cv_bridge/cmake)
-- Found rosidl_generator_c: 3.1.5 (/opt/ros/humble/share/rosidl_generator_c/cmake)
-- Found rosidl_adapter: 3.1.5 (/opt/ros/humble/share/rosidl_adapter/cmake)
-- Found rosidl_generator_cpp: 3.1.5 (/opt/ros/humble/share/rosidl_generator_cpp/cmake)
-- Using all available rosidl_typesupport_c: rosidl_typesupport_fastrtps_c;rosidl_typesupport_introspection_c
-- Using all available rosidl_typesupport_cpp: rosidl_typesupport_fastrtps_cpp;rosidl_typesupport_introspection_cpp
-- Found rclcpp: 16.0.7 (/opt/ros/humble/share/rclcpp/cmake)
-- Found rmw_implementation_cmake: 6.1.1 (/opt/ros/humble/share/rmw_implementation_cmake/cmake)
-- Found rmw_fastrtps_cpp: 6.2.5 (/opt/ros/humble/share/rmw_fastrtps_cpp/cmake)
-- Using RMW implementation 'rmw_fastrtps_cpp' as default
-- Found image_transport: 3.1.7 (/opt/ros/humble/share/image_transport/cmake)
-- Found rosidl_default_generators: 1.2.0 (/opt/ros/humble/share/rosidl_default_generators/cmake)
-- Found ament_cmake_ros: 0.10.0 (/opt/ros/humble/share/ament_cmake_ros/cmake)
-- Using all available rosidl_typesupport_c: rosidl_typesupport_fastrtps_c;rosidl_typesupport_introspection_c
-- Using all available rosidl_typesupport_cpp: rosidl_typesupport_fastrtps_cpp;rosidl_typesupport_introspection_cpp
-- Found python_cmake_module: 0.10.0 (/opt/ros/humble/share/python_cmake_module/cmake)
-- Using PYTHON_EXECUTABLE: /usr/bin/python3
-- Using PYTHON_INCLUDE_DIRS: /usr/include/python3.8
-- Using PYTHON_LIBRARIES: /usr/lib/aarch64-linux-gnu/libpython3.8.so
-- Found ament_lint_auto: 0.12.9 (/opt/ros/humble/share/ament_lint_auto/cmake)
-- Added test 'cppcheck' to perform static code analysis on C / C++ code
-- Configured cppcheck include dirs: /home/puzzlebot/Documents/PUXXY_NODE/TE3002B/puzzle_ws/src/puzzle_pkg/include;$<BUILD_INTERFACE:/home/puzzlebot/Documents/PUXXY_NODE/TE3002B/puzzle_ws/src/puzzle_pkg/include>
-- Configured cppcheck exclude dirs and/or files: 
-- Added test 'flake8' to check Python code syntax and style conventions
-- Added test 'lint_cmake' to check CMake code style
-- Added test 'pep257' to check Python code against some of the docstring style conventions in PEP 257
-- Added test 'uncrustify' to check C / C++ code style
-- Configured uncrustify additional arguments: 
-- Added test 'xmllint' to check XML markup files
-- Configuring done
-- Generating done
-- Build files have been written to: /home/puzzlebot/Documents/PUXXY_NODE/TE3002B/puzzle_ws/build/puzzle_pkg
[  6%] Built target puzzle_pkg__rosidl_generator_c
[  9%] Built target puzzle_pkg__cpp
[  9%] Built target ament_cmake_python_copy_puzzle_pkg
[35m[1mScanning dependencies of target signal_classification[0m
[ 13%] Built target odometry
[ 20%] Built target puzzle_pkg__rosidl_typesupport_c
[ 25%] Built target cam_source
[ 31%] Built target puzzle_pkg__rosidl_typesupport_cpp
[ 38%] Built target puzzle_pkg__rosidl_typesupport_introspection_cpp
[ 45%] Built target puzzle_pkg__rosidl_typesupport_fastrtps_cpp
[ 52%] Built target puzzle_pkg__rosidl_typesupport_introspection_c
[ 59%] Built target puzzle_pkg__rosidl_typesupport_fastrtps_c
[35m[1mScanning dependencies of target lane_detection[0m
[ 63%] Built target controller
[ 63%] Built target puzzle_pkg
[ 65%] [32mBuilding CXX object CMakeFiles/lane_detection.dir/src/vision/lane_detection.cpp.o[0m
[ 68%] [32mBuilding CXX object CMakeFiles/signal_classification.dir/src/vision/signal_classification.cpp.o[0m
[ 70%] Built target puzzle_pkg__py
[ 75%] Built target puzzle_pkg__rosidl_generator_py
[ 79%] Built target puzzle_pkg__rosidl_typesupport_fastrtps_c__pyext
running egg_info
writing puzzle_pkg.egg-info/PKG-INFO
writing dependency_links to puzzle_pkg.egg-info/dependency_links.txt
writing top-level names to puzzle_pkg.egg-info/top_level.txt
[ 84%] Built target puzzle_pkg__rosidl_typesupport_introspection_c__pyext
reading manifest file 'puzzle_pkg.egg-info/SOURCES.txt'
writing manifest file 'puzzle_pkg.egg-info/SOURCES.txt'
[ 88%] Built target puzzle_pkg__rosidl_typesupport_c__pyext
[ 88%] Built target ament_cmake_python_build_puzzle_pkg_egg
[01m[K/home/puzzlebot/Documents/PUXXY_NODE/TE3002B/puzzle_ws/src/puzzle_pkg/src/vision/signal_classification.cpp:[m[K In constructor â€˜[01m[KClassificationNode::ClassificationNode()[m[Kâ€™:
[01m[K/home/puzzlebot/Documents/PUXXY_NODE/TE3002B/puzzle_ws/src/puzzle_pkg/src/vision/signal_classification.cpp:19:55:[m[K [01;31m[Kerror: [m[Kno match for â€˜[01m[Koperator=[m[Kâ€™ (operand types are â€˜[01m[Kstd::vector<std::__cxx11::basic_string<char> >[m[Kâ€™ and â€˜[01m[Kstd::vector<int>[m[Kâ€™)
         output_layers_ = net_.getUnconnectedOutLayers([01;31m[K)[m[K;
                                                       [01;31m[K^[m[K
In file included from [01m[K/usr/include/c++/8/vector:69[m[K,
                 from [01m[K/opt/ros/humble/include/rclcpp/rclcpp/executor.hpp:28[m[K,
                 from [01m[K/opt/ros/humble/include/rclcpp/rclcpp/executors/multi_threaded_executor.hpp:25[m[K,
                 from [01m[K/opt/ros/humble/include/rclcpp/rclcpp/executors.hpp:21[m[K,
                 from [01m[K/opt/ros/humble/include/rclcpp/rclcpp/rclcpp.hpp:155[m[K,
                 from [01m[K/home/puzzlebot/Documents/PUXXY_NODE/TE3002B/puzzle_ws/src/puzzle_pkg/src/vision/signal_classification.cpp:1[m[K:
[01m[K/usr/include/c++/8/bits/vector.tcc:186:5:[m[K [01;36m[Knote: [m[Kcandidate: â€˜[01m[Kstd::vector<_Tp, _Alloc>& std::vector<_Tp, _Alloc>::operator=(const std::vector<_Tp, _Alloc>&) [with _Tp = std::__cxx11::basic_string<char>; _Alloc = std::allocator<std::__cxx11::basic_string<char> >][m[Kâ€™
     [01;36m[Kvector<_Tp, _Alloc>[m[K::
     [01;36m[K^~~~~~~~~~~~~~~~~~~[m[K
[01m[K/usr/include/c++/8/bits/vector.tcc:186:5:[m[K [01;36m[Knote: [m[K  no known conversion for argument 1 from â€˜[01m[Kstd::vector<int>[m[Kâ€™ to â€˜[01m[Kconst std::vector<std::__cxx11::basic_string<char> >&[m[Kâ€™
In file included from [01m[K/usr/include/c++/8/vector:64[m[K,
                 from [01m[K/opt/ros/humble/include/rclcpp/rclcpp/executor.hpp:28[m[K,
                 from [01m[K/opt/ros/humble/include/rclcpp/rclcpp/executors/multi_threaded_executor.hpp:25[m[K,
                 from [01m[K/opt/ros/humble/include/rclcpp/rclcpp/executors.hpp:21[m[K,
                 from [01m[K/opt/ros/humble/include/rclcpp/rclcpp/rclcpp.hpp:155[m[K,
                 from [01m[K/home/puzzlebot/Documents/PUXXY_NODE/TE3002B/puzzle_ws/src/puzzle_pkg/src/vision/signal_classification.cpp:1[m[K:
[01m[K/usr/include/c++/8/bits/stl_vector.h:596:7:[m[K [01;36m[Knote: [m[Kcandidate: â€˜[01m[Kstd::vector<_Tp, _Alloc>& std::vector<_Tp, _Alloc>::operator=(std::vector<_Tp, _Alloc>&&) [with _Tp = std::__cxx11::basic_string<char>; _Alloc = std::allocator<std::__cxx11::basic_string<char> >][m[Kâ€™
       [01;36m[Koperator[m[K=(vector&& __x) noexcept(_Alloc_traits::_S_nothrow_move())
       [01;36m[K^~~~~~~~[m[K
[01m[K/usr/include/c++/8/bits/stl_vector.h:596:7:[m[K [01;36m[Knote: [m[K  no known conversion for argument 1 from â€˜[01m[Kstd::vector<int>[m[Kâ€™ to â€˜[01m[Kstd::vector<std::__cxx11::basic_string<char> >&&[m[Kâ€™
[01m[K/usr/include/c++/8/bits/stl_vector.h:617:7:[m[K [01;36m[Knote: [m[Kcandidate: â€˜[01m[Kstd::vector<_Tp, _Alloc>& std::vector<_Tp, _Alloc>::operator=(std::initializer_list<_Tp>) [with _Tp = std::__cxx11::basic_string<char>; _Alloc = std::allocator<std::__cxx11::basic_string<char> >][m[Kâ€™
       [01;36m[Koperator[m[K=(initializer_list<value_type> __l)
       [01;36m[K^~~~~~~~[m[K
[01m[K/usr/include/c++/8/bits/stl_vector.h:617:7:[m[K [01;36m[Knote: [m[K  no known conversion for argument 1 from â€˜[01m[Kstd::vector<int>[m[Kâ€™ to â€˜[01m[Kstd::initializer_list<std::__cxx11::basic_string<char> >[m[Kâ€™
[01m[K/home/puzzlebot/Documents/PUXXY_NODE/TE3002B/puzzle_ws/src/puzzle_pkg/src/vision/lane_detection.cpp:[m[K In member function â€˜[01m[Kdouble LaneProcessingNode::detect_lane_center(cv::Mat&)[m[Kâ€™:
[01m[K/home/puzzlebot/Documents/PUXXY_NODE/TE3002B/puzzle_ws/src/puzzle_pkg/src/vision/lane_detection.cpp:246:60:[m[K [01;35m[Kwarning: [m[Knarrowing conversion of â€˜[01m[K(cropped_width / 2)[m[Kâ€™ from â€˜[01m[Kint[m[Kâ€™ to â€˜[01m[Kdouble[m[Kâ€™ inside { } [[01;35m[K-Wnarrowing[m[K]
             cv::Vec<double, 4> angle_line = { [01;35m[Kcropped_width/2[m[K , cropped_height, last_line.second[0], last_line.second[1]};
                                               [01;35m[K~~~~~~~~~~~~~^~[m[K
[01m[K/home/puzzlebot/Documents/PUXXY_NODE/TE3002B/puzzle_ws/src/puzzle_pkg/src/vision/lane_detection.cpp:246:60:[m[K [01;35m[Kwarning: [m[Knarrowing conversion of â€˜[01m[K(cropped_width / 2)[m[Kâ€™ from â€˜[01m[Kint[m[Kâ€™ to â€˜[01m[Kdouble[m[Kâ€™ inside { } [[01;35m[K-Wnarrowing[m[K]
[01m[K/home/puzzlebot/Documents/PUXXY_NODE/TE3002B/puzzle_ws/src/puzzle_pkg/src/vision/lane_detection.cpp:246:121:[m[K [01;35m[Kwarning: [m[Knarrowing conversion of â€˜[01m[Kcropped_height[m[Kâ€™ from â€˜[01m[Kint[m[Kâ€™ to â€˜[01m[Kdouble[m[Kâ€™ inside { } [[01;35m[K-Wnarrowing[m[K]
             cv::Vec<double, 4> angle_line = { cropped_width/2 , cropped_height, last_line.second[0], last_line.second[1][01;35m[K}[m[K;
                                                                                                                         [01;35m[K^[m[K
[01m[K/home/puzzlebot/Documents/PUXXY_NODE/TE3002B/puzzle_ws/src/puzzle_pkg/src/vision/lane_detection.cpp:246:121:[m[K [01;35m[Kwarning: [m[Knarrowing conversion of â€˜[01m[Kcropped_height[m[Kâ€™ from â€˜[01m[Kint[m[Kâ€™ to â€˜[01m[Kdouble[m[Kâ€™ inside { } [[01;35m[K-Wnarrowing[m[K]
make[2]: *** [CMakeFiles/signal_classification.dir/build.make:63: CMakeFiles/signal_classification.dir/src/vision/signal_classification.cpp.o] Error 1
make[1]: *** [CMakeFiles/Makefile2:723: CMakeFiles/signal_classification.dir/all] Error 2
make[1]: *** Waiting for unfinished jobs....
[ 90%] [32m[1mLinking CXX executable lane_detection[0m
[ 97%] Built target lane_detection
make: *** [Makefile:141: all] Error 2
