[1.423s] Invoking command in '/home/puzzlebot/Documents/PUXXY_NODE/TE3002B/puzzle_ws/build/puzzle_pkg': CMAKE_PREFIX_PATH=/home/puzzlebot/Documents/PUXXY_NODE/TE3002B/puzzle_ws/install/cv_bridge:/home/puzzlebot/Documents/PUXXY_NODE/TE3002B/puzzle_ws/install/vision_opencv:/home/puzzlebot/Documents/PUXXY_NODE/TE3002B/puzzle_ws/install/puzzle_pkg:/home/puzzlebot/Documents/PUXXY_NODE/TE3002B/puzzle_ws/install/image_geometry:/home/puzzlebot/Documents/PUXXY_NODE/TE3002B/puzzle_ws/install/opencv_tests:/home/puzzlebot/ros2_ws/install/puzzlebot_ros:/opt/ros/humble:/home/puzzlebot/ros2_packages_ws/install/ros_deep_learning:/home/puzzlebot/ros2_packages_ws/install/micro_ros_setup:/home/puzzlebot/ros2_packages_ws/install/micro_ros_agent:/home/puzzlebot/ros2_packages_ws/install/micro_ros_msgs:/home/puzzlebot/ros2_packages_ws/install/camera_info_publisher LD_LIBRARY_PATH=/home/puzzlebot/Documents/PUXXY_NODE/TE3002B/puzzle_ws/install/cv_bridge/lib:/home/puzzlebot/Documents/PUXXY_NODE/TE3002B/puzzle_ws/install/puzzle_pkg/lib:/home/puzzlebot/Documents/PUXXY_NODE/TE3002B/puzzle_ws/install/image_geometry/lib:/home/puzzlebot/ros2_packages_ws/install/micro_ros_agent/lib:/home/puzzlebot/ros2_packages_ws/install/micro_ros_msgs/lib:/opt/ros/humble/opt/rviz_ogre_vendor/lib:/opt/ros/humble/lib/aarch64-linux-gnu:/opt/ros/humble/lib PYTHONPATH=/home/puzzlebot/Documents/PUXXY_NODE/TE3002B/puzzle_ws/install/cv_bridge/lib/python3.8/site-packages:/home/puzzlebot/Documents/PUXXY_NODE/TE3002B/puzzle_ws/install/puzzle_pkg/lib/python3.8/site-packages:/home/puzzlebot/Documents/PUXXY_NODE/TE3002B/puzzle_ws/install/opencv_tests/lib/python3.8/site-packages:/home/puzzlebot/Documents/PUXXY_NODE/TE3002B/puzzle_ws/install/image_geometry/lib/python3.8/site-packages:/home/puzzlebot/ros2_ws/build/puzzlebot_ros:/home/puzzlebot/ros2_ws/install/puzzlebot_ros/lib/python3.8/site-packages:/home/puzzlebot/ros2_packages_ws/install/micro_ros_msgs/lib/python3.8/site-packages:/opt/ros/humble/lib/python3.8/site-packages /usr/bin/cmake --build /home/puzzlebot/Documents/PUXXY_NODE/TE3002B/puzzle_ws/build/puzzle_pkg -- -j4 -l4
[2.729s] -- Found ament_cmake: 1.3.6 (/opt/ros/humble/share/ament_cmake/cmake)
[4.375s] -- Found cv_bridge: 3.2.1 (/home/puzzlebot/Documents/PUXXY_NODE/TE3002B/puzzle_ws/install/cv_bridge/share/cv_bridge/cmake)
[5.306s] -- Found rosidl_generator_c: 3.1.5 (/opt/ros/humble/share/rosidl_generator_c/cmake)
[5.367s] -- Found rosidl_adapter: 3.1.5 (/opt/ros/humble/share/rosidl_adapter/cmake)
[5.891s] -- Found rosidl_generator_cpp: 3.1.5 (/opt/ros/humble/share/rosidl_generator_cpp/cmake)
[6.787s] -- Using all available rosidl_typesupport_c: rosidl_typesupport_fastrtps_c;rosidl_typesupport_introspection_c
[6.954s] -- Using all available rosidl_typesupport_cpp: rosidl_typesupport_fastrtps_cpp;rosidl_typesupport_introspection_cpp
[8.370s] -- Found rclcpp: 16.0.7 (/opt/ros/humble/share/rclcpp/cmake)
[8.711s] -- Found rmw_implementation_cmake: 6.1.1 (/opt/ros/humble/share/rmw_implementation_cmake/cmake)
[8.725s] -- Found rmw_fastrtps_cpp: 6.2.5 (/opt/ros/humble/share/rmw_fastrtps_cpp/cmake)
[9.438s] -- Using RMW implementation 'rmw_fastrtps_cpp' as default
[10.292s] -- Found image_transport: 3.1.7 (/opt/ros/humble/share/image_transport/cmake)
[10.525s] -- Found rosidl_default_generators: 1.2.0 (/opt/ros/humble/share/rosidl_default_generators/cmake)
[12.489s] -- Found ament_cmake_ros: 0.10.0 (/opt/ros/humble/share/ament_cmake_ros/cmake)
[15.680s] -- Using all available rosidl_typesupport_c: rosidl_typesupport_fastrtps_c;rosidl_typesupport_introspection_c
[16.951s] -- Using all available rosidl_typesupport_cpp: rosidl_typesupport_fastrtps_cpp;rosidl_typesupport_introspection_cpp
[17.094s] -- Found python_cmake_module: 0.10.0 (/opt/ros/humble/share/python_cmake_module/cmake)
[17.233s] -- Using PYTHON_EXECUTABLE: /usr/bin/python3
[17.234s] -- Using PYTHON_INCLUDE_DIRS: /usr/include/python3.8
[17.234s] -- Using PYTHON_LIBRARIES: /usr/lib/aarch64-linux-gnu/libpython3.8.so
[17.601s] -- Found ament_lint_auto: 0.12.9 (/opt/ros/humble/share/ament_lint_auto/cmake)
[17.697s] -- Added test 'cppcheck' to perform static code analysis on C / C++ code
[17.731s] -- Configured cppcheck include dirs: /home/puzzlebot/Documents/PUXXY_NODE/TE3002B/puzzle_ws/src/puzzle_pkg/include;$<BUILD_INTERFACE:/home/puzzlebot/Documents/PUXXY_NODE/TE3002B/puzzle_ws/src/puzzle_pkg/include>
[17.732s] -- Configured cppcheck exclude dirs and/or files: 
[17.735s] -- Added test 'flake8' to check Python code syntax and style conventions
[17.740s] -- Added test 'lint_cmake' to check CMake code style
[17.743s] -- Added test 'pep257' to check Python code against some of the docstring style conventions in PEP 257
[17.754s] -- Added test 'uncrustify' to check C / C++ code style
[17.754s] -- Configured uncrustify additional arguments: 
[17.757s] -- Added test 'xmllint' to check XML markup files
[17.789s] -- Configuring done
[18.376s] -- Generating done
[18.395s] -- Build files have been written to: /home/puzzlebot/Documents/PUXXY_NODE/TE3002B/puzzle_ws/build/puzzle_pkg
[18.584s] [  6%] Built target puzzle_pkg__rosidl_generator_c
[18.615s] [  9%] Built target puzzle_pkg__cpp
[18.680s] [  9%] Built target ament_cmake_python_copy_puzzle_pkg
[18.714s] [35m[1mScanning dependencies of target signal_classification[0m
[18.725s] [ 13%] Built target odometry
[18.807s] [ 20%] Built target puzzle_pkg__rosidl_typesupport_c
[18.831s] [ 25%] Built target cam_source
[18.853s] [ 31%] Built target puzzle_pkg__rosidl_typesupport_cpp
[18.936s] [ 38%] Built target puzzle_pkg__rosidl_typesupport_introspection_cpp
[18.980s] [ 45%] Built target puzzle_pkg__rosidl_typesupport_fastrtps_cpp
[19.015s] [ 52%] Built target puzzle_pkg__rosidl_typesupport_introspection_c
[19.089s] [ 59%] Built target puzzle_pkg__rosidl_typesupport_fastrtps_c
[19.103s] [35m[1mScanning dependencies of target lane_detection[0m
[19.329s] [ 63%] Built target controller
[19.583s] [ 63%] Built target puzzle_pkg
[19.617s] [ 65%] [32mBuilding CXX object CMakeFiles/lane_detection.dir/src/vision/lane_detection.cpp.o[0m
[19.673s] [ 68%] [32mBuilding CXX object CMakeFiles/signal_classification.dir/src/vision/signal_classification.cpp.o[0m
[19.731s] [ 70%] Built target puzzle_pkg__py
[20.056s] [ 75%] Built target puzzle_pkg__rosidl_generator_py
[20.332s] [ 79%] Built target puzzle_pkg__rosidl_typesupport_fastrtps_c__pyext
[20.581s] running egg_info
[20.595s] writing puzzle_pkg.egg-info/PKG-INFO
[20.596s] writing dependency_links to puzzle_pkg.egg-info/dependency_links.txt
[20.599s] writing top-level names to puzzle_pkg.egg-info/top_level.txt
[20.601s] [ 84%] Built target puzzle_pkg__rosidl_typesupport_introspection_c__pyext
[20.808s] reading manifest file 'puzzle_pkg.egg-info/SOURCES.txt'
[20.815s] writing manifest file 'puzzle_pkg.egg-info/SOURCES.txt'
[20.853s] [ 88%] Built target puzzle_pkg__rosidl_typesupport_c__pyext
[20.951s] [ 88%] Built target ament_cmake_python_build_puzzle_pkg_egg
[35.481s] [01m[K/home/puzzlebot/Documents/PUXXY_NODE/TE3002B/puzzle_ws/src/puzzle_pkg/src/vision/signal_classification.cpp:[m[K In constructor â€˜[01m[KClassificationNode::ClassificationNode()[m[Kâ€™:
[35.491s] [01m[K/home/puzzlebot/Documents/PUXXY_NODE/TE3002B/puzzle_ws/src/puzzle_pkg/src/vision/signal_classification.cpp:19:55:[m[K [01;31m[Kerror: [m[Kno match for â€˜[01m[Koperator=[m[Kâ€™ (operand types are â€˜[01m[Kstd::vector<std::__cxx11::basic_string<char> >[m[Kâ€™ and â€˜[01m[Kstd::vector<int>[m[Kâ€™)
[35.492s]          output_layers_ = net_.getUnconnectedOutLayers([01;31m[K)[m[K;
[35.492s]                                                        [01;31m[K^[m[K
[35.493s] In file included from [01m[K/usr/include/c++/8/vector:69[m[K,
[35.493s]                  from [01m[K/opt/ros/humble/include/rclcpp/rclcpp/executor.hpp:28[m[K,
[35.494s]                  from [01m[K/opt/ros/humble/include/rclcpp/rclcpp/executors/multi_threaded_executor.hpp:25[m[K,
[35.494s]                  from [01m[K/opt/ros/humble/include/rclcpp/rclcpp/executors.hpp:21[m[K,
[35.495s]                  from [01m[K/opt/ros/humble/include/rclcpp/rclcpp/rclcpp.hpp:155[m[K,
[35.495s]                  from [01m[K/home/puzzlebot/Documents/PUXXY_NODE/TE3002B/puzzle_ws/src/puzzle_pkg/src/vision/signal_classification.cpp:1[m[K:
[35.496s] [01m[K/usr/include/c++/8/bits/vector.tcc:186:5:[m[K [01;36m[Knote: [m[Kcandidate: â€˜[01m[Kstd::vector<_Tp, _Alloc>& std::vector<_Tp, _Alloc>::operator=(const std::vector<_Tp, _Alloc>&) [with _Tp = std::__cxx11::basic_string<char>; _Alloc = std::allocator<std::__cxx11::basic_string<char> >][m[Kâ€™
[35.496s]      [01;36m[Kvector<_Tp, _Alloc>[m[K::
[35.496s]      [01;36m[K^~~~~~~~~~~~~~~~~~~[m[K
[35.497s] [01m[K/usr/include/c++/8/bits/vector.tcc:186:5:[m[K [01;36m[Knote: [m[K  no known conversion for argument 1 from â€˜[01m[Kstd::vector<int>[m[Kâ€™ to â€˜[01m[Kconst std::vector<std::__cxx11::basic_string<char> >&[m[Kâ€™
[35.497s] In file included from [01m[K/usr/include/c++/8/vector:64[m[K,
[35.498s]                  from [01m[K/opt/ros/humble/include/rclcpp/rclcpp/executor.hpp:28[m[K,
[35.498s]                  from [01m[K/opt/ros/humble/include/rclcpp/rclcpp/executors/multi_threaded_executor.hpp:25[m[K,
[35.499s]                  from [01m[K/opt/ros/humble/include/rclcpp/rclcpp/executors.hpp:21[m[K,
[35.499s]                  from [01m[K/opt/ros/humble/include/rclcpp/rclcpp/rclcpp.hpp:155[m[K,
[35.500s]                  from [01m[K/home/puzzlebot/Documents/PUXXY_NODE/TE3002B/puzzle_ws/src/puzzle_pkg/src/vision/signal_classification.cpp:1[m[K:
[35.500s] [01m[K/usr/include/c++/8/bits/stl_vector.h:596:7:[m[K [01;36m[Knote: [m[Kcandidate: â€˜[01m[Kstd::vector<_Tp, _Alloc>& std::vector<_Tp, _Alloc>::operator=(std::vector<_Tp, _Alloc>&&) [with _Tp = std::__cxx11::basic_string<char>; _Alloc = std::allocator<std::__cxx11::basic_string<char> >][m[Kâ€™
[35.500s]        [01;36m[Koperator[m[K=(vector&& __x) noexcept(_Alloc_traits::_S_nothrow_move())
[35.510s]        [01;36m[K^~~~~~~~[m[K
[35.511s] [01m[K/usr/include/c++/8/bits/stl_vector.h:596:7:[m[K [01;36m[Knote: [m[K  no known conversion for argument 1 from â€˜[01m[Kstd::vector<int>[m[Kâ€™ to â€˜[01m[Kstd::vector<std::__cxx11::basic_string<char> >&&[m[Kâ€™
[35.512s] [01m[K/usr/include/c++/8/bits/stl_vector.h:617:7:[m[K [01;36m[Knote: [m[Kcandidate: â€˜[01m[Kstd::vector<_Tp, _Alloc>& std::vector<_Tp, _Alloc>::operator=(std::initializer_list<_Tp>) [with _Tp = std::__cxx11::basic_string<char>; _Alloc = std::allocator<std::__cxx11::basic_string<char> >][m[Kâ€™
[35.512s]        [01;36m[Koperator[m[K=(initializer_list<value_type> __l)
[35.513s]        [01;36m[K^~~~~~~~[m[K
[35.513s] [01m[K/usr/include/c++/8/bits/stl_vector.h:617:7:[m[K [01;36m[Knote: [m[K  no known conversion for argument 1 from â€˜[01m[Kstd::vector<int>[m[Kâ€™ to â€˜[01m[Kstd::initializer_list<std::__cxx11::basic_string<char> >[m[Kâ€™
[36.049s] [01m[K/home/puzzlebot/Documents/PUXXY_NODE/TE3002B/puzzle_ws/src/puzzle_pkg/src/vision/lane_detection.cpp:[m[K In member function â€˜[01m[Kdouble LaneProcessingNode::detect_lane_center(cv::Mat&)[m[Kâ€™:
[36.049s] [01m[K/home/puzzlebot/Documents/PUXXY_NODE/TE3002B/puzzle_ws/src/puzzle_pkg/src/vision/lane_detection.cpp:246:60:[m[K [01;35m[Kwarning: [m[Knarrowing conversion of â€˜[01m[K(cropped_width / 2)[m[Kâ€™ from â€˜[01m[Kint[m[Kâ€™ to â€˜[01m[Kdouble[m[Kâ€™ inside { } [[01;35m[K-Wnarrowing[m[K]
[36.050s]              cv::Vec<double, 4> angle_line = { [01;35m[Kcropped_width/2[m[K , cropped_height, last_line.second[0], last_line.second[1]};
[36.051s]                                                [01;35m[K~~~~~~~~~~~~~^~[m[K
[36.051s] [01m[K/home/puzzlebot/Documents/PUXXY_NODE/TE3002B/puzzle_ws/src/puzzle_pkg/src/vision/lane_detection.cpp:246:60:[m[K [01;35m[Kwarning: [m[Knarrowing conversion of â€˜[01m[K(cropped_width / 2)[m[Kâ€™ from â€˜[01m[Kint[m[Kâ€™ to â€˜[01m[Kdouble[m[Kâ€™ inside { } [[01;35m[K-Wnarrowing[m[K]
[36.052s] [01m[K/home/puzzlebot/Documents/PUXXY_NODE/TE3002B/puzzle_ws/src/puzzle_pkg/src/vision/lane_detection.cpp:246:121:[m[K [01;35m[Kwarning: [m[Knarrowing conversion of â€˜[01m[Kcropped_height[m[Kâ€™ from â€˜[01m[Kint[m[Kâ€™ to â€˜[01m[Kdouble[m[Kâ€™ inside { } [[01;35m[K-Wnarrowing[m[K]
[36.052s]              cv::Vec<double, 4> angle_line = { cropped_width/2 , cropped_height, last_line.second[0], last_line.second[1][01;35m[K}[m[K;
[36.053s]                                                                                                                          [01;35m[K^[m[K
[36.053s] [01m[K/home/puzzlebot/Documents/PUXXY_NODE/TE3002B/puzzle_ws/src/puzzle_pkg/src/vision/lane_detection.cpp:246:121:[m[K [01;35m[Kwarning: [m[Knarrowing conversion of â€˜[01m[Kcropped_height[m[Kâ€™ from â€˜[01m[Kint[m[Kâ€™ to â€˜[01m[Kdouble[m[Kâ€™ inside { } [[01;35m[K-Wnarrowing[m[K]
[55.884s] make[2]: *** [CMakeFiles/signal_classification.dir/build.make:63: CMakeFiles/signal_classification.dir/src/vision/signal_classification.cpp.o] Error 1
[55.886s] make[1]: *** [CMakeFiles/Makefile2:723: CMakeFiles/signal_classification.dir/all] Error 2
[55.888s] make[1]: *** Waiting for unfinished jobs....
[76.776s] [ 90%] [32m[1mLinking CXX executable lane_detection[0m
[80.895s] [ 97%] Built target lane_detection
[80.900s] make: *** [Makefile:141: all] Error 2
[80.924s] Invoked command in '/home/puzzlebot/Documents/PUXXY_NODE/TE3002B/puzzle_ws/build/puzzle_pkg' returned '2': CMAKE_PREFIX_PATH=/home/puzzlebot/Documents/PUXXY_NODE/TE3002B/puzzle_ws/install/cv_bridge:/home/puzzlebot/Documents/PUXXY_NODE/TE3002B/puzzle_ws/install/vision_opencv:/home/puzzlebot/Documents/PUXXY_NODE/TE3002B/puzzle_ws/install/puzzle_pkg:/home/puzzlebot/Documents/PUXXY_NODE/TE3002B/puzzle_ws/install/image_geometry:/home/puzzlebot/Documents/PUXXY_NODE/TE3002B/puzzle_ws/install/opencv_tests:/home/puzzlebot/ros2_ws/install/puzzlebot_ros:/opt/ros/humble:/home/puzzlebot/ros2_packages_ws/install/ros_deep_learning:/home/puzzlebot/ros2_packages_ws/install/micro_ros_setup:/home/puzzlebot/ros2_packages_ws/install/micro_ros_agent:/home/puzzlebot/ros2_packages_ws/install/micro_ros_msgs:/home/puzzlebot/ros2_packages_ws/install/camera_info_publisher LD_LIBRARY_PATH=/home/puzzlebot/Documents/PUXXY_NODE/TE3002B/puzzle_ws/install/cv_bridge/lib:/home/puzzlebot/Documents/PUXXY_NODE/TE3002B/puzzle_ws/install/puzzle_pkg/lib:/home/puzzlebot/Documents/PUXXY_NODE/TE3002B/puzzle_ws/install/image_geometry/lib:/home/puzzlebot/ros2_packages_ws/install/micro_ros_agent/lib:/home/puzzlebot/ros2_packages_ws/install/micro_ros_msgs/lib:/opt/ros/humble/opt/rviz_ogre_vendor/lib:/opt/ros/humble/lib/aarch64-linux-gnu:/opt/ros/humble/lib PYTHONPATH=/home/puzzlebot/Documents/PUXXY_NODE/TE3002B/puzzle_ws/install/cv_bridge/lib/python3.8/site-packages:/home/puzzlebot/Documents/PUXXY_NODE/TE3002B/puzzle_ws/install/puzzle_pkg/lib/python3.8/site-packages:/home/puzzlebot/Documents/PUXXY_NODE/TE3002B/puzzle_ws/install/opencv_tests/lib/python3.8/site-packages:/home/puzzlebot/Documents/PUXXY_NODE/TE3002B/puzzle_ws/install/image_geometry/lib/python3.8/site-packages:/home/puzzlebot/ros2_ws/build/puzzlebot_ros:/home/puzzlebot/ros2_ws/install/puzzlebot_ros/lib/python3.8/site-packages:/home/puzzlebot/ros2_packages_ws/install/micro_ros_msgs/lib/python3.8/site-packages:/opt/ros/humble/lib/python3.8/site-packages /usr/bin/cmake --build /home/puzzlebot/Documents/PUXXY_NODE/TE3002B/puzzle_ws/build/puzzle_pkg -- -j4 -l4
