[1.362s] Invoking command in '/home/puzzlebot/Desktop/PUXXY_NODE/TE3002B/lane_processing_ws/build/lane_processing': CMAKE_PREFIX_PATH=/home/puzzlebot/Desktop/PUXXY_NODE/TE3002B/lane_processing_ws/install/lane_processing:/home/puzzlebot/ros2_ws/install/puzzlebot_ros:/opt/ros/humble:/home/puzzlebot/ros2_packages_ws/install/ros_deep_learning:/home/puzzlebot/ros2_packages_ws/install/micro_ros_setup:/home/puzzlebot/ros2_packages_ws/install/micro_ros_agent:/home/puzzlebot/ros2_packages_ws/install/micro_ros_msgs:/home/puzzlebot/ros2_packages_ws/install/camera_info_publisher /usr/bin/cmake --build /home/puzzlebot/Desktop/PUXXY_NODE/TE3002B/lane_processing_ws/build/lane_processing -- -j4 -l4
[1.841s] [  2%] Built target lane_processing__cpp
[1.857s] [ 11%] Built target lane_processing__rosidl_generator_c
[1.878s] [ 11%] Built target ament_cmake_python_copy_lane_processing
[1.959s] [ 22%] Built target lane_processing__rosidl_typesupport_introspection_cpp
[1.962s] [ 27%] Built target lane_processing__rosidl_typesupport_fastrtps_cpp
[1.971s] [ 36%] Built target lane_processing__rosidl_typesupport_cpp
[1.993s] [ 44%] Built target lane_processing__rosidl_typesupport_fastrtps_c
[2.068s] [ 61%] Built target lane_processing__rosidl_typesupport_c
[2.068s] [ 61%] Built target lane_processing__rosidl_typesupport_introspection_c
[2.116s] [35m[1mScanning dependencies of target lane_detection[0m
[2.158s] [ 61%] Built target lane_processing
[2.242s] [ 63%] Built target lane_processing__py
[2.400s] [ 69%] Built target lane_processing__rosidl_generator_py
[2.452s] [ 72%] [32mBuilding CXX object CMakeFiles/lane_detection.dir/src/lane_detection.cpp.o[0m
[2.560s] [ 83%] Built target lane_processing__rosidl_typesupport_fastrtps_c__pyext
[2.561s] [ 83%] Built target lane_processing__rosidl_typesupport_c__pyext
[2.766s] [ 88%] Built target lane_processing__rosidl_typesupport_introspection_c__pyext
[3.267s] running egg_info
[3.271s] writing lane_processing.egg-info/PKG-INFO
[3.271s] writing dependency_links to lane_processing.egg-info/dependency_links.txt
[3.272s] writing top-level names to lane_processing.egg-info/top_level.txt
[3.468s] reading manifest file 'lane_processing.egg-info/SOURCES.txt'
[3.473s] writing manifest file 'lane_processing.egg-info/SOURCES.txt'
[3.600s] [ 88%] Built target ament_cmake_python_build_lane_processing_egg
[17.277s] [01m[K/home/puzzlebot/Desktop/PUXXY_NODE/TE3002B/lane_processing_ws/src/lane_processing/src/lane_detection.cpp:270:5:[m[K [01;31m[Kerror: [m[Kâ€˜[01m[Kdifferential_wheeled_robot[m[Kâ€™ does not name a type
[17.279s]      [01;31m[Kdifferential_wheeled_robot[m[K::msg::DiffError errors_;
[17.279s]      [01;31m[K^~~~~~~~~~~~~~~~~~~~~~~~~~[m[K
[17.820s] [01m[K/home/puzzlebot/Desktop/PUXXY_NODE/TE3002B/lane_processing_ws/src/lane_processing/src/lane_detection.cpp:[m[K In constructor â€˜[01m[KLaneProcessingNode::LaneProcessingNode()[m[Kâ€™:
[17.820s] [01m[K/home/puzzlebot/Desktop/PUXXY_NODE/TE3002B/lane_processing_ws/src/lane_processing/src/lane_detection.cpp:41:9:[m[K [01;31m[Kerror: [m[Kclass â€˜[01m[KLaneProcessingNode[m[Kâ€™ does not have any field named â€˜[01m[Kerrors_[m[Kâ€™
[17.821s]          [01;31m[Kerrors_[m[K{lane_processing::msg::DiffError{}},
[17.822s]          [01;31m[K^~~~~~~[m[K
[17.823s] [01m[K/home/puzzlebot/Desktop/PUXXY_NODE/TE3002B/lane_processing_ws/src/lane_processing/src/lane_detection.cpp:42:9:[m[K [01;31m[Kerror: [m[Kexpected identifier before â€˜[01m[K{[m[Kâ€™ token
[17.823s]          [01;31m[K{[m[K
[17.823s]          [01;31m[K^[m[K
[17.824s] [01m[K/home/puzzlebot/Desktop/PUXXY_NODE/TE3002B/lane_processing_ws/src/lane_processing/src/lane_detection.cpp:48:44:[m[K [01;31m[Kerror: [m[Kâ€˜[01m[Kimage_callback[m[Kâ€™ is not a member of â€˜[01m[KLaneProcessingNode[m[Kâ€™
[17.824s]              std::bind(&LaneProcessingNode::[01;31m[Kimage_callback[m[K, this, std::placeholders::_1)
[17.825s]                                             [01;31m[K^~~~~~~~~~~~~~[m[K
[17.843s] [01m[K/home/puzzlebot/Desktop/PUXXY_NODE/TE3002B/lane_processing_ws/src/lane_processing/src/lane_detection.cpp:55:97:[m[K [01;31m[Kerror: [m[Kno match for â€˜[01m[Koperator=[m[Kâ€™ (operand types are â€˜[01m[Krclcpp::Subscription<lane_processing::msg::DiffError_<std::allocator<void> > >::SharedPtr[m[Kâ€™ {aka â€˜[01m[Kstd::shared_ptr<rclcpp::Subscription<lane_processing::msg::DiffError_<std::allocator<void> > > >[m[Kâ€™} and â€˜[01m[Kstd::shared_ptr<rclcpp::Publisher<lane_processing::msg::DiffError_<std::allocator<void> >, std::allocator<void> > >[m[Kâ€™)
[17.844s]          publisher_errors_ = this->create_publisher<lane_processing::msg::DiffError>("errors", 10[01;31m[K)[m[K;
[17.845s]                                                                                                  [01;31m[K^[m[K
[17.845s] In file included from [01m[K/usr/include/c++/8/memory:81[m[K,
[17.845s]                  from [01m[K/opt/ros/humble/include/rclcpp/rclcpp/rclcpp.hpp:153[m[K,
[17.846s]                  from [01m[K/home/puzzlebot/Desktop/PUXXY_NODE/TE3002B/lane_processing_ws/src/lane_processing/src/lane_detection.cpp:5[m[K:
[17.846s] [01m[K/usr/include/c++/8/bits/shared_ptr.h:309:19:[m[K [01;36m[Knote: [m[Kcandidate: â€˜[01m[Kstd::shared_ptr<_Tp>& std::shared_ptr<_Tp>::operator=(const std::shared_ptr<_Tp>&) [with _Tp = rclcpp::Subscription<lane_processing::msg::DiffError_<std::allocator<void> > >][m[Kâ€™
[17.847s]        shared_ptr& [01;36m[Koperator[m[K=(const shared_ptr&) noexcept = default;
[17.847s]                    [01;36m[K^~~~~~~~[m[K
[17.847s] [01m[K/usr/include/c++/8/bits/shared_ptr.h:309:19:[m[K [01;36m[Knote: [m[K  no known conversion for argument 1 from â€˜[01m[Kstd::shared_ptr<rclcpp::Publisher<lane_processing::msg::DiffError_<std::allocator<void> >, std::allocator<void> > >[m[Kâ€™ to â€˜[01m[Kconst std::shared_ptr<rclcpp::Subscription<lane_processing::msg::DiffError_<std::allocator<void> > > >&[m[Kâ€™
[17.848s] [01m[K/usr/include/c++/8/bits/shared_ptr.h:313:2:[m[K [01;36m[Knote: [m[Kcandidate: â€˜[01m[Ktemplate<class _Yp> std::shared_ptr<_Tp>::_Assignable<const std::shared_ptr<_Yp>&> std::shared_ptr<_Tp>::operator=(const std::shared_ptr<_Yp>&) [with _Yp = _Yp; _Tp = rclcpp::Subscription<lane_processing::msg::DiffError_<std::allocator<void> > >][m[Kâ€™
[17.848s]   [01;36m[Koperator[m[K=(const shared_ptr<_Yp>& __r) noexcept
[17.848s]   [01;36m[K^~~~~~~~[m[K
[17.849s] [01m[K/usr/include/c++/8/bits/shared_ptr.h:313:2:[m[K [01;36m[Knote: [m[K  template argument deduction/substitution failed:
[17.850s] [01m[K/usr/include/c++/8/bits/shared_ptr.h:324:2:[m[K [01;36m[Knote: [m[Kcandidate: â€˜[01m[Ktemplate<class _Yp> std::shared_ptr<_Tp>::_Assignable<std::auto_ptr<_Up> > std::shared_ptr<_Tp>::operator=(std::auto_ptr<_Up>&&) [with _Yp = _Yp; _Tp = rclcpp::Subscription<lane_processing::msg::DiffError_<std::allocator<void> > >][m[Kâ€™
[17.850s]   [01;36m[Koperator[m[K=(auto_ptr<_Yp>&& __r)
[17.850s]   [01;36m[K^~~~~~~~[m[K
[17.851s] [01m[K/usr/include/c++/8/bits/shared_ptr.h:324:2:[m[K [01;36m[Knote: [m[K  template argument deduction/substitution failed:
[17.851s] [01m[K/home/puzzlebot/Desktop/PUXXY_NODE/TE3002B/lane_processing_ws/src/lane_processing/src/lane_detection.cpp:55:97:[m[K [01;36m[Knote: [m[K  â€˜[01m[Kstd::shared_ptr<rclcpp::Publisher<lane_processing::msg::DiffError_<std::allocator<void> >, std::allocator<void> > >[m[Kâ€™ is not derived from â€˜[01m[Kstd::auto_ptr<_Up>[m[Kâ€™
[17.852s]          publisher_errors_ = this->create_publisher<lane_processing::msg::DiffError>("errors", 10[01;36m[K)[m[K;
[17.852s]                                                                                                  [01;36m[K^[m[K
[17.852s] In file included from [01m[K/usr/include/c++/8/memory:81[m[K,
[17.853s]                  from [01m[K/opt/ros/humble/include/rclcpp/rclcpp/rclcpp.hpp:153[m[K,
[17.853s]                  from [01m[K/home/puzzlebot/Desktop/PUXXY_NODE/TE3002B/lane_processing_ws/src/lane_processing/src/lane_detection.cpp:5[m[K:
[17.854s] [01m[K/usr/include/c++/8/bits/shared_ptr.h:333:7:[m[K [01;36m[Knote: [m[Kcandidate: â€˜[01m[Kstd::shared_ptr<_Tp>& std::shared_ptr<_Tp>::operator=(std::shared_ptr<_Tp>&&) [with _Tp = rclcpp::Subscription<lane_processing::msg::DiffError_<std::allocator<void> > >][m[Kâ€™
[17.854s]        [01;36m[Koperator[m[K=(shared_ptr&& __r) noexcept
[17.854s]        [01;36m[K^~~~~~~~[m[K
[17.855s] [01m[K/usr/include/c++/8/bits/shared_ptr.h:333:7:[m[K [01;36m[Knote: [m[K  no known conversion for argument 1 from â€˜[01m[Kstd::shared_ptr<rclcpp::Publisher<lane_processing::msg::DiffError_<std::allocator<void> >, std::allocator<void> > >[m[Kâ€™ to â€˜[01m[Kstd::shared_ptr<rclcpp::Subscription<lane_processing::msg::DiffError_<std::allocator<void> > > >&&[m[Kâ€™
[17.855s] [01m[K/usr/include/c++/8/bits/shared_ptr.h:341:2:[m[K [01;36m[Knote: [m[Kcandidate: â€˜[01m[Ktemplate<class _Yp> std::shared_ptr<_Tp>::_Assignable<std::shared_ptr<_Yp> > std::shared_ptr<_Tp>::operator=(std::shared_ptr<_Yp>&&) [with _Yp = _Yp; _Tp = rclcpp::Subscription<lane_processing::msg::DiffError_<std::allocator<void> > >][m[Kâ€™
[17.856s]   [01;36m[Koperator[m[K=(shared_ptr<_Yp>&& __r) noexcept
[17.856s]   [01;36m[K^~~~~~~~[m[K
[17.857s] [01m[K/usr/include/c++/8/bits/shared_ptr.h:341:2:[m[K [01;36m[Knote: [m[K  template argument deduction/substitution failed:
[17.857s] [01m[K/usr/include/c++/8/bits/shared_ptr.h:349:2:[m[K [01;36m[Knote: [m[Kcandidate: â€˜[01m[Ktemplate<class _Yp, class _Del> std::shared_ptr<_Tp>::_Assignable<std::unique_ptr<_Up, _Ep> > std::shared_ptr<_Tp>::operator=(std::unique_ptr<_Up, _Ep>&&) [with _Yp = _Yp; _Del = _Del; _Tp = rclcpp::Subscription<lane_processing::msg::DiffError_<std::allocator<void> > >][m[Kâ€™
[17.858s]   [01;36m[Koperator[m[K=(unique_ptr<_Yp, _Del>&& __r)
[17.858s]   [01;36m[K^~~~~~~~[m[K
[17.859s] [01m[K/usr/include/c++/8/bits/shared_ptr.h:349:2:[m[K [01;36m[Knote: [m[K  template argument deduction/substitution failed:
[17.859s] [01m[K/home/puzzlebot/Desktop/PUXXY_NODE/TE3002B/lane_processing_ws/src/lane_processing/src/lane_detection.cpp:55:97:[m[K [01;36m[Knote: [m[K  â€˜[01m[Kstd::shared_ptr<rclcpp::Publisher<lane_processing::msg::DiffError_<std::allocator<void> >, std::allocator<void> > >[m[Kâ€™ is not derived from â€˜[01m[Kstd::unique_ptr<_Tp, _Dp>[m[Kâ€™
[17.860s]          publisher_errors_ = this->create_publisher<lane_processing::msg::DiffError>("errors", 10[01;36m[K)[m[K;
[17.860s]                                                                                                  [01;36m[K^[m[K
[17.901s] [01m[K/home/puzzlebot/Desktop/PUXXY_NODE/TE3002B/lane_processing_ws/src/lane_processing/src/lane_detection.cpp:[m[K In member function â€˜[01m[Kvoid LaneProcessingNode::publish_errors()[m[Kâ€™:
[17.901s] [01m[K/home/puzzlebot/Desktop/PUXXY_NODE/TE3002B/lane_processing_ws/src/lane_processing/src/lane_detection.cpp:99:35:[m[K [01;31m[Kerror: [m[Kâ€˜[01m[Kerrors_[m[Kâ€™ was not declared in this scope
[17.902s]          angle_publisher_->publish([01;31m[Kerrors_[m[K);
[17.902s]                                    [01;31m[K^~~~~~~[m[K
[17.914s] [01m[K/home/puzzlebot/Desktop/PUXXY_NODE/TE3002B/lane_processing_ws/src/lane_processing/src/lane_detection.cpp:99:35:[m[K [01;36m[Knote: [m[Ksuggested alternative: â€˜[01m[Kerror_t[m[Kâ€™
[17.915s]          angle_publisher_->publish([01;36m[Kerrors_[m[K);
[17.915s]                                    [01;36m[K^~~~~~~[m[K
[17.915s]                                    [32m[Kerror_t[m[K
[25.425s] make[2]: *** [CMakeFiles/lane_detection.dir/build.make:63: CMakeFiles/lane_detection.dir/src/lane_detection.cpp.o] Error 1
[25.426s] make[1]: *** [CMakeFiles/Makefile2:352: CMakeFiles/lane_detection.dir/all] Error 2
[25.426s] make: *** [Makefile:141: all] Error 2
[25.592s] Invoked command in '/home/puzzlebot/Desktop/PUXXY_NODE/TE3002B/lane_processing_ws/build/lane_processing' returned '2': CMAKE_PREFIX_PATH=/home/puzzlebot/Desktop/PUXXY_NODE/TE3002B/lane_processing_ws/install/lane_processing:/home/puzzlebot/ros2_ws/install/puzzlebot_ros:/opt/ros/humble:/home/puzzlebot/ros2_packages_ws/install/ros_deep_learning:/home/puzzlebot/ros2_packages_ws/install/micro_ros_setup:/home/puzzlebot/ros2_packages_ws/install/micro_ros_agent:/home/puzzlebot/ros2_packages_ws/install/micro_ros_msgs:/home/puzzlebot/ros2_packages_ws/install/camera_info_publisher /usr/bin/cmake --build /home/puzzlebot/Desktop/PUXXY_NODE/TE3002B/lane_processing_ws/build/lane_processing -- -j4 -l4
