[0.000000] (-) TimerEvent: {}
[0.002071] (puzzle_pkg) JobQueued: {'identifier': 'puzzle_pkg', 'dependencies': OrderedDict()}
[0.002716] (puzzle_pkg) JobStarted: {'identifier': 'puzzle_pkg'}
[0.056219] (puzzle_pkg) JobProgress: {'identifier': 'puzzle_pkg', 'progress': 'cmake'}
[0.059428] (puzzle_pkg) JobProgress: {'identifier': 'puzzle_pkg', 'progress': 'build'}
[0.067975] (puzzle_pkg) Command: {'cmd': ['/usr/bin/cmake', '--build', '/home/puzzlebot/Documents/PUXXY_NODE/TE3002B/puzzle_ws/build/puzzle_pkg', '--', '-j4', '-l4'], 'cwd': '/home/puzzlebot/Documents/PUXXY_NODE/TE3002B/puzzle_ws/build/puzzle_pkg', 'env': OrderedDict([('LESSOPEN', '| /usr/bin/lesspipe %s'), ('LANGUAGE', 'en_GB:en'), ('USER', 'puzzlebot'), ('SSH_CLIENT', '10.43.121.207 37972 22'), ('XDG_SESSION_TYPE', 'tty'), ('SHLVL', '1'), ('LD_LIBRARY_PATH', '/home/puzzlebot/Documents/PUXXY_NODE/TE3002B/puzzle_ws/install/puzzle_pkg/lib:/home/puzzlebot/ros2_packages_ws/install/micro_ros_agent/lib:/home/puzzlebot/ros2_packages_ws/install/micro_ros_msgs/lib:/opt/ros/humble/opt/rviz_ogre_vendor/lib:/opt/ros/humble/lib/aarch64-linux-gnu:/opt/ros/humble/lib'), ('MOTD_SHOWN', 'pam'), ('HOME', '/home/puzzlebot'), ('OLDPWD', '/home/puzzlebot'), ('SSH_TTY', '/dev/pts/1'), ('JETSON_L4T', '32.7.4'), ('ROS_PYTHON_VERSION', '3'), ('JETSON_MODEL', 'NVIDIA Jetson Nano 2GB Developer Kit'), ('DBUS_SESSION_BUS_ADDRESS', 'unix:path=/run/user/1000/bus'), ('COLCON_PREFIX_PATH', '/home/puzzlebot/Documents/PUXXY_NODE/TE3002B/puzzle_ws/install:/home/puzzlebot/ros2_ws/install:/home/puzzlebot/ros2_packages_ws/install'), ('ROS_DISTRO', 'humble'), ('LOGNAME', 'puzzlebot'), ('JETSON_MODULE', 'NVIDIA Jetson Nano (2 GB ram)'), ('JETSON_SERIAL_NUMBER', '1423122034228'), ('_', '/usr/bin/colcon'), ('ROS_VERSION', '2'), ('JETSON_CODENAME', 'Batuu'), ('XDG_SESSION_CLASS', 'user'), ('TERM', 'xterm-256color'), ('XDG_SESSION_ID', '4'), ('ROS_LOCALHOST_ONLY', '0'), ('PATH', '/home/puzzlebot/.local/bin:/opt/ros/humble/bin:/usr/local/sbin:/usr/local/bin:/usr/sbin:/usr/bin:/sbin:/bin:/usr/games:/usr/local/games:/snap/bin'), ('XDG_RUNTIME_DIR', '/run/user/1000'), ('LANG', 'en_GB.UTF-8'), ('LS_COLORS', 'rs=0:di=01;34:ln=01;36:mh=00:pi=40;33:so=01;35:do=01;35:bd=40;33;01:cd=40;33;01:or=40;31;01:mi=00:su=37;41:sg=30;43:ca=30;41:tw=30;42:ow=34;42:st=37;44:ex=01;32:*.tar=01;31:*.tgz=01;31:*.arc=01;31:*.arj=01;31:*.taz=01;31:*.lha=01;31:*.lz4=01;31:*.lzh=01;31:*.lzma=01;31:*.tlz=01;31:*.txz=01;31:*.tzo=01;31:*.t7z=01;31:*.zip=01;31:*.z=01;31:*.dz=01;31:*.gz=01;31:*.lrz=01;31:*.lz=01;31:*.lzo=01;31:*.xz=01;31:*.zst=01;31:*.tzst=01;31:*.bz2=01;31:*.bz=01;31:*.tbz=01;31:*.tbz2=01;31:*.tz=01;31:*.deb=01;31:*.rpm=01;31:*.jar=01;31:*.war=01;31:*.ear=01;31:*.sar=01;31:*.rar=01;31:*.alz=01;31:*.ace=01;31:*.zoo=01;31:*.cpio=01;31:*.7z=01;31:*.rz=01;31:*.cab=01;31:*.wim=01;31:*.swm=01;31:*.dwm=01;31:*.esd=01;31:*.jpg=01;35:*.jpeg=01;35:*.mjpg=01;35:*.mjpeg=01;35:*.gif=01;35:*.bmp=01;35:*.pbm=01;35:*.pgm=01;35:*.ppm=01;35:*.tga=01;35:*.xbm=01;35:*.xpm=01;35:*.tif=01;35:*.tiff=01;35:*.png=01;35:*.svg=01;35:*.svgz=01;35:*.mng=01;35:*.pcx=01;35:*.mov=01;35:*.mpg=01;35:*.mpeg=01;35:*.m2v=01;35:*.mkv=01;35:*.webm=01;35:*.ogm=01;35:*.mp4=01;35:*.m4v=01;35:*.mp4v=01;35:*.vob=01;35:*.qt=01;35:*.nuv=01;35:*.wmv=01;35:*.asf=01;35:*.rm=01;35:*.rmvb=01;35:*.flc=01;35:*.avi=01;35:*.fli=01;35:*.flv=01;35:*.gl=01;35:*.dl=01;35:*.xcf=01;35:*.xwd=01;35:*.yuv=01;35:*.cgm=01;35:*.emf=01;35:*.ogv=01;35:*.ogx=01;35:*.aac=00;36:*.au=00;36:*.flac=00;36:*.m4a=00;36:*.mid=00;36:*.midi=00;36:*.mka=00;36:*.mp3=00;36:*.mpc=00;36:*.ogg=00;36:*.ra=00;36:*.wav=00;36:*.oga=00;36:*.opus=00;36:*.spx=00;36:*.xspf=00;36:'), ('JETSON_SOC', 'tegra210'), ('AMENT_PREFIX_PATH', '/home/puzzlebot/Documents/PUXXY_NODE/TE3002B/puzzle_ws/install/puzzle_pkg:/home/puzzlebot/ros2_ws/install/puzzlebot_ros:/home/puzzlebot/ros2_packages_ws/install/ros_deep_learning:/home/puzzlebot/ros2_packages_ws/install/micro_ros_setup:/home/puzzlebot/ros2_packages_ws/install/micro_ros_agent:/home/puzzlebot/ros2_packages_ws/install/micro_ros_msgs:/home/puzzlebot/ros2_packages_ws/install/camera_info_publisher:/opt/ros/humble'), ('SHELL', '/bin/bash'), ('LESSCLOSE', '/usr/bin/lesspipe %s %s'), ('JETSON_BOARDIDS', 'p3448'), ('JETSON_CUDA_ARCH_BIN', '5.3'), ('PWD', '/home/puzzlebot/Documents/PUXXY_NODE/TE3002B/puzzle_ws/build/puzzle_pkg'), ('LC_ALL', 'en_US.UTF-8'), ('SSH_CONNECTION', '10.43.121.207 37972 10.43.100.6 22'), ('XDG_DATA_DIRS', '/usr/local/share:/usr/share:/var/lib/snapd/desktop'), ('PYTHONPATH', '/home/puzzlebot/Documents/PUXXY_NODE/TE3002B/puzzle_ws/install/puzzle_pkg/lib/python3.8/site-packages:/home/puzzlebot/ros2_ws/build/puzzlebot_ros:/home/puzzlebot/ros2_ws/install/puzzlebot_ros/lib/python3.8/site-packages:/home/puzzlebot/ros2_packages_ws/install/micro_ros_msgs/lib/python3.8/site-packages:/opt/ros/humble/lib/python3.8/site-packages'), ('COLCON', '1'), ('JETSON_JETPACK', '4.6.4'), ('CMAKE_PREFIX_PATH', '/home/puzzlebot/Documents/PUXXY_NODE/TE3002B/puzzle_ws/install/puzzle_pkg:/home/puzzlebot/ros2_ws/install/puzzlebot_ros:/opt/ros/humble:/home/puzzlebot/ros2_packages_ws/install/ros_deep_learning:/home/puzzlebot/ros2_packages_ws/install/micro_ros_setup:/home/puzzlebot/ros2_packages_ws/install/micro_ros_agent:/home/puzzlebot/ros2_packages_ws/install/micro_ros_msgs:/home/puzzlebot/ros2_packages_ws/install/camera_info_publisher'), ('JETSON_P_NUMBER', 'p3448-0003')]), 'shell': False}
[0.101233] (-) TimerEvent: {}
[0.202537] (-) TimerEvent: {}
[0.303232] (-) TimerEvent: {}
[0.348473] (puzzle_pkg) StdoutLine: {'line': b'[  9%] Built target puzzle_pkg__cpp\n'}
[0.349424] (puzzle_pkg) StdoutLine: {'line': b'[  9%] Built target puzzle_pkg__rosidl_generator_c\n'}
[0.376620] (puzzle_pkg) StdoutLine: {'line': b'[  9%] Built target ament_cmake_python_copy_puzzle_pkg\n'}
[0.403409] (-) TimerEvent: {}
[0.461268] (puzzle_pkg) StdoutLine: {'line': b'[ 14%] Built target cam_source\n'}
[0.477675] (puzzle_pkg) StdoutLine: {'line': b'[ 21%] Built target puzzle_pkg__rosidl_typesupport_cpp\n'}
[0.503596] (-) TimerEvent: {}
[0.510948] (puzzle_pkg) StdoutLine: {'line': b'[ 28%] Built target puzzle_pkg__rosidl_typesupport_c\n'}
[0.561552] (puzzle_pkg) StdoutLine: {'line': b'[ 33%] Built target odometry\n'}
[0.584752] (puzzle_pkg) StdoutLine: {'line': b'[ 40%] Built target puzzle_pkg__rosidl_typesupport_fastrtps_c\n'}
[0.603806] (-) TimerEvent: {}
[0.611674] (puzzle_pkg) StdoutLine: {'line': b'[ 47%] Built target puzzle_pkg__rosidl_typesupport_fastrtps_cpp\n'}
[0.641172] (puzzle_pkg) StdoutLine: {'line': b'[ 54%] Built target puzzle_pkg__rosidl_typesupport_introspection_cpp\n'}
[0.702762] (puzzle_pkg) StdoutLine: {'line': b'[ 61%] Built target puzzle_pkg__rosidl_typesupport_introspection_c\n'}
[0.704862] (-) TimerEvent: {}
[0.708323] (puzzle_pkg) StdoutLine: {'line': b'\x1b[35m\x1b[1mScanning dependencies of target lane_detection\x1b[0m\n'}
[0.806164] (-) TimerEvent: {}
[0.883360] (puzzle_pkg) StdoutLine: {'line': b'[ 66%] Built target controller\n'}
[0.906354] (-) TimerEvent: {}
[0.920793] (puzzle_pkg) StdoutLine: {'line': b'[ 69%] \x1b[32mBuilding CXX object CMakeFiles/lane_detection.dir/src/vision/lib/cv_wrapper.cpp.o\x1b[0m\n'}
[0.929694] (puzzle_pkg) StdoutLine: {'line': b'[ 69%] Built target puzzle_pkg\n'}
[1.006524] (-) TimerEvent: {}
[1.045063] (puzzle_pkg) StdoutLine: {'line': b'[ 71%] Built target puzzle_pkg__py\n'}
[1.106676] (-) TimerEvent: {}
[1.207788] (-) TimerEvent: {}
[1.212866] (puzzle_pkg) StdoutLine: {'line': b'[ 76%] Built target puzzle_pkg__rosidl_generator_py\n'}
[1.307994] (-) TimerEvent: {}
[1.381185] (puzzle_pkg) StdoutLine: {'line': b'[ 80%] Built target puzzle_pkg__rosidl_typesupport_introspection_c__pyext\n'}
[1.385520] (puzzle_pkg) StdoutLine: {'line': b'[ 85%] Built target puzzle_pkg__rosidl_typesupport_c__pyext\n'}
[1.408143] (-) TimerEvent: {}
[1.509114] (-) TimerEvent: {}
[1.527553] (puzzle_pkg) StdoutLine: {'line': b'[ 90%] Built target puzzle_pkg__rosidl_typesupport_fastrtps_c__pyext\n'}
[1.609264] (-) TimerEvent: {}
[1.710103] (-) TimerEvent: {}
[1.810805] (-) TimerEvent: {}
[1.911441] (-) TimerEvent: {}
[1.999520] (puzzle_pkg) StdoutLine: {'line': b'running egg_info\n'}
[2.004833] (puzzle_pkg) StdoutLine: {'line': b'writing puzzle_pkg.egg-info/PKG-INFO\n'}
[2.006928] (puzzle_pkg) StdoutLine: {'line': b'writing dependency_links to puzzle_pkg.egg-info/dependency_links.txt\n'}
[2.007409] (puzzle_pkg) StdoutLine: {'line': b'writing top-level names to puzzle_pkg.egg-info/top_level.txt\n'}
[2.011596] (-) TimerEvent: {}
[2.112577] (-) TimerEvent: {}
[2.213305] (puzzle_pkg) StdoutLine: {'line': b"reading manifest file 'puzzle_pkg.egg-info/SOURCES.txt'\n"}
[2.213954] (-) TimerEvent: {}
[2.216403] (puzzle_pkg) StdoutLine: {'line': b"writing manifest file 'puzzle_pkg.egg-info/SOURCES.txt'\n"}
[2.314208] (-) TimerEvent: {}
[2.351135] (puzzle_pkg) StdoutLine: {'line': b'[ 90%] Built target ament_cmake_python_build_puzzle_pkg_egg\n'}
[2.414385] (-) TimerEvent: {}
[2.515111] (-) TimerEvent: {}
[2.615822] (-) TimerEvent: {}
[2.716510] (-) TimerEvent: {}
[2.817240] (-) TimerEvent: {}
[2.917920] (-) TimerEvent: {}
[3.018842] (-) TimerEvent: {}
[3.119700] (-) TimerEvent: {}
[3.220544] (-) TimerEvent: {}
[3.321631] (-) TimerEvent: {}
[3.422713] (-) TimerEvent: {}
[3.523391] (-) TimerEvent: {}
[3.624593] (-) TimerEvent: {}
[3.725318] (-) TimerEvent: {}
[3.826098] (-) TimerEvent: {}
[3.926931] (-) TimerEvent: {}
[4.027680] (-) TimerEvent: {}
[4.128511] (-) TimerEvent: {}
[4.229324] (-) TimerEvent: {}
[4.330114] (-) TimerEvent: {}
[4.431199] (-) TimerEvent: {}
[4.532190] (-) TimerEvent: {}
[4.633052] (-) TimerEvent: {}
[4.733934] (-) TimerEvent: {}
[4.834763] (-) TimerEvent: {}
[4.935585] (-) TimerEvent: {}
[5.037063] (-) TimerEvent: {}
[5.138256] (-) TimerEvent: {}
[5.239363] (-) TimerEvent: {}
[5.340153] (-) TimerEvent: {}
[5.441251] (-) TimerEvent: {}
[5.541929] (-) TimerEvent: {}
[5.642655] (-) TimerEvent: {}
[5.743399] (-) TimerEvent: {}
[5.844057] (-) TimerEvent: {}
[5.944724] (-) TimerEvent: {}
[6.045402] (-) TimerEvent: {}
[6.146091] (-) TimerEvent: {}
[6.246763] (-) TimerEvent: {}
[6.347488] (-) TimerEvent: {}
[6.448203] (-) TimerEvent: {}
[6.451088] (puzzle_pkg) StdoutLine: {'line': b'[ 92%] \x1b[32m\x1b[1mLinking CXX executable lane_detection\x1b[0m\n'}
[6.548436] (-) TimerEvent: {}
[6.649157] (-) TimerEvent: {}
[6.749861] (-) TimerEvent: {}
[6.850846] (-) TimerEvent: {}
[6.951674] (-) TimerEvent: {}
[7.052510] (-) TimerEvent: {}
[7.153426] (-) TimerEvent: {}
[7.254253] (-) TimerEvent: {}
[7.355259] (-) TimerEvent: {}
[7.456179] (-) TimerEvent: {}
[7.557046] (-) TimerEvent: {}
[7.657984] (-) TimerEvent: {}
[7.758711] (-) TimerEvent: {}
[7.859602] (-) TimerEvent: {}
[7.960765] (-) TimerEvent: {}
[8.061572] (-) TimerEvent: {}
[8.162688] (-) TimerEvent: {}
[8.263566] (-) TimerEvent: {}
[8.364500] (-) TimerEvent: {}
[8.465381] (-) TimerEvent: {}
[8.566240] (-) TimerEvent: {}
[8.666929] (-) TimerEvent: {}
[8.767685] (-) TimerEvent: {}
[8.868458] (-) TimerEvent: {}
[8.970442] (-) TimerEvent: {}
[9.071142] (-) TimerEvent: {}
[9.171798] (-) TimerEvent: {}
[9.272519] (-) TimerEvent: {}
[9.373190] (-) TimerEvent: {}
[9.473874] (-) TimerEvent: {}
[9.574606] (-) TimerEvent: {}
[9.675313] (-) TimerEvent: {}
[9.776100] (-) TimerEvent: {}
[9.876839] (-) TimerEvent: {}
[9.977501] (-) TimerEvent: {}
[10.078129] (-) TimerEvent: {}
[10.178875] (-) TimerEvent: {}
[10.253006] (puzzle_pkg) StderrLine: {'line': b'/usr/bin/ld: warning: libopencv_imgcodecs.so.4.2, needed by /opt/ros/humble/lib/libcv_bridge.so, may conflict with libopencv_imgcodecs.so.405\n'}
[10.253846] (puzzle_pkg) StderrLine: {'line': b'/usr/bin/ld: warning: libopencv_imgproc.so.4.2, needed by /opt/ros/humble/lib/libcv_bridge.so, may conflict with libopencv_imgproc.so.405\n'}
[10.254502] (puzzle_pkg) StderrLine: {'line': b'/usr/bin/ld: warning: libopencv_core.so.4.2, needed by /opt/ros/humble/lib/libcv_bridge.so, may conflict with libopencv_core.so.405\n'}
[10.254950] (puzzle_pkg) StderrLine: {'line': b"/usr/bin/ld: CMakeFiles/lane_detection.dir/src/vision/lane_detection.cpp.o: in function `LaneProcessingNode::process_frame(cv::Mat&)':\n"}
[10.255385] (puzzle_pkg) StderrLine: {'line': b"lane_detection.cpp:(.text._ZN18LaneProcessingNode13process_frameERN2cv3MatE[_ZN18LaneProcessingNode13process_frameERN2cv3MatE]+0x110): undefined reference to `apply_closing(cv::Mat&, cv::Size_<int>, int)'\n"}
[10.255983] (puzzle_pkg) StderrLine: {'line': b'collect2: error: ld returned 1 exit status\n'}
[10.262016] (puzzle_pkg) StderrLine: {'line': b'make[2]: *** [CMakeFiles/lane_detection.dir/build.make:280: lane_detection] Error 1\n'}
[10.262930] (puzzle_pkg) StderrLine: {'line': b'make[1]: *** [CMakeFiles/Makefile2:160: CMakeFiles/lane_detection.dir/all] Error 2\n'}
[10.269823] (puzzle_pkg) StderrLine: {'line': b'make: *** [Makefile:141: all] Error 2\n'}
[10.272442] (puzzle_pkg) CommandEnded: {'returncode': 2}
[10.279173] (-) TimerEvent: {}
[10.380081] (-) TimerEvent: {}
[10.480778] (-) TimerEvent: {}
[10.581939] (-) TimerEvent: {}
[10.605126] (puzzle_pkg) JobEnded: {'identifier': 'puzzle_pkg', 'rc': 2}
[10.617116] (-) EventReactorShutdown: {}
