[1.049s] Invoking command in '/home/puzzlebot/Desktop/PUXXY_NODE/TE3002B/differential_wheeled_robot_ws/build/differential_wheeled_robot': CMAKE_PREFIX_PATH=/home/puzzlebot/ros2_ws/install/puzzlebot_ros:/opt/ros/humble:${CMAKE_PREFIX_PATH} /usr/bin/cmake --build /home/puzzlebot/Desktop/PUXXY_NODE/TE3002B/differential_wheeled_robot_ws/build/differential_wheeled_robot -- -j4 -l4
[1.260s] [ 11%] Built target differential_wheeled_robot__rosidl_generator_c
[1.262s] [ 11%] Built target differential_wheeled_robot__cpp
[1.300s] [ 11%] Built target ament_cmake_python_copy_differential_wheeled_robot
[1.321s] [ 17%] Built target odometry
[1.351s] [ 25%] Built target differential_wheeled_robot__rosidl_typesupport_introspection_c
[1.354s] [ 34%] Built target differential_wheeled_robot__rosidl_typesupport_fastrtps_c
[1.396s] [ 42%] Built target differential_wheeled_robot__rosidl_typesupport_introspection_cpp
[1.433s] [ 51%] Built target differential_wheeled_robot__rosidl_typesupport_c
[1.459s] [ 60%] Built target differential_wheeled_robot__rosidl_typesupport_cpp
[1.484s] [ 68%] Built target differential_wheeled_robot__rosidl_typesupport_fastrtps_cpp
[1.506s] [35m[1mScanning dependencies of target controller[0m
[1.559s] [ 68%] Built target differential_wheeled_robot
[1.650s] [ 71%] Built target differential_wheeled_robot__py
[1.711s] [ 74%] [32mBuilding CXX object CMakeFiles/controller.dir/src/controller.cpp.o[0m
[1.770s] [ 80%] Built target differential_wheeled_robot__rosidl_generator_py
[1.887s] [ 85%] Built target differential_wheeled_robot__rosidl_typesupport_c__pyext
[1.892s] [ 91%] Built target differential_wheeled_robot__rosidl_typesupport_introspection_c__pyext
[2.001s] [ 97%] Built target differential_wheeled_robot__rosidl_typesupport_fastrtps_c__pyext
[2.495s] running egg_info
[2.500s] writing differential_wheeled_robot.egg-info/PKG-INFO
[2.501s] writing dependency_links to differential_wheeled_robot.egg-info/dependency_links.txt
[2.502s] writing top-level names to differential_wheeled_robot.egg-info/top_level.txt
[2.663s] reading manifest file 'differential_wheeled_robot.egg-info/SOURCES.txt'
[2.667s] writing manifest file 'differential_wheeled_robot.egg-info/SOURCES.txt'
[2.779s] [ 97%] Built target ament_cmake_python_build_differential_wheeled_robot_egg
[11.201s] [01m[K/home/puzzlebot/Desktop/PUXXY_NODE/TE3002B/differential_wheeled_robot_ws/src/differential_wheeled_robot/src/controller.cpp:161:38:[m[K [01;31m[Kerror: [m[Kâ€˜[01m[KDiff_error[m[Kâ€™ in namespace â€˜[01m[Kdifferential_wheeled_robot::msg[m[Kâ€™ does not name a type
[11.202s]      differential_wheeled_robot::msg::[01;31m[KDiff_error[m[K errors_;
[11.202s]                                       [01;31m[K^~~~~~~~~~[m[K
[11.203s] [01m[K/home/puzzlebot/Desktop/PUXXY_NODE/TE3002B/differential_wheeled_robot_ws/src/differential_wheeled_robot/src/controller.cpp:161:5:[m[K [01;36m[Knote: [m[Ksuggested alternative: â€˜[01m[KDiffError[m[Kâ€™
[11.203s]      [01;36m[Kdifferential_wheeled_robot[m[K::msg::Diff_error errors_;
[11.204s]      [01;36m[K^~~~~~~~~~~~~~~~~~~~~~~~~~[m[K
[11.204s]      [32m[KDiffError[m[K
[11.218s] [01m[K/home/puzzlebot/Desktop/PUXXY_NODE/TE3002B/differential_wheeled_robot_ws/src/differential_wheeled_robot/src/controller.cpp:[m[K In constructor â€˜[01m[KController::Controller()[m[Kâ€™:
[11.219s] [01m[K/home/puzzlebot/Desktop/PUXXY_NODE/TE3002B/differential_wheeled_robot_ws/src/differential_wheeled_robot/src/controller.cpp:34:9:[m[K [01;31m[Kerror: [m[Kclass â€˜[01m[KController[m[Kâ€™ does not have any field named â€˜[01m[Kerrors_[m[Kâ€™
[11.219s]          [01;31m[Kerrors_[m[K{differential_wheeled_robot::msg::DiffError{0.0, 0.0}},
[11.220s]          [01;31m[K^~~~~~~[m[K
[11.220s] [01m[K/home/puzzlebot/Desktop/PUXXY_NODE/TE3002B/differential_wheeled_robot_ws/src/differential_wheeled_robot/src/controller.cpp:34:68:[m[K [01;31m[Kerror: [m[Kno matching function for call to â€˜[01m[Kdifferential_wheeled_robot::msg::DiffError_<std::allocator<void> >::DiffError_(<brace-enclosed initializer list>)[m[Kâ€™
[11.221s]          errors_{differential_wheeled_robot::msg::DiffError{0.0, 0.0[01;31m[K}[m[K},
[11.221s]                                                                     [01;31m[K^[m[K
[11.221s] In file included from [01m[K/home/puzzlebot/Desktop/PUXXY_NODE/TE3002B/differential_wheeled_robot_ws/build/differential_wheeled_robot/rosidl_generator_cpp/differential_wheeled_robot/msg/diff_error.hpp:7[m[K,
[11.222s]                  from [01m[K/home/puzzlebot/Desktop/PUXXY_NODE/TE3002B/differential_wheeled_robot_ws/src/differential_wheeled_robot/src/controller.cpp:25[m[K:
[11.222s] [01m[K/home/puzzlebot/Desktop/PUXXY_NODE/TE3002B/differential_wheeled_robot_ws/build/differential_wheeled_robot/rosidl_generator_cpp/differential_wheeled_robot/msg/detail/diff_error__struct.hpp:46:12:[m[K [01;36m[Knote: [m[Kcandidate: â€˜[01m[Kdifferential_wheeled_robot::msg::DiffError_<ContainerAllocator>::DiffError_(const ContainerAllocator&, rosidl_runtime_cpp::MessageInitialization) [with ContainerAllocator = std::allocator<void>][m[Kâ€™
[11.223s]    explicit [01;36m[KDiffError_[m[K(const ContainerAllocator & _alloc, rosidl_runtime_cpp::MessageInitialization _init = rosidl_runtime_cpp::MessageInitialization::ALL)
[11.223s]             [01;36m[K^~~~~~~~~~[m[K
[11.223s] [01m[K/home/puzzlebot/Desktop/PUXXY_NODE/TE3002B/differential_wheeled_robot_ws/build/differential_wheeled_robot/rosidl_generator_cpp/differential_wheeled_robot/msg/detail/diff_error__struct.hpp:46:12:[m[K [01;36m[Knote: [m[K  no known conversion for argument 1 from â€˜[01m[Kdouble[m[Kâ€™ to â€˜[01m[Kconst std::allocator<void>&[m[Kâ€™
[11.224s] [01m[K/home/puzzlebot/Desktop/PUXXY_NODE/TE3002B/differential_wheeled_robot_ws/build/differential_wheeled_robot/rosidl_generator_cpp/differential_wheeled_robot/msg/detail/diff_error__struct.hpp:36:12:[m[K [01;36m[Knote: [m[Kcandidate: â€˜[01m[Kdifferential_wheeled_robot::msg::DiffError_<ContainerAllocator>::DiffError_(rosidl_runtime_cpp::MessageInitialization) [with ContainerAllocator = std::allocator<void>][m[Kâ€™
[11.224s]    explicit [01;36m[KDiffError_[m[K(rosidl_runtime_cpp::MessageInitialization _init = rosidl_runtime_cpp::MessageInitialization::ALL)
[11.225s]             [01;36m[K^~~~~~~~~~[m[K
[11.225s] [01m[K/home/puzzlebot/Desktop/PUXXY_NODE/TE3002B/differential_wheeled_robot_ws/build/differential_wheeled_robot/rosidl_generator_cpp/differential_wheeled_robot/msg/detail/diff_error__struct.hpp:36:12:[m[K [01;36m[Knote: [m[K  candidate expects 1 argument, 2 provided
[11.225s] [01m[K/home/puzzlebot/Desktop/PUXXY_NODE/TE3002B/differential_wheeled_robot_ws/build/differential_wheeled_robot/rosidl_generator_cpp/differential_wheeled_robot/msg/detail/diff_error__struct.hpp:32:8:[m[K [01;36m[Knote: [m[Kcandidate: â€˜[01m[Kconstexpr differential_wheeled_robot::msg::DiffError_<std::allocator<void> >::DiffError_(const differential_wheeled_robot::msg::DiffError_<std::allocator<void> >&)[m[Kâ€™
[11.226s]  struct [01;36m[KDiffError_[m[K
[11.226s]         [01;36m[K^~~~~~~~~~[m[K
[11.226s] [01m[K/home/puzzlebot/Desktop/PUXXY_NODE/TE3002B/differential_wheeled_robot_ws/build/differential_wheeled_robot/rosidl_generator_cpp/differential_wheeled_robot/msg/detail/diff_error__struct.hpp:32:8:[m[K [01;36m[Knote: [m[K  candidate expects 1 argument, 2 provided
[11.227s] [01m[K/home/puzzlebot/Desktop/PUXXY_NODE/TE3002B/differential_wheeled_robot_ws/build/differential_wheeled_robot/rosidl_generator_cpp/differential_wheeled_robot/msg/detail/diff_error__struct.hpp:32:8:[m[K [01;36m[Knote: [m[Kcandidate: â€˜[01m[Kconstexpr differential_wheeled_robot::msg::DiffError_<std::allocator<void> >::DiffError_(differential_wheeled_robot::msg::DiffError_<std::allocator<void> >&&)[m[Kâ€™
[11.227s] [01m[K/home/puzzlebot/Desktop/PUXXY_NODE/TE3002B/differential_wheeled_robot_ws/build/differential_wheeled_robot/rosidl_generator_cpp/differential_wheeled_robot/msg/detail/diff_error__struct.hpp:32:8:[m[K [01;36m[Knote: [m[K  candidate expects 1 argument, 2 provided
[11.403s] [01m[K/home/puzzlebot/Desktop/PUXXY_NODE/TE3002B/differential_wheeled_robot_ws/src/differential_wheeled_robot/src/controller.cpp:[m[K In member function â€˜[01m[Kvoid Controller::errors_callback(const DiffError&)[m[Kâ€™:
[11.403s] [01m[K/home/puzzlebot/Desktop/PUXXY_NODE/TE3002B/differential_wheeled_robot_ws/src/differential_wheeled_robot/src/controller.cpp:76:9:[m[K [01;31m[Kerror: [m[Kâ€˜[01m[Kerrors_[m[Kâ€™ was not declared in this scope
[11.403s]          [01;31m[Kerrors_[m[K = errors;
[11.404s]          [01;31m[K^~~~~~~[m[K
[11.409s] [01m[K/home/puzzlebot/Desktop/PUXXY_NODE/TE3002B/differential_wheeled_robot_ws/src/differential_wheeled_robot/src/controller.cpp:76:9:[m[K [01;36m[Knote: [m[Ksuggested alternative: â€˜[01m[Kerrors[m[Kâ€™
[11.410s]          [01;36m[Kerrors_[m[K = errors;
[11.410s]          [01;36m[K^~~~~~~[m[K
[11.410s]          [32m[Kerrors[m[K
[11.412s] [01m[K/home/puzzlebot/Desktop/PUXXY_NODE/TE3002B/differential_wheeled_robot_ws/src/differential_wheeled_robot/src/controller.cpp:[m[K In member function â€˜[01m[Kvoid Controller::controller_callback()[m[Kâ€™:
[11.412s] [01m[K/home/puzzlebot/Desktop/PUXXY_NODE/TE3002B/differential_wheeled_robot_ws/src/differential_wheeled_robot/src/controller.cpp:117:24:[m[K [01;31m[Kerror: [m[Kâ€˜[01m[Kerrors_[m[Kâ€™ was not declared in this scope
[11.412s]          error_angle_ = [01;31m[Kerrors_[m[K.error_ang;
[11.413s]                         [01;31m[K^~~~~~~[m[K
[11.419s] [01m[K/home/puzzlebot/Desktop/PUXXY_NODE/TE3002B/differential_wheeled_robot_ws/src/differential_wheeled_robot/src/controller.cpp:117:24:[m[K [01;36m[Knote: [m[Ksuggested alternative: â€˜[01m[Kerror_t[m[Kâ€™
[11.419s]          error_angle_ = [01;36m[Kerrors_[m[K.error_ang;
[11.420s]                         [01;36m[K^~~~~~~[m[K
[11.420s]                         [32m[Kerror_t[m[K
[11.421s] [01m[K/home/puzzlebot/Desktop/PUXXY_NODE/TE3002B/differential_wheeled_robot_ws/src/differential_wheeled_robot/src/controller.cpp:128:46:[m[K [01;31m[Kerror: [m[Kâ€˜[01m[Kangle_error_[m[Kâ€™ was not declared in this scope
[11.421s]          act_ = std::tanh(ke_act_ * std::abs( [01;31m[Kangle_error_[m[K - M_PI / 45)) -1 ;
[11.421s]                                               [01;31m[K^~~~~~~~~~~~[m[K
[11.430s] [01m[K/home/puzzlebot/Desktop/PUXXY_NODE/TE3002B/differential_wheeled_robot_ws/src/differential_wheeled_robot/src/controller.cpp:109:16:[m[K [01;35m[Kwarning: [m[Kunused variable â€˜[01m[Kangular_vel_max_[m[Kâ€™ [[01;35m[K-Wunused-variable[m[K]
[11.431s]          double [01;35m[Kangular_vel_max_[m[K = get_parameter("angular_vel_max").as_double();
[11.431s]                 [01;35m[K^~~~~~~~~~~~~~~~[m[K
[11.431s] [01m[K/home/puzzlebot/Desktop/PUXXY_NODE/TE3002B/differential_wheeled_robot_ws/src/differential_wheeled_robot/src/controller.cpp:110:16:[m[K [01;35m[Kwarning: [m[Kunused variable â€˜[01m[Klinear_vel_max_[m[Kâ€™ [[01;35m[K-Wunused-variable[m[K]
[11.432s]          double [01;35m[Klinear_vel_max_[m[K = get_parameter("linear_vel_max").as_double();
[11.432s]                 [01;35m[K^~~~~~~~~~~~~~~[m[K
[11.433s] [01m[K/home/puzzlebot/Desktop/PUXXY_NODE/TE3002B/differential_wheeled_robot_ws/src/differential_wheeled_robot/src/controller.cpp:115:16:[m[K [01;35m[Kwarning: [m[Kunused variable â€˜[01m[Kkp_distance_[m[Kâ€™ [[01;35m[K-Wunused-variable[m[K]
[11.433s]          double [01;35m[Kkp_distance_[m[K = get_parameter("kp_distance").as_double();
[11.433s]                 [01;35m[K^~~~~~~~~~~~[m[K
[23.364s] make[2]: *** [CMakeFiles/controller.dir/build.make:63: CMakeFiles/controller.dir/src/controller.cpp.o] Error 1
[23.365s] make[1]: *** [CMakeFiles/Makefile2:444: CMakeFiles/controller.dir/all] Error 2
[23.365s] make: *** [Makefile:141: all] Error 2
[23.371s] Invoked command in '/home/puzzlebot/Desktop/PUXXY_NODE/TE3002B/differential_wheeled_robot_ws/build/differential_wheeled_robot' returned '2': CMAKE_PREFIX_PATH=/home/puzzlebot/ros2_ws/install/puzzlebot_ros:/opt/ros/humble:${CMAKE_PREFIX_PATH} /usr/bin/cmake --build /home/puzzlebot/Desktop/PUXXY_NODE/TE3002B/differential_wheeled_robot_ws/build/differential_wheeled_robot -- -j4 -l4
