[0.083s] Invoking command in '/home/puzzlebot/Documents/PUXXY_NODE/TE3002B/puzzle_ws/build/puzzle_pkg': CMAKE_PREFIX_PATH=/home/puzzlebot/Documents/PUXXY_NODE/TE3002B/puzzle_ws/install/puzzle_pkg:/home/puzzlebot/ros2_ws/install/puzzlebot_ros:/opt/ros/humble:/home/puzzlebot/ros2_packages_ws/install/ros_deep_learning:/home/puzzlebot/ros2_packages_ws/install/micro_ros_setup:/home/puzzlebot/ros2_packages_ws/install/micro_ros_agent:/home/puzzlebot/ros2_packages_ws/install/micro_ros_msgs:/home/puzzlebot/ros2_packages_ws/install/camera_info_publisher /usr/bin/cmake --build /home/puzzlebot/Documents/PUXXY_NODE/TE3002B/puzzle_ws/build/puzzle_pkg -- -j4 -l4
[0.522s] [  2%] Built target puzzle_pkg__cpp
[0.548s] [  9%] Built target puzzle_pkg__rosidl_generator_c
[0.746s] [  9%] Built target ament_cmake_python_copy_puzzle_pkg
[0.749s] [ 14%] Built target cam_source
[0.816s] [ 19%] Built target odometry
[0.851s] [ 26%] Built target puzzle_pkg__rosidl_typesupport_cpp
[0.886s] [ 33%] Built target puzzle_pkg__rosidl_typesupport_c
[0.957s] [ 40%] Built target puzzle_pkg__rosidl_typesupport_fastrtps_c
[1.023s] [ 47%] Built target puzzle_pkg__rosidl_typesupport_fastrtps_cpp
[1.046s] [ 54%] Built target puzzle_pkg__rosidl_typesupport_introspection_cpp
[1.077s] [ 61%] Built target puzzle_pkg__rosidl_typesupport_introspection_c
[1.207s] [35m[1mScanning dependencies of target lane_detection[0m
[1.380s] [ 66%] Built target controller
[1.393s] [ 66%] Built target puzzle_pkg
[1.625s] [ 69%] [32mBuilding CXX object CMakeFiles/lane_detection.dir/src/vision/lane_detection.cpp.o[0m
[2.715s] running egg_info
[2.719s] writing puzzle_pkg.egg-info/PKG-INFO
[2.721s] writing dependency_links to puzzle_pkg.egg-info/dependency_links.txt
[2.727s] writing top-level names to puzzle_pkg.egg-info/top_level.txt
[2.959s] reading manifest file 'puzzle_pkg.egg-info/SOURCES.txt'
[2.962s] writing manifest file 'puzzle_pkg.egg-info/SOURCES.txt'
[3.118s] [ 69%] Built target ament_cmake_python_build_puzzle_pkg_egg
[19.464s] [01m[K/home/puzzlebot/Documents/PUXXY_NODE/TE3002B/puzzle_ws/src/puzzle_pkg/src/vision/lane_detection.cpp:[m[K In member function â€˜[01m[Kvoid LaneProcessingNode::image_callback(sensor_msgs::msg::Image_<std::allocator<void> >::SharedPtr)[m[Kâ€™:
[19.464s] [01m[K/home/puzzlebot/Documents/PUXXY_NODE/TE3002B/puzzle_ws/src/puzzle_pkg/src/vision/lane_detection.cpp:89:20:[m[K [01;35m[Kwarning: [m[Kunused variable â€˜[01m[Kangle[m[Kâ€™ [[01;35m[K-Wunused-variable[m[K]
[19.465s]              double [01;35m[Kangle[m[K = process_frame(fliped_frame);
[19.466s]                     [01;35m[K^~~~~[m[K
[19.511s] [01m[K/home/puzzlebot/Documents/PUXXY_NODE/TE3002B/puzzle_ws/src/puzzle_pkg/src/vision/lane_detection.cpp:[m[K In member function â€˜[01m[Kdouble LaneProcessingNode::process_frame(cv::Mat&)[m[Kâ€™:
[19.511s] [01m[K/home/puzzlebot/Documents/PUXXY_NODE/TE3002B/puzzle_ws/src/puzzle_pkg/src/vision/lane_detection.cpp:271:9:[m[K [01;31m[Kerror: [m[Kâ€˜[01m[Kpublish_processed_image[m[Kâ€™ was not declared in this scope
[19.512s]          [01;31m[Kpublish_processed_image[m[K(blurred);
[19.516s]          [01;31m[K^~~~~~~~~~~~~~~~~~~~~~~[m[K
[19.542s] [01m[K/home/puzzlebot/Documents/PUXXY_NODE/TE3002B/puzzle_ws/src/puzzle_pkg/src/vision/lane_detection.cpp:280:5:[m[K [01;35m[Kwarning: [m[Kno return statement in function returning non-void [[01;35m[K-Wreturn-type[m[K]
[19.543s]      [01;35m[K}[m[K
[19.543s]      [01;35m[K^[m[K
[34.288s] make[2]: *** [CMakeFiles/lane_detection.dir/build.make:63: CMakeFiles/lane_detection.dir/src/vision/lane_detection.cpp.o] Error 1
[34.289s] make[1]: *** [CMakeFiles/Makefile2:160: CMakeFiles/lane_detection.dir/all] Error 2
[34.290s] make: *** [Makefile:141: all] Error 2
[34.311s] Invoked command in '/home/puzzlebot/Documents/PUXXY_NODE/TE3002B/puzzle_ws/build/puzzle_pkg' returned '2': CMAKE_PREFIX_PATH=/home/puzzlebot/Documents/PUXXY_NODE/TE3002B/puzzle_ws/install/puzzle_pkg:/home/puzzlebot/ros2_ws/install/puzzlebot_ros:/opt/ros/humble:/home/puzzlebot/ros2_packages_ws/install/ros_deep_learning:/home/puzzlebot/ros2_packages_ws/install/micro_ros_setup:/home/puzzlebot/ros2_packages_ws/install/micro_ros_agent:/home/puzzlebot/ros2_packages_ws/install/micro_ros_msgs:/home/puzzlebot/ros2_packages_ws/install/camera_info_publisher /usr/bin/cmake --build /home/puzzlebot/Documents/PUXXY_NODE/TE3002B/puzzle_ws/build/puzzle_pkg -- -j4 -l4
