[01m[K/home/puzzlebot/Desktop/PUXXY_NODE/TE3002B/lane_processing_ws/src/lane_processing/src/lib/lane_funcs.cpp:[m[K In function â€˜[01m[Kstd::vector<cv::Vec<double, 2> > group_similar_lines(const std::vector<cv::Vec<double, 4> >&, double, std::size_t)[m[Kâ€™:
[01m[K/home/puzzlebot/Desktop/PUXXY_NODE/TE3002B/lane_processing_ws/src/lane_processing/src/lib/lane_funcs.cpp:40:22:[m[K [01;35m[Kwarning: [m[Kcomparison of integer expressions of different signedness: â€˜[01m[Kint[m[Kâ€™ and â€˜[01m[Kstd::vector<int>::size_type[m[Kâ€™ {aka â€˜[01m[Klong unsigned int[m[Kâ€™} [[01;35m[K-Wsign-compare[m[K]
         while ([01;35m[Kindex < seeds.size()[m[K) {
                [01;35m[K~~~~~~^~~~~~~~~~~~~~[m[K
/usr/bin/ld: CMakeFiles/lane_processing.dir/src/lib/lane_funcs.cpp.o: in function `frame_relevant_points(cv::Mat&)':
lane_funcs.cpp:(.text+0x8d8): undefined reference to `group_similar_lines(std::vector<cv::Vec<double, 4>, std::allocator<cv::Vec<double, 4> > > const&, double, int)'
collect2: error: ld returned 1 exit status
make[2]: *** [CMakeFiles/lane_processing.dir/build.make:213: lane_processing] Error 1
make[1]: *** [CMakeFiles/Makefile2:78: CMakeFiles/lane_processing.dir/all] Error 2
make: *** [Makefile:141: all] Error 2
