[0.000000] (-) TimerEvent: {}
[0.000400] (lane_processing) JobQueued: {'identifier': 'lane_processing', 'dependencies': OrderedDict()}
[0.000559] (lane_processing) JobStarted: {'identifier': 'lane_processing'}
[0.097483] (-) TimerEvent: {}
[0.198258] (-) TimerEvent: {}
[0.303226] (-) TimerEvent: {}
[0.406049] (-) TimerEvent: {}
[0.512413] (-) TimerEvent: {}
[0.613888] (-) TimerEvent: {}
[0.718350] (-) TimerEvent: {}
[0.820952] (-) TimerEvent: {}
[0.926740] (-) TimerEvent: {}
[1.028685] (-) TimerEvent: {}
[1.132925] (-) TimerEvent: {}
[1.236428] (-) TimerEvent: {}
[1.315254] (lane_processing) JobProgress: {'identifier': 'lane_processing', 'progress': 'cmake'}
[1.317900] (lane_processing) JobProgress: {'identifier': 'lane_processing', 'progress': 'build'}
[1.321006] (lane_processing) Command: {'cmd': ['/usr/bin/cmake', '--build', '/home/puzzlebot/Desktop/PUXXY_NODE/TE3002B/lane_processing_ws/build/lane_processing', '--', '-j4', '-l4'], 'cwd': '/home/puzzlebot/Desktop/PUXXY_NODE/TE3002B/lane_processing_ws/build/lane_processing', 'env': OrderedDict([('LESSOPEN', '| /usr/bin/lesspipe %s'), ('LANGUAGE', 'en_GB:en'), ('USER', 'puzzlebot'), ('SSH_CLIENT', '10.43.121.187 50964 22'), ('XDG_SESSION_TYPE', 'tty'), ('SHLVL', '1'), ('LD_LIBRARY_PATH', '/home/puzzlebot/ros2_packages_ws/install/micro_ros_agent/lib:/home/puzzlebot/ros2_packages_ws/install/micro_ros_msgs/lib:/opt/ros/humble/opt/rviz_ogre_vendor/lib:/opt/ros/humble/lib/aarch64-linux-gnu:/opt/ros/humble/lib'), ('MOTD_SHOWN', 'pam'), ('HOME', '/home/puzzlebot'), ('OLDPWD', '/home/puzzlebot/Desktop/PUXXY_NODE/TE3002B'), ('SSH_TTY', '/dev/pts/0'), ('ROS_PYTHON_VERSION', '3'), ('DBUS_SESSION_BUS_ADDRESS', 'unix:path=/run/user/1000/bus'), ('COLCON_PREFIX_PATH', '/home/puzzlebot/Desktop/PUXXY_NODE/TE3002B/lane_processing_ws/install:/home/puzzlebot/ros2_ws/install:/home/puzzlebot/ros2_packages_ws/install'), ('ROS_DISTRO', 'humble'), ('LOGNAME', 'puzzlebot'), ('_', '/usr/bin/colcon'), ('ROS_VERSION', '2'), ('XDG_SESSION_CLASS', 'user'), ('TERM', 'xterm-256color'), ('XDG_SESSION_ID', '2'), ('ROS_LOCALHOST_ONLY', '0'), ('PATH', '/home/puzzlebot/.local/bin:/opt/ros/humble/bin:/usr/local/sbin:/usr/local/bin:/usr/sbin:/usr/bin:/sbin:/bin:/usr/games:/usr/local/games:/snap/bin'), ('XDG_RUNTIME_DIR', '/run/user/1000'), ('LANG', 'en_GB.UTF-8'), ('LS_COLORS', 'rs=0:di=01;34:ln=01;36:mh=00:pi=40;33:so=01;35:do=01;35:bd=40;33;01:cd=40;33;01:or=40;31;01:mi=00:su=37;41:sg=30;43:ca=30;41:tw=30;42:ow=34;42:st=37;44:ex=01;32:*.tar=01;31:*.tgz=01;31:*.arc=01;31:*.arj=01;31:*.taz=01;31:*.lha=01;31:*.lz4=01;31:*.lzh=01;31:*.lzma=01;31:*.tlz=01;31:*.txz=01;31:*.tzo=01;31:*.t7z=01;31:*.zip=01;31:*.z=01;31:*.dz=01;31:*.gz=01;31:*.lrz=01;31:*.lz=01;31:*.lzo=01;31:*.xz=01;31:*.zst=01;31:*.tzst=01;31:*.bz2=01;31:*.bz=01;31:*.tbz=01;31:*.tbz2=01;31:*.tz=01;31:*.deb=01;31:*.rpm=01;31:*.jar=01;31:*.war=01;31:*.ear=01;31:*.sar=01;31:*.rar=01;31:*.alz=01;31:*.ace=01;31:*.zoo=01;31:*.cpio=01;31:*.7z=01;31:*.rz=01;31:*.cab=01;31:*.wim=01;31:*.swm=01;31:*.dwm=01;31:*.esd=01;31:*.jpg=01;35:*.jpeg=01;35:*.mjpg=01;35:*.mjpeg=01;35:*.gif=01;35:*.bmp=01;35:*.pbm=01;35:*.pgm=01;35:*.ppm=01;35:*.tga=01;35:*.xbm=01;35:*.xpm=01;35:*.tif=01;35:*.tiff=01;35:*.png=01;35:*.svg=01;35:*.svgz=01;35:*.mng=01;35:*.pcx=01;35:*.mov=01;35:*.mpg=01;35:*.mpeg=01;35:*.m2v=01;35:*.mkv=01;35:*.webm=01;35:*.ogm=01;35:*.mp4=01;35:*.m4v=01;35:*.mp4v=01;35:*.vob=01;35:*.qt=01;35:*.nuv=01;35:*.wmv=01;35:*.asf=01;35:*.rm=01;35:*.rmvb=01;35:*.flc=01;35:*.avi=01;35:*.fli=01;35:*.flv=01;35:*.gl=01;35:*.dl=01;35:*.xcf=01;35:*.xwd=01;35:*.yuv=01;35:*.cgm=01;35:*.emf=01;35:*.ogv=01;35:*.ogx=01;35:*.aac=00;36:*.au=00;36:*.flac=00;36:*.m4a=00;36:*.mid=00;36:*.midi=00;36:*.mka=00;36:*.mp3=00;36:*.mpc=00;36:*.ogg=00;36:*.ra=00;36:*.wav=00;36:*.oga=00;36:*.opus=00;36:*.spx=00;36:*.xspf=00;36:'), ('AMENT_PREFIX_PATH', '/home/puzzlebot/Desktop/PUXXY_NODE/TE3002B/lane_processing_ws/install/lane_processing:/home/puzzlebot/ros2_ws/install/puzzlebot_ros:/home/puzzlebot/ros2_packages_ws/install/ros_deep_learning:/home/puzzlebot/ros2_packages_ws/install/micro_ros_setup:/home/puzzlebot/ros2_packages_ws/install/micro_ros_agent:/home/puzzlebot/ros2_packages_ws/install/micro_ros_msgs:/home/puzzlebot/ros2_packages_ws/install/camera_info_publisher:/opt/ros/humble'), ('SHELL', '/bin/bash'), ('LESSCLOSE', '/usr/bin/lesspipe %s %s'), ('PWD', '/home/puzzlebot/Desktop/PUXXY_NODE/TE3002B/lane_processing_ws/build/lane_processing'), ('LC_ALL', 'en_US.UTF-8'), ('SSH_CONNECTION', '10.43.121.187 50964 10.43.59.241 22'), ('XDG_DATA_DIRS', '/usr/local/share:/usr/share:/var/lib/snapd/desktop'), ('PYTHONPATH', '/home/puzzlebot/ros2_ws/build/puzzlebot_ros:/home/puzzlebot/ros2_ws/install/puzzlebot_ros/lib/python3.8/site-packages:/home/puzzlebot/ros2_packages_ws/install/micro_ros_msgs/lib/python3.8/site-packages:/opt/ros/humble/lib/python3.8/site-packages'), ('COLCON', '1'), ('CMAKE_PREFIX_PATH', '/home/puzzlebot/Desktop/PUXXY_NODE/TE3002B/lane_processing_ws/install/lane_processing:/home/puzzlebot/ros2_ws/install/puzzlebot_ros:/opt/ros/humble:/home/puzzlebot/ros2_packages_ws/install/ros_deep_learning:/home/puzzlebot/ros2_packages_ws/install/micro_ros_setup:/home/puzzlebot/ros2_packages_ws/install/micro_ros_agent:/home/puzzlebot/ros2_packages_ws/install/micro_ros_msgs:/home/puzzlebot/ros2_packages_ws/install/camera_info_publisher')]), 'shell': False}
[1.337645] (-) TimerEvent: {}
[1.439074] (-) TimerEvent: {}
[1.489951] (lane_processing) StdoutLine: {'line': b'\x1b[35m\x1b[1mScanning dependencies of target lane_processing\x1b[0m\n'}
[1.539223] (-) TimerEvent: {}
[1.619467] (lane_processing) StdoutLine: {'line': b'[ 20%] \x1b[32mBuilding CXX object CMakeFiles/lane_processing.dir/src/lib/lane_funcs.cpp.o\x1b[0m\n'}
[1.639446] (-) TimerEvent: {}
[1.740093] (-) TimerEvent: {}
[1.840792] (-) TimerEvent: {}
[1.941865] (-) TimerEvent: {}
[2.042597] (-) TimerEvent: {}
[2.143289] (-) TimerEvent: {}
[2.243998] (-) TimerEvent: {}
[2.344691] (-) TimerEvent: {}
[2.445386] (-) TimerEvent: {}
[2.546071] (-) TimerEvent: {}
[2.646812] (-) TimerEvent: {}
[2.747554] (-) TimerEvent: {}
[2.848285] (-) TimerEvent: {}
[2.949048] (-) TimerEvent: {}
[3.049810] (-) TimerEvent: {}
[3.150591] (-) TimerEvent: {}
[3.251299] (-) TimerEvent: {}
[3.352057] (-) TimerEvent: {}
[3.453008] (-) TimerEvent: {}
[3.553768] (-) TimerEvent: {}
[3.654615] (-) TimerEvent: {}
[3.755360] (-) TimerEvent: {}
[3.856155] (-) TimerEvent: {}
[3.957179] (-) TimerEvent: {}
[4.058014] (-) TimerEvent: {}
[4.158851] (-) TimerEvent: {}
[4.259614] (-) TimerEvent: {}
[4.360396] (-) TimerEvent: {}
[4.461120] (-) TimerEvent: {}
[4.561848] (-) TimerEvent: {}
[4.662654] (-) TimerEvent: {}
[4.763371] (-) TimerEvent: {}
[4.864348] (-) TimerEvent: {}
[4.965064] (-) TimerEvent: {}
[5.065809] (-) TimerEvent: {}
[5.166869] (-) TimerEvent: {}
[5.237118] (lane_processing) StderrLine: {'line': b'In file included from \x1b[01m\x1b[K/home/puzzlebot/Desktop/PUXXY_NODE/TE3002B/lane_processing_ws/src/lane_processing/src/lib/lane_funcs.cpp:1\x1b[m\x1b[K:\n'}
[5.238087] (lane_processing) StderrLine: {'line': b'\x1b[01m\x1b[K/home/puzzlebot/Desktop/PUXXY_NODE/TE3002B/lane_processing_ws/src/lane_processing/include/lane_processing/lane_funcs.h:19:1:\x1b[m\x1b[K \x1b[01;31m\x1b[Kerror: \x1b[m\x1b[K\xe2\x80\x98\x1b[01m\x1b[KType\x1b[m\x1b[K\xe2\x80\x99 does not name a type; did you mean \xe2\x80\x98\x1b[01m\x1b[Kwctype\x1b[m\x1b[K\xe2\x80\x99?\n'}
[5.238655] (lane_processing) StderrLine: {'line': b' \x1b[01;31m\x1b[KType\x1b[m\x1b[K vector_sum(const std::vector<cv::Vec<Type, 6>>& vec)\n'}
[5.239079] (lane_processing) StderrLine: {'line': b' \x1b[01;31m\x1b[K^~~~\x1b[m\x1b[K\n'}
[5.239447] (lane_processing) StderrLine: {'line': b' \x1b[32m\x1b[Kwctype\x1b[m\x1b[K\n'}
[5.267060] (-) TimerEvent: {}
[5.367829] (-) TimerEvent: {}
[5.468644] (-) TimerEvent: {}
[5.569659] (-) TimerEvent: {}
[5.670650] (-) TimerEvent: {}
[5.700432] (lane_processing) StderrLine: {'line': b'make[2]: *** [CMakeFiles/lane_processing.dir/build.make:102: CMakeFiles/lane_processing.dir/src/lib/lane_funcs.cpp.o] Error 1\n'}
[5.701272] (lane_processing) StderrLine: {'line': b'make[1]: *** [CMakeFiles/Makefile2:78: CMakeFiles/lane_processing.dir/all] Error 2\n'}
[5.702140] (lane_processing) StderrLine: {'line': b'make: *** [Makefile:141: all] Error 2\n'}
[5.708814] (lane_processing) CommandEnded: {'returncode': 2}
[5.770887] (-) TimerEvent: {}
[5.872556] (-) TimerEvent: {}
[5.973456] (-) TimerEvent: {}
[6.074391] (-) TimerEvent: {}
[6.176783] (-) TimerEvent: {}
[6.279446] (-) TimerEvent: {}
[6.381204] (-) TimerEvent: {}
[6.486838] (-) TimerEvent: {}
[6.587456] (-) TimerEvent: {}
[6.688563] (-) TimerEvent: {}
[6.767016] (lane_processing) JobEnded: {'identifier': 'lane_processing', 'rc': 2}
[6.778250] (-) EventReactorShutdown: {}
