[01m[K/home/puzzlebot/Desktop/PUXXY_NODE/TE3002B/differential_wheeled_robot_ws/src/differential_wheeled_robot/src/controller.cpp:25:10:[m[K [01;31m[Kfatal error: [m[Kdifferential_wheeled_robot/msg/differror.hpp: No such file or directory
 #include [01;31m[K"differential_wheeled_robot/msg/differror.hpp"[m[K
          [01;31m[K^~~~~~~~~~~~~~~~~~~~~~~~~~~~~~~~~~~~~~~~~~~~~~[m[K
compilation terminated.
make[2]: *** [CMakeFiles/controller.dir/build.make:63: CMakeFiles/controller.dir/src/controller.cpp.o] Error 1
make[1]: *** [CMakeFiles/Makefile2:444: CMakeFiles/controller.dir/all] Error 2
make[1]: *** Waiting for unfinished jobs....
[01m[K/home/puzzlebot/Desktop/PUXXY_NODE/TE3002B/differential_wheeled_robot_ws/src/differential_wheeled_robot/src/odometry.cpp:[m[K In constructor â€˜[01m[KOdometry::Odometry()[m[Kâ€™:
[01m[K/home/puzzlebot/Desktop/PUXXY_NODE/TE3002B/differential_wheeled_robot_ws/src/differential_wheeled_robot/src/odometry.cpp:27:9:[m[K [01;31m[Kerror: [m[Kclass â€˜[01m[KOdometry[m[Kâ€™ does not have any field named â€˜[01m[Knew_position_[m[Kâ€™
         [01;31m[Knew_position_[m[K{geometry_msgs::msg::Pose2D()}
         [01;31m[K^~~~~~~~~~~~~[m[K
make[2]: *** [CMakeFiles/odometry.dir/build.make:63: CMakeFiles/odometry.dir/src/odometry.cpp.o] Error 1
make[1]: *** [CMakeFiles/Makefile2:128: CMakeFiles/odometry.dir/all] Error 2
make: *** [Makefile:141: all] Error 2
