[1.057s] Invoking command in '/home/puzzlebot/Desktop/PUXXY_NODE/TE3002B/differential_wheeled_robot_ws/build/differential_wheeled_robot': CMAKE_PREFIX_PATH=/home/puzzlebot/ros2_ws/install/puzzlebot_ros:/opt/ros/humble:${CMAKE_PREFIX_PATH} /usr/bin/cmake /home/puzzlebot/Desktop/PUXXY_NODE/TE3002B/differential_wheeled_robot_ws/src/differential_wheeled_robot -DCMAKE_INSTALL_PREFIX=/home/puzzlebot/Desktop/PUXXY_NODE/TE3002B/differential_wheeled_robot_ws/install/differential_wheeled_robot
[1.117s] -- Found ament_cmake: 1.3.6 (/opt/ros/humble/share/ament_cmake/cmake)
[1.905s] -- Found rclcpp: 16.0.7 (/opt/ros/humble/share/rclcpp/cmake)
[2.060s] -- Found rosidl_generator_c: 3.1.5 (/opt/ros/humble/share/rosidl_generator_c/cmake)
[2.074s] -- Found rosidl_adapter: 3.1.5 (/opt/ros/humble/share/rosidl_adapter/cmake)
[2.104s] -- Found rosidl_generator_cpp: 3.1.5 (/opt/ros/humble/share/rosidl_generator_cpp/cmake)
[2.168s] -- Using all available rosidl_typesupport_c: rosidl_typesupport_fastrtps_c;rosidl_typesupport_introspection_c
[2.263s] -- Using all available rosidl_typesupport_cpp: rosidl_typesupport_fastrtps_cpp;rosidl_typesupport_introspection_cpp
[2.602s] -- Found rmw_implementation_cmake: 6.1.1 (/opt/ros/humble/share/rmw_implementation_cmake/cmake)
[2.611s] -- Found rmw_fastrtps_cpp: 6.2.5 (/opt/ros/humble/share/rmw_fastrtps_cpp/cmake)
[3.219s] -- Using RMW implementation 'rmw_fastrtps_cpp' as default
[4.151s] -- Found geometry_msgs: 4.2.3 (/opt/ros/humble/share/geometry_msgs/cmake)
[4.407s] -- Found rosidl_default_generators: 1.2.0 (/opt/ros/humble/share/rosidl_default_generators/cmake)
[5.980s] -- Found ament_cmake_ros: 0.10.0 (/opt/ros/humble/share/ament_cmake_ros/cmake)
[8.641s] -- Using all available rosidl_typesupport_c: rosidl_typesupport_fastrtps_c;rosidl_typesupport_introspection_c
[9.693s] -- Using all available rosidl_typesupport_cpp: rosidl_typesupport_fastrtps_cpp;rosidl_typesupport_introspection_cpp
[9.806s] -- Found PythonInterp: /usr/bin/python3 (found suitable version "3.8.10", minimum required is "3.6") 
[9.818s] -- Found python_cmake_module: 0.10.0 (/opt/ros/humble/share/python_cmake_module/cmake)
[9.951s] -- Found PythonLibs: /usr/lib/aarch64-linux-gnu/libpython3.8.so (found suitable version "3.8.10", minimum required is "3.5") 
[9.952s] -- Using PYTHON_EXECUTABLE: /usr/bin/python3
[9.952s] -- Using PYTHON_INCLUDE_DIRS: /usr/include/python3.8
[9.953s] -- Using PYTHON_LIBRARIES: /usr/lib/aarch64-linux-gnu/libpython3.8.so
[10.058s] -- Found PythonExtra: .so  
[10.379s] -- Found ament_lint_auto: 0.12.9 (/opt/ros/humble/share/ament_lint_auto/cmake)
[10.505s] -- Added test 'cppcheck' to perform static code analysis on C / C++ code
[10.510s] -- Configured cppcheck include dirs: 
[10.510s] -- Configured cppcheck exclude dirs and/or files: 
[10.515s] -- Added test 'flake8' to check Python code syntax and style conventions
[10.519s] -- Added test 'lint_cmake' to check CMake code style
[10.522s] -- Added test 'pep257' to check Python code against some of the docstring style conventions in PEP 257
[10.529s] -- Added test 'uncrustify' to check C / C++ code style
[10.530s] -- Configured uncrustify additional arguments: 
[10.533s] -- Added test 'xmllint' to check XML markup files
[10.561s] -- Configuring done
[10.774s] -- Generating done
[10.789s] -- Build files have been written to: /home/puzzlebot/Desktop/PUXXY_NODE/TE3002B/differential_wheeled_robot_ws/build/differential_wheeled_robot
[10.825s] Invoked command in '/home/puzzlebot/Desktop/PUXXY_NODE/TE3002B/differential_wheeled_robot_ws/build/differential_wheeled_robot' returned '0': CMAKE_PREFIX_PATH=/home/puzzlebot/ros2_ws/install/puzzlebot_ros:/opt/ros/humble:${CMAKE_PREFIX_PATH} /usr/bin/cmake /home/puzzlebot/Desktop/PUXXY_NODE/TE3002B/differential_wheeled_robot_ws/src/differential_wheeled_robot -DCMAKE_INSTALL_PREFIX=/home/puzzlebot/Desktop/PUXXY_NODE/TE3002B/differential_wheeled_robot_ws/install/differential_wheeled_robot
[10.834s] Invoking command in '/home/puzzlebot/Desktop/PUXXY_NODE/TE3002B/differential_wheeled_robot_ws/build/differential_wheeled_robot': CMAKE_PREFIX_PATH=/home/puzzlebot/ros2_ws/install/puzzlebot_ros:/opt/ros/humble:${CMAKE_PREFIX_PATH} /usr/bin/cmake --build /home/puzzlebot/Desktop/PUXXY_NODE/TE3002B/differential_wheeled_robot_ws/build/differential_wheeled_robot -- -j4 -l4
[10.988s] [35m[1mScanning dependencies of target ament_cmake_python_copy_differential_wheeled_robot[0m
[10.990s] [35m[1mScanning dependencies of target odometry[0m
[10.990s] [  2%] [34m[1mGenerating C code for ROS interfaces[0m
[10.992s] [35m[1mScanning dependencies of target differential_wheeled_robot__cpp[0m
[11.038s] [  5%] [34m[1mGenerating C++ code for ROS interfaces[0m
[11.075s] [  5%] Built target ament_cmake_python_copy_differential_wheeled_robot
[11.122s] [35m[1mScanning dependencies of target ament_cmake_python_build_differential_wheeled_robot_egg[0m
[11.602s] [  8%] [32mBuilding CXX object CMakeFiles/odometry.dir/src/odometry.cpp.o[0m
[12.362s] running egg_info
[12.366s] creating differential_wheeled_robot.egg-info
[12.368s] writing differential_wheeled_robot.egg-info/PKG-INFO
[12.369s] writing dependency_links to differential_wheeled_robot.egg-info/dependency_links.txt
[12.372s] writing top-level names to differential_wheeled_robot.egg-info/top_level.txt
[12.372s] writing manifest file 'differential_wheeled_robot.egg-info/SOURCES.txt'
[12.390s] [  8%] Built target differential_wheeled_robot__cpp
[12.412s] [35m[1mScanning dependencies of target differential_wheeled_robot__rosidl_generator_c[0m
[12.432s] [ 11%] [34m[1mGenerating C++ type support dispatch for ROS interfaces[0m
[12.465s] [ 14%] [32mBuilding C object CMakeFiles/differential_wheeled_robot__rosidl_generator_c.dir/rosidl_generator_c/differential_wheeled_robot/msg/detail/diff_error__functions.c.o[0m
[12.572s] reading manifest file 'differential_wheeled_robot.egg-info/SOURCES.txt'
[12.575s] writing manifest file 'differential_wheeled_robot.egg-info/SOURCES.txt'
[12.675s] [ 17%] [32m[1mLinking C shared library libdifferential_wheeled_robot__rosidl_generator_c.so[0m
[12.697s] [ 17%] Built target ament_cmake_python_build_differential_wheeled_robot_egg
[12.741s] [ 20%] [34m[1mGenerating C++ type support for eProsima Fast-RTPS[0m
[12.831s] [ 20%] Built target differential_wheeled_robot__rosidl_generator_c
[12.873s] [ 22%] [34m[1mGenerating C++ introspection for ROS interfaces[0m
[13.540s] [35m[1mScanning dependencies of target differential_wheeled_robot__rosidl_typesupport_cpp[0m
[13.595s] [ 25%] [32mBuilding CXX object CMakeFiles/differential_wheeled_robot__rosidl_typesupport_cpp.dir/rosidl_typesupport_cpp/differential_wheeled_robot/msg/diff_error__type_support.cpp.o[0m
[13.929s] [35m[1mScanning dependencies of target differential_wheeled_robot__rosidl_typesupport_fastrtps_cpp[0m
[14.034s] [ 28%] [32mBuilding CXX object CMakeFiles/differential_wheeled_robot__rosidl_typesupport_fastrtps_cpp.dir/rosidl_typesupport_fastrtps_cpp/differential_wheeled_robot/msg/detail/dds_fastrtps/diff_error__type_support.cpp.o[0m
[14.123s] [35m[1mScanning dependencies of target differential_wheeled_robot__rosidl_typesupport_introspection_cpp[0m
[14.293s] [ 31%] [32mBuilding CXX object CMakeFiles/differential_wheeled_robot__rosidl_typesupport_introspection_cpp.dir/rosidl_typesupport_introspection_cpp/differential_wheeled_robot/msg/detail/diff_error__type_support.cpp.o[0m
[14.802s] [ 34%] [32m[1mLinking CXX shared library libdifferential_wheeled_robot__rosidl_typesupport_cpp.so[0m
[15.006s] [ 34%] Built target differential_wheeled_robot__rosidl_typesupport_cpp
[15.052s] [ 37%] [34m[1mGenerating C type support dispatch for ROS interfaces[0m
[15.664s] [ 40%] [32m[1mLinking CXX shared library libdifferential_wheeled_robot__rosidl_typesupport_introspection_cpp.so[0m
[15.806s] [ 42%] [32m[1mLinking CXX shared library libdifferential_wheeled_robot__rosidl_typesupport_fastrtps_cpp.so[0m
[15.836s] [ 42%] Built target differential_wheeled_robot__rosidl_typesupport_introspection_cpp
[15.885s] [35m[1mScanning dependencies of target controller[0m
[16.141s] [ 42%] Built target differential_wheeled_robot__rosidl_typesupport_fastrtps_cpp
[16.209s] [ 45%] [32mBuilding CXX object CMakeFiles/controller.dir/src/controller.cpp.o[0m
[16.232s] [ 48%] [34m[1mGenerating C type support for eProsima Fast-RTPS[0m
[16.315s] [35m[1mScanning dependencies of target differential_wheeled_robot__rosidl_typesupport_c[0m
[16.381s] [ 51%] [32mBuilding CXX object CMakeFiles/differential_wheeled_robot__rosidl_typesupport_c.dir/rosidl_typesupport_c/differential_wheeled_robot/msg/diff_error__type_support.cpp.o[0m
[16.503s] [ 54%] [32m[1mLinking CXX shared library libdifferential_wheeled_robot__rosidl_typesupport_c.so[0m
[16.651s] [ 54%] Built target differential_wheeled_robot__rosidl_typesupport_c
[16.691s] [ 57%] [34m[1mGenerating C introspection for ROS interfaces[0m
[17.168s] [01m[K/home/puzzlebot/Desktop/PUXXY_NODE/TE3002B/differential_wheeled_robot_ws/src/differential_wheeled_robot/src/controller.cpp:25:10:[m[K [01;31m[Kfatal error: [m[Kdifferential_wheeled_robot/msg/differror.hpp: No such file or directory
[17.169s]  #include [01;31m[K"differential_wheeled_robot/msg/differror.hpp"[m[K
[17.169s]           [01;31m[K^~~~~~~~~~~~~~~~~~~~~~~~~~~~~~~~~~~~~~~~~~~~~~[m[K
[17.169s] compilation terminated.
[17.179s] make[2]: *** [CMakeFiles/controller.dir/build.make:63: CMakeFiles/controller.dir/src/controller.cpp.o] Error 1
[17.180s] make[1]: *** [CMakeFiles/Makefile2:444: CMakeFiles/controller.dir/all] Error 2
[17.180s] make[1]: *** Waiting for unfinished jobs....
[17.439s] [35m[1mScanning dependencies of target differential_wheeled_robot__rosidl_typesupport_fastrtps_c[0m
[17.504s] [ 60%] [32mBuilding CXX object CMakeFiles/differential_wheeled_robot__rosidl_typesupport_fastrtps_c.dir/rosidl_typesupport_fastrtps_c/differential_wheeled_robot/msg/detail/diff_error__type_support_c.cpp.o[0m
[17.813s] [35m[1mScanning dependencies of target differential_wheeled_robot__rosidl_typesupport_introspection_c[0m
[17.868s] [ 62%] [32mBuilding C object CMakeFiles/differential_wheeled_robot__rosidl_typesupport_introspection_c.dir/rosidl_typesupport_introspection_c/differential_wheeled_robot/msg/detail/diff_error__type_support.c.o[0m
[18.094s] [ 65%] [32m[1mLinking C shared library libdifferential_wheeled_robot__rosidl_typesupport_introspection_c.so[0m
[18.222s] [ 65%] Built target differential_wheeled_robot__rosidl_typesupport_introspection_c
[18.831s] [ 68%] [32m[1mLinking CXX shared library libdifferential_wheeled_robot__rosidl_typesupport_fastrtps_c.so[0m
[19.213s] [ 68%] Built target differential_wheeled_robot__rosidl_typesupport_fastrtps_c
[22.762s] [01m[K/home/puzzlebot/Desktop/PUXXY_NODE/TE3002B/differential_wheeled_robot_ws/src/differential_wheeled_robot/src/odometry.cpp:[m[K In constructor â€˜[01m[KOdometry::Odometry()[m[Kâ€™:
[22.763s] [01m[K/home/puzzlebot/Desktop/PUXXY_NODE/TE3002B/differential_wheeled_robot_ws/src/differential_wheeled_robot/src/odometry.cpp:27:9:[m[K [01;31m[Kerror: [m[Kclass â€˜[01m[KOdometry[m[Kâ€™ does not have any field named â€˜[01m[Knew_position_[m[Kâ€™
[22.764s]          [01;31m[Knew_position_[m[K{geometry_msgs::msg::Pose2D()}
[22.764s]          [01;31m[K^~~~~~~~~~~~~[m[K
[32.315s] make[2]: *** [CMakeFiles/odometry.dir/build.make:63: CMakeFiles/odometry.dir/src/odometry.cpp.o] Error 1
[32.317s] make[1]: *** [CMakeFiles/Makefile2:128: CMakeFiles/odometry.dir/all] Error 2
[32.317s] make: *** [Makefile:141: all] Error 2
[32.331s] Invoked command in '/home/puzzlebot/Desktop/PUXXY_NODE/TE3002B/differential_wheeled_robot_ws/build/differential_wheeled_robot' returned '2': CMAKE_PREFIX_PATH=/home/puzzlebot/ros2_ws/install/puzzlebot_ros:/opt/ros/humble:${CMAKE_PREFIX_PATH} /usr/bin/cmake --build /home/puzzlebot/Desktop/PUXXY_NODE/TE3002B/differential_wheeled_robot_ws/build/differential_wheeled_robot -- -j4 -l4
